[0.073s] Invoking command in '/home/turbo/Documents/hisp_ws/build/oradar_lidar': CMAKE_PREFIX_PATH=${CMAKE_PREFIX_PATH}:/opt/ros/jazzy DEBUGINFOD_URLS=https://debuginfod.ubuntu.com /usr/bin/cmake --build /home/turbo/Documents/hisp_ws/build/oradar_lidar -- -j4 -l4
[0.331s] [ 60%] Built target oradar_sdk
[0.437s] [ 70%] Built target blocking_test
[0.438s] [ 80%] Built target non-blocking_test
[0.451s] [ 90%] Built target blocking_c_api_test
[0.479s] [100%] Built target oradar_scan
[1.357s] Invoked command in '/home/turbo/Documents/hisp_ws/build/oradar_lidar' returned '0': CMAKE_PREFIX_PATH=${CMAKE_PREFIX_PATH}:/opt/ros/jazzy DEBUGINFOD_URLS=https://debuginfod.ubuntu.com /usr/bin/cmake --build /home/turbo/Documents/hisp_ws/build/oradar_lidar -- -j4 -l4
[1.357s] Invoking command in '/home/turbo/Documents/hisp_ws/build/oradar_lidar': CMAKE_PREFIX_PATH=${CMAKE_PREFIX_PATH}:/opt/ros/jazzy DEBUGINFOD_URLS=https://debuginfod.ubuntu.com /usr/bin/cmake --install /home/turbo/Documents/hisp_ws/build/oradar_lidar
[1.377s] -- Install configuration: "RELEASE"
[1.378s] -- Up-to-date: /home/turbo/Documents/hisp_ws/install/oradar_lidar/lib/oradar_lidar/oradar_scan
[1.382s] -- Up-to-date: /home/turbo/Documents/hisp_ws/install/oradar_lidar/share/oradar_lidar//launch
[1.383s] -- Up-to-date: /home/turbo/Documents/hisp_ws/install/oradar_lidar/share/oradar_lidar//launch/ms200_scan_view.launch
[1.383s] -- Up-to-date: /home/turbo/Documents/hisp_ws/install/oradar_lidar/share/oradar_lidar//launch/ms200_scan_view.launch.py
[1.383s] -- Up-to-date: /home/turbo/Documents/hisp_ws/install/oradar_lidar/share/oradar_lidar//launch/ms200_scan.launch
[1.384s] -- Installing: /home/turbo/Documents/hisp_ws/install/oradar_lidar/share/oradar_lidar//launch/ms200_scan.launch.py
[1.384s] -- Up-to-date: /home/turbo/Documents/hisp_ws/install/oradar_lidar/share/oradar_lidar//rviz2
[1.384s] -- Up-to-date: /home/turbo/Documents/hisp_ws/install/oradar_lidar/share/oradar_lidar//rviz2/oradar_scan.rviz
[1.384s] -- Up-to-date: /home/turbo/Documents/hisp_ws/install/oradar_lidar/share/ament_index/resource_index/package_run_dependencies/oradar_lidar
[1.384s] -- Up-to-date: /home/turbo/Documents/hisp_ws/install/oradar_lidar/share/ament_index/resource_index/parent_prefix_path/oradar_lidar
[1.384s] -- Up-to-date: /home/turbo/Documents/hisp_ws/install/oradar_lidar/share/oradar_lidar/environment/ament_prefix_path.sh
[1.385s] -- Up-to-date: /home/turbo/Documents/hisp_ws/install/oradar_lidar/share/oradar_lidar/environment/ament_prefix_path.dsv
[1.385s] -- Up-to-date: /home/turbo/Documents/hisp_ws/install/oradar_lidar/share/oradar_lidar/environment/path.sh
[1.385s] -- Up-to-date: /home/turbo/Documents/hisp_ws/install/oradar_lidar/share/oradar_lidar/environment/path.dsv
[1.385s] -- Up-to-date: /home/turbo/Documents/hisp_ws/install/oradar_lidar/share/oradar_lidar/local_setup.bash
[1.385s] -- Up-to-date: /home/turbo/Documents/hisp_ws/install/oradar_lidar/share/oradar_lidar/local_setup.sh
[1.385s] -- Up-to-date: /home/turbo/Documents/hisp_ws/install/oradar_lidar/share/oradar_lidar/local_setup.zsh
[1.385s] -- Up-to-date: /home/turbo/Documents/hisp_ws/install/oradar_lidar/share/oradar_lidar/local_setup.dsv
[1.385s] -- Installing: /home/turbo/Documents/hisp_ws/install/oradar_lidar/share/oradar_lidar/package.dsv
[1.385s] -- Up-to-date: /home/turbo/Documents/hisp_ws/install/oradar_lidar/share/ament_index/resource_index/packages/oradar_lidar
[1.386s] -- Up-to-date: /home/turbo/Documents/hisp_ws/install/oradar_lidar/share/oradar_lidar/cmake/oradar_lidarConfig.cmake
[1.386s] -- Up-to-date: /home/turbo/Documents/hisp_ws/install/oradar_lidar/share/oradar_lidar/cmake/oradar_lidarConfig-version.cmake
[1.386s] -- Up-to-date: /home/turbo/Documents/hisp_ws/install/oradar_lidar/share/oradar_lidar/package.xml
[1.386s] -- Up-to-date: /home/turbo/Documents/hisp_ws/install/oradar_lidar/include/core/base/datatype.h
[1.386s] -- Up-to-date: /home/turbo/Documents/hisp_ws/install/oradar_lidar/include/core/base/locker.h
[1.387s] -- Up-to-date: /home/turbo/Documents/hisp_ws/install/oradar_lidar/include/core/base/thread.h
[1.388s] -- Up-to-date: /home/turbo/Documents/hisp_ws/install/oradar_lidar/include/core/base/timer.h
[1.388s] -- Up-to-date: /home/turbo/Documents/hisp_ws/install/oradar_lidar/include/core/base/typedef.h
[1.388s] -- Up-to-date: /home/turbo/Documents/hisp_ws/install/oradar_lidar/include/core/base/utils.h
[1.388s] -- Up-to-date: /home/turbo/Documents/hisp_ws/install/oradar_lidar/include/core/base/v8stdint.h
[1.388s] -- Up-to-date: /home/turbo/Documents/hisp_ws/install/oradar_lidar/include/core/common/ChannelDevice.h
[1.389s] -- Up-to-date: /home/turbo/Documents/hisp_ws/install/oradar_lidar/include/core/math/angles.h
[1.389s] -- Up-to-date: /home/turbo/Documents/hisp_ws/install/oradar_lidar/include/core/network/ActiveSocket.h
[1.389s] -- Up-to-date: /home/turbo/Documents/hisp_ws/install/oradar_lidar/include/core/network/PassiveSocket.h
[1.389s] -- Up-to-date: /home/turbo/Documents/hisp_ws/install/oradar_lidar/include/core/network/SimpleSocket.h
[1.389s] -- Up-to-date: /home/turbo/Documents/hisp_ws/install/oradar_lidar/include/core/network/StatTimer.h
[1.389s] -- Up-to-date: /home/turbo/Documents/hisp_ws/install/oradar_lidar/include/core/serial/common.h
[1.389s] -- Up-to-date: /home/turbo/Documents/hisp_ws/install/oradar_lidar/include/core/serial/serial.h
[1.390s] -- Up-to-date: /home/turbo/Documents/hisp_ws/install/oradar_lidar/include/core/serial/impl/unix/lock.h
[1.390s] -- Up-to-date: /home/turbo/Documents/hisp_ws/install/oradar_lidar/include/core/serial/impl/unix/unix.h
[1.390s] -- Up-to-date: /home/turbo/Documents/hisp_ws/install/oradar_lidar/include/core/serial/impl/unix/unix_serial.h
[1.390s] -- Up-to-date: /home/turbo/Documents/hisp_ws/install/oradar_lidar/include/src/ord_lidar_c_api_driver.h
[1.390s] -- Up-to-date: /home/turbo/Documents/hisp_ws/install/oradar_lidar/include/src/ord_lidar_driver.h
[1.390s] -- Up-to-date: /home/turbo/Documents/hisp_ws/install/oradar_lidar/include/src/ordlidar_protocol.h
[1.390s] -- Up-to-date: /home/turbo/Documents/hisp_ws/install/oradar_lidar/include/src/filters/FullScanFilter.h
[1.391s] -- Up-to-date: /home/turbo/Documents/hisp_ws/install/oradar_lidar/lib/liboradar_sdk.a
[1.391s] -- Up-to-date: /home/turbo/Documents/hisp_ws/install/oradar_lidar/bin/blocking_test
[1.391s] -- Up-to-date: /home/turbo/Documents/hisp_ws/install/oradar_lidar/bin/non-blocking_test
[1.392s] -- Up-to-date: /home/turbo/Documents/hisp_ws/install/oradar_lidar/bin/blocking_c_api_test
[1.425s] Invoked command in '/home/turbo/Documents/hisp_ws/build/oradar_lidar' returned '0': CMAKE_PREFIX_PATH=${CMAKE_PREFIX_PATH}:/opt/ros/jazzy DEBUGINFOD_URLS=https://debuginfod.ubuntu.com /usr/bin/cmake --install /home/turbo/Documents/hisp_ws/build/oradar_lidar
