[0.039s] Invoking command in '/home/turbo/Documents/hisp_ws/build/joy_linux': DEBUGINFOD_URLS=https://debuginfod.ubuntu.com /usr/bin/cmake /home/turbo/Documents/hisp_ws/src/joystick_drivers/joy_linux -DAMENT_CMAKE_SYMLINK_INSTALL=1 -DCMAKE_INSTALL_PREFIX=/home/turbo/Documents/hisp_ws/install/joy_linux
[0.067s] -- Found ament_cmake: 2.5.6 (/opt/ros/jazzy/share/ament_cmake/cmake)
[36.641s] Traceback (most recent call last):
[36.645s]   File "/opt/ros/jazzy/share/ament_cmake_core/cmake/package_templates/templates_2_cmake.py", line 21, in <module>
[36.647s]     from ament_package.templates import get_environment_hook_template_path
[36.648s] ModuleNotFoundError: No module named 'ament_package'
[36.984s] [31mCMake Error at /opt/ros/jazzy/share/ament_cmake_core/cmake/ament_cmake_package_templates-extras.cmake:41 (message):
[36.988s]   execute_process(/usr/bin/python3
[36.990s]   /opt/ros/jazzy/share/ament_cmake_core/cmake/package_templates/templates_2_cmake.py
[36.991s]   /home/turbo/Documents/hisp_ws/build/joy_linux/ament_cmake_package_templates/templates.cmake)
[36.992s]   returned error code 1
[36.993s] Call Stack (most recent call first):
[36.993s]   /opt/ros/jazzy/share/ament_cmake_core/cmake/ament_cmake_coreConfig.cmake:41 (include)
[36.994s]   /opt/ros/jazzy/share/ament_cmake/cmake/ament_cmake_export_dependencies-extras.cmake:15 (find_package)
[36.994s]   /opt/ros/jazzy/share/ament_cmake/cmake/ament_cmakeConfig.cmake:41 (include)
[36.994s]   CMakeLists.txt:13 (find_package)
[36.995s] 
[36.995s] [0m
[36.995s] -- Configuring incomplete, errors occurred!
[37.040s] Invoked command in '/home/turbo/Documents/hisp_ws/build/joy_linux' returned '1': DEBUGINFOD_URLS=https://debuginfod.ubuntu.com /usr/bin/cmake /home/turbo/Documents/hisp_ws/src/joystick_drivers/joy_linux -DAMENT_CMAKE_SYMLINK_INSTALL=1 -DCMAKE_INSTALL_PREFIX=/home/turbo/Documents/hisp_ws/install/joy_linux
