[0.051s] Invoking command in '/home/turbo/Documents/hisp_ws/build/sdl2_vendor': CMAKE_PREFIX_PATH=${CMAKE_PREFIX_PATH}:/opt/ros/jazzy DEBUGINFOD_URLS=https://debuginfod.ubuntu.com /usr/bin/cmake /home/turbo/Documents/hisp_ws/src/joystick_drivers/sdl2_vendor -DCMAKE_INSTALL_PREFIX=/home/turbo/Documents/hisp_ws/install/sdl2_vendor
[0.128s] -- Found ament_cmake: 2.5.6 (/opt/ros/jazzy/share/ament_cmake/cmake)
[0.723s] -- Override CMake install command with custom implementation using symlinks instead of copying resources
[0.999s] -- Configuring done (0.9s)
[1.037s] -- Generating done (0.0s)
[1.041s] -- Build files have been written to: /home/turbo/Documents/hisp_ws/build/sdl2_vendor
[1.049s] Invoked command in '/home/turbo/Documents/hisp_ws/build/sdl2_vendor' returned '0': CMAKE_PREFIX_PATH=${CMAKE_PREFIX_PATH}:/opt/ros/jazzy DEBUGINFOD_URLS=https://debuginfod.ubuntu.com /usr/bin/cmake /home/turbo/Documents/hisp_ws/src/joystick_drivers/sdl2_vendor -DCMAKE_INSTALL_PREFIX=/home/turbo/Documents/hisp_ws/install/sdl2_vendor
[1.050s] Invoking command in '/home/turbo/Documents/hisp_ws/build/sdl2_vendor': CMAKE_PREFIX_PATH=${CMAKE_PREFIX_PATH}:/opt/ros/jazzy DEBUGINFOD_URLS=https://debuginfod.ubuntu.com /usr/bin/cmake --build /home/turbo/Documents/hisp_ws/build/sdl2_vendor -- -j4 -l4
[1.136s] Invoked command in '/home/turbo/Documents/hisp_ws/build/sdl2_vendor' returned '0': CMAKE_PREFIX_PATH=${CMAKE_PREFIX_PATH}:/opt/ros/jazzy DEBUGINFOD_URLS=https://debuginfod.ubuntu.com /usr/bin/cmake --build /home/turbo/Documents/hisp_ws/build/sdl2_vendor -- -j4 -l4
[1.158s] Invoking command in '/home/turbo/Documents/hisp_ws/build/sdl2_vendor': CMAKE_PREFIX_PATH=${CMAKE_PREFIX_PATH}:/opt/ros/jazzy DEBUGINFOD_URLS=https://debuginfod.ubuntu.com /usr/bin/cmake --install /home/turbo/Documents/hisp_ws/build/sdl2_vendor
[1.176s] -- Install configuration: "Release"
[1.176s] -- Execute custom install script
[1.179s] -- Up-to-date symlink: /home/turbo/Documents/hisp_ws/install/sdl2_vendor/share/sdl2_vendor/cmake/Modules/Findsdl2_custom.cmake
[1.181s] -- Up-to-date symlink: /home/turbo/Documents/hisp_ws/install/sdl2_vendor/share/ament_index/resource_index/package_run_dependencies/sdl2_vendor
[1.183s] -- Up-to-date symlink: /home/turbo/Documents/hisp_ws/install/sdl2_vendor/share/ament_index/resource_index/parent_prefix_path/sdl2_vendor
[1.186s] -- Up-to-date symlink: /home/turbo/Documents/hisp_ws/install/sdl2_vendor/share/sdl2_vendor/environment/ament_prefix_path.sh
[1.187s] -- Up-to-date symlink: /home/turbo/Documents/hisp_ws/install/sdl2_vendor/share/sdl2_vendor/environment/ament_prefix_path.dsv
[1.187s] -- Up-to-date symlink: /home/turbo/Documents/hisp_ws/install/sdl2_vendor/share/sdl2_vendor/environment/path.sh
[1.189s] -- Up-to-date symlink: /home/turbo/Documents/hisp_ws/install/sdl2_vendor/share/sdl2_vendor/environment/path.dsv
[1.189s] -- Up-to-date symlink: /home/turbo/Documents/hisp_ws/install/sdl2_vendor/share/sdl2_vendor/local_setup.bash
[1.192s] -- Up-to-date symlink: /home/turbo/Documents/hisp_ws/install/sdl2_vendor/share/sdl2_vendor/local_setup.sh
[1.194s] -- Up-to-date symlink: /home/turbo/Documents/hisp_ws/install/sdl2_vendor/share/sdl2_vendor/local_setup.zsh
[1.201s] -- Up-to-date symlink: /home/turbo/Documents/hisp_ws/install/sdl2_vendor/share/sdl2_vendor/local_setup.dsv
[1.202s] -- Symlinking: /home/turbo/Documents/hisp_ws/install/sdl2_vendor/share/sdl2_vendor/package.dsv
[1.220s] -- Up-to-date symlink: /home/turbo/Documents/hisp_ws/install/sdl2_vendor/share/ament_index/resource_index/packages/sdl2_vendor
[1.220s] -- Up-to-date symlink: /home/turbo/Documents/hisp_ws/install/sdl2_vendor/share/sdl2_vendor/cmake/sdl2_vendor-extras.cmake
[1.222s] -- Up-to-date symlink: /home/turbo/Documents/hisp_ws/install/sdl2_vendor/share/sdl2_vendor/cmake/sdl2_vendorConfig.cmake
[1.223s] -- Up-to-date symlink: /home/turbo/Documents/hisp_ws/install/sdl2_vendor/share/sdl2_vendor/cmake/sdl2_vendorConfig-version.cmake
[1.223s] -- Up-to-date symlink: /home/turbo/Documents/hisp_ws/install/sdl2_vendor/share/sdl2_vendor/package.xml
[1.228s] Invoked command in '/home/turbo/Documents/hisp_ws/build/sdl2_vendor' returned '0': CMAKE_PREFIX_PATH=${CMAKE_PREFIX_PATH}:/opt/ros/jazzy DEBUGINFOD_URLS=https://debuginfod.ubuntu.com /usr/bin/cmake --install /home/turbo/Documents/hisp_ws/build/sdl2_vendor
