[0.075s] Invoking command in '/home/turbo/Documents/hisp_ws/build/ldlidar_component': CMAKE_PREFIX_PATH=${CMAKE_PREFIX_PATH}:/opt/ros/jazzy DEBUGINFOD_URLS=https://debuginfod.ubuntu.com /usr/bin/cmake /home/turbo/Documents/hisp_ws/src/ldrobot-lidar-ros2/ldlidar_component -DCMAKE_BUILD_TYPE=Release -DAMENT_CMAKE_SYMLINK_INSTALL=1 -DCMAKE_INSTALL_PREFIX=/home/turbo/Documents/hisp_ws/install/ldlidar_component
[0.117s] --  * Release Mode
[0.117s] -- * Found ROS2 jazzy
[0.117s] -- * ROS2 jazzy is officially supported by this package.
[0.117s] -- Found ament_cmake: 2.5.6 (/opt/ros/jazzy/share/ament_cmake/cmake)
[0.713s] -- Override CMake install command with custom implementation using symlinks instead of copying resources
[0.783s] -- Found rclcpp_lifecycle: 28.1.18 (/opt/ros/jazzy/share/rclcpp_lifecycle/cmake)
[0.917s] -- Found rosidl_generator_c: 4.6.7 (/opt/ros/jazzy/share/rosidl_generator_c/cmake)
[0.944s] -- Found rosidl_generator_cpp: 4.6.7 (/opt/ros/jazzy/share/rosidl_generator_cpp/cmake)
[1.074s] -- Using all available rosidl_typesupport_c: rosidl_typesupport_fastrtps_c;rosidl_typesupport_introspection_c
[1.187s] -- Using all available rosidl_typesupport_cpp: rosidl_typesupport_fastrtps_cpp;rosidl_typesupport_introspection_cpp
[1.531s] -- Found rmw_implementation_cmake: 7.3.3 (/opt/ros/jazzy/share/rmw_implementation_cmake/cmake)
[1.538s] -- Found rmw_fastrtps_cpp: 8.4.3 (/opt/ros/jazzy/share/rmw_fastrtps_cpp/cmake)
[1.821s] -- Using RMW implementation 'rmw_fastrtps_cpp' as default
[2.084s] -- Found rclcpp_components: 28.1.18 (/opt/ros/jazzy/share/rclcpp_components/cmake)
[2.166s] -- Found nav2_util: 1.3.11 (/opt/ros/jazzy/share/nav2_util/cmake)
[3.393s] -- Found eigen3_cmake_module: 0.3.0 (/opt/ros/jazzy/share/eigen3_cmake_module/cmake)
[3.399s] -- Ensuring Eigen3 include directory is part of orocos-kdl CMake target
[3.685s] -- Found sensor_msgs: 5.3.7 (/opt/ros/jazzy/share/sensor_msgs/cmake)
[3.742s] -- Found diagnostic_msgs: 5.3.7 (/opt/ros/jazzy/share/diagnostic_msgs/cmake)
[3.771s] -- Found diagnostic_updater: 4.2.6 (/opt/ros/jazzy/share/diagnostic_updater/cmake)
[3.836s] -- Found ament_lint_auto: 0.17.5 (/opt/ros/jazzy/share/ament_lint_auto/cmake)
[4.335s] -- Added test 'copyright' to check source files copyright and LICENSE
[4.375s] -- Added test 'cppcheck' to perform static code analysis on C / C++ code
[4.387s] -- Configured cppcheck include dirs: /home/turbo/Documents/hisp_ws/src/ldrobot-lidar-ros2/ldlidar_component/include;/home/turbo/Documents/hisp_ws/src/ldrobot-lidar-ros2/ldlidar_component/tools/include;/home/turbo/Documents/hisp_ws/src/ldrobot-lidar-ros2/ldlidar_component/component/include;/home/turbo/Documents/hisp_ws/src/ldrobot-lidar-ros2/ldlidar_component/ldlidar_stl_sdk/ldlidar_driver/include/core;/home/turbo/Documents/hisp_ws/src/ldrobot-lidar-ros2/ldlidar_component/ldlidar_stl_sdk/ldlidar_driver/include/dataprocess;/home/turbo/Documents/hisp_ws/src/ldrobot-lidar-ros2/ldlidar_component/ldlidar_stl_sdk/ldlidar_driver/include/filter;/home/turbo/Documents/hisp_ws/src/ldrobot-lidar-ros2/ldlidar_component/ldlidar_stl_sdk/ldlidar_driver/include/logger;/home/turbo/Documents/hisp_ws/src/ldrobot-lidar-ros2/ldlidar_component/ldlidar_stl_sdk/ldlidar_driver/include/networkcom;/home/turbo/Documents/hisp_ws/src/ldrobot-lidar-ros2/ldlidar_component/ldlidar_stl_sdk/ldlidar_driver/include/serialcom
[4.388s] -- Configured cppcheck exclude dirs and/or files: 
[4.403s] -- Added test 'cpplint' to check C / C++ code against the Google style
[4.403s] -- Configured cpplint exclude dirs and/or files: 
[4.420s] -- Added test 'lint_cmake' to check CMake code style
[4.443s] -- Added test 'uncrustify' to check C / C++ code style
[4.444s] -- Configured uncrustify additional arguments: 
[4.449s] -- Added test 'xmllint' to check XML markup files
[4.474s] -- Added test 'clang_format' to check C / C++ code style
[4.550s] -- Configuring done (4.5s)
[5.343s] -- Generating done (0.7s)
[5.469s] -- Build files have been written to: /home/turbo/Documents/hisp_ws/build/ldlidar_component
[5.603s] Invoked command in '/home/turbo/Documents/hisp_ws/build/ldlidar_component' returned '0': CMAKE_PREFIX_PATH=${CMAKE_PREFIX_PATH}:/opt/ros/jazzy DEBUGINFOD_URLS=https://debuginfod.ubuntu.com /usr/bin/cmake /home/turbo/Documents/hisp_ws/src/ldrobot-lidar-ros2/ldlidar_component -DCMAKE_BUILD_TYPE=Release -DAMENT_CMAKE_SYMLINK_INSTALL=1 -DCMAKE_INSTALL_PREFIX=/home/turbo/Documents/hisp_ws/install/ldlidar_component
[5.612s] Invoking command in '/home/turbo/Documents/hisp_ws/build/ldlidar_component': CMAKE_PREFIX_PATH=${CMAKE_PREFIX_PATH}:/opt/ros/jazzy DEBUGINFOD_URLS=https://debuginfod.ubuntu.com /usr/bin/cmake --build /home/turbo/Documents/hisp_ws/build/ldlidar_component -- -j4 -l4
[5.974s] [ 10%] [32mBuilding CXX object CMakeFiles/ldlidar.dir/ldlidar_stl_sdk/ldlidar_driver/src/core/ldlidar_driver.cpp.o[0m
[5.989s] [ 20%] [32mBuilding CXX object CMakeFiles/ldlidar.dir/ldlidar_stl_sdk/ldlidar_driver/src/filter/tofbf.cpp.o[0m
[6.008s] [ 30%] [32mBuilding CXX object CMakeFiles/ldlidar.dir/ldlidar_stl_sdk/ldlidar_driver/src/dataprocess/lipkg.cpp.o[0m
[7.164s] [ 40%] [32mBuilding CXX object CMakeFiles/ldlidar.dir/ldlidar_stl_sdk/ldlidar_driver/src/logger/log_module.cpp.o[0m
[11.709s] [ 50%] [32mBuilding CXX object CMakeFiles/ldlidar.dir/ldlidar_stl_sdk/ldlidar_driver/src/serialcom/serial_interface_linux.cpp.o[0m
[20.852s] [ 60%] [32mBuilding CXX object CMakeFiles/ldlidar.dir/ldlidar_stl_sdk/ldlidar_driver/src/networkcom/network_socket_interface_linux.cpp.o[0m
[59.802s] [ 70%] [32m[1mLinking CXX shared library libldlidar.so[0m
[60.433s] [ 70%] Built target ldlidar
[60.614s] [ 80%] [32mBuilding CXX object CMakeFiles/ldlidar_component.dir/tools/src/ldlidar_tools.cpp.o[0m
[61.450s] [ 90%] [32mBuilding CXX object CMakeFiles/ldlidar_component.dir/component/src/ldlidar_component.cpp.o[0m
[86.027s] [100%] [32m[1mLinking CXX shared library libldlidar_component.so[0m
[87.344s] [100%] Built target ldlidar_component
