[0.023s] Invoking command in '/home/turbo/Documents/hisp_ws/build/joy': AMENT_PREFIX_PATH=/home/turbo/Documents/hisp_ws/install/sdl2_vendor:${AMENT_PREFIX_PATH} CMAKE_PREFIX_PATH=/home/turbo/Documents/hisp_ws/install/sdl2_vendor:/opt/ros/jazzy DEBUGINFOD_URLS=https://debuginfod.ubuntu.com /usr/bin/cmake /home/turbo/Documents/hisp_ws/src/joystick_drivers/joy -DAMENT_CMAKE_SYMLINK_INSTALL=1 -DCMAKE_INSTALL_PREFIX=/home/turbo/Documents/hisp_ws/install/joy
[0.303s] -- The C compiler identification is GNU 13.3.0
[0.448s] -- The CXX compiler identification is GNU 13.3.0
[0.484s] -- Detecting C compiler ABI info
[0.750s] -- Detecting C compiler ABI info - done
[0.770s] -- Check for working C compiler: /usr/bin/cc - skipped
[0.770s] -- Detecting C compile features
[0.770s] -- Detecting C compile features - done
[0.793s] -- Detecting CXX compiler ABI info
[1.039s] -- Detecting CXX compiler ABI info - done
[1.057s] -- Check for working CXX compiler: /usr/bin/c++ - skipped
[1.060s] -- Detecting CXX compile features
[1.060s] -- Detecting CXX compile features - done
[1.087s] -- Found ament_cmake_ros: 0.12.0 (/opt/ros/jazzy/share/ament_cmake_ros/cmake)
[1.546s] -- Found Python3: /usr/bin/python3 (found version "3.12.3") found components: Interpreter 
[1.757s] -- Override CMake install command with custom implementation using symlinks instead of copying resources
[1.810s] -- Found rclcpp: 28.1.18 (/opt/ros/jazzy/share/rclcpp/cmake)
[1.901s] -- Found rosidl_generator_c: 4.6.7 (/opt/ros/jazzy/share/rosidl_generator_c/cmake)
[1.938s] -- Found rosidl_generator_cpp: 4.6.7 (/opt/ros/jazzy/share/rosidl_generator_cpp/cmake)
[1.973s] -- Using all available rosidl_typesupport_c: rosidl_typesupport_fastrtps_c;rosidl_typesupport_introspection_c
[2.003s] -- Using all available rosidl_typesupport_cpp: rosidl_typesupport_fastrtps_cpp;rosidl_typesupport_introspection_cpp
[2.134s] -- Found rmw_implementation_cmake: 7.3.3 (/opt/ros/jazzy/share/rmw_implementation_cmake/cmake)
[2.138s] -- Found rmw_fastrtps_cpp: 8.4.3 (/opt/ros/jazzy/share/rmw_fastrtps_cpp/cmake)
[2.301s] -- Found OpenSSL: /usr/lib/aarch64-linux-gnu/libcrypto.so (found version "3.0.13")  
[2.337s] -- Found FastRTPS: /opt/ros/jazzy/include (Required is at least version "2.13") 
[2.386s] -- Using RMW implementation 'rmw_fastrtps_cpp' as default
[2.497s] -- Found rclcpp_components: 28.1.18 (/opt/ros/jazzy/share/rclcpp_components/cmake)
[2.549s] -- Found sdl2_vendor: 3.3.0 (/home/turbo/Documents/hisp_ws/install/sdl2_vendor/share/sdl2_vendor/cmake)
[2.565s] -- Found sensor_msgs: 5.3.7 (/opt/ros/jazzy/share/sensor_msgs/cmake)
[2.674s] -- Found ament_lint_auto: 0.17.5 (/opt/ros/jazzy/share/ament_lint_auto/cmake)
[2.951s] -- Added test 'cppcheck' to perform static code analysis on C / C++ code
[2.951s] -- Configured cppcheck include dirs: $<BUILD_INTERFACE:/home/turbo/Documents/hisp_ws/src/joystick_drivers/joy/include>
[2.951s] -- Configured cppcheck exclude dirs and/or files: 
[2.959s] -- Added test 'cpplint' to check C / C++ code against the Google style
[2.959s] -- Configured cpplint exclude dirs and/or files: 
[2.960s] -- Added test 'flake8' to check Python code syntax and style conventions
[2.960s] -- Configured 'flake8' exclude dirs and/or files: 
[2.967s] -- Added test 'lint_cmake' to check CMake code style
[2.968s] -- Added test 'pep257' to check Python code against some of the docstring style conventions in PEP 257
[2.970s] -- Added test 'uncrustify' to check C / C++ code style
[2.972s] -- Configured uncrustify additional arguments: 
[2.973s] -- Added test 'xmllint' to check XML markup files
[2.978s] -- Configuring done (2.9s)
[3.050s] -- Generating done (0.1s)
[3.072s] -- Build files have been written to: /home/turbo/Documents/hisp_ws/build/joy
[3.100s] Invoked command in '/home/turbo/Documents/hisp_ws/build/joy' returned '0': AMENT_PREFIX_PATH=/home/turbo/Documents/hisp_ws/install/sdl2_vendor:${AMENT_PREFIX_PATH} CMAKE_PREFIX_PATH=/home/turbo/Documents/hisp_ws/install/sdl2_vendor:/opt/ros/jazzy DEBUGINFOD_URLS=https://debuginfod.ubuntu.com /usr/bin/cmake /home/turbo/Documents/hisp_ws/src/joystick_drivers/joy -DAMENT_CMAKE_SYMLINK_INSTALL=1 -DCMAKE_INSTALL_PREFIX=/home/turbo/Documents/hisp_ws/install/joy
[3.102s] Invoking command in '/home/turbo/Documents/hisp_ws/build/joy': AMENT_PREFIX_PATH=/home/turbo/Documents/hisp_ws/install/sdl2_vendor:${AMENT_PREFIX_PATH} CMAKE_PREFIX_PATH=/home/turbo/Documents/hisp_ws/install/sdl2_vendor:/opt/ros/jazzy DEBUGINFOD_URLS=https://debuginfod.ubuntu.com /usr/bin/cmake --build /home/turbo/Documents/hisp_ws/build/joy -- -j4 -l4
[3.250s] [ 10%] [32mBuilding CXX object CMakeFiles/joy.dir/src/joy.cpp.o[0m
[3.267s] [ 20%] [32mBuilding CXX object CMakeFiles/game_controller_node.dir/rclcpp_components/node_main_game_controller_node.cpp.o[0m
[3.300s] [ 30%] [32mBuilding CXX object CMakeFiles/joy_node.dir/rclcpp_components/node_main_joy_node.cpp.o[0m
[3.305s] [ 40%] [32mBuilding CXX object CMakeFiles/game_controller.dir/src/game_controller.cpp.o[0m
