[0.048s] Invoking command in '/home/turbo/Documents/hisp_ws/build/joy_linux': CMAKE_PREFIX_PATH=/opt/ros/jazzy DEBUGINFOD_URLS=https://debuginfod.ubuntu.com /usr/bin/cmake /home/turbo/Documents/hisp_ws/src/joystick_drivers/joy_linux -DAMENT_CMAKE_SYMLINK_INSTALL=1 -DCMAKE_INSTALL_PREFIX=/home/turbo/Documents/hisp_ws/install/joy_linux
[0.778s] -- The C compiler identification is GNU 13.3.0
[1.317s] -- The CXX compiler identification is GNU 13.3.0
[1.405s] -- Detecting C compiler ABI info
[1.692s] -- Detecting C compiler ABI info - done
[1.709s] -- Check for working C compiler: /usr/bin/cc - skipped
[1.709s] -- Detecting C compile features
[1.711s] -- Detecting C compile features - done
[1.733s] -- Detecting CXX compiler ABI info
[2.169s] -- Detecting CXX compiler ABI info - done
[2.219s] -- Check for working CXX compiler: /usr/bin/c++ - skipped
[2.220s] -- Detecting CXX compile features
[2.221s] -- Detecting CXX compile features - done
[2.229s] -- Found ament_cmake: 2.5.6 (/opt/ros/jazzy/share/ament_cmake/cmake)
[2.639s] -- Found Python3: /usr/bin/python3 (found version "3.12.3") found components: Interpreter 
[2.868s] -- Override CMake install command with custom implementation using symlinks instead of copying resources
[2.965s] -- Found diagnostic_msgs: 5.3.7 (/opt/ros/jazzy/share/diagnostic_msgs/cmake)
[3.122s] -- Found rosidl_generator_c: 4.6.7 (/opt/ros/jazzy/share/rosidl_generator_c/cmake)
[3.167s] -- Found rosidl_generator_cpp: 4.6.7 (/opt/ros/jazzy/share/rosidl_generator_cpp/cmake)
[3.237s] -- Using all available rosidl_typesupport_c: rosidl_typesupport_fastrtps_c;rosidl_typesupport_introspection_c
[3.305s] -- Using all available rosidl_typesupport_cpp: rosidl_typesupport_fastrtps_cpp;rosidl_typesupport_introspection_cpp
[3.604s] -- Found diagnostic_updater: 4.2.6 (/opt/ros/jazzy/share/diagnostic_updater/cmake)
[3.754s] -- Found rmw_implementation_cmake: 7.3.3 (/opt/ros/jazzy/share/rmw_implementation_cmake/cmake)
[3.763s] -- Found rmw_fastrtps_cpp: 8.4.3 (/opt/ros/jazzy/share/rmw_fastrtps_cpp/cmake)
[4.257s] -- Found OpenSSL: /usr/lib/aarch64-linux-gnu/libcrypto.so (found version "3.0.13")  
[4.326s] -- Found FastRTPS: /opt/ros/jazzy/include (Required is at least version "2.13") 
[4.374s] -- Using RMW implementation 'rmw_fastrtps_cpp' as default
[4.712s] -- Found sensor_msgs: 5.3.7 (/opt/ros/jazzy/share/sensor_msgs/cmake)
[4.821s] -- Looking for include file linux/joystick.h
[5.186s] -- Looking for include file linux/joystick.h - found
[5.193s] -- Found ament_lint_auto: 0.17.5 (/opt/ros/jazzy/share/ament_lint_auto/cmake)
[5.551s] -- Added test 'cppcheck' to perform static code analysis on C / C++ code
[5.551s] -- Configured cppcheck include dirs: /home/turbo/Documents/hisp_ws/src/joystick_drivers/joy_linux/msg/cpp
[5.551s] -- Configured cppcheck exclude dirs and/or files: 
[5.552s] -- Added test 'cpplint' to check C / C++ code against the Google style
[5.552s] -- Configured cpplint exclude dirs and/or files: 
[5.553s] -- Added test 'lint_cmake' to check CMake code style
[5.555s] -- Added test 'uncrustify' to check C / C++ code style
[5.555s] -- Configured uncrustify additional arguments: 
[5.557s] -- Added test 'xmllint' to check XML markup files
[5.560s] -- Configuring done (5.4s)
[5.589s] -- Generating done (0.0s)
[5.599s] -- Build files have been written to: /home/turbo/Documents/hisp_ws/build/joy_linux
[5.655s] Invoked command in '/home/turbo/Documents/hisp_ws/build/joy_linux' returned '0': CMAKE_PREFIX_PATH=/opt/ros/jazzy DEBUGINFOD_URLS=https://debuginfod.ubuntu.com /usr/bin/cmake /home/turbo/Documents/hisp_ws/src/joystick_drivers/joy_linux -DAMENT_CMAKE_SYMLINK_INSTALL=1 -DCMAKE_INSTALL_PREFIX=/home/turbo/Documents/hisp_ws/install/joy_linux
[5.663s] Invoking command in '/home/turbo/Documents/hisp_ws/build/joy_linux': CMAKE_PREFIX_PATH=/opt/ros/jazzy DEBUGINFOD_URLS=https://debuginfod.ubuntu.com /usr/bin/cmake --build /home/turbo/Documents/hisp_ws/build/joy_linux -- -j4 -l4
[5.861s] [ 50%] [32mBuilding CXX object CMakeFiles/joy_linux_node.dir/src/joy_linux_node.cpp.o[0m
