[0.138s] DEBUG:colcon:Command line arguments: ['/usr/bin/colcon', 'build']
[0.139s] DEBUG:colcon:Parsed command line arguments: Namespace(log_base=None, log_level=None, verb_name='build', build_base='build', install_base='install', merge_install=False, symlink_install=False, test_result_base=None, continue_on_error=False, executor='parallel', parallel_workers=4, event_handlers=None, ignore_user_meta=False, metas=['./colcon.meta'], base_paths=['.'], packages_ignore=None, packages_ignore_regex=None, paths=None, packages_up_to=None, packages_up_to_regex=None, packages_above=None, packages_above_and_dependencies=None, packages_above_depth=None, packages_select_by_dep=None, packages_skip_by_dep=None, packages_skip_up_to=None, packages_select_build_failed=False, packages_skip_build_finished=False, packages_select_test_failures=False, packages_skip_test_passed=False, packages_select=None, packages_skip=None, packages_select_regex=None, packages_skip_regex=None, packages_start=None, packages_end=None, allow_overriding=[], cmake_args=None, cmake_target=None, cmake_target_skip_unavailable=False, cmake_clean_cache=False, cmake_clean_first=False, cmake_force_configure=False, ament_cmake_args=None, catkin_cmake_args=None, catkin_skip_building_tests=False, mixin_files=None, mixin=None, verb_parser=<colcon_mixin.mixin.mixin_argument.MixinArgumentDecorator object at 0xffffb23626c0>, verb_extension=<colcon_core.verb.build.BuildVerb object at 0xffffb2516de0>, main=<bound method BuildVerb.main of <colcon_core.verb.build.BuildVerb object at 0xffffb2516de0>>, mixin_verb=('build',))
[0.196s] Level 1:colcon.colcon_core.package_discovery:discover_packages(colcon_meta) check parameters
[0.196s] Level 1:colcon.colcon_core.package_discovery:discover_packages(recursive) check parameters
[0.196s] Level 1:colcon.colcon_core.package_discovery:discover_packages(ignore) check parameters
[0.196s] Level 1:colcon.colcon_core.package_discovery:discover_packages(path) check parameters
[0.196s] Level 1:colcon.colcon_core.package_discovery:discover_packages(colcon_meta) discover
[0.196s] Level 1:colcon.colcon_core.package_discovery:discover_packages(recursive) discover
[0.196s] INFO:colcon.colcon_core.package_discovery:Crawling recursively for packages in '/home/turbo/Documents/hisp_ws'
[0.196s] Level 1:colcon.colcon_core.package_identification:_identify(.) by extensions ['ignore', 'ignore_ament_install']
[0.196s] Level 1:colcon.colcon_core.package_identification:_identify(.) by extension 'ignore'
[0.196s] Level 1:colcon.colcon_core.package_identification:_identify(.) by extension 'ignore_ament_install'
[0.197s] Level 1:colcon.colcon_core.package_identification:_identify(.) by extensions ['colcon_pkg']
[0.197s] Level 1:colcon.colcon_core.package_identification:_identify(.) by extension 'colcon_pkg'
[0.197s] Level 1:colcon.colcon_core.package_identification:_identify(.) by extensions ['colcon_meta']
[0.197s] Level 1:colcon.colcon_core.package_identification:_identify(.) by extension 'colcon_meta'
[0.197s] Level 1:colcon.colcon_core.package_identification:_identify(.) by extensions ['ros']
[0.197s] Level 1:colcon.colcon_core.package_identification:_identify(.) by extension 'ros'
[0.233s] Level 1:colcon.colcon_core.package_identification:_identify(.) by extensions ['cmake', 'python']
[0.233s] Level 1:colcon.colcon_core.package_identification:_identify(.) by extension 'cmake'
[0.233s] Level 1:colcon.colcon_core.package_identification:_identify(.) by extension 'python'
[0.233s] Level 1:colcon.colcon_core.package_identification:_identify(.) by extensions ['python_setup_py']
[0.233s] Level 1:colcon.colcon_core.package_identification:_identify(.) by extension 'python_setup_py'
[0.234s] Level 1:colcon.colcon_core.package_identification:_identify(build) by extensions ['ignore', 'ignore_ament_install']
[0.234s] Level 1:colcon.colcon_core.package_identification:_identify(build) by extension 'ignore'
[0.234s] Level 1:colcon.colcon_core.package_identification:_identify(build) ignored
[0.234s] Level 1:colcon.colcon_core.package_identification:_identify(install) by extensions ['ignore', 'ignore_ament_install']
[0.234s] Level 1:colcon.colcon_core.package_identification:_identify(install) by extension 'ignore'
[0.234s] Level 1:colcon.colcon_core.package_identification:_identify(install) ignored
[0.234s] Level 1:colcon.colcon_core.package_identification:_identify(log) by extensions ['ignore', 'ignore_ament_install']
[0.234s] Level 1:colcon.colcon_core.package_identification:_identify(log) by extension 'ignore'
[0.234s] Level 1:colcon.colcon_core.package_identification:_identify(log) ignored
[0.234s] Level 1:colcon.colcon_core.package_identification:_identify(src) by extensions ['ignore', 'ignore_ament_install']
[0.235s] Level 1:colcon.colcon_core.package_identification:_identify(src) by extension 'ignore'
[0.235s] Level 1:colcon.colcon_core.package_identification:_identify(src) by extension 'ignore_ament_install'
[0.235s] Level 1:colcon.colcon_core.package_identification:_identify(src) by extensions ['colcon_pkg']
[0.235s] Level 1:colcon.colcon_core.package_identification:_identify(src) by extension 'colcon_pkg'
[0.235s] Level 1:colcon.colcon_core.package_identification:_identify(src) by extensions ['colcon_meta']
[0.235s] Level 1:colcon.colcon_core.package_identification:_identify(src) by extension 'colcon_meta'
[0.235s] Level 1:colcon.colcon_core.package_identification:_identify(src) by extensions ['ros']
[0.235s] Level 1:colcon.colcon_core.package_identification:_identify(src) by extension 'ros'
[0.235s] Level 1:colcon.colcon_core.package_identification:_identify(src) by extensions ['cmake', 'python']
[0.235s] Level 1:colcon.colcon_core.package_identification:_identify(src) by extension 'cmake'
[0.235s] Level 1:colcon.colcon_core.package_identification:_identify(src) by extension 'python'
[0.235s] Level 1:colcon.colcon_core.package_identification:_identify(src) by extensions ['python_setup_py']
[0.235s] Level 1:colcon.colcon_core.package_identification:_identify(src) by extension 'python_setup_py'
[0.235s] Level 1:colcon.colcon_core.package_identification:_identify(src/MS200_ros) by extensions ['ignore', 'ignore_ament_install']
[0.235s] Level 1:colcon.colcon_core.package_identification:_identify(src/MS200_ros) by extension 'ignore'
[0.235s] Level 1:colcon.colcon_core.package_identification:_identify(src/MS200_ros) by extension 'ignore_ament_install'
[0.235s] Level 1:colcon.colcon_core.package_identification:_identify(src/MS200_ros) by extensions ['colcon_pkg']
[0.235s] Level 1:colcon.colcon_core.package_identification:_identify(src/MS200_ros) by extension 'colcon_pkg'
[0.236s] Level 1:colcon.colcon_core.package_identification:_identify(src/MS200_ros) by extensions ['colcon_meta']
[0.236s] Level 1:colcon.colcon_core.package_identification:_identify(src/MS200_ros) by extension 'colcon_meta'
[0.236s] Level 1:colcon.colcon_core.package_identification:_identify(src/MS200_ros) by extensions ['ros']
[0.236s] Level 1:colcon.colcon_core.package_identification:_identify(src/MS200_ros) by extension 'ros'
[0.239s] DEBUG:colcon.colcon_core.package_identification:Package 'src/MS200_ros' with type 'ros.ament_cmake' and name 'oradar_lidar'
[0.239s] Level 1:colcon.colcon_core.package_identification:_identify(src/joystick_drivers) by extensions ['ignore', 'ignore_ament_install']
[0.239s] Level 1:colcon.colcon_core.package_identification:_identify(src/joystick_drivers) by extension 'ignore'
[0.239s] Level 1:colcon.colcon_core.package_identification:_identify(src/joystick_drivers) by extension 'ignore_ament_install'
[0.239s] Level 1:colcon.colcon_core.package_identification:_identify(src/joystick_drivers) by extensions ['colcon_pkg']
[0.239s] Level 1:colcon.colcon_core.package_identification:_identify(src/joystick_drivers) by extension 'colcon_pkg'
[0.239s] Level 1:colcon.colcon_core.package_identification:_identify(src/joystick_drivers) by extensions ['colcon_meta']
[0.239s] Level 1:colcon.colcon_core.package_identification:_identify(src/joystick_drivers) by extension 'colcon_meta'
[0.239s] Level 1:colcon.colcon_core.package_identification:_identify(src/joystick_drivers) by extensions ['ros']
[0.239s] Level 1:colcon.colcon_core.package_identification:_identify(src/joystick_drivers) by extension 'ros'
[0.240s] Level 1:colcon.colcon_core.package_identification:_identify(src/joystick_drivers) by extensions ['cmake', 'python']
[0.240s] Level 1:colcon.colcon_core.package_identification:_identify(src/joystick_drivers) by extension 'cmake'
[0.240s] Level 1:colcon.colcon_core.package_identification:_identify(src/joystick_drivers) by extension 'python'
[0.240s] Level 1:colcon.colcon_core.package_identification:_identify(src/joystick_drivers) by extensions ['python_setup_py']
[0.240s] Level 1:colcon.colcon_core.package_identification:_identify(src/joystick_drivers) by extension 'python_setup_py'
[0.240s] Level 1:colcon.colcon_core.package_identification:_identify(src/joystick_drivers/joy) by extensions ['ignore', 'ignore_ament_install']
[0.240s] Level 1:colcon.colcon_core.package_identification:_identify(src/joystick_drivers/joy) by extension 'ignore'
[0.240s] Level 1:colcon.colcon_core.package_identification:_identify(src/joystick_drivers/joy) by extension 'ignore_ament_install'
[0.240s] Level 1:colcon.colcon_core.package_identification:_identify(src/joystick_drivers/joy) by extensions ['colcon_pkg']
[0.240s] Level 1:colcon.colcon_core.package_identification:_identify(src/joystick_drivers/joy) by extension 'colcon_pkg'
[0.240s] Level 1:colcon.colcon_core.package_identification:_identify(src/joystick_drivers/joy) by extensions ['colcon_meta']
[0.240s] Level 1:colcon.colcon_core.package_identification:_identify(src/joystick_drivers/joy) by extension 'colcon_meta'
[0.240s] Level 1:colcon.colcon_core.package_identification:_identify(src/joystick_drivers/joy) by extensions ['ros']
[0.240s] Level 1:colcon.colcon_core.package_identification:_identify(src/joystick_drivers/joy) by extension 'ros'
[0.241s] DEBUG:colcon.colcon_core.package_identification:Package 'src/joystick_drivers/joy' with type 'ros.ament_cmake' and name 'joy'
[0.241s] Level 1:colcon.colcon_core.package_identification:_identify(src/joystick_drivers/joy_linux) by extensions ['ignore', 'ignore_ament_install']
[0.241s] Level 1:colcon.colcon_core.package_identification:_identify(src/joystick_drivers/joy_linux) by extension 'ignore'
[0.242s] Level 1:colcon.colcon_core.package_identification:_identify(src/joystick_drivers/joy_linux) by extension 'ignore_ament_install'
[0.242s] Level 1:colcon.colcon_core.package_identification:_identify(src/joystick_drivers/joy_linux) by extensions ['colcon_pkg']
[0.242s] Level 1:colcon.colcon_core.package_identification:_identify(src/joystick_drivers/joy_linux) by extension 'colcon_pkg'
[0.242s] Level 1:colcon.colcon_core.package_identification:_identify(src/joystick_drivers/joy_linux) by extensions ['colcon_meta']
[0.242s] Level 1:colcon.colcon_core.package_identification:_identify(src/joystick_drivers/joy_linux) by extension 'colcon_meta'
[0.242s] Level 1:colcon.colcon_core.package_identification:_identify(src/joystick_drivers/joy_linux) by extensions ['ros']
[0.242s] Level 1:colcon.colcon_core.package_identification:_identify(src/joystick_drivers/joy_linux) by extension 'ros'
[0.243s] DEBUG:colcon.colcon_core.package_identification:Package 'src/joystick_drivers/joy_linux' with type 'ros.ament_cmake' and name 'joy_linux'
[0.243s] Level 1:colcon.colcon_core.package_identification:_identify(src/joystick_drivers/joystick_drivers) by extensions ['ignore', 'ignore_ament_install']
[0.243s] Level 1:colcon.colcon_core.package_identification:_identify(src/joystick_drivers/joystick_drivers) by extension 'ignore'
[0.243s] Level 1:colcon.colcon_core.package_identification:_identify(src/joystick_drivers/joystick_drivers) by extension 'ignore_ament_install'
[0.243s] Level 1:colcon.colcon_core.package_identification:_identify(src/joystick_drivers/joystick_drivers) by extensions ['colcon_pkg']
[0.243s] Level 1:colcon.colcon_core.package_identification:_identify(src/joystick_drivers/joystick_drivers) by extension 'colcon_pkg'
[0.243s] Level 1:colcon.colcon_core.package_identification:_identify(src/joystick_drivers/joystick_drivers) by extensions ['colcon_meta']
[0.243s] Level 1:colcon.colcon_core.package_identification:_identify(src/joystick_drivers/joystick_drivers) by extension 'colcon_meta'
[0.243s] Level 1:colcon.colcon_core.package_identification:_identify(src/joystick_drivers/joystick_drivers) by extensions ['ros']
[0.243s] Level 1:colcon.colcon_core.package_identification:_identify(src/joystick_drivers/joystick_drivers) by extension 'ros'
[0.243s] Level 1:colcon.colcon_core.package_identification:_identify(src/joystick_drivers/joystick_drivers) ignored
[0.244s] Level 1:colcon.colcon_core.package_identification:_identify(src/joystick_drivers/ps3joy) by extensions ['ignore', 'ignore_ament_install']
[0.244s] Level 1:colcon.colcon_core.package_identification:_identify(src/joystick_drivers/ps3joy) by extension 'ignore'
[0.244s] Level 1:colcon.colcon_core.package_identification:_identify(src/joystick_drivers/ps3joy) by extension 'ignore_ament_install'
[0.244s] Level 1:colcon.colcon_core.package_identification:_identify(src/joystick_drivers/ps3joy) by extensions ['colcon_pkg']
[0.244s] Level 1:colcon.colcon_core.package_identification:_identify(src/joystick_drivers/ps3joy) by extension 'colcon_pkg'
[0.244s] Level 1:colcon.colcon_core.package_identification:_identify(src/joystick_drivers/ps3joy) by extensions ['colcon_meta']
[0.244s] Level 1:colcon.colcon_core.package_identification:_identify(src/joystick_drivers/ps3joy) by extension 'colcon_meta'
[0.244s] Level 1:colcon.colcon_core.package_identification:_identify(src/joystick_drivers/ps3joy) by extensions ['ros']
[0.244s] Level 1:colcon.colcon_core.package_identification:_identify(src/joystick_drivers/ps3joy) by extension 'ros'
[0.244s] Level 1:colcon.colcon_core.package_identification:_identify(src/joystick_drivers/ps3joy) ignored
[0.244s] Level 1:colcon.colcon_core.package_identification:_identify(src/joystick_drivers/sdl2_vendor) by extensions ['ignore', 'ignore_ament_install']
[0.244s] Level 1:colcon.colcon_core.package_identification:_identify(src/joystick_drivers/sdl2_vendor) by extension 'ignore'
[0.244s] Level 1:colcon.colcon_core.package_identification:_identify(src/joystick_drivers/sdl2_vendor) by extension 'ignore_ament_install'
[0.244s] Level 1:colcon.colcon_core.package_identification:_identify(src/joystick_drivers/sdl2_vendor) by extensions ['colcon_pkg']
[0.244s] Level 1:colcon.colcon_core.package_identification:_identify(src/joystick_drivers/sdl2_vendor) by extension 'colcon_pkg'
[0.244s] Level 1:colcon.colcon_core.package_identification:_identify(src/joystick_drivers/sdl2_vendor) by extensions ['colcon_meta']
[0.244s] Level 1:colcon.colcon_core.package_identification:_identify(src/joystick_drivers/sdl2_vendor) by extension 'colcon_meta'
[0.245s] Level 1:colcon.colcon_core.package_identification:_identify(src/joystick_drivers/sdl2_vendor) by extensions ['ros']
[0.245s] Level 1:colcon.colcon_core.package_identification:_identify(src/joystick_drivers/sdl2_vendor) by extension 'ros'
[0.245s] DEBUG:colcon.colcon_core.package_identification:Package 'src/joystick_drivers/sdl2_vendor' with type 'ros.ament_cmake' and name 'sdl2_vendor'
[0.245s] Level 1:colcon.colcon_core.package_identification:_identify(src/joystick_drivers/spacenav) by extensions ['ignore', 'ignore_ament_install']
[0.245s] Level 1:colcon.colcon_core.package_identification:_identify(src/joystick_drivers/spacenav) by extension 'ignore'
[0.245s] Level 1:colcon.colcon_core.package_identification:_identify(src/joystick_drivers/spacenav) by extension 'ignore_ament_install'
[0.245s] Level 1:colcon.colcon_core.package_identification:_identify(src/joystick_drivers/spacenav) by extensions ['colcon_pkg']
[0.245s] Level 1:colcon.colcon_core.package_identification:_identify(src/joystick_drivers/spacenav) by extension 'colcon_pkg'
[0.245s] Level 1:colcon.colcon_core.package_identification:_identify(src/joystick_drivers/spacenav) by extensions ['colcon_meta']
[0.246s] Level 1:colcon.colcon_core.package_identification:_identify(src/joystick_drivers/spacenav) by extension 'colcon_meta'
[0.246s] Level 1:colcon.colcon_core.package_identification:_identify(src/joystick_drivers/spacenav) by extensions ['ros']
[0.246s] Level 1:colcon.colcon_core.package_identification:_identify(src/joystick_drivers/spacenav) by extension 'ros'
[0.246s] DEBUG:colcon.colcon_core.package_identification:Package 'src/joystick_drivers/spacenav' with type 'ros.ament_cmake' and name 'spacenav'
[0.247s] Level 1:colcon.colcon_core.package_discovery:discover_packages(recursive) using defaults
[0.247s] Level 1:colcon.colcon_core.package_discovery:discover_packages(ignore) discover
[0.247s] Level 1:colcon.colcon_core.package_discovery:discover_packages(ignore) using defaults
[0.247s] Level 1:colcon.colcon_core.package_discovery:discover_packages(path) discover
[0.247s] Level 1:colcon.colcon_core.package_discovery:discover_packages(path) using defaults
[0.270s] Level 1:colcon.colcon_core.package_discovery:discover_packages(prefix_path) check parameters
[0.270s] Level 1:colcon.colcon_core.package_discovery:discover_packages(prefix_path) discover
[0.273s] DEBUG:colcon.colcon_installed_package_information.package_discovery:Found 6 installed packages in /home/turbo/Documents/hisp_ws/install
[0.274s] DEBUG:colcon.colcon_installed_package_information.package_discovery:Found 223 installed packages in /opt/ros/jazzy
[0.275s] Level 1:colcon.colcon_core.package_discovery:discover_packages(prefix_path) using defaults
[0.320s] Level 5:colcon.colcon_core.verb:set package 'joy_linux' build argument 'cmake_args' from command line to 'None'
[0.320s] Level 5:colcon.colcon_core.verb:set package 'joy_linux' build argument 'cmake_target' from command line to 'None'
[0.320s] Level 5:colcon.colcon_core.verb:set package 'joy_linux' build argument 'cmake_target_skip_unavailable' from command line to 'False'
[0.320s] Level 5:colcon.colcon_core.verb:set package 'joy_linux' build argument 'cmake_clean_cache' from command line to 'False'
[0.320s] Level 5:colcon.colcon_core.verb:set package 'joy_linux' build argument 'cmake_clean_first' from command line to 'False'
[0.320s] Level 5:colcon.colcon_core.verb:set package 'joy_linux' build argument 'cmake_force_configure' from command line to 'False'
[0.320s] Level 5:colcon.colcon_core.verb:set package 'joy_linux' build argument 'ament_cmake_args' from command line to 'None'
[0.320s] Level 5:colcon.colcon_core.verb:set package 'joy_linux' build argument 'catkin_cmake_args' from command line to 'None'
[0.320s] Level 5:colcon.colcon_core.verb:set package 'joy_linux' build argument 'catkin_skip_building_tests' from command line to 'False'
[0.320s] DEBUG:colcon.colcon_core.verb:Building package 'joy_linux' with the following arguments: {'ament_cmake_args': None, 'build_base': '/home/turbo/Documents/hisp_ws/build/joy_linux', 'catkin_cmake_args': None, 'catkin_skip_building_tests': False, 'cmake_args': None, 'cmake_clean_cache': False, 'cmake_clean_first': False, 'cmake_force_configure': False, 'cmake_target': None, 'cmake_target_skip_unavailable': False, 'install_base': '/home/turbo/Documents/hisp_ws/install/joy_linux', 'merge_install': False, 'path': '/home/turbo/Documents/hisp_ws/src/joystick_drivers/joy_linux', 'symlink_install': False, 'test_result_base': None}
[0.321s] Level 5:colcon.colcon_core.verb:set package 'oradar_lidar' build argument 'cmake_args' from command line to 'None'
[0.321s] Level 5:colcon.colcon_core.verb:set package 'oradar_lidar' build argument 'cmake_target' from command line to 'None'
[0.321s] Level 5:colcon.colcon_core.verb:set package 'oradar_lidar' build argument 'cmake_target_skip_unavailable' from command line to 'False'
[0.321s] Level 5:colcon.colcon_core.verb:set package 'oradar_lidar' build argument 'cmake_clean_cache' from command line to 'False'
[0.321s] Level 5:colcon.colcon_core.verb:set package 'oradar_lidar' build argument 'cmake_clean_first' from command line to 'False'
[0.321s] Level 5:colcon.colcon_core.verb:set package 'oradar_lidar' build argument 'cmake_force_configure' from command line to 'False'
[0.321s] Level 5:colcon.colcon_core.verb:set package 'oradar_lidar' build argument 'ament_cmake_args' from command line to 'None'
[0.321s] Level 5:colcon.colcon_core.verb:set package 'oradar_lidar' build argument 'catkin_cmake_args' from command line to 'None'
[0.321s] Level 5:colcon.colcon_core.verb:set package 'oradar_lidar' build argument 'catkin_skip_building_tests' from command line to 'False'
[0.321s] DEBUG:colcon.colcon_core.verb:Building package 'oradar_lidar' with the following arguments: {'ament_cmake_args': None, 'build_base': '/home/turbo/Documents/hisp_ws/build/oradar_lidar', 'catkin_cmake_args': None, 'catkin_skip_building_tests': False, 'cmake_args': None, 'cmake_clean_cache': False, 'cmake_clean_first': False, 'cmake_force_configure': False, 'cmake_target': None, 'cmake_target_skip_unavailable': False, 'install_base': '/home/turbo/Documents/hisp_ws/install/oradar_lidar', 'merge_install': False, 'path': '/home/turbo/Documents/hisp_ws/src/MS200_ros', 'symlink_install': False, 'test_result_base': None}
[0.322s] Level 5:colcon.colcon_core.verb:set package 'sdl2_vendor' build argument 'cmake_args' from command line to 'None'
[0.322s] Level 5:colcon.colcon_core.verb:set package 'sdl2_vendor' build argument 'cmake_target' from command line to 'None'
[0.322s] Level 5:colcon.colcon_core.verb:set package 'sdl2_vendor' build argument 'cmake_target_skip_unavailable' from command line to 'False'
[0.322s] Level 5:colcon.colcon_core.verb:set package 'sdl2_vendor' build argument 'cmake_clean_cache' from command line to 'False'
[0.322s] Level 5:colcon.colcon_core.verb:set package 'sdl2_vendor' build argument 'cmake_clean_first' from command line to 'False'
[0.322s] Level 5:colcon.colcon_core.verb:set package 'sdl2_vendor' build argument 'cmake_force_configure' from command line to 'False'
[0.322s] Level 5:colcon.colcon_core.verb:set package 'sdl2_vendor' build argument 'ament_cmake_args' from command line to 'None'
[0.322s] Level 5:colcon.colcon_core.verb:set package 'sdl2_vendor' build argument 'catkin_cmake_args' from command line to 'None'
[0.322s] Level 5:colcon.colcon_core.verb:set package 'sdl2_vendor' build argument 'catkin_skip_building_tests' from command line to 'False'
[0.322s] DEBUG:colcon.colcon_core.verb:Building package 'sdl2_vendor' with the following arguments: {'ament_cmake_args': None, 'build_base': '/home/turbo/Documents/hisp_ws/build/sdl2_vendor', 'catkin_cmake_args': None, 'catkin_skip_building_tests': False, 'cmake_args': None, 'cmake_clean_cache': False, 'cmake_clean_first': False, 'cmake_force_configure': False, 'cmake_target': None, 'cmake_target_skip_unavailable': False, 'install_base': '/home/turbo/Documents/hisp_ws/install/sdl2_vendor', 'merge_install': False, 'path': '/home/turbo/Documents/hisp_ws/src/joystick_drivers/sdl2_vendor', 'symlink_install': False, 'test_result_base': None}
[0.322s] Level 5:colcon.colcon_core.verb:set package 'spacenav' build argument 'cmake_args' from command line to 'None'
[0.322s] Level 5:colcon.colcon_core.verb:set package 'spacenav' build argument 'cmake_target' from command line to 'None'
[0.322s] Level 5:colcon.colcon_core.verb:set package 'spacenav' build argument 'cmake_target_skip_unavailable' from command line to 'False'
[0.322s] Level 5:colcon.colcon_core.verb:set package 'spacenav' build argument 'cmake_clean_cache' from command line to 'False'
[0.322s] Level 5:colcon.colcon_core.verb:set package 'spacenav' build argument 'cmake_clean_first' from command line to 'False'
[0.322s] Level 5:colcon.colcon_core.verb:set package 'spacenav' build argument 'cmake_force_configure' from command line to 'False'
[0.322s] Level 5:colcon.colcon_core.verb:set package 'spacenav' build argument 'ament_cmake_args' from command line to 'None'
[0.322s] Level 5:colcon.colcon_core.verb:set package 'spacenav' build argument 'catkin_cmake_args' from command line to 'None'
[0.322s] Level 5:colcon.colcon_core.verb:set package 'spacenav' build argument 'catkin_skip_building_tests' from command line to 'False'
[0.322s] DEBUG:colcon.colcon_core.verb:Building package 'spacenav' with the following arguments: {'ament_cmake_args': None, 'build_base': '/home/turbo/Documents/hisp_ws/build/spacenav', 'catkin_cmake_args': None, 'catkin_skip_building_tests': False, 'cmake_args': None, 'cmake_clean_cache': False, 'cmake_clean_first': False, 'cmake_force_configure': False, 'cmake_target': None, 'cmake_target_skip_unavailable': False, 'install_base': '/home/turbo/Documents/hisp_ws/install/spacenav', 'merge_install': False, 'path': '/home/turbo/Documents/hisp_ws/src/joystick_drivers/spacenav', 'symlink_install': False, 'test_result_base': None}
[0.323s] Level 5:colcon.colcon_core.verb:set package 'joy' build argument 'cmake_args' from command line to 'None'
[0.323s] Level 5:colcon.colcon_core.verb:set package 'joy' build argument 'cmake_target' from command line to 'None'
[0.323s] Level 5:colcon.colcon_core.verb:set package 'joy' build argument 'cmake_target_skip_unavailable' from command line to 'False'
[0.323s] Level 5:colcon.colcon_core.verb:set package 'joy' build argument 'cmake_clean_cache' from command line to 'False'
[0.323s] Level 5:colcon.colcon_core.verb:set package 'joy' build argument 'cmake_clean_first' from command line to 'False'
[0.323s] Level 5:colcon.colcon_core.verb:set package 'joy' build argument 'cmake_force_configure' from command line to 'False'
[0.323s] Level 5:colcon.colcon_core.verb:set package 'joy' build argument 'ament_cmake_args' from command line to 'None'
[0.323s] Level 5:colcon.colcon_core.verb:set package 'joy' build argument 'catkin_cmake_args' from command line to 'None'
[0.323s] Level 5:colcon.colcon_core.verb:set package 'joy' build argument 'catkin_skip_building_tests' from command line to 'False'
[0.323s] DEBUG:colcon.colcon_core.verb:Building package 'joy' with the following arguments: {'ament_cmake_args': None, 'build_base': '/home/turbo/Documents/hisp_ws/build/joy', 'catkin_cmake_args': None, 'catkin_skip_building_tests': False, 'cmake_args': None, 'cmake_clean_cache': False, 'cmake_clean_first': False, 'cmake_force_configure': False, 'cmake_target': None, 'cmake_target_skip_unavailable': False, 'install_base': '/home/turbo/Documents/hisp_ws/install/joy', 'merge_install': False, 'path': '/home/turbo/Documents/hisp_ws/src/joystick_drivers/joy', 'symlink_install': False, 'test_result_base': None}
[0.323s] INFO:colcon.colcon_core.executor:Executing jobs using 'parallel' executor
[0.324s] DEBUG:colcon.colcon_parallel_executor.executor.parallel:run_until_complete
[0.325s] INFO:colcon.colcon_ros.task.ament_cmake.build:Building ROS package in '/home/turbo/Documents/hisp_ws/src/joystick_drivers/sdl2_vendor' with build type 'ament_cmake'
[0.326s] INFO:colcon.colcon_cmake.task.cmake.build:Building CMake package in '/home/turbo/Documents/hisp_ws/src/joystick_drivers/sdl2_vendor'
[0.330s] INFO:colcon.colcon_core.plugin_system:Skipping extension 'colcon_core.shell.bat': Not used on non-Windows systems
[0.331s] INFO:colcon.colcon_core.shell:Skip shell extension 'powershell' for command environment: Not usable outside of PowerShell
[0.331s] DEBUG:colcon.colcon_core.shell:Skip shell extension 'dsv' for command environment
[0.340s] INFO:colcon.colcon_ros.task.ament_cmake.build:Building ROS package in '/home/turbo/Documents/hisp_ws/src/joystick_drivers/joy_linux' with build type 'ament_cmake'
[0.340s] INFO:colcon.colcon_cmake.task.cmake.build:Building CMake package in '/home/turbo/Documents/hisp_ws/src/joystick_drivers/joy_linux'
[0.340s] INFO:colcon.colcon_core.shell:Skip shell extension 'powershell' for command environment: Not usable outside of PowerShell
[0.341s] DEBUG:colcon.colcon_core.shell:Skip shell extension 'dsv' for command environment
[0.395s] INFO:colcon.colcon_ros.task.ament_cmake.build:Building ROS package in '/home/turbo/Documents/hisp_ws/src/MS200_ros' with build type 'ament_cmake'
[0.395s] INFO:colcon.colcon_cmake.task.cmake.build:Building CMake package in '/home/turbo/Documents/hisp_ws/src/MS200_ros'
[0.396s] INFO:colcon.colcon_core.shell:Skip shell extension 'powershell' for command environment: Not usable outside of PowerShell
[0.396s] DEBUG:colcon.colcon_core.shell:Skip shell extension 'dsv' for command environment
[0.408s] INFO:colcon.colcon_ros.task.ament_cmake.build:Building ROS package in '/home/turbo/Documents/hisp_ws/src/joystick_drivers/spacenav' with build type 'ament_cmake'
[0.408s] INFO:colcon.colcon_cmake.task.cmake.build:Building CMake package in '/home/turbo/Documents/hisp_ws/src/joystick_drivers/spacenav'
[0.408s] INFO:colcon.colcon_core.shell:Skip shell extension 'powershell' for command environment: Not usable outside of PowerShell
[0.409s] DEBUG:colcon.colcon_core.shell:Skip shell extension 'dsv' for command environment
[0.449s] DEBUG:colcon.colcon_core.event_handler.log_command:Invoking command in '/home/turbo/Documents/hisp_ws/build/sdl2_vendor': CMAKE_PREFIX_PATH=${CMAKE_PREFIX_PATH}:/opt/ros/jazzy DEBUGINFOD_URLS=https://debuginfod.ubuntu.com /usr/bin/cmake --build /home/turbo/Documents/hisp_ws/build/sdl2_vendor -- -j4 -l4
[0.460s] DEBUG:colcon.colcon_core.event_handler.log_command:Invoking command in '/home/turbo/Documents/hisp_ws/build/joy_linux': CMAKE_PREFIX_PATH=${CMAKE_PREFIX_PATH}:/opt/ros/jazzy DEBUGINFOD_URLS=https://debuginfod.ubuntu.com /usr/bin/cmake --build /home/turbo/Documents/hisp_ws/build/joy_linux -- -j4 -l4
[0.469s] DEBUG:colcon.colcon_core.event_handler.log_command:Invoking command in '/home/turbo/Documents/hisp_ws/build/oradar_lidar': CMAKE_PREFIX_PATH=${CMAKE_PREFIX_PATH}:/opt/ros/jazzy DEBUGINFOD_URLS=https://debuginfod.ubuntu.com /usr/bin/cmake --build /home/turbo/Documents/hisp_ws/build/oradar_lidar -- -j4 -l4
[0.493s] DEBUG:colcon.colcon_core.event_handler.log_command:Invoking command in '/home/turbo/Documents/hisp_ws/build/spacenav': CMAKE_PREFIX_PATH=${CMAKE_PREFIX_PATH}:/opt/ros/jazzy DEBUGINFOD_URLS=https://debuginfod.ubuntu.com /usr/bin/cmake --build /home/turbo/Documents/hisp_ws/build/spacenav -- -j4 -l4
[0.580s] DEBUG:colcon.colcon_core.event_handler.log_command:Invoked command in '/home/turbo/Documents/hisp_ws/build/sdl2_vendor' returned '0': CMAKE_PREFIX_PATH=${CMAKE_PREFIX_PATH}:/opt/ros/jazzy DEBUGINFOD_URLS=https://debuginfod.ubuntu.com /usr/bin/cmake --build /home/turbo/Documents/hisp_ws/build/sdl2_vendor -- -j4 -l4
[0.624s] DEBUG:colcon.colcon_core.event_handler.log_command:Invoking command in '/home/turbo/Documents/hisp_ws/build/sdl2_vendor': CMAKE_PREFIX_PATH=${CMAKE_PREFIX_PATH}:/opt/ros/jazzy DEBUGINFOD_URLS=https://debuginfod.ubuntu.com /usr/bin/cmake --install /home/turbo/Documents/hisp_ws/build/sdl2_vendor
[0.725s] DEBUG:colcon.colcon_core.event_handler.log_command:Invoked command in '/home/turbo/Documents/hisp_ws/build/joy_linux' returned '0': CMAKE_PREFIX_PATH=${CMAKE_PREFIX_PATH}:/opt/ros/jazzy DEBUGINFOD_URLS=https://debuginfod.ubuntu.com /usr/bin/cmake --build /home/turbo/Documents/hisp_ws/build/joy_linux -- -j4 -l4
[0.726s] DEBUG:colcon.colcon_core.event_handler.log_command:Invoking command in '/home/turbo/Documents/hisp_ws/build/joy_linux': CMAKE_PREFIX_PATH=${CMAKE_PREFIX_PATH}:/opt/ros/jazzy DEBUGINFOD_URLS=https://debuginfod.ubuntu.com /usr/bin/cmake --install /home/turbo/Documents/hisp_ws/build/joy_linux
[0.780s] Level 1:colcon.colcon_core.environment:create_environment_scripts_only(sdl2_vendor)
[0.804s] DEBUG:colcon.colcon_core.event_handler.log_command:Invoked command in '/home/turbo/Documents/hisp_ws/build/sdl2_vendor' returned '0': CMAKE_PREFIX_PATH=${CMAKE_PREFIX_PATH}:/opt/ros/jazzy DEBUGINFOD_URLS=https://debuginfod.ubuntu.com /usr/bin/cmake --install /home/turbo/Documents/hisp_ws/build/sdl2_vendor
[0.826s] Level 1:colcon.colcon_core.environment:checking '/home/turbo/Documents/hisp_ws/install/sdl2_vendor' for CMake module files
[0.835s] Level 1:colcon.colcon_core.environment:checking '/home/turbo/Documents/hisp_ws/install/sdl2_vendor' for CMake config files
[0.845s] Level 1:colcon.colcon_core.shell:create_environment_hook('sdl2_vendor', 'cmake_prefix_path')
[0.847s] INFO:colcon.colcon_core.shell:Creating environment hook '/home/turbo/Documents/hisp_ws/install/sdl2_vendor/share/sdl2_vendor/hook/cmake_prefix_path.ps1'
[0.850s] INFO:colcon.colcon_core.shell:Creating environment descriptor '/home/turbo/Documents/hisp_ws/install/sdl2_vendor/share/sdl2_vendor/hook/cmake_prefix_path.dsv'
[0.855s] INFO:colcon.colcon_core.shell:Creating environment hook '/home/turbo/Documents/hisp_ws/install/sdl2_vendor/share/sdl2_vendor/hook/cmake_prefix_path.sh'
[0.858s] Level 1:colcon.colcon_core.environment:checking '/home/turbo/Documents/hisp_ws/install/sdl2_vendor/bin'
[0.858s] Level 1:colcon.colcon_core.environment:checking '/home/turbo/Documents/hisp_ws/install/sdl2_vendor/lib/pkgconfig/sdl2_vendor.pc'
[0.859s] Level 1:colcon.colcon_core.environment:checking '/home/turbo/Documents/hisp_ws/install/sdl2_vendor/lib/python3.12/site-packages'
[0.861s] Level 1:colcon.colcon_core.environment:checking '/home/turbo/Documents/hisp_ws/install/sdl2_vendor/bin'
[0.861s] INFO:colcon.colcon_core.shell:Creating package script '/home/turbo/Documents/hisp_ws/install/sdl2_vendor/share/sdl2_vendor/package.ps1'
[0.865s] INFO:colcon.colcon_core.shell:Creating package descriptor '/home/turbo/Documents/hisp_ws/install/sdl2_vendor/share/sdl2_vendor/package.dsv'
[0.867s] INFO:colcon.colcon_core.shell:Creating package script '/home/turbo/Documents/hisp_ws/install/sdl2_vendor/share/sdl2_vendor/package.sh'
[0.869s] INFO:colcon.colcon_core.shell:Creating package script '/home/turbo/Documents/hisp_ws/install/sdl2_vendor/share/sdl2_vendor/package.bash'
[0.872s] INFO:colcon.colcon_core.shell:Creating package script '/home/turbo/Documents/hisp_ws/install/sdl2_vendor/share/sdl2_vendor/package.zsh'
[0.875s] Level 1:colcon.colcon_core.environment:create_file_with_runtime_dependencies(/home/turbo/Documents/hisp_ws/install/sdl2_vendor/share/colcon-core/packages/sdl2_vendor)
[0.878s] Level 1:colcon.colcon_core.environment:create_environment_scripts_only(sdl2_vendor)
[0.879s] Level 1:colcon.colcon_core.environment:checking '/home/turbo/Documents/hisp_ws/install/sdl2_vendor' for CMake module files
[0.879s] Level 1:colcon.colcon_core.environment:checking '/home/turbo/Documents/hisp_ws/install/sdl2_vendor' for CMake config files
[0.880s] Level 1:colcon.colcon_core.shell:create_environment_hook('sdl2_vendor', 'cmake_prefix_path')
[0.880s] INFO:colcon.colcon_core.shell:Creating environment hook '/home/turbo/Documents/hisp_ws/install/sdl2_vendor/share/sdl2_vendor/hook/cmake_prefix_path.ps1'
[0.881s] INFO:colcon.colcon_core.shell:Creating environment descriptor '/home/turbo/Documents/hisp_ws/install/sdl2_vendor/share/sdl2_vendor/hook/cmake_prefix_path.dsv'
[0.884s] INFO:colcon.colcon_core.shell:Creating environment hook '/home/turbo/Documents/hisp_ws/install/sdl2_vendor/share/sdl2_vendor/hook/cmake_prefix_path.sh'
[0.887s] Level 1:colcon.colcon_core.environment:checking '/home/turbo/Documents/hisp_ws/install/sdl2_vendor/bin'
[0.887s] Level 1:colcon.colcon_core.environment:checking '/home/turbo/Documents/hisp_ws/install/sdl2_vendor/lib/pkgconfig/sdl2_vendor.pc'
[0.887s] Level 1:colcon.colcon_core.environment:checking '/home/turbo/Documents/hisp_ws/install/sdl2_vendor/lib/python3.12/site-packages'
[0.888s] Level 1:colcon.colcon_core.environment:checking '/home/turbo/Documents/hisp_ws/install/sdl2_vendor/bin'
[0.888s] INFO:colcon.colcon_core.shell:Creating package script '/home/turbo/Documents/hisp_ws/install/sdl2_vendor/share/sdl2_vendor/package.ps1'
[0.889s] INFO:colcon.colcon_core.shell:Creating package descriptor '/home/turbo/Documents/hisp_ws/install/sdl2_vendor/share/sdl2_vendor/package.dsv'
[0.892s] INFO:colcon.colcon_core.shell:Creating package script '/home/turbo/Documents/hisp_ws/install/sdl2_vendor/share/sdl2_vendor/package.sh'
[0.895s] INFO:colcon.colcon_core.shell:Creating package script '/home/turbo/Documents/hisp_ws/install/sdl2_vendor/share/sdl2_vendor/package.bash'
[0.897s] INFO:colcon.colcon_core.shell:Creating package script '/home/turbo/Documents/hisp_ws/install/sdl2_vendor/share/sdl2_vendor/package.zsh'
[0.902s] Level 1:colcon.colcon_core.environment:create_file_with_runtime_dependencies(/home/turbo/Documents/hisp_ws/install/sdl2_vendor/share/colcon-core/packages/sdl2_vendor)
[0.906s] INFO:colcon.colcon_ros.task.ament_cmake.build:Building ROS package in '/home/turbo/Documents/hisp_ws/src/joystick_drivers/joy' with build type 'ament_cmake'
[0.906s] INFO:colcon.colcon_cmake.task.cmake.build:Building CMake package in '/home/turbo/Documents/hisp_ws/src/joystick_drivers/joy'
[0.907s] INFO:colcon.colcon_core.shell:Skip shell extension 'powershell' for command environment: Not usable outside of PowerShell
[0.907s] DEBUG:colcon.colcon_core.shell:Skip shell extension 'dsv' for command environment
[0.920s] DEBUG:colcon.colcon_core.event_handler.log_command:Invoked command in '/home/turbo/Documents/hisp_ws/build/spacenav' returned '0': CMAKE_PREFIX_PATH=${CMAKE_PREFIX_PATH}:/opt/ros/jazzy DEBUGINFOD_URLS=https://debuginfod.ubuntu.com /usr/bin/cmake --build /home/turbo/Documents/hisp_ws/build/spacenav -- -j4 -l4
[0.924s] Level 1:colcon.colcon_core.environment:create_environment_scripts_only(joy_linux)
[0.925s] DEBUG:colcon.colcon_core.event_handler.log_command:Invoking command in '/home/turbo/Documents/hisp_ws/build/spacenav': CMAKE_PREFIX_PATH=${CMAKE_PREFIX_PATH}:/opt/ros/jazzy DEBUGINFOD_URLS=https://debuginfod.ubuntu.com /usr/bin/cmake --install /home/turbo/Documents/hisp_ws/build/spacenav
[0.925s] Level 1:colcon.colcon_core.environment:checking '/home/turbo/Documents/hisp_ws/install/joy_linux' for CMake module files
[0.926s] DEBUG:colcon.colcon_core.event_handler.log_command:Invoked command in '/home/turbo/Documents/hisp_ws/build/joy_linux' returned '0': CMAKE_PREFIX_PATH=${CMAKE_PREFIX_PATH}:/opt/ros/jazzy DEBUGINFOD_URLS=https://debuginfod.ubuntu.com /usr/bin/cmake --install /home/turbo/Documents/hisp_ws/build/joy_linux
[0.927s] Level 1:colcon.colcon_core.environment:checking '/home/turbo/Documents/hisp_ws/install/joy_linux' for CMake config files
[0.927s] Level 1:colcon.colcon_core.shell:create_environment_hook('joy_linux', 'cmake_prefix_path')
[0.927s] INFO:colcon.colcon_core.shell:Creating environment hook '/home/turbo/Documents/hisp_ws/install/joy_linux/share/joy_linux/hook/cmake_prefix_path.ps1'
[0.928s] INFO:colcon.colcon_core.shell:Creating environment descriptor '/home/turbo/Documents/hisp_ws/install/joy_linux/share/joy_linux/hook/cmake_prefix_path.dsv'
[0.929s] INFO:colcon.colcon_core.shell:Creating environment hook '/home/turbo/Documents/hisp_ws/install/joy_linux/share/joy_linux/hook/cmake_prefix_path.sh'
[0.930s] Level 1:colcon.colcon_core.environment:checking '/home/turbo/Documents/hisp_ws/install/joy_linux/lib'
[0.930s] Level 1:colcon.colcon_core.environment:checking '/home/turbo/Documents/hisp_ws/install/joy_linux/bin'
[0.930s] Level 1:colcon.colcon_core.environment:checking '/home/turbo/Documents/hisp_ws/install/joy_linux/lib/pkgconfig/joy_linux.pc'
[0.930s] Level 1:colcon.colcon_core.environment:checking '/home/turbo/Documents/hisp_ws/install/joy_linux/lib/python3.12/site-packages'
[0.931s] Level 1:colcon.colcon_core.environment:checking '/home/turbo/Documents/hisp_ws/install/joy_linux/bin'
[0.931s] INFO:colcon.colcon_core.shell:Creating package script '/home/turbo/Documents/hisp_ws/install/joy_linux/share/joy_linux/package.ps1'
[0.933s] INFO:colcon.colcon_core.shell:Creating package descriptor '/home/turbo/Documents/hisp_ws/install/joy_linux/share/joy_linux/package.dsv'
[0.933s] INFO:colcon.colcon_core.shell:Creating package script '/home/turbo/Documents/hisp_ws/install/joy_linux/share/joy_linux/package.sh'
[0.934s] INFO:colcon.colcon_core.shell:Creating package script '/home/turbo/Documents/hisp_ws/install/joy_linux/share/joy_linux/package.bash'
[0.935s] INFO:colcon.colcon_core.shell:Creating package script '/home/turbo/Documents/hisp_ws/install/joy_linux/share/joy_linux/package.zsh'
[0.935s] Level 1:colcon.colcon_core.environment:create_file_with_runtime_dependencies(/home/turbo/Documents/hisp_ws/install/joy_linux/share/colcon-core/packages/joy_linux)
[0.936s] Level 1:colcon.colcon_core.environment:create_environment_scripts_only(joy_linux)
[0.936s] Level 1:colcon.colcon_core.environment:checking '/home/turbo/Documents/hisp_ws/install/joy_linux' for CMake module files
[0.937s] Level 1:colcon.colcon_core.environment:checking '/home/turbo/Documents/hisp_ws/install/joy_linux' for CMake config files
[0.937s] Level 1:colcon.colcon_core.shell:create_environment_hook('joy_linux', 'cmake_prefix_path')
[0.938s] INFO:colcon.colcon_core.shell:Creating environment hook '/home/turbo/Documents/hisp_ws/install/joy_linux/share/joy_linux/hook/cmake_prefix_path.ps1'
[1.740s] INFO:colcon.colcon_core.shell:Creating environment descriptor '/home/turbo/Documents/hisp_ws/install/joy_linux/share/joy_linux/hook/cmake_prefix_path.dsv'
[1.742s] INFO:colcon.colcon_core.shell:Creating environment hook '/home/turbo/Documents/hisp_ws/install/joy_linux/share/joy_linux/hook/cmake_prefix_path.sh'
[1.743s] Level 1:colcon.colcon_core.environment:checking '/home/turbo/Documents/hisp_ws/install/joy_linux/lib'
[1.743s] Level 1:colcon.colcon_core.environment:checking '/home/turbo/Documents/hisp_ws/install/joy_linux/bin'
[1.743s] Level 1:colcon.colcon_core.environment:checking '/home/turbo/Documents/hisp_ws/install/joy_linux/lib/pkgconfig/joy_linux.pc'
[1.744s] Level 1:colcon.colcon_core.environment:checking '/home/turbo/Documents/hisp_ws/install/joy_linux/lib/python3.12/site-packages'
[1.744s] Level 1:colcon.colcon_core.environment:checking '/home/turbo/Documents/hisp_ws/install/joy_linux/bin'
[1.745s] INFO:colcon.colcon_core.shell:Creating package script '/home/turbo/Documents/hisp_ws/install/joy_linux/share/joy_linux/package.ps1'
[1.746s] INFO:colcon.colcon_core.shell:Creating package descriptor '/home/turbo/Documents/hisp_ws/install/joy_linux/share/joy_linux/package.dsv'
[1.747s] INFO:colcon.colcon_core.shell:Creating package script '/home/turbo/Documents/hisp_ws/install/joy_linux/share/joy_linux/package.sh'
[1.747s] INFO:colcon.colcon_core.shell:Creating package script '/home/turbo/Documents/hisp_ws/install/joy_linux/share/joy_linux/package.bash'
[1.748s] INFO:colcon.colcon_core.shell:Creating package script '/home/turbo/Documents/hisp_ws/install/joy_linux/share/joy_linux/package.zsh'
[1.748s] Level 1:colcon.colcon_core.environment:create_file_with_runtime_dependencies(/home/turbo/Documents/hisp_ws/install/joy_linux/share/colcon-core/packages/joy_linux)
[1.752s] DEBUG:colcon.colcon_core.event_handler.log_command:Invoked command in '/home/turbo/Documents/hisp_ws/build/oradar_lidar' returned '0': CMAKE_PREFIX_PATH=${CMAKE_PREFIX_PATH}:/opt/ros/jazzy DEBUGINFOD_URLS=https://debuginfod.ubuntu.com /usr/bin/cmake --build /home/turbo/Documents/hisp_ws/build/oradar_lidar -- -j4 -l4
[1.753s] DEBUG:colcon.colcon_core.event_handler.log_command:Invoking command in '/home/turbo/Documents/hisp_ws/build/oradar_lidar': CMAKE_PREFIX_PATH=${CMAKE_PREFIX_PATH}:/opt/ros/jazzy DEBUGINFOD_URLS=https://debuginfod.ubuntu.com /usr/bin/cmake --install /home/turbo/Documents/hisp_ws/build/oradar_lidar
[1.755s] Level 1:colcon.colcon_core.environment:create_environment_scripts_only(spacenav)
[1.755s] Level 1:colcon.colcon_core.environment:checking '/home/turbo/Documents/hisp_ws/install/spacenav' for CMake module files
[1.757s] Level 1:colcon.colcon_core.environment:checking '/home/turbo/Documents/hisp_ws/install/spacenav' for CMake config files
[1.762s] DEBUG:colcon.colcon_core.event_handler.log_command:Invoked command in '/home/turbo/Documents/hisp_ws/build/spacenav' returned '0': CMAKE_PREFIX_PATH=${CMAKE_PREFIX_PATH}:/opt/ros/jazzy DEBUGINFOD_URLS=https://debuginfod.ubuntu.com /usr/bin/cmake --install /home/turbo/Documents/hisp_ws/build/spacenav
[1.763s] Level 1:colcon.colcon_core.shell:create_environment_hook('spacenav', 'cmake_prefix_path')
[1.764s] INFO:colcon.colcon_core.shell:Creating environment hook '/home/turbo/Documents/hisp_ws/install/spacenav/share/spacenav/hook/cmake_prefix_path.ps1'
[1.766s] INFO:colcon.colcon_core.shell:Creating environment descriptor '/home/turbo/Documents/hisp_ws/install/spacenav/share/spacenav/hook/cmake_prefix_path.dsv'
[1.766s] INFO:colcon.colcon_core.shell:Creating environment hook '/home/turbo/Documents/hisp_ws/install/spacenav/share/spacenav/hook/cmake_prefix_path.sh'
[1.767s] Level 1:colcon.colcon_core.environment:checking '/home/turbo/Documents/hisp_ws/install/spacenav/lib'
[1.768s] Level 1:colcon.colcon_core.shell:create_environment_hook('spacenav', 'ld_library_path_lib')
[1.768s] INFO:colcon.colcon_core.shell:Creating environment hook '/home/turbo/Documents/hisp_ws/install/spacenav/share/spacenav/hook/ld_library_path_lib.ps1'
[1.769s] INFO:colcon.colcon_core.shell:Creating environment descriptor '/home/turbo/Documents/hisp_ws/install/spacenav/share/spacenav/hook/ld_library_path_lib.dsv'
[1.770s] INFO:colcon.colcon_core.shell:Creating environment hook '/home/turbo/Documents/hisp_ws/install/spacenav/share/spacenav/hook/ld_library_path_lib.sh'
[1.771s] Level 1:colcon.colcon_core.environment:checking '/home/turbo/Documents/hisp_ws/install/spacenav/bin'
[1.771s] Level 1:colcon.colcon_core.environment:checking '/home/turbo/Documents/hisp_ws/install/spacenav/lib/pkgconfig/spacenav.pc'
[1.771s] Level 1:colcon.colcon_core.environment:checking '/home/turbo/Documents/hisp_ws/install/spacenav/lib/python3.12/site-packages'
[1.772s] Level 1:colcon.colcon_core.environment:checking '/home/turbo/Documents/hisp_ws/install/spacenav/bin'
[1.773s] INFO:colcon.colcon_core.shell:Creating package script '/home/turbo/Documents/hisp_ws/install/spacenav/share/spacenav/package.ps1'
[1.774s] INFO:colcon.colcon_core.shell:Creating package descriptor '/home/turbo/Documents/hisp_ws/install/spacenav/share/spacenav/package.dsv'
[1.775s] INFO:colcon.colcon_core.shell:Creating package script '/home/turbo/Documents/hisp_ws/install/spacenav/share/spacenav/package.sh'
[1.776s] INFO:colcon.colcon_core.shell:Creating package script '/home/turbo/Documents/hisp_ws/install/spacenav/share/spacenav/package.bash'
[1.776s] INFO:colcon.colcon_core.shell:Creating package script '/home/turbo/Documents/hisp_ws/install/spacenav/share/spacenav/package.zsh'
[1.778s] Level 1:colcon.colcon_core.environment:create_file_with_runtime_dependencies(/home/turbo/Documents/hisp_ws/install/spacenav/share/colcon-core/packages/spacenav)
[1.782s] Level 1:colcon.colcon_core.environment:create_environment_scripts_only(spacenav)
[1.782s] Level 1:colcon.colcon_core.environment:checking '/home/turbo/Documents/hisp_ws/install/spacenav' for CMake module files
[1.784s] Level 1:colcon.colcon_core.environment:checking '/home/turbo/Documents/hisp_ws/install/spacenav' for CMake config files
[1.786s] Level 1:colcon.colcon_core.shell:create_environment_hook('spacenav', 'cmake_prefix_path')
[1.786s] INFO:colcon.colcon_core.shell:Creating environment hook '/home/turbo/Documents/hisp_ws/install/spacenav/share/spacenav/hook/cmake_prefix_path.ps1'
[1.791s] INFO:colcon.colcon_core.shell:Creating environment descriptor '/home/turbo/Documents/hisp_ws/install/spacenav/share/spacenav/hook/cmake_prefix_path.dsv'
[1.795s] INFO:colcon.colcon_core.shell:Creating environment hook '/home/turbo/Documents/hisp_ws/install/spacenav/share/spacenav/hook/cmake_prefix_path.sh'
[1.796s] Level 1:colcon.colcon_core.environment:checking '/home/turbo/Documents/hisp_ws/install/spacenav/lib'
[1.797s] Level 1:colcon.colcon_core.shell:create_environment_hook('spacenav', 'ld_library_path_lib')
[1.797s] INFO:colcon.colcon_core.shell:Creating environment hook '/home/turbo/Documents/hisp_ws/install/spacenav/share/spacenav/hook/ld_library_path_lib.ps1'
[1.798s] INFO:colcon.colcon_core.shell:Creating environment descriptor '/home/turbo/Documents/hisp_ws/install/spacenav/share/spacenav/hook/ld_library_path_lib.dsv'
[1.799s] INFO:colcon.colcon_core.shell:Creating environment hook '/home/turbo/Documents/hisp_ws/install/spacenav/share/spacenav/hook/ld_library_path_lib.sh'
[1.800s] Level 1:colcon.colcon_core.environment:checking '/home/turbo/Documents/hisp_ws/install/spacenav/bin'
[1.800s] Level 1:colcon.colcon_core.environment:checking '/home/turbo/Documents/hisp_ws/install/spacenav/lib/pkgconfig/spacenav.pc'
[1.800s] Level 1:colcon.colcon_core.environment:checking '/home/turbo/Documents/hisp_ws/install/spacenav/lib/python3.12/site-packages'
[1.801s] Level 1:colcon.colcon_core.environment:checking '/home/turbo/Documents/hisp_ws/install/spacenav/bin'
[1.801s] INFO:colcon.colcon_core.shell:Creating package script '/home/turbo/Documents/hisp_ws/install/spacenav/share/spacenav/package.ps1'
[1.803s] INFO:colcon.colcon_core.shell:Creating package descriptor '/home/turbo/Documents/hisp_ws/install/spacenav/share/spacenav/package.dsv'
[1.803s] INFO:colcon.colcon_core.shell:Creating package script '/home/turbo/Documents/hisp_ws/install/spacenav/share/spacenav/package.sh'
[1.804s] INFO:colcon.colcon_core.shell:Creating package script '/home/turbo/Documents/hisp_ws/install/spacenav/share/spacenav/package.bash'
[1.805s] INFO:colcon.colcon_core.shell:Creating package script '/home/turbo/Documents/hisp_ws/install/spacenav/share/spacenav/package.zsh'
[1.806s] Level 1:colcon.colcon_core.environment:create_file_with_runtime_dependencies(/home/turbo/Documents/hisp_ws/install/spacenav/share/colcon-core/packages/spacenav)
[1.819s] Level 1:colcon.colcon_core.environment:create_environment_scripts_only(oradar_lidar)
[1.819s] DEBUG:colcon.colcon_core.event_handler.log_command:Invoking command in '/home/turbo/Documents/hisp_ws/build/joy': CMAKE_PREFIX_PATH=/home/turbo/Documents/hisp_ws/install/sdl2_vendor:/home/turbo/Documents/hisp_ws/install/oradar_lidar:/home/turbo/Documents/hisp_ws/install/spacenav:/home/turbo/Documents/hisp_ws/install/joy:/home/turbo/Documents/hisp_ws/install/joy_linux:/opt/ros/jazzy/opt/gz_math_vendor:/opt/ros/jazzy/opt/gz_utils_vendor:/opt/ros/jazzy/opt/gz_cmake_vendor:/opt/ros/jazzy DEBUGINFOD_URLS=https://debuginfod.ubuntu.com /usr/bin/cmake --build /home/turbo/Documents/hisp_ws/build/joy -- -j4 -l4
[1.820s] Level 1:colcon.colcon_core.environment:checking '/home/turbo/Documents/hisp_ws/install/oradar_lidar' for CMake module files
[1.821s] DEBUG:colcon.colcon_core.event_handler.log_command:Invoked command in '/home/turbo/Documents/hisp_ws/build/oradar_lidar' returned '0': CMAKE_PREFIX_PATH=${CMAKE_PREFIX_PATH}:/opt/ros/jazzy DEBUGINFOD_URLS=https://debuginfod.ubuntu.com /usr/bin/cmake --install /home/turbo/Documents/hisp_ws/build/oradar_lidar
[1.822s] Level 1:colcon.colcon_core.environment:checking '/home/turbo/Documents/hisp_ws/install/oradar_lidar' for CMake config files
[1.823s] Level 1:colcon.colcon_core.shell:create_environment_hook('oradar_lidar', 'cmake_prefix_path')
[1.823s] INFO:colcon.colcon_core.shell:Creating environment hook '/home/turbo/Documents/hisp_ws/install/oradar_lidar/share/oradar_lidar/hook/cmake_prefix_path.ps1'
[1.826s] INFO:colcon.colcon_core.shell:Creating environment descriptor '/home/turbo/Documents/hisp_ws/install/oradar_lidar/share/oradar_lidar/hook/cmake_prefix_path.dsv'
[1.827s] INFO:colcon.colcon_core.shell:Creating environment hook '/home/turbo/Documents/hisp_ws/install/oradar_lidar/share/oradar_lidar/hook/cmake_prefix_path.sh'
[1.828s] Level 1:colcon.colcon_core.environment:checking '/home/turbo/Documents/hisp_ws/install/oradar_lidar/lib'
[1.829s] Level 1:colcon.colcon_core.environment:checking '/home/turbo/Documents/hisp_ws/install/oradar_lidar/bin'
[1.829s] Level 1:colcon.colcon_core.shell:create_environment_hook('oradar_lidar', 'path')
[1.829s] INFO:colcon.colcon_core.shell:Creating environment hook '/home/turbo/Documents/hisp_ws/install/oradar_lidar/share/oradar_lidar/hook/path.ps1'
[1.830s] INFO:colcon.colcon_core.shell:Creating environment descriptor '/home/turbo/Documents/hisp_ws/install/oradar_lidar/share/oradar_lidar/hook/path.dsv'
[1.831s] INFO:colcon.colcon_core.shell:Creating environment hook '/home/turbo/Documents/hisp_ws/install/oradar_lidar/share/oradar_lidar/hook/path.sh'
[1.832s] Level 1:colcon.colcon_core.environment:checking '/home/turbo/Documents/hisp_ws/install/oradar_lidar/lib/pkgconfig/oradar_lidar.pc'
[1.833s] Level 1:colcon.colcon_core.environment:checking '/home/turbo/Documents/hisp_ws/install/oradar_lidar/lib/python3.12/site-packages'
[1.833s] Level 1:colcon.colcon_core.environment:checking '/home/turbo/Documents/hisp_ws/install/oradar_lidar/bin'
[1.834s] Level 1:colcon.colcon_core.shell:create_environment_hook('oradar_lidar', 'pythonscriptspath')
[1.834s] INFO:colcon.colcon_core.shell:Creating environment hook '/home/turbo/Documents/hisp_ws/install/oradar_lidar/share/oradar_lidar/hook/pythonscriptspath.ps1'
[1.836s] INFO:colcon.colcon_core.shell:Creating environment descriptor '/home/turbo/Documents/hisp_ws/install/oradar_lidar/share/oradar_lidar/hook/pythonscriptspath.dsv'
[1.837s] INFO:colcon.colcon_core.shell:Creating environment hook '/home/turbo/Documents/hisp_ws/install/oradar_lidar/share/oradar_lidar/hook/pythonscriptspath.sh'
[1.838s] INFO:colcon.colcon_core.shell:Creating package script '/home/turbo/Documents/hisp_ws/install/oradar_lidar/share/oradar_lidar/package.ps1'
[1.840s] INFO:colcon.colcon_core.shell:Creating package descriptor '/home/turbo/Documents/hisp_ws/install/oradar_lidar/share/oradar_lidar/package.dsv'
[1.841s] INFO:colcon.colcon_core.shell:Creating package script '/home/turbo/Documents/hisp_ws/install/oradar_lidar/share/oradar_lidar/package.sh'
[1.842s] INFO:colcon.colcon_core.shell:Creating package script '/home/turbo/Documents/hisp_ws/install/oradar_lidar/share/oradar_lidar/package.bash'
[1.844s] INFO:colcon.colcon_core.shell:Creating package script '/home/turbo/Documents/hisp_ws/install/oradar_lidar/share/oradar_lidar/package.zsh'
[1.846s] Level 1:colcon.colcon_core.environment:create_file_with_runtime_dependencies(/home/turbo/Documents/hisp_ws/install/oradar_lidar/share/colcon-core/packages/oradar_lidar)
[1.848s] Level 1:colcon.colcon_core.environment:create_environment_scripts_only(oradar_lidar)
[1.848s] Level 1:colcon.colcon_core.environment:checking '/home/turbo/Documents/hisp_ws/install/oradar_lidar' for CMake module files
[1.850s] Level 1:colcon.colcon_core.environment:checking '/home/turbo/Documents/hisp_ws/install/oradar_lidar' for CMake config files
[1.851s] Level 1:colcon.colcon_core.shell:create_environment_hook('oradar_lidar', 'cmake_prefix_path')
[1.851s] INFO:colcon.colcon_core.shell:Creating environment hook '/home/turbo/Documents/hisp_ws/install/oradar_lidar/share/oradar_lidar/hook/cmake_prefix_path.ps1'
[1.852s] INFO:colcon.colcon_core.shell:Creating environment descriptor '/home/turbo/Documents/hisp_ws/install/oradar_lidar/share/oradar_lidar/hook/cmake_prefix_path.dsv'
[1.853s] INFO:colcon.colcon_core.shell:Creating environment hook '/home/turbo/Documents/hisp_ws/install/oradar_lidar/share/oradar_lidar/hook/cmake_prefix_path.sh'
[1.855s] Level 1:colcon.colcon_core.environment:checking '/home/turbo/Documents/hisp_ws/install/oradar_lidar/lib'
[1.855s] Level 1:colcon.colcon_core.environment:checking '/home/turbo/Documents/hisp_ws/install/oradar_lidar/bin'
[1.856s] Level 1:colcon.colcon_core.shell:create_environment_hook('oradar_lidar', 'path')
[1.856s] INFO:colcon.colcon_core.shell:Creating environment hook '/home/turbo/Documents/hisp_ws/install/oradar_lidar/share/oradar_lidar/hook/path.ps1'
[1.857s] INFO:colcon.colcon_core.shell:Creating environment descriptor '/home/turbo/Documents/hisp_ws/install/oradar_lidar/share/oradar_lidar/hook/path.dsv'
[1.858s] INFO:colcon.colcon_core.shell:Creating environment hook '/home/turbo/Documents/hisp_ws/install/oradar_lidar/share/oradar_lidar/hook/path.sh'
[1.859s] Level 1:colcon.colcon_core.environment:checking '/home/turbo/Documents/hisp_ws/install/oradar_lidar/lib/pkgconfig/oradar_lidar.pc'
[1.859s] Level 1:colcon.colcon_core.environment:checking '/home/turbo/Documents/hisp_ws/install/oradar_lidar/lib/python3.12/site-packages'
[1.860s] Level 1:colcon.colcon_core.environment:checking '/home/turbo/Documents/hisp_ws/install/oradar_lidar/bin'
[1.860s] Level 1:colcon.colcon_core.shell:create_environment_hook('oradar_lidar', 'pythonscriptspath')
[1.861s] INFO:colcon.colcon_core.shell:Creating environment hook '/home/turbo/Documents/hisp_ws/install/oradar_lidar/share/oradar_lidar/hook/pythonscriptspath.ps1'
[1.862s] INFO:colcon.colcon_core.shell:Creating environment descriptor '/home/turbo/Documents/hisp_ws/install/oradar_lidar/share/oradar_lidar/hook/pythonscriptspath.dsv'
[1.863s] INFO:colcon.colcon_core.shell:Creating environment hook '/home/turbo/Documents/hisp_ws/install/oradar_lidar/share/oradar_lidar/hook/pythonscriptspath.sh'
[1.864s] INFO:colcon.colcon_core.shell:Creating package script '/home/turbo/Documents/hisp_ws/install/oradar_lidar/share/oradar_lidar/package.ps1'
[1.865s] INFO:colcon.colcon_core.shell:Creating package descriptor '/home/turbo/Documents/hisp_ws/install/oradar_lidar/share/oradar_lidar/package.dsv'
[1.867s] INFO:colcon.colcon_core.shell:Creating package script '/home/turbo/Documents/hisp_ws/install/oradar_lidar/share/oradar_lidar/package.sh'
[1.868s] INFO:colcon.colcon_core.shell:Creating package script '/home/turbo/Documents/hisp_ws/install/oradar_lidar/share/oradar_lidar/package.bash'
[1.869s] INFO:colcon.colcon_core.shell:Creating package script '/home/turbo/Documents/hisp_ws/install/oradar_lidar/share/oradar_lidar/package.zsh'
[1.869s] Level 1:colcon.colcon_core.environment:create_file_with_runtime_dependencies(/home/turbo/Documents/hisp_ws/install/oradar_lidar/share/colcon-core/packages/oradar_lidar)
[2.106s] DEBUG:colcon.colcon_core.event_handler.log_command:Invoked command in '/home/turbo/Documents/hisp_ws/build/joy' returned '0': CMAKE_PREFIX_PATH=/home/turbo/Documents/hisp_ws/install/sdl2_vendor:/home/turbo/Documents/hisp_ws/install/oradar_lidar:/home/turbo/Documents/hisp_ws/install/spacenav:/home/turbo/Documents/hisp_ws/install/joy:/home/turbo/Documents/hisp_ws/install/joy_linux:/opt/ros/jazzy/opt/gz_math_vendor:/opt/ros/jazzy/opt/gz_utils_vendor:/opt/ros/jazzy/opt/gz_cmake_vendor:/opt/ros/jazzy DEBUGINFOD_URLS=https://debuginfod.ubuntu.com /usr/bin/cmake --build /home/turbo/Documents/hisp_ws/build/joy -- -j4 -l4
[2.108s] DEBUG:colcon.colcon_core.event_handler.log_command:Invoking command in '/home/turbo/Documents/hisp_ws/build/joy': CMAKE_PREFIX_PATH=/home/turbo/Documents/hisp_ws/install/sdl2_vendor:/home/turbo/Documents/hisp_ws/install/oradar_lidar:/home/turbo/Documents/hisp_ws/install/spacenav:/home/turbo/Documents/hisp_ws/install/joy:/home/turbo/Documents/hisp_ws/install/joy_linux:/opt/ros/jazzy/opt/gz_math_vendor:/opt/ros/jazzy/opt/gz_utils_vendor:/opt/ros/jazzy/opt/gz_cmake_vendor:/opt/ros/jazzy DEBUGINFOD_URLS=https://debuginfod.ubuntu.com /usr/bin/cmake --install /home/turbo/Documents/hisp_ws/build/joy
[2.203s] Level 1:colcon.colcon_core.environment:create_environment_scripts_only(joy)
[2.204s] Level 1:colcon.colcon_core.environment:checking '/home/turbo/Documents/hisp_ws/install/joy' for CMake module files
[2.205s] DEBUG:colcon.colcon_core.event_handler.log_command:Invoked command in '/home/turbo/Documents/hisp_ws/build/joy' returned '0': CMAKE_PREFIX_PATH=/home/turbo/Documents/hisp_ws/install/sdl2_vendor:/home/turbo/Documents/hisp_ws/install/oradar_lidar:/home/turbo/Documents/hisp_ws/install/spacenav:/home/turbo/Documents/hisp_ws/install/joy:/home/turbo/Documents/hisp_ws/install/joy_linux:/opt/ros/jazzy/opt/gz_math_vendor:/opt/ros/jazzy/opt/gz_utils_vendor:/opt/ros/jazzy/opt/gz_cmake_vendor:/opt/ros/jazzy DEBUGINFOD_URLS=https://debuginfod.ubuntu.com /usr/bin/cmake --install /home/turbo/Documents/hisp_ws/build/joy
[2.206s] Level 1:colcon.colcon_core.environment:checking '/home/turbo/Documents/hisp_ws/install/joy' for CMake config files
[2.207s] Level 1:colcon.colcon_core.shell:create_environment_hook('joy', 'cmake_prefix_path')
[2.207s] INFO:colcon.colcon_core.shell:Creating environment hook '/home/turbo/Documents/hisp_ws/install/joy/share/joy/hook/cmake_prefix_path.ps1'
[2.208s] INFO:colcon.colcon_core.shell:Creating environment descriptor '/home/turbo/Documents/hisp_ws/install/joy/share/joy/hook/cmake_prefix_path.dsv'
[2.209s] INFO:colcon.colcon_core.shell:Creating environment hook '/home/turbo/Documents/hisp_ws/install/joy/share/joy/hook/cmake_prefix_path.sh'
[2.210s] Level 1:colcon.colcon_core.environment:checking '/home/turbo/Documents/hisp_ws/install/joy/lib'
[2.210s] Level 1:colcon.colcon_core.shell:create_environment_hook('joy', 'ld_library_path_lib')
[2.210s] INFO:colcon.colcon_core.shell:Creating environment hook '/home/turbo/Documents/hisp_ws/install/joy/share/joy/hook/ld_library_path_lib.ps1'
[2.211s] INFO:colcon.colcon_core.shell:Creating environment descriptor '/home/turbo/Documents/hisp_ws/install/joy/share/joy/hook/ld_library_path_lib.dsv'
[2.212s] INFO:colcon.colcon_core.shell:Creating environment hook '/home/turbo/Documents/hisp_ws/install/joy/share/joy/hook/ld_library_path_lib.sh'
[2.213s] Level 1:colcon.colcon_core.environment:checking '/home/turbo/Documents/hisp_ws/install/joy/bin'
[2.213s] Level 1:colcon.colcon_core.environment:checking '/home/turbo/Documents/hisp_ws/install/joy/lib/pkgconfig/joy.pc'
[2.213s] Level 1:colcon.colcon_core.environment:checking '/home/turbo/Documents/hisp_ws/install/joy/lib/python3.12/site-packages'
[2.214s] Level 1:colcon.colcon_core.environment:checking '/home/turbo/Documents/hisp_ws/install/joy/bin'
[2.214s] INFO:colcon.colcon_core.shell:Creating package script '/home/turbo/Documents/hisp_ws/install/joy/share/joy/package.ps1'
[2.215s] INFO:colcon.colcon_core.shell:Creating package descriptor '/home/turbo/Documents/hisp_ws/install/joy/share/joy/package.dsv'
[2.215s] INFO:colcon.colcon_core.shell:Creating package script '/home/turbo/Documents/hisp_ws/install/joy/share/joy/package.sh'
[2.216s] INFO:colcon.colcon_core.shell:Creating package script '/home/turbo/Documents/hisp_ws/install/joy/share/joy/package.bash'
[2.216s] INFO:colcon.colcon_core.shell:Creating package script '/home/turbo/Documents/hisp_ws/install/joy/share/joy/package.zsh'
[2.217s] Level 1:colcon.colcon_core.environment:create_file_with_runtime_dependencies(/home/turbo/Documents/hisp_ws/install/joy/share/colcon-core/packages/joy)
[2.217s] Level 1:colcon.colcon_core.environment:create_environment_scripts_only(joy)
[2.218s] Level 1:colcon.colcon_core.environment:checking '/home/turbo/Documents/hisp_ws/install/joy' for CMake module files
[2.218s] Level 1:colcon.colcon_core.environment:checking '/home/turbo/Documents/hisp_ws/install/joy' for CMake config files
[2.219s] Level 1:colcon.colcon_core.shell:create_environment_hook('joy', 'cmake_prefix_path')
[2.219s] INFO:colcon.colcon_core.shell:Creating environment hook '/home/turbo/Documents/hisp_ws/install/joy/share/joy/hook/cmake_prefix_path.ps1'
[2.220s] INFO:colcon.colcon_core.shell:Creating environment descriptor '/home/turbo/Documents/hisp_ws/install/joy/share/joy/hook/cmake_prefix_path.dsv'
[2.220s] INFO:colcon.colcon_core.shell:Creating environment hook '/home/turbo/Documents/hisp_ws/install/joy/share/joy/hook/cmake_prefix_path.sh'
[2.221s] Level 1:colcon.colcon_core.environment:checking '/home/turbo/Documents/hisp_ws/install/joy/lib'
[2.221s] Level 1:colcon.colcon_core.shell:create_environment_hook('joy', 'ld_library_path_lib')
[2.221s] INFO:colcon.colcon_core.shell:Creating environment hook '/home/turbo/Documents/hisp_ws/install/joy/share/joy/hook/ld_library_path_lib.ps1'
[2.222s] INFO:colcon.colcon_core.shell:Creating environment descriptor '/home/turbo/Documents/hisp_ws/install/joy/share/joy/hook/ld_library_path_lib.dsv'
[2.222s] INFO:colcon.colcon_core.shell:Creating environment hook '/home/turbo/Documents/hisp_ws/install/joy/share/joy/hook/ld_library_path_lib.sh'
[2.222s] Level 1:colcon.colcon_core.environment:checking '/home/turbo/Documents/hisp_ws/install/joy/bin'
[2.223s] Level 1:colcon.colcon_core.environment:checking '/home/turbo/Documents/hisp_ws/install/joy/lib/pkgconfig/joy.pc'
[2.223s] Level 1:colcon.colcon_core.environment:checking '/home/turbo/Documents/hisp_ws/install/joy/lib/python3.12/site-packages'
[2.223s] Level 1:colcon.colcon_core.environment:checking '/home/turbo/Documents/hisp_ws/install/joy/bin'
[2.224s] INFO:colcon.colcon_core.shell:Creating package script '/home/turbo/Documents/hisp_ws/install/joy/share/joy/package.ps1'
[2.241s] INFO:colcon.colcon_core.shell:Creating package descriptor '/home/turbo/Documents/hisp_ws/install/joy/share/joy/package.dsv'
[2.242s] INFO:colcon.colcon_core.shell:Creating package script '/home/turbo/Documents/hisp_ws/install/joy/share/joy/package.sh'
[2.244s] INFO:colcon.colcon_core.shell:Creating package script '/home/turbo/Documents/hisp_ws/install/joy/share/joy/package.bash'
[2.245s] INFO:colcon.colcon_core.shell:Creating package script '/home/turbo/Documents/hisp_ws/install/joy/share/joy/package.zsh'
[2.248s] Level 1:colcon.colcon_core.environment:create_file_with_runtime_dependencies(/home/turbo/Documents/hisp_ws/install/joy/share/colcon-core/packages/joy)
[2.249s] DEBUG:colcon.colcon_parallel_executor.executor.parallel:closing loop
[2.249s] DEBUG:colcon.colcon_parallel_executor.executor.parallel:loop closed
[2.250s] DEBUG:colcon.colcon_parallel_executor.executor.parallel:run_until_complete finished with '0'
[2.250s] DEBUG:colcon.colcon_core.event_reactor:joining thread
[2.261s] INFO:colcon.colcon_core.plugin_system:Skipping extension 'colcon_notification.desktop_notification.terminal_notifier': Not used on non-Darwin systems
[2.261s] INFO:colcon.colcon_core.plugin_system:Skipping extension 'colcon_notification.desktop_notification.win32': Not used on non-Windows systems
[2.261s] INFO:colcon.colcon_notification.desktop_notification:Sending desktop notification using 'notify2'
[2.286s] DEBUG:colcon.colcon_core.event_reactor:joined thread
[2.287s] INFO:colcon.colcon_core.shell:Creating prefix script '/home/turbo/Documents/hisp_ws/install/local_setup.ps1'
[2.289s] INFO:colcon.colcon_core.shell:Creating prefix util module '/home/turbo/Documents/hisp_ws/install/_local_setup_util_ps1.py'
[2.291s] INFO:colcon.colcon_core.shell:Creating prefix chain script '/home/turbo/Documents/hisp_ws/install/setup.ps1'
[2.293s] INFO:colcon.colcon_core.shell:Creating prefix script '/home/turbo/Documents/hisp_ws/install/local_setup.sh'
[2.293s] INFO:colcon.colcon_core.shell:Creating prefix util module '/home/turbo/Documents/hisp_ws/install/_local_setup_util_sh.py'
[2.294s] INFO:colcon.colcon_core.shell:Creating prefix chain script '/home/turbo/Documents/hisp_ws/install/setup.sh'
[2.296s] INFO:colcon.colcon_core.shell:Creating prefix script '/home/turbo/Documents/hisp_ws/install/local_setup.bash'
[2.296s] INFO:colcon.colcon_core.shell:Creating prefix chain script '/home/turbo/Documents/hisp_ws/install/setup.bash'
[2.298s] INFO:colcon.colcon_core.shell:Creating prefix script '/home/turbo/Documents/hisp_ws/install/local_setup.zsh'
[2.298s] INFO:colcon.colcon_core.shell:Creating prefix chain script '/home/turbo/Documents/hisp_ws/install/setup.zsh'
