[0.039s] Invoking command in '/home/turbo/Documents/hisp_ws/build/oradar_lidar': CMAKE_PREFIX_PATH=${CMAKE_PREFIX_PATH}:/opt/ros/jazzy DEBUGINFOD_URLS=https://debuginfod.ubuntu.com /usr/bin/cmake --build /home/turbo/Documents/hisp_ws/build/oradar_lidar -- -j4 -l4
[0.247s] [ 60%] Built target oradar_sdk
[0.308s] [ 70%] Built target blocking_test
[0.343s] [ 80%] Built target blocking_c_api_test
[0.344s] [ 90%] Built target non-blocking_test
[0.367s] [100%] Built target oradar_scan
[0.411s] Invoked command in '/home/turbo/Documents/hisp_ws/build/oradar_lidar' returned '0': CMAKE_PREFIX_PATH=${CMAKE_PREFIX_PATH}:/opt/ros/jazzy DEBUGINFOD_URLS=https://debuginfod.ubuntu.com /usr/bin/cmake --build /home/turbo/Documents/hisp_ws/build/oradar_lidar -- -j4 -l4
[0.415s] Invoking command in '/home/turbo/Documents/hisp_ws/build/oradar_lidar': CMAKE_PREFIX_PATH=${CMAKE_PREFIX_PATH}:/opt/ros/jazzy DEBUGINFOD_URLS=https://debuginfod.ubuntu.com /usr/bin/cmake --install /home/turbo/Documents/hisp_ws/build/oradar_lidar
[0.451s] -- Install configuration: "RELEASE"
[0.451s] -- Up-to-date: /home/turbo/Documents/hisp_ws/install/oradar_lidar/lib/oradar_lidar/oradar_scan
[0.452s] -- Up-to-date: /home/turbo/Documents/hisp_ws/install/oradar_lidar/share/oradar_lidar//launch
[0.453s] -- Up-to-date: /home/turbo/Documents/hisp_ws/install/oradar_lidar/share/oradar_lidar//launch/ms200_scan_view.launch
[0.453s] -- Up-to-date: /home/turbo/Documents/hisp_ws/install/oradar_lidar/share/oradar_lidar//launch/ms200_scan_view.launch.py
[0.453s] -- Up-to-date: /home/turbo/Documents/hisp_ws/install/oradar_lidar/share/oradar_lidar//launch/ms200_scan.launch
[0.456s] -- Installing: /home/turbo/Documents/hisp_ws/install/oradar_lidar/share/oradar_lidar//launch/ms200_scan.launch.py
[0.458s] -- Up-to-date: /home/turbo/Documents/hisp_ws/install/oradar_lidar/share/oradar_lidar//rviz2
[0.458s] -- Up-to-date: /home/turbo/Documents/hisp_ws/install/oradar_lidar/share/oradar_lidar//rviz2/oradar_scan.rviz
[0.458s] -- Up-to-date: /home/turbo/Documents/hisp_ws/install/oradar_lidar/share/ament_index/resource_index/package_run_dependencies/oradar_lidar
[0.459s] -- Up-to-date: /home/turbo/Documents/hisp_ws/install/oradar_lidar/share/ament_index/resource_index/parent_prefix_path/oradar_lidar
[0.461s] -- Up-to-date: /home/turbo/Documents/hisp_ws/install/oradar_lidar/share/oradar_lidar/environment/ament_prefix_path.sh
[0.461s] -- Up-to-date: /home/turbo/Documents/hisp_ws/install/oradar_lidar/share/oradar_lidar/environment/ament_prefix_path.dsv
[0.461s] -- Up-to-date: /home/turbo/Documents/hisp_ws/install/oradar_lidar/share/oradar_lidar/environment/path.sh
[0.461s] -- Up-to-date: /home/turbo/Documents/hisp_ws/install/oradar_lidar/share/oradar_lidar/environment/path.dsv
[0.462s] -- Up-to-date: /home/turbo/Documents/hisp_ws/install/oradar_lidar/share/oradar_lidar/local_setup.bash
[0.463s] -- Up-to-date: /home/turbo/Documents/hisp_ws/install/oradar_lidar/share/oradar_lidar/local_setup.sh
[0.463s] -- Up-to-date: /home/turbo/Documents/hisp_ws/install/oradar_lidar/share/oradar_lidar/local_setup.zsh
[0.463s] -- Up-to-date: /home/turbo/Documents/hisp_ws/install/oradar_lidar/share/oradar_lidar/local_setup.dsv
[0.464s] -- Installing: /home/turbo/Documents/hisp_ws/install/oradar_lidar/share/oradar_lidar/package.dsv
[0.464s] -- Up-to-date: /home/turbo/Documents/hisp_ws/install/oradar_lidar/share/ament_index/resource_index/packages/oradar_lidar
[0.464s] -- Up-to-date: /home/turbo/Documents/hisp_ws/install/oradar_lidar/share/oradar_lidar/cmake/oradar_lidarConfig.cmake
[0.464s] -- Up-to-date: /home/turbo/Documents/hisp_ws/install/oradar_lidar/share/oradar_lidar/cmake/oradar_lidarConfig-version.cmake
[0.464s] -- Up-to-date: /home/turbo/Documents/hisp_ws/install/oradar_lidar/share/oradar_lidar/package.xml
[0.464s] -- Up-to-date: /home/turbo/Documents/hisp_ws/install/oradar_lidar/include/core/base/datatype.h
[0.465s] -- Up-to-date: /home/turbo/Documents/hisp_ws/install/oradar_lidar/include/core/base/locker.h
[0.467s] -- Up-to-date: /home/turbo/Documents/hisp_ws/install/oradar_lidar/include/core/base/thread.h
[0.467s] -- Up-to-date: /home/turbo/Documents/hisp_ws/install/oradar_lidar/include/core/base/timer.h
[0.467s] -- Up-to-date: /home/turbo/Documents/hisp_ws/install/oradar_lidar/include/core/base/typedef.h
[0.468s] -- Up-to-date: /home/turbo/Documents/hisp_ws/install/oradar_lidar/include/core/base/utils.h
[0.468s] -- Up-to-date: /home/turbo/Documents/hisp_ws/install/oradar_lidar/include/core/base/v8stdint.h
[0.468s] -- Up-to-date: /home/turbo/Documents/hisp_ws/install/oradar_lidar/include/core/common/ChannelDevice.h
[0.469s] -- Up-to-date: /home/turbo/Documents/hisp_ws/install/oradar_lidar/include/core/math/angles.h
[0.469s] -- Up-to-date: /home/turbo/Documents/hisp_ws/install/oradar_lidar/include/core/network/ActiveSocket.h
[0.469s] -- Up-to-date: /home/turbo/Documents/hisp_ws/install/oradar_lidar/include/core/network/PassiveSocket.h
[0.469s] -- Up-to-date: /home/turbo/Documents/hisp_ws/install/oradar_lidar/include/core/network/SimpleSocket.h
[0.469s] -- Up-to-date: /home/turbo/Documents/hisp_ws/install/oradar_lidar/include/core/network/StatTimer.h
[0.472s] -- Up-to-date: /home/turbo/Documents/hisp_ws/install/oradar_lidar/include/core/serial/common.h
[0.473s] -- Up-to-date: /home/turbo/Documents/hisp_ws/install/oradar_lidar/include/core/serial/serial.h
[0.473s] -- Up-to-date: /home/turbo/Documents/hisp_ws/install/oradar_lidar/include/core/serial/impl/unix/lock.h
[0.473s] -- Up-to-date: /home/turbo/Documents/hisp_ws/install/oradar_lidar/include/core/serial/impl/unix/unix.h
[0.473s] -- Up-to-date: /home/turbo/Documents/hisp_ws/install/oradar_lidar/include/core/serial/impl/unix/unix_serial.h
[0.473s] -- Up-to-date: /home/turbo/Documents/hisp_ws/install/oradar_lidar/include/src/ord_lidar_c_api_driver.h
[0.473s] -- Up-to-date: /home/turbo/Documents/hisp_ws/install/oradar_lidar/include/src/ord_lidar_driver.h
[0.473s] -- Up-to-date: /home/turbo/Documents/hisp_ws/install/oradar_lidar/include/src/ordlidar_protocol.h
[0.478s] -- Up-to-date: /home/turbo/Documents/hisp_ws/install/oradar_lidar/include/src/filters/FullScanFilter.h
[0.479s] -- Up-to-date: /home/turbo/Documents/hisp_ws/install/oradar_lidar/lib/liboradar_sdk.a
[0.479s] -- Up-to-date: /home/turbo/Documents/hisp_ws/install/oradar_lidar/bin/blocking_test
[0.482s] -- Up-to-date: /home/turbo/Documents/hisp_ws/install/oradar_lidar/bin/non-blocking_test
[0.482s] -- Up-to-date: /home/turbo/Documents/hisp_ws/install/oradar_lidar/bin/blocking_c_api_test
[0.482s] Invoked command in '/home/turbo/Documents/hisp_ws/build/oradar_lidar' returned '0': CMAKE_PREFIX_PATH=${CMAKE_PREFIX_PATH}:/opt/ros/jazzy DEBUGINFOD_URLS=https://debuginfod.ubuntu.com /usr/bin/cmake --install /home/turbo/Documents/hisp_ws/build/oradar_lidar
