[0.075s] Invoking command in '/home/turbo/Documents/hisp_ws/build/joy_linux': CMAKE_PREFIX_PATH=${CMAKE_PREFIX_PATH}:/opt/ros/jazzy DEBUGINFOD_URLS=https://debuginfod.ubuntu.com /usr/bin/cmake --build /home/turbo/Documents/hisp_ws/build/joy_linux -- -j4 -l4
[0.231s] [100%] Built target joy_linux_node
[0.406s] Invoked command in '/home/turbo/Documents/hisp_ws/build/joy_linux' returned '0': CMAKE_PREFIX_PATH=${CMAKE_PREFIX_PATH}:/opt/ros/jazzy DEBUGINFOD_URLS=https://debuginfod.ubuntu.com /usr/bin/cmake --build /home/turbo/Documents/hisp_ws/build/joy_linux -- -j4 -l4
[0.411s] Invoking command in '/home/turbo/Documents/hisp_ws/build/joy_linux': CMAKE_PREFIX_PATH=${CMAKE_PREFIX_PATH}:/opt/ros/jazzy DEBUGINFOD_URLS=https://debuginfod.ubuntu.com /usr/bin/cmake --install /home/turbo/Documents/hisp_ws/build/joy_linux
[0.441s] -- Install configuration: "Release"
[0.444s] -- Execute custom install script
[0.445s] -- Up-to-date symlink: /home/turbo/Documents/hisp_ws/install/joy_linux/lib/joy_linux/joy_linux_node
[0.445s] -- Up-to-date symlink: /home/turbo/Documents/hisp_ws/install/joy_linux/share/ament_index/resource_index/package_run_dependencies/joy_linux
[0.445s] -- Up-to-date symlink: /home/turbo/Documents/hisp_ws/install/joy_linux/share/ament_index/resource_index/parent_prefix_path/joy_linux
[0.446s] -- Up-to-date symlink: /home/turbo/Documents/hisp_ws/install/joy_linux/share/joy_linux/environment/ament_prefix_path.sh
[0.446s] -- Up-to-date symlink: /home/turbo/Documents/hisp_ws/install/joy_linux/share/joy_linux/environment/ament_prefix_path.dsv
[0.446s] -- Up-to-date symlink: /home/turbo/Documents/hisp_ws/install/joy_linux/share/joy_linux/environment/path.sh
[0.446s] -- Up-to-date symlink: /home/turbo/Documents/hisp_ws/install/joy_linux/share/joy_linux/environment/path.dsv
[0.446s] -- Up-to-date symlink: /home/turbo/Documents/hisp_ws/install/joy_linux/share/joy_linux/local_setup.bash
[0.446s] -- Up-to-date symlink: /home/turbo/Documents/hisp_ws/install/joy_linux/share/joy_linux/local_setup.sh
[0.446s] -- Up-to-date symlink: /home/turbo/Documents/hisp_ws/install/joy_linux/share/joy_linux/local_setup.zsh
[0.447s] -- Up-to-date symlink: /home/turbo/Documents/hisp_ws/install/joy_linux/share/joy_linux/local_setup.dsv
[0.447s] -- Symlinking: /home/turbo/Documents/hisp_ws/install/joy_linux/share/joy_linux/package.dsv
[0.477s] -- Up-to-date symlink: /home/turbo/Documents/hisp_ws/install/joy_linux/share/ament_index/resource_index/packages/joy_linux
[0.486s] -- Up-to-date symlink: /home/turbo/Documents/hisp_ws/install/joy_linux/share/joy_linux/cmake/joy_linuxConfig.cmake
[0.486s] -- Up-to-date symlink: /home/turbo/Documents/hisp_ws/install/joy_linux/share/joy_linux/cmake/joy_linuxConfig-version.cmake
[0.497s] -- Up-to-date symlink: /home/turbo/Documents/hisp_ws/install/joy_linux/share/joy_linux/package.xml
[0.569s] Invoked command in '/home/turbo/Documents/hisp_ws/build/joy_linux' returned '0': CMAKE_PREFIX_PATH=${CMAKE_PREFIX_PATH}:/opt/ros/jazzy DEBUGINFOD_URLS=https://debuginfod.ubuntu.com /usr/bin/cmake --install /home/turbo/Documents/hisp_ws/build/joy_linux
