[0.139s] DEBUG:colcon:Command line arguments: ['/usr/bin/colcon', 'build']
[0.139s] DEBUG:colcon:Parsed command line arguments: Namespace(log_base=None, log_level=None, verb_name='build', build_base='build', install_base='install', merge_install=False, symlink_install=False, test_result_base=None, continue_on_error=False, executor='parallel', parallel_workers=4, event_handlers=None, ignore_user_meta=False, metas=['./colcon.meta'], base_paths=['.'], packages_ignore=None, packages_ignore_regex=None, paths=None, packages_up_to=None, packages_up_to_regex=None, packages_above=None, packages_above_and_dependencies=None, packages_above_depth=None, packages_select_by_dep=None, packages_skip_by_dep=None, packages_skip_up_to=None, packages_select_build_failed=False, packages_skip_build_finished=False, packages_select_test_failures=False, packages_skip_test_passed=False, packages_select=None, packages_skip=None, packages_select_regex=None, packages_skip_regex=None, packages_start=None, packages_end=None, allow_overriding=[], cmake_args=None, cmake_target=None, cmake_target_skip_unavailable=False, cmake_clean_cache=False, cmake_clean_first=False, cmake_force_configure=False, ament_cmake_args=None, catkin_cmake_args=None, catkin_skip_building_tests=False, mixin_files=None, mixin=None, verb_parser=<colcon_mixin.mixin.mixin_argument.MixinArgumentDecorator object at 0xffff8f75f1a0>, verb_extension=<colcon_core.verb.build.BuildVerb object at 0xffff8f75f110>, main=<bound method BuildVerb.main of <colcon_core.verb.build.BuildVerb object at 0xffff8f75f110>>, mixin_verb=('build',))
[0.198s] Level 1:colcon.colcon_core.package_discovery:discover_packages(colcon_meta) check parameters
[0.198s] Level 1:colcon.colcon_core.package_discovery:discover_packages(recursive) check parameters
[0.198s] Level 1:colcon.colcon_core.package_discovery:discover_packages(ignore) check parameters
[0.198s] Level 1:colcon.colcon_core.package_discovery:discover_packages(path) check parameters
[0.198s] Level 1:colcon.colcon_core.package_discovery:discover_packages(colcon_meta) discover
[0.199s] Level 1:colcon.colcon_core.package_discovery:discover_packages(recursive) discover
[0.199s] INFO:colcon.colcon_core.package_discovery:Crawling recursively for packages in '/home/turbo/Documents/hisp_ws'
[0.199s] Level 1:colcon.colcon_core.package_identification:_identify(.) by extensions ['ignore', 'ignore_ament_install']
[0.199s] Level 1:colcon.colcon_core.package_identification:_identify(.) by extension 'ignore'
[0.199s] Level 1:colcon.colcon_core.package_identification:_identify(.) by extension 'ignore_ament_install'
[0.199s] Level 1:colcon.colcon_core.package_identification:_identify(.) by extensions ['colcon_pkg']
[0.199s] Level 1:colcon.colcon_core.package_identification:_identify(.) by extension 'colcon_pkg'
[0.199s] Level 1:colcon.colcon_core.package_identification:_identify(.) by extensions ['colcon_meta']
[0.199s] Level 1:colcon.colcon_core.package_identification:_identify(.) by extension 'colcon_meta'
[0.199s] Level 1:colcon.colcon_core.package_identification:_identify(.) by extensions ['ros']
[0.199s] Level 1:colcon.colcon_core.package_identification:_identify(.) by extension 'ros'
[0.304s] Level 1:colcon.colcon_core.package_identification:_identify(.) by extensions ['cmake', 'python']
[0.304s] Level 1:colcon.colcon_core.package_identification:_identify(.) by extension 'cmake'
[0.304s] Level 1:colcon.colcon_core.package_identification:_identify(.) by extension 'python'
[0.304s] Level 1:colcon.colcon_core.package_identification:_identify(.) by extensions ['python_setup_py']
[0.304s] Level 1:colcon.colcon_core.package_identification:_identify(.) by extension 'python_setup_py'
[0.304s] Level 1:colcon.colcon_core.package_identification:_identify(build) by extensions ['ignore', 'ignore_ament_install']
[0.305s] Level 1:colcon.colcon_core.package_identification:_identify(build) by extension 'ignore'
[0.305s] Level 1:colcon.colcon_core.package_identification:_identify(build) ignored
[0.305s] Level 1:colcon.colcon_core.package_identification:_identify(install) by extensions ['ignore', 'ignore_ament_install']
[0.305s] Level 1:colcon.colcon_core.package_identification:_identify(install) by extension 'ignore'
[0.305s] Level 1:colcon.colcon_core.package_identification:_identify(install) ignored
[0.305s] Level 1:colcon.colcon_core.package_identification:_identify(log) by extensions ['ignore', 'ignore_ament_install']
[0.305s] Level 1:colcon.colcon_core.package_identification:_identify(log) by extension 'ignore'
[0.305s] Level 1:colcon.colcon_core.package_identification:_identify(log) ignored
[0.305s] Level 1:colcon.colcon_core.package_identification:_identify(src) by extensions ['ignore', 'ignore_ament_install']
[0.305s] Level 1:colcon.colcon_core.package_identification:_identify(src) by extension 'ignore'
[0.306s] Level 1:colcon.colcon_core.package_identification:_identify(src) by extension 'ignore_ament_install'
[0.306s] Level 1:colcon.colcon_core.package_identification:_identify(src) by extensions ['colcon_pkg']
[0.306s] Level 1:colcon.colcon_core.package_identification:_identify(src) by extension 'colcon_pkg'
[0.306s] Level 1:colcon.colcon_core.package_identification:_identify(src) by extensions ['colcon_meta']
[0.306s] Level 1:colcon.colcon_core.package_identification:_identify(src) by extension 'colcon_meta'
[0.306s] Level 1:colcon.colcon_core.package_identification:_identify(src) by extensions ['ros']
[0.306s] Level 1:colcon.colcon_core.package_identification:_identify(src) by extension 'ros'
[0.306s] Level 1:colcon.colcon_core.package_identification:_identify(src) by extensions ['cmake', 'python']
[0.306s] Level 1:colcon.colcon_core.package_identification:_identify(src) by extension 'cmake'
[0.306s] Level 1:colcon.colcon_core.package_identification:_identify(src) by extension 'python'
[0.306s] Level 1:colcon.colcon_core.package_identification:_identify(src) by extensions ['python_setup_py']
[0.306s] Level 1:colcon.colcon_core.package_identification:_identify(src) by extension 'python_setup_py'
[0.306s] Level 1:colcon.colcon_core.package_identification:_identify(src/MS200_ros) by extensions ['ignore', 'ignore_ament_install']
[0.306s] Level 1:colcon.colcon_core.package_identification:_identify(src/MS200_ros) by extension 'ignore'
[0.306s] Level 1:colcon.colcon_core.package_identification:_identify(src/MS200_ros) by extension 'ignore_ament_install'
[0.307s] Level 1:colcon.colcon_core.package_identification:_identify(src/MS200_ros) by extensions ['colcon_pkg']
[0.307s] Level 1:colcon.colcon_core.package_identification:_identify(src/MS200_ros) by extension 'colcon_pkg'
[0.307s] Level 1:colcon.colcon_core.package_identification:_identify(src/MS200_ros) by extensions ['colcon_meta']
[0.307s] Level 1:colcon.colcon_core.package_identification:_identify(src/MS200_ros) by extension 'colcon_meta'
[0.307s] Level 1:colcon.colcon_core.package_identification:_identify(src/MS200_ros) by extensions ['ros']
[0.307s] Level 1:colcon.colcon_core.package_identification:_identify(src/MS200_ros) by extension 'ros'
[0.310s] DEBUG:colcon.colcon_core.package_identification:Package 'src/MS200_ros' with type 'ros.ament_cmake' and name 'oradar_lidar'
[0.310s] Level 1:colcon.colcon_core.package_identification:_identify(src/joystick_drivers) by extensions ['ignore', 'ignore_ament_install']
[0.310s] Level 1:colcon.colcon_core.package_identification:_identify(src/joystick_drivers) by extension 'ignore'
[0.310s] Level 1:colcon.colcon_core.package_identification:_identify(src/joystick_drivers) by extension 'ignore_ament_install'
[0.311s] Level 1:colcon.colcon_core.package_identification:_identify(src/joystick_drivers) by extensions ['colcon_pkg']
[0.311s] Level 1:colcon.colcon_core.package_identification:_identify(src/joystick_drivers) by extension 'colcon_pkg'
[0.311s] Level 1:colcon.colcon_core.package_identification:_identify(src/joystick_drivers) by extensions ['colcon_meta']
[0.311s] Level 1:colcon.colcon_core.package_identification:_identify(src/joystick_drivers) by extension 'colcon_meta'
[0.311s] Level 1:colcon.colcon_core.package_identification:_identify(src/joystick_drivers) by extensions ['ros']
[0.311s] Level 1:colcon.colcon_core.package_identification:_identify(src/joystick_drivers) by extension 'ros'
[0.311s] Level 1:colcon.colcon_core.package_identification:_identify(src/joystick_drivers) by extensions ['cmake', 'python']
[0.311s] Level 1:colcon.colcon_core.package_identification:_identify(src/joystick_drivers) by extension 'cmake'
[0.311s] Level 1:colcon.colcon_core.package_identification:_identify(src/joystick_drivers) by extension 'python'
[0.311s] Level 1:colcon.colcon_core.package_identification:_identify(src/joystick_drivers) by extensions ['python_setup_py']
[0.311s] Level 1:colcon.colcon_core.package_identification:_identify(src/joystick_drivers) by extension 'python_setup_py'
[0.311s] Level 1:colcon.colcon_core.package_identification:_identify(src/joystick_drivers/joy) by extensions ['ignore', 'ignore_ament_install']
[0.311s] Level 1:colcon.colcon_core.package_identification:_identify(src/joystick_drivers/joy) by extension 'ignore'
[0.311s] Level 1:colcon.colcon_core.package_identification:_identify(src/joystick_drivers/joy) by extension 'ignore_ament_install'
[0.311s] Level 1:colcon.colcon_core.package_identification:_identify(src/joystick_drivers/joy) by extensions ['colcon_pkg']
[0.311s] Level 1:colcon.colcon_core.package_identification:_identify(src/joystick_drivers/joy) by extension 'colcon_pkg'
[0.312s] Level 1:colcon.colcon_core.package_identification:_identify(src/joystick_drivers/joy) by extensions ['colcon_meta']
[0.312s] Level 1:colcon.colcon_core.package_identification:_identify(src/joystick_drivers/joy) by extension 'colcon_meta'
[0.312s] Level 1:colcon.colcon_core.package_identification:_identify(src/joystick_drivers/joy) by extensions ['ros']
[0.312s] Level 1:colcon.colcon_core.package_identification:_identify(src/joystick_drivers/joy) by extension 'ros'
[0.313s] DEBUG:colcon.colcon_core.package_identification:Package 'src/joystick_drivers/joy' with type 'ros.ament_cmake' and name 'joy'
[0.313s] Level 1:colcon.colcon_core.package_identification:_identify(src/joystick_drivers/joy_linux) by extensions ['ignore', 'ignore_ament_install']
[0.313s] Level 1:colcon.colcon_core.package_identification:_identify(src/joystick_drivers/joy_linux) by extension 'ignore'
[0.313s] Level 1:colcon.colcon_core.package_identification:_identify(src/joystick_drivers/joy_linux) by extension 'ignore_ament_install'
[0.313s] Level 1:colcon.colcon_core.package_identification:_identify(src/joystick_drivers/joy_linux) by extensions ['colcon_pkg']
[0.313s] Level 1:colcon.colcon_core.package_identification:_identify(src/joystick_drivers/joy_linux) by extension 'colcon_pkg'
[0.313s] Level 1:colcon.colcon_core.package_identification:_identify(src/joystick_drivers/joy_linux) by extensions ['colcon_meta']
[0.313s] Level 1:colcon.colcon_core.package_identification:_identify(src/joystick_drivers/joy_linux) by extension 'colcon_meta'
[0.313s] Level 1:colcon.colcon_core.package_identification:_identify(src/joystick_drivers/joy_linux) by extensions ['ros']
[0.313s] Level 1:colcon.colcon_core.package_identification:_identify(src/joystick_drivers/joy_linux) by extension 'ros'
[0.314s] DEBUG:colcon.colcon_core.package_identification:Package 'src/joystick_drivers/joy_linux' with type 'ros.ament_cmake' and name 'joy_linux'
[0.314s] Level 1:colcon.colcon_core.package_identification:_identify(src/joystick_drivers/joystick_drivers) by extensions ['ignore', 'ignore_ament_install']
[0.314s] Level 1:colcon.colcon_core.package_identification:_identify(src/joystick_drivers/joystick_drivers) by extension 'ignore'
[0.315s] Level 1:colcon.colcon_core.package_identification:_identify(src/joystick_drivers/joystick_drivers) by extension 'ignore_ament_install'
[0.315s] Level 1:colcon.colcon_core.package_identification:_identify(src/joystick_drivers/joystick_drivers) by extensions ['colcon_pkg']
[0.315s] Level 1:colcon.colcon_core.package_identification:_identify(src/joystick_drivers/joystick_drivers) by extension 'colcon_pkg'
[0.315s] Level 1:colcon.colcon_core.package_identification:_identify(src/joystick_drivers/joystick_drivers) by extensions ['colcon_meta']
[0.315s] Level 1:colcon.colcon_core.package_identification:_identify(src/joystick_drivers/joystick_drivers) by extension 'colcon_meta'
[0.315s] Level 1:colcon.colcon_core.package_identification:_identify(src/joystick_drivers/joystick_drivers) by extensions ['ros']
[0.315s] Level 1:colcon.colcon_core.package_identification:_identify(src/joystick_drivers/joystick_drivers) by extension 'ros'
[0.315s] Level 1:colcon.colcon_core.package_identification:_identify(src/joystick_drivers/joystick_drivers) ignored
[0.315s] Level 1:colcon.colcon_core.package_identification:_identify(src/joystick_drivers/ps3joy) by extensions ['ignore', 'ignore_ament_install']
[0.315s] Level 1:colcon.colcon_core.package_identification:_identify(src/joystick_drivers/ps3joy) by extension 'ignore'
[0.315s] Level 1:colcon.colcon_core.package_identification:_identify(src/joystick_drivers/ps3joy) by extension 'ignore_ament_install'
[0.315s] Level 1:colcon.colcon_core.package_identification:_identify(src/joystick_drivers/ps3joy) by extensions ['colcon_pkg']
[0.315s] Level 1:colcon.colcon_core.package_identification:_identify(src/joystick_drivers/ps3joy) by extension 'colcon_pkg'
[0.315s] Level 1:colcon.colcon_core.package_identification:_identify(src/joystick_drivers/ps3joy) by extensions ['colcon_meta']
[0.315s] Level 1:colcon.colcon_core.package_identification:_identify(src/joystick_drivers/ps3joy) by extension 'colcon_meta'
[0.315s] Level 1:colcon.colcon_core.package_identification:_identify(src/joystick_drivers/ps3joy) by extensions ['ros']
[0.315s] Level 1:colcon.colcon_core.package_identification:_identify(src/joystick_drivers/ps3joy) by extension 'ros'
[0.315s] Level 1:colcon.colcon_core.package_identification:_identify(src/joystick_drivers/ps3joy) ignored
[0.316s] Level 1:colcon.colcon_core.package_identification:_identify(src/joystick_drivers/sdl2_vendor) by extensions ['ignore', 'ignore_ament_install']
[0.316s] Level 1:colcon.colcon_core.package_identification:_identify(src/joystick_drivers/sdl2_vendor) by extension 'ignore'
[0.316s] Level 1:colcon.colcon_core.package_identification:_identify(src/joystick_drivers/sdl2_vendor) by extension 'ignore_ament_install'
[0.316s] Level 1:colcon.colcon_core.package_identification:_identify(src/joystick_drivers/sdl2_vendor) by extensions ['colcon_pkg']
[0.316s] Level 1:colcon.colcon_core.package_identification:_identify(src/joystick_drivers/sdl2_vendor) by extension 'colcon_pkg'
[0.316s] Level 1:colcon.colcon_core.package_identification:_identify(src/joystick_drivers/sdl2_vendor) by extensions ['colcon_meta']
[0.316s] Level 1:colcon.colcon_core.package_identification:_identify(src/joystick_drivers/sdl2_vendor) by extension 'colcon_meta'
[0.316s] Level 1:colcon.colcon_core.package_identification:_identify(src/joystick_drivers/sdl2_vendor) by extensions ['ros']
[0.316s] Level 1:colcon.colcon_core.package_identification:_identify(src/joystick_drivers/sdl2_vendor) by extension 'ros'
[0.317s] DEBUG:colcon.colcon_core.package_identification:Package 'src/joystick_drivers/sdl2_vendor' with type 'ros.ament_cmake' and name 'sdl2_vendor'
[0.317s] Level 1:colcon.colcon_core.package_identification:_identify(src/joystick_drivers/spacenav) by extensions ['ignore', 'ignore_ament_install']
[0.317s] Level 1:colcon.colcon_core.package_identification:_identify(src/joystick_drivers/spacenav) by extension 'ignore'
[0.317s] Level 1:colcon.colcon_core.package_identification:_identify(src/joystick_drivers/spacenav) by extension 'ignore_ament_install'
[0.317s] Level 1:colcon.colcon_core.package_identification:_identify(src/joystick_drivers/spacenav) by extensions ['colcon_pkg']
[0.317s] Level 1:colcon.colcon_core.package_identification:_identify(src/joystick_drivers/spacenav) by extension 'colcon_pkg'
[0.317s] Level 1:colcon.colcon_core.package_identification:_identify(src/joystick_drivers/spacenav) by extensions ['colcon_meta']
[0.317s] Level 1:colcon.colcon_core.package_identification:_identify(src/joystick_drivers/spacenav) by extension 'colcon_meta'
[0.317s] Level 1:colcon.colcon_core.package_identification:_identify(src/joystick_drivers/spacenav) by extensions ['ros']
[0.317s] Level 1:colcon.colcon_core.package_identification:_identify(src/joystick_drivers/spacenav) by extension 'ros'
[0.318s] DEBUG:colcon.colcon_core.package_identification:Package 'src/joystick_drivers/spacenav' with type 'ros.ament_cmake' and name 'spacenav'
[0.318s] Level 1:colcon.colcon_core.package_discovery:discover_packages(recursive) using defaults
[0.318s] Level 1:colcon.colcon_core.package_discovery:discover_packages(ignore) discover
[0.318s] Level 1:colcon.colcon_core.package_discovery:discover_packages(ignore) using defaults
[0.318s] Level 1:colcon.colcon_core.package_discovery:discover_packages(path) discover
[0.318s] Level 1:colcon.colcon_core.package_discovery:discover_packages(path) using defaults
[0.343s] Level 1:colcon.colcon_core.package_discovery:discover_packages(prefix_path) check parameters
[0.343s] Level 1:colcon.colcon_core.package_discovery:discover_packages(prefix_path) discover
[0.345s] DEBUG:colcon.colcon_installed_package_information.package_discovery:Found 6 installed packages in /home/turbo/Documents/hisp_ws/install
[0.347s] DEBUG:colcon.colcon_installed_package_information.package_discovery:Found 223 installed packages in /opt/ros/jazzy
[0.348s] Level 1:colcon.colcon_core.package_discovery:discover_packages(prefix_path) using defaults
[0.394s] Level 5:colcon.colcon_core.verb:set package 'joy_linux' build argument 'cmake_args' from command line to 'None'
[0.395s] Level 5:colcon.colcon_core.verb:set package 'joy_linux' build argument 'cmake_target' from command line to 'None'
[0.395s] Level 5:colcon.colcon_core.verb:set package 'joy_linux' build argument 'cmake_target_skip_unavailable' from command line to 'False'
[0.395s] Level 5:colcon.colcon_core.verb:set package 'joy_linux' build argument 'cmake_clean_cache' from command line to 'False'
[0.395s] Level 5:colcon.colcon_core.verb:set package 'joy_linux' build argument 'cmake_clean_first' from command line to 'False'
[0.395s] Level 5:colcon.colcon_core.verb:set package 'joy_linux' build argument 'cmake_force_configure' from command line to 'False'
[0.395s] Level 5:colcon.colcon_core.verb:set package 'joy_linux' build argument 'ament_cmake_args' from command line to 'None'
[0.395s] Level 5:colcon.colcon_core.verb:set package 'joy_linux' build argument 'catkin_cmake_args' from command line to 'None'
[0.395s] Level 5:colcon.colcon_core.verb:set package 'joy_linux' build argument 'catkin_skip_building_tests' from command line to 'False'
[0.395s] DEBUG:colcon.colcon_core.verb:Building package 'joy_linux' with the following arguments: {'ament_cmake_args': None, 'build_base': '/home/turbo/Documents/hisp_ws/build/joy_linux', 'catkin_cmake_args': None, 'catkin_skip_building_tests': False, 'cmake_args': None, 'cmake_clean_cache': False, 'cmake_clean_first': False, 'cmake_force_configure': False, 'cmake_target': None, 'cmake_target_skip_unavailable': False, 'install_base': '/home/turbo/Documents/hisp_ws/install/joy_linux', 'merge_install': False, 'path': '/home/turbo/Documents/hisp_ws/src/joystick_drivers/joy_linux', 'symlink_install': False, 'test_result_base': None}
[0.395s] Level 5:colcon.colcon_core.verb:set package 'oradar_lidar' build argument 'cmake_args' from command line to 'None'
[0.395s] Level 5:colcon.colcon_core.verb:set package 'oradar_lidar' build argument 'cmake_target' from command line to 'None'
[0.395s] Level 5:colcon.colcon_core.verb:set package 'oradar_lidar' build argument 'cmake_target_skip_unavailable' from command line to 'False'
[0.395s] Level 5:colcon.colcon_core.verb:set package 'oradar_lidar' build argument 'cmake_clean_cache' from command line to 'False'
[0.395s] Level 5:colcon.colcon_core.verb:set package 'oradar_lidar' build argument 'cmake_clean_first' from command line to 'False'
[0.395s] Level 5:colcon.colcon_core.verb:set package 'oradar_lidar' build argument 'cmake_force_configure' from command line to 'False'
[0.395s] Level 5:colcon.colcon_core.verb:set package 'oradar_lidar' build argument 'ament_cmake_args' from command line to 'None'
[0.395s] Level 5:colcon.colcon_core.verb:set package 'oradar_lidar' build argument 'catkin_cmake_args' from command line to 'None'
[0.395s] Level 5:colcon.colcon_core.verb:set package 'oradar_lidar' build argument 'catkin_skip_building_tests' from command line to 'False'
[0.395s] DEBUG:colcon.colcon_core.verb:Building package 'oradar_lidar' with the following arguments: {'ament_cmake_args': None, 'build_base': '/home/turbo/Documents/hisp_ws/build/oradar_lidar', 'catkin_cmake_args': None, 'catkin_skip_building_tests': False, 'cmake_args': None, 'cmake_clean_cache': False, 'cmake_clean_first': False, 'cmake_force_configure': False, 'cmake_target': None, 'cmake_target_skip_unavailable': False, 'install_base': '/home/turbo/Documents/hisp_ws/install/oradar_lidar', 'merge_install': False, 'path': '/home/turbo/Documents/hisp_ws/src/MS200_ros', 'symlink_install': False, 'test_result_base': None}
[0.396s] Level 5:colcon.colcon_core.verb:set package 'sdl2_vendor' build argument 'cmake_args' from command line to 'None'
[0.396s] Level 5:colcon.colcon_core.verb:set package 'sdl2_vendor' build argument 'cmake_target' from command line to 'None'
[0.396s] Level 5:colcon.colcon_core.verb:set package 'sdl2_vendor' build argument 'cmake_target_skip_unavailable' from command line to 'False'
[0.396s] Level 5:colcon.colcon_core.verb:set package 'sdl2_vendor' build argument 'cmake_clean_cache' from command line to 'False'
[0.396s] Level 5:colcon.colcon_core.verb:set package 'sdl2_vendor' build argument 'cmake_clean_first' from command line to 'False'
[0.396s] Level 5:colcon.colcon_core.verb:set package 'sdl2_vendor' build argument 'cmake_force_configure' from command line to 'False'
[0.396s] Level 5:colcon.colcon_core.verb:set package 'sdl2_vendor' build argument 'ament_cmake_args' from command line to 'None'
[0.396s] Level 5:colcon.colcon_core.verb:set package 'sdl2_vendor' build argument 'catkin_cmake_args' from command line to 'None'
[0.396s] Level 5:colcon.colcon_core.verb:set package 'sdl2_vendor' build argument 'catkin_skip_building_tests' from command line to 'False'
[0.396s] DEBUG:colcon.colcon_core.verb:Building package 'sdl2_vendor' with the following arguments: {'ament_cmake_args': None, 'build_base': '/home/turbo/Documents/hisp_ws/build/sdl2_vendor', 'catkin_cmake_args': None, 'catkin_skip_building_tests': False, 'cmake_args': None, 'cmake_clean_cache': False, 'cmake_clean_first': False, 'cmake_force_configure': False, 'cmake_target': None, 'cmake_target_skip_unavailable': False, 'install_base': '/home/turbo/Documents/hisp_ws/install/sdl2_vendor', 'merge_install': False, 'path': '/home/turbo/Documents/hisp_ws/src/joystick_drivers/sdl2_vendor', 'symlink_install': False, 'test_result_base': None}
[0.396s] Level 5:colcon.colcon_core.verb:set package 'spacenav' build argument 'cmake_args' from command line to 'None'
[0.396s] Level 5:colcon.colcon_core.verb:set package 'spacenav' build argument 'cmake_target' from command line to 'None'
[0.396s] Level 5:colcon.colcon_core.verb:set package 'spacenav' build argument 'cmake_target_skip_unavailable' from command line to 'False'
[0.396s] Level 5:colcon.colcon_core.verb:set package 'spacenav' build argument 'cmake_clean_cache' from command line to 'False'
[0.396s] Level 5:colcon.colcon_core.verb:set package 'spacenav' build argument 'cmake_clean_first' from command line to 'False'
[0.396s] Level 5:colcon.colcon_core.verb:set package 'spacenav' build argument 'cmake_force_configure' from command line to 'False'
[0.396s] Level 5:colcon.colcon_core.verb:set package 'spacenav' build argument 'ament_cmake_args' from command line to 'None'
[0.396s] Level 5:colcon.colcon_core.verb:set package 'spacenav' build argument 'catkin_cmake_args' from command line to 'None'
[0.397s] Level 5:colcon.colcon_core.verb:set package 'spacenav' build argument 'catkin_skip_building_tests' from command line to 'False'
[0.397s] DEBUG:colcon.colcon_core.verb:Building package 'spacenav' with the following arguments: {'ament_cmake_args': None, 'build_base': '/home/turbo/Documents/hisp_ws/build/spacenav', 'catkin_cmake_args': None, 'catkin_skip_building_tests': False, 'cmake_args': None, 'cmake_clean_cache': False, 'cmake_clean_first': False, 'cmake_force_configure': False, 'cmake_target': None, 'cmake_target_skip_unavailable': False, 'install_base': '/home/turbo/Documents/hisp_ws/install/spacenav', 'merge_install': False, 'path': '/home/turbo/Documents/hisp_ws/src/joystick_drivers/spacenav', 'symlink_install': False, 'test_result_base': None}
[0.397s] Level 5:colcon.colcon_core.verb:set package 'joy' build argument 'cmake_args' from command line to 'None'
[0.397s] Level 5:colcon.colcon_core.verb:set package 'joy' build argument 'cmake_target' from command line to 'None'
[0.397s] Level 5:colcon.colcon_core.verb:set package 'joy' build argument 'cmake_target_skip_unavailable' from command line to 'False'
[0.397s] Level 5:colcon.colcon_core.verb:set package 'joy' build argument 'cmake_clean_cache' from command line to 'False'
[0.397s] Level 5:colcon.colcon_core.verb:set package 'joy' build argument 'cmake_clean_first' from command line to 'False'
[0.397s] Level 5:colcon.colcon_core.verb:set package 'joy' build argument 'cmake_force_configure' from command line to 'False'
[0.397s] Level 5:colcon.colcon_core.verb:set package 'joy' build argument 'ament_cmake_args' from command line to 'None'
[0.397s] Level 5:colcon.colcon_core.verb:set package 'joy' build argument 'catkin_cmake_args' from command line to 'None'
[0.397s] Level 5:colcon.colcon_core.verb:set package 'joy' build argument 'catkin_skip_building_tests' from command line to 'False'
[0.397s] DEBUG:colcon.colcon_core.verb:Building package 'joy' with the following arguments: {'ament_cmake_args': None, 'build_base': '/home/turbo/Documents/hisp_ws/build/joy', 'catkin_cmake_args': None, 'catkin_skip_building_tests': False, 'cmake_args': None, 'cmake_clean_cache': False, 'cmake_clean_first': False, 'cmake_force_configure': False, 'cmake_target': None, 'cmake_target_skip_unavailable': False, 'install_base': '/home/turbo/Documents/hisp_ws/install/joy', 'merge_install': False, 'path': '/home/turbo/Documents/hisp_ws/src/joystick_drivers/joy', 'symlink_install': False, 'test_result_base': None}
[0.397s] INFO:colcon.colcon_core.executor:Executing jobs using 'parallel' executor
[0.398s] DEBUG:colcon.colcon_parallel_executor.executor.parallel:run_until_complete
[0.399s] INFO:colcon.colcon_ros.task.ament_cmake.build:Building ROS package in '/home/turbo/Documents/hisp_ws/src/joystick_drivers/sdl2_vendor' with build type 'ament_cmake'
[0.399s] INFO:colcon.colcon_cmake.task.cmake.build:Building CMake package in '/home/turbo/Documents/hisp_ws/src/joystick_drivers/sdl2_vendor'
[0.404s] INFO:colcon.colcon_core.plugin_system:Skipping extension 'colcon_core.shell.bat': Not used on non-Windows systems
[0.405s] INFO:colcon.colcon_core.shell:Skip shell extension 'powershell' for command environment: Not usable outside of PowerShell
[0.405s] DEBUG:colcon.colcon_core.shell:Skip shell extension 'dsv' for command environment
[0.415s] INFO:colcon.colcon_ros.task.ament_cmake.build:Building ROS package in '/home/turbo/Documents/hisp_ws/src/joystick_drivers/joy_linux' with build type 'ament_cmake'
[0.415s] INFO:colcon.colcon_cmake.task.cmake.build:Building CMake package in '/home/turbo/Documents/hisp_ws/src/joystick_drivers/joy_linux'
[0.416s] INFO:colcon.colcon_core.shell:Skip shell extension 'powershell' for command environment: Not usable outside of PowerShell
[0.416s] DEBUG:colcon.colcon_core.shell:Skip shell extension 'dsv' for command environment
[0.420s] INFO:colcon.colcon_ros.task.ament_cmake.build:Building ROS package in '/home/turbo/Documents/hisp_ws/src/MS200_ros' with build type 'ament_cmake'
[0.421s] INFO:colcon.colcon_cmake.task.cmake.build:Building CMake package in '/home/turbo/Documents/hisp_ws/src/MS200_ros'
[0.421s] INFO:colcon.colcon_core.shell:Skip shell extension 'powershell' for command environment: Not usable outside of PowerShell
[0.421s] DEBUG:colcon.colcon_core.shell:Skip shell extension 'dsv' for command environment
[0.425s] INFO:colcon.colcon_ros.task.ament_cmake.build:Building ROS package in '/home/turbo/Documents/hisp_ws/src/joystick_drivers/spacenav' with build type 'ament_cmake'
[0.426s] INFO:colcon.colcon_cmake.task.cmake.build:Building CMake package in '/home/turbo/Documents/hisp_ws/src/joystick_drivers/spacenav'
[0.426s] INFO:colcon.colcon_core.shell:Skip shell extension 'powershell' for command environment: Not usable outside of PowerShell
[0.426s] DEBUG:colcon.colcon_core.shell:Skip shell extension 'dsv' for command environment
[0.505s] DEBUG:colcon.colcon_core.event_handler.log_command:Invoking command in '/home/turbo/Documents/hisp_ws/build/sdl2_vendor': CMAKE_PREFIX_PATH=${CMAKE_PREFIX_PATH}:/opt/ros/jazzy DEBUGINFOD_URLS=https://debuginfod.ubuntu.com /usr/bin/cmake --build /home/turbo/Documents/hisp_ws/build/sdl2_vendor -- -j4 -l4
[0.523s] DEBUG:colcon.colcon_core.event_handler.log_command:Invoking command in '/home/turbo/Documents/hisp_ws/build/spacenav': CMAKE_PREFIX_PATH=${CMAKE_PREFIX_PATH}:/opt/ros/jazzy DEBUGINFOD_URLS=https://debuginfod.ubuntu.com /usr/bin/cmake --build /home/turbo/Documents/hisp_ws/build/spacenav -- -j4 -l4
[0.530s] DEBUG:colcon.colcon_core.event_handler.log_command:Invoking command in '/home/turbo/Documents/hisp_ws/build/oradar_lidar': CMAKE_PREFIX_PATH=${CMAKE_PREFIX_PATH}:/opt/ros/jazzy DEBUGINFOD_URLS=https://debuginfod.ubuntu.com /usr/bin/cmake --build /home/turbo/Documents/hisp_ws/build/oradar_lidar -- -j4 -l4
[0.541s] DEBUG:colcon.colcon_core.event_handler.log_command:Invoking command in '/home/turbo/Documents/hisp_ws/build/joy_linux': CMAKE_PREFIX_PATH=${CMAKE_PREFIX_PATH}:/opt/ros/jazzy DEBUGINFOD_URLS=https://debuginfod.ubuntu.com /usr/bin/cmake --build /home/turbo/Documents/hisp_ws/build/joy_linux -- -j4 -l4
[0.634s] DEBUG:colcon.colcon_core.event_handler.log_command:Invoked command in '/home/turbo/Documents/hisp_ws/build/sdl2_vendor' returned '0': CMAKE_PREFIX_PATH=${CMAKE_PREFIX_PATH}:/opt/ros/jazzy DEBUGINFOD_URLS=https://debuginfod.ubuntu.com /usr/bin/cmake --build /home/turbo/Documents/hisp_ws/build/sdl2_vendor -- -j4 -l4
[0.652s] DEBUG:colcon.colcon_core.event_handler.log_command:Invoking command in '/home/turbo/Documents/hisp_ws/build/sdl2_vendor': CMAKE_PREFIX_PATH=${CMAKE_PREFIX_PATH}:/opt/ros/jazzy DEBUGINFOD_URLS=https://debuginfod.ubuntu.com /usr/bin/cmake --install /home/turbo/Documents/hisp_ws/build/sdl2_vendor
[0.697s] DEBUG:colcon.colcon_core.event_handler.log_command:Invoked command in '/home/turbo/Documents/hisp_ws/build/spacenav' returned '0': CMAKE_PREFIX_PATH=${CMAKE_PREFIX_PATH}:/opt/ros/jazzy DEBUGINFOD_URLS=https://debuginfod.ubuntu.com /usr/bin/cmake --build /home/turbo/Documents/hisp_ws/build/spacenav -- -j4 -l4
[0.700s] DEBUG:colcon.colcon_core.event_handler.log_command:Invoking command in '/home/turbo/Documents/hisp_ws/build/spacenav': CMAKE_PREFIX_PATH=${CMAKE_PREFIX_PATH}:/opt/ros/jazzy DEBUGINFOD_URLS=https://debuginfod.ubuntu.com /usr/bin/cmake --install /home/turbo/Documents/hisp_ws/build/spacenav
[0.734s] DEBUG:colcon.colcon_core.event_handler.log_command:Invoked command in '/home/turbo/Documents/hisp_ws/build/joy_linux' returned '0': CMAKE_PREFIX_PATH=${CMAKE_PREFIX_PATH}:/opt/ros/jazzy DEBUGINFOD_URLS=https://debuginfod.ubuntu.com /usr/bin/cmake --build /home/turbo/Documents/hisp_ws/build/joy_linux -- -j4 -l4
[0.736s] DEBUG:colcon.colcon_core.event_handler.log_command:Invoking command in '/home/turbo/Documents/hisp_ws/build/joy_linux': CMAKE_PREFIX_PATH=${CMAKE_PREFIX_PATH}:/opt/ros/jazzy DEBUGINFOD_URLS=https://debuginfod.ubuntu.com /usr/bin/cmake --install /home/turbo/Documents/hisp_ws/build/joy_linux
[0.799s] Level 1:colcon.colcon_core.environment:create_environment_scripts_only(spacenav)
[0.805s] DEBUG:colcon.colcon_core.event_handler.log_command:Invoked command in '/home/turbo/Documents/hisp_ws/build/spacenav' returned '0': CMAKE_PREFIX_PATH=${CMAKE_PREFIX_PATH}:/opt/ros/jazzy DEBUGINFOD_URLS=https://debuginfod.ubuntu.com /usr/bin/cmake --install /home/turbo/Documents/hisp_ws/build/spacenav
[0.822s] Level 1:colcon.colcon_core.environment:checking '/home/turbo/Documents/hisp_ws/install/spacenav' for CMake module files
[0.828s] Level 1:colcon.colcon_core.environment:checking '/home/turbo/Documents/hisp_ws/install/spacenav' for CMake config files
[0.836s] Level 1:colcon.colcon_core.shell:create_environment_hook('spacenav', 'cmake_prefix_path')
[0.836s] INFO:colcon.colcon_core.shell:Creating environment hook '/home/turbo/Documents/hisp_ws/install/spacenav/share/spacenav/hook/cmake_prefix_path.ps1'
[0.841s] INFO:colcon.colcon_core.shell:Creating environment descriptor '/home/turbo/Documents/hisp_ws/install/spacenav/share/spacenav/hook/cmake_prefix_path.dsv'
[0.843s] INFO:colcon.colcon_core.shell:Creating environment hook '/home/turbo/Documents/hisp_ws/install/spacenav/share/spacenav/hook/cmake_prefix_path.sh'
[0.846s] Level 1:colcon.colcon_core.environment:checking '/home/turbo/Documents/hisp_ws/install/spacenav/lib'
[0.846s] Level 1:colcon.colcon_core.shell:create_environment_hook('spacenav', 'ld_library_path_lib')
[0.847s] INFO:colcon.colcon_core.shell:Creating environment hook '/home/turbo/Documents/hisp_ws/install/spacenav/share/spacenav/hook/ld_library_path_lib.ps1'
[0.848s] INFO:colcon.colcon_core.shell:Creating environment descriptor '/home/turbo/Documents/hisp_ws/install/spacenav/share/spacenav/hook/ld_library_path_lib.dsv'
[0.849s] INFO:colcon.colcon_core.shell:Creating environment hook '/home/turbo/Documents/hisp_ws/install/spacenav/share/spacenav/hook/ld_library_path_lib.sh'
[0.850s] Level 1:colcon.colcon_core.environment:checking '/home/turbo/Documents/hisp_ws/install/spacenav/bin'
[0.850s] Level 1:colcon.colcon_core.environment:checking '/home/turbo/Documents/hisp_ws/install/spacenav/lib/pkgconfig/spacenav.pc'
[0.851s] Level 1:colcon.colcon_core.environment:checking '/home/turbo/Documents/hisp_ws/install/spacenav/lib/python3.12/site-packages'
[0.852s] Level 1:colcon.colcon_core.environment:checking '/home/turbo/Documents/hisp_ws/install/spacenav/bin'
[0.853s] INFO:colcon.colcon_core.shell:Creating package script '/home/turbo/Documents/hisp_ws/install/spacenav/share/spacenav/package.ps1'
[0.855s] INFO:colcon.colcon_core.shell:Creating package descriptor '/home/turbo/Documents/hisp_ws/install/spacenav/share/spacenav/package.dsv'
[0.857s] INFO:colcon.colcon_core.shell:Creating package script '/home/turbo/Documents/hisp_ws/install/spacenav/share/spacenav/package.sh'
[0.858s] INFO:colcon.colcon_core.shell:Creating package script '/home/turbo/Documents/hisp_ws/install/spacenav/share/spacenav/package.bash'
[0.859s] INFO:colcon.colcon_core.shell:Creating package script '/home/turbo/Documents/hisp_ws/install/spacenav/share/spacenav/package.zsh'
[0.861s] Level 1:colcon.colcon_core.environment:create_file_with_runtime_dependencies(/home/turbo/Documents/hisp_ws/install/spacenav/share/colcon-core/packages/spacenav)
[0.864s] Level 1:colcon.colcon_core.environment:create_environment_scripts_only(spacenav)
[0.864s] Level 1:colcon.colcon_core.environment:checking '/home/turbo/Documents/hisp_ws/install/spacenav' for CMake module files
[0.865s] Level 1:colcon.colcon_core.environment:checking '/home/turbo/Documents/hisp_ws/install/spacenav' for CMake config files
[0.866s] Level 1:colcon.colcon_core.shell:create_environment_hook('spacenav', 'cmake_prefix_path')
[0.866s] INFO:colcon.colcon_core.shell:Creating environment hook '/home/turbo/Documents/hisp_ws/install/spacenav/share/spacenav/hook/cmake_prefix_path.ps1'
[0.867s] INFO:colcon.colcon_core.shell:Creating environment descriptor '/home/turbo/Documents/hisp_ws/install/spacenav/share/spacenav/hook/cmake_prefix_path.dsv'
[0.869s] INFO:colcon.colcon_core.shell:Creating environment hook '/home/turbo/Documents/hisp_ws/install/spacenav/share/spacenav/hook/cmake_prefix_path.sh'
[0.870s] Level 1:colcon.colcon_core.environment:checking '/home/turbo/Documents/hisp_ws/install/spacenav/lib'
[0.871s] Level 1:colcon.colcon_core.shell:create_environment_hook('spacenav', 'ld_library_path_lib')
[0.871s] INFO:colcon.colcon_core.shell:Creating environment hook '/home/turbo/Documents/hisp_ws/install/spacenav/share/spacenav/hook/ld_library_path_lib.ps1'
[0.872s] INFO:colcon.colcon_core.shell:Creating environment descriptor '/home/turbo/Documents/hisp_ws/install/spacenav/share/spacenav/hook/ld_library_path_lib.dsv'
[0.873s] INFO:colcon.colcon_core.shell:Creating environment hook '/home/turbo/Documents/hisp_ws/install/spacenav/share/spacenav/hook/ld_library_path_lib.sh'
[0.874s] Level 1:colcon.colcon_core.environment:checking '/home/turbo/Documents/hisp_ws/install/spacenav/bin'
[0.875s] Level 1:colcon.colcon_core.environment:checking '/home/turbo/Documents/hisp_ws/install/spacenav/lib/pkgconfig/spacenav.pc'
[0.876s] Level 1:colcon.colcon_core.environment:checking '/home/turbo/Documents/hisp_ws/install/spacenav/lib/python3.12/site-packages'
[0.876s] Level 1:colcon.colcon_core.environment:checking '/home/turbo/Documents/hisp_ws/install/spacenav/bin'
[0.877s] INFO:colcon.colcon_core.shell:Creating package script '/home/turbo/Documents/hisp_ws/install/spacenav/share/spacenav/package.ps1'
[0.879s] INFO:colcon.colcon_core.shell:Creating package descriptor '/home/turbo/Documents/hisp_ws/install/spacenav/share/spacenav/package.dsv'
[0.881s] INFO:colcon.colcon_core.shell:Creating package script '/home/turbo/Documents/hisp_ws/install/spacenav/share/spacenav/package.sh'
[0.882s] INFO:colcon.colcon_core.shell:Creating package script '/home/turbo/Documents/hisp_ws/install/spacenav/share/spacenav/package.bash'
[0.883s] INFO:colcon.colcon_core.shell:Creating package script '/home/turbo/Documents/hisp_ws/install/spacenav/share/spacenav/package.zsh'
[0.884s] Level 1:colcon.colcon_core.environment:create_file_with_runtime_dependencies(/home/turbo/Documents/hisp_ws/install/spacenav/share/colcon-core/packages/spacenav)
[0.886s] Level 1:colcon.colcon_core.environment:create_environment_scripts_only(joy_linux)
[0.889s] Level 1:colcon.colcon_core.environment:checking '/home/turbo/Documents/hisp_ws/install/joy_linux' for CMake module files
[0.888s] DEBUG:colcon.colcon_core.event_handler.log_command:Invoked command in '/home/turbo/Documents/hisp_ws/build/joy_linux' returned '0': CMAKE_PREFIX_PATH=${CMAKE_PREFIX_PATH}:/opt/ros/jazzy DEBUGINFOD_URLS=https://debuginfod.ubuntu.com /usr/bin/cmake --install /home/turbo/Documents/hisp_ws/build/joy_linux
[0.895s] Level 1:colcon.colcon_core.environment:checking '/home/turbo/Documents/hisp_ws/install/joy_linux' for CMake config files
[0.910s] Level 1:colcon.colcon_core.shell:create_environment_hook('joy_linux', 'cmake_prefix_path')
[0.911s] INFO:colcon.colcon_core.shell:Creating environment hook '/home/turbo/Documents/hisp_ws/install/joy_linux/share/joy_linux/hook/cmake_prefix_path.ps1'
[0.912s] INFO:colcon.colcon_core.shell:Creating environment descriptor '/home/turbo/Documents/hisp_ws/install/joy_linux/share/joy_linux/hook/cmake_prefix_path.dsv'
[0.912s] INFO:colcon.colcon_core.shell:Creating environment hook '/home/turbo/Documents/hisp_ws/install/joy_linux/share/joy_linux/hook/cmake_prefix_path.sh'
[0.914s] Level 1:colcon.colcon_core.environment:checking '/home/turbo/Documents/hisp_ws/install/joy_linux/lib'
[0.916s] Level 1:colcon.colcon_core.environment:checking '/home/turbo/Documents/hisp_ws/install/joy_linux/bin'
[0.916s] Level 1:colcon.colcon_core.environment:checking '/home/turbo/Documents/hisp_ws/install/joy_linux/lib/pkgconfig/joy_linux.pc'
[0.917s] Level 1:colcon.colcon_core.environment:checking '/home/turbo/Documents/hisp_ws/install/joy_linux/lib/python3.12/site-packages'
[0.917s] Level 1:colcon.colcon_core.environment:checking '/home/turbo/Documents/hisp_ws/install/joy_linux/bin'
[0.918s] INFO:colcon.colcon_core.shell:Creating package script '/home/turbo/Documents/hisp_ws/install/joy_linux/share/joy_linux/package.ps1'
[0.921s] INFO:colcon.colcon_core.shell:Creating package descriptor '/home/turbo/Documents/hisp_ws/install/joy_linux/share/joy_linux/package.dsv'
[0.922s] INFO:colcon.colcon_core.shell:Creating package script '/home/turbo/Documents/hisp_ws/install/joy_linux/share/joy_linux/package.sh'
[0.924s] INFO:colcon.colcon_core.shell:Creating package script '/home/turbo/Documents/hisp_ws/install/joy_linux/share/joy_linux/package.bash'
[0.938s] INFO:colcon.colcon_core.shell:Creating package script '/home/turbo/Documents/hisp_ws/install/joy_linux/share/joy_linux/package.zsh'
[0.938s] Level 1:colcon.colcon_core.environment:create_file_with_runtime_dependencies(/home/turbo/Documents/hisp_ws/install/joy_linux/share/colcon-core/packages/joy_linux)
[0.940s] Level 1:colcon.colcon_core.environment:create_environment_scripts_only(joy_linux)
[0.940s] Level 1:colcon.colcon_core.environment:checking '/home/turbo/Documents/hisp_ws/install/joy_linux' for CMake module files
[0.941s] Level 1:colcon.colcon_core.environment:checking '/home/turbo/Documents/hisp_ws/install/joy_linux' for CMake config files
[0.941s] Level 1:colcon.colcon_core.shell:create_environment_hook('joy_linux', 'cmake_prefix_path')
[0.941s] INFO:colcon.colcon_core.shell:Creating environment hook '/home/turbo/Documents/hisp_ws/install/joy_linux/share/joy_linux/hook/cmake_prefix_path.ps1'
[0.942s] INFO:colcon.colcon_core.shell:Creating environment descriptor '/home/turbo/Documents/hisp_ws/install/joy_linux/share/joy_linux/hook/cmake_prefix_path.dsv'
[0.943s] INFO:colcon.colcon_core.shell:Creating environment hook '/home/turbo/Documents/hisp_ws/install/joy_linux/share/joy_linux/hook/cmake_prefix_path.sh'
[0.944s] Level 1:colcon.colcon_core.environment:checking '/home/turbo/Documents/hisp_ws/install/joy_linux/lib'
[0.944s] Level 1:colcon.colcon_core.environment:checking '/home/turbo/Documents/hisp_ws/install/joy_linux/bin'
[0.944s] Level 1:colcon.colcon_core.environment:checking '/home/turbo/Documents/hisp_ws/install/joy_linux/lib/pkgconfig/joy_linux.pc'
[0.945s] Level 1:colcon.colcon_core.environment:checking '/home/turbo/Documents/hisp_ws/install/joy_linux/lib/python3.12/site-packages'
[0.945s] Level 1:colcon.colcon_core.environment:checking '/home/turbo/Documents/hisp_ws/install/joy_linux/bin'
[0.946s] INFO:colcon.colcon_core.shell:Creating package script '/home/turbo/Documents/hisp_ws/install/joy_linux/share/joy_linux/package.ps1'
[0.947s] INFO:colcon.colcon_core.shell:Creating package descriptor '/home/turbo/Documents/hisp_ws/install/joy_linux/share/joy_linux/package.dsv'
[0.948s] INFO:colcon.colcon_core.shell:Creating package script '/home/turbo/Documents/hisp_ws/install/joy_linux/share/joy_linux/package.sh'
[0.948s] INFO:colcon.colcon_core.shell:Creating package script '/home/turbo/Documents/hisp_ws/install/joy_linux/share/joy_linux/package.bash'
[0.949s] INFO:colcon.colcon_core.shell:Creating package script '/home/turbo/Documents/hisp_ws/install/joy_linux/share/joy_linux/package.zsh'
[0.950s] Level 1:colcon.colcon_core.environment:create_file_with_runtime_dependencies(/home/turbo/Documents/hisp_ws/install/joy_linux/share/colcon-core/packages/joy_linux)
[0.950s] Level 1:colcon.colcon_core.environment:create_environment_scripts_only(sdl2_vendor)
[0.951s] Level 1:colcon.colcon_core.environment:checking '/home/turbo/Documents/hisp_ws/install/sdl2_vendor' for CMake module files
[0.954s] DEBUG:colcon.colcon_core.event_handler.log_command:Invoked command in '/home/turbo/Documents/hisp_ws/build/sdl2_vendor' returned '0': CMAKE_PREFIX_PATH=${CMAKE_PREFIX_PATH}:/opt/ros/jazzy DEBUGINFOD_URLS=https://debuginfod.ubuntu.com /usr/bin/cmake --install /home/turbo/Documents/hisp_ws/build/sdl2_vendor
[0.954s] Level 1:colcon.colcon_core.environment:checking '/home/turbo/Documents/hisp_ws/install/sdl2_vendor' for CMake config files
[0.958s] Level 1:colcon.colcon_core.shell:create_environment_hook('sdl2_vendor', 'cmake_prefix_path')
[0.959s] INFO:colcon.colcon_core.shell:Creating environment hook '/home/turbo/Documents/hisp_ws/install/sdl2_vendor/share/sdl2_vendor/hook/cmake_prefix_path.ps1'
[0.960s] INFO:colcon.colcon_core.shell:Creating environment descriptor '/home/turbo/Documents/hisp_ws/install/sdl2_vendor/share/sdl2_vendor/hook/cmake_prefix_path.dsv'
[0.961s] INFO:colcon.colcon_core.shell:Creating environment hook '/home/turbo/Documents/hisp_ws/install/sdl2_vendor/share/sdl2_vendor/hook/cmake_prefix_path.sh'
[0.962s] Level 1:colcon.colcon_core.environment:checking '/home/turbo/Documents/hisp_ws/install/sdl2_vendor/bin'
[0.962s] Level 1:colcon.colcon_core.environment:checking '/home/turbo/Documents/hisp_ws/install/sdl2_vendor/lib/pkgconfig/sdl2_vendor.pc'
[0.962s] Level 1:colcon.colcon_core.environment:checking '/home/turbo/Documents/hisp_ws/install/sdl2_vendor/lib/python3.12/site-packages'
[0.963s] Level 1:colcon.colcon_core.environment:checking '/home/turbo/Documents/hisp_ws/install/sdl2_vendor/bin'
[0.963s] INFO:colcon.colcon_core.shell:Creating package script '/home/turbo/Documents/hisp_ws/install/sdl2_vendor/share/sdl2_vendor/package.ps1'
[0.964s] INFO:colcon.colcon_core.shell:Creating package descriptor '/home/turbo/Documents/hisp_ws/install/sdl2_vendor/share/sdl2_vendor/package.dsv'
[0.965s] INFO:colcon.colcon_core.shell:Creating package script '/home/turbo/Documents/hisp_ws/install/sdl2_vendor/share/sdl2_vendor/package.sh'
[0.965s] INFO:colcon.colcon_core.shell:Creating package script '/home/turbo/Documents/hisp_ws/install/sdl2_vendor/share/sdl2_vendor/package.bash'
[0.966s] INFO:colcon.colcon_core.shell:Creating package script '/home/turbo/Documents/hisp_ws/install/sdl2_vendor/share/sdl2_vendor/package.zsh'
[0.966s] Level 1:colcon.colcon_core.environment:create_file_with_runtime_dependencies(/home/turbo/Documents/hisp_ws/install/sdl2_vendor/share/colcon-core/packages/sdl2_vendor)
[0.968s] Level 1:colcon.colcon_core.environment:create_environment_scripts_only(sdl2_vendor)
[0.968s] Level 1:colcon.colcon_core.environment:checking '/home/turbo/Documents/hisp_ws/install/sdl2_vendor' for CMake module files
[0.969s] Level 1:colcon.colcon_core.environment:checking '/home/turbo/Documents/hisp_ws/install/sdl2_vendor' for CMake config files
[0.969s] Level 1:colcon.colcon_core.shell:create_environment_hook('sdl2_vendor', 'cmake_prefix_path')
[0.969s] INFO:colcon.colcon_core.shell:Creating environment hook '/home/turbo/Documents/hisp_ws/install/sdl2_vendor/share/sdl2_vendor/hook/cmake_prefix_path.ps1'
[0.970s] INFO:colcon.colcon_core.shell:Creating environment descriptor '/home/turbo/Documents/hisp_ws/install/sdl2_vendor/share/sdl2_vendor/hook/cmake_prefix_path.dsv'
[0.971s] INFO:colcon.colcon_core.shell:Creating environment hook '/home/turbo/Documents/hisp_ws/install/sdl2_vendor/share/sdl2_vendor/hook/cmake_prefix_path.sh'
[0.972s] Level 1:colcon.colcon_core.environment:checking '/home/turbo/Documents/hisp_ws/install/sdl2_vendor/bin'
[0.972s] Level 1:colcon.colcon_core.environment:checking '/home/turbo/Documents/hisp_ws/install/sdl2_vendor/lib/pkgconfig/sdl2_vendor.pc'
[0.972s] Level 1:colcon.colcon_core.environment:checking '/home/turbo/Documents/hisp_ws/install/sdl2_vendor/lib/python3.12/site-packages'
[0.973s] Level 1:colcon.colcon_core.environment:checking '/home/turbo/Documents/hisp_ws/install/sdl2_vendor/bin'
[0.973s] INFO:colcon.colcon_core.shell:Creating package script '/home/turbo/Documents/hisp_ws/install/sdl2_vendor/share/sdl2_vendor/package.ps1'
[0.974s] INFO:colcon.colcon_core.shell:Creating package descriptor '/home/turbo/Documents/hisp_ws/install/sdl2_vendor/share/sdl2_vendor/package.dsv'
[0.975s] INFO:colcon.colcon_core.shell:Creating package script '/home/turbo/Documents/hisp_ws/install/sdl2_vendor/share/sdl2_vendor/package.sh'
[0.976s] INFO:colcon.colcon_core.shell:Creating package script '/home/turbo/Documents/hisp_ws/install/sdl2_vendor/share/sdl2_vendor/package.bash'
[0.976s] INFO:colcon.colcon_core.shell:Creating package script '/home/turbo/Documents/hisp_ws/install/sdl2_vendor/share/sdl2_vendor/package.zsh'
[0.977s] Level 1:colcon.colcon_core.environment:create_file_with_runtime_dependencies(/home/turbo/Documents/hisp_ws/install/sdl2_vendor/share/colcon-core/packages/sdl2_vendor)
[0.978s] INFO:colcon.colcon_ros.task.ament_cmake.build:Building ROS package in '/home/turbo/Documents/hisp_ws/src/joystick_drivers/joy' with build type 'ament_cmake'
[0.979s] INFO:colcon.colcon_cmake.task.cmake.build:Building CMake package in '/home/turbo/Documents/hisp_ws/src/joystick_drivers/joy'
[0.979s] INFO:colcon.colcon_core.shell:Skip shell extension 'powershell' for command environment: Not usable outside of PowerShell
[0.979s] DEBUG:colcon.colcon_core.shell:Skip shell extension 'dsv' for command environment
[0.995s] DEBUG:colcon.colcon_core.event_handler.log_command:Invoked command in '/home/turbo/Documents/hisp_ws/build/oradar_lidar' returned '0': CMAKE_PREFIX_PATH=${CMAKE_PREFIX_PATH}:/opt/ros/jazzy DEBUGINFOD_URLS=https://debuginfod.ubuntu.com /usr/bin/cmake --build /home/turbo/Documents/hisp_ws/build/oradar_lidar -- -j4 -l4
[0.996s] DEBUG:colcon.colcon_core.event_handler.log_command:Invoking command in '/home/turbo/Documents/hisp_ws/build/oradar_lidar': CMAKE_PREFIX_PATH=${CMAKE_PREFIX_PATH}:/opt/ros/jazzy DEBUGINFOD_URLS=https://debuginfod.ubuntu.com /usr/bin/cmake --install /home/turbo/Documents/hisp_ws/build/oradar_lidar
[1.005s] DEBUG:colcon.colcon_core.event_handler.log_command:Invoking command in '/home/turbo/Documents/hisp_ws/build/joy': CMAKE_PREFIX_PATH=/home/turbo/Documents/hisp_ws/install/sdl2_vendor:/home/turbo/Documents/hisp_ws/install/oradar_lidar:/home/turbo/Documents/hisp_ws/install/spacenav:/home/turbo/Documents/hisp_ws/install/joy:/home/turbo/Documents/hisp_ws/install/joy_linux:/opt/ros/jazzy/opt/gz_math_vendor:/opt/ros/jazzy/opt/gz_utils_vendor:/opt/ros/jazzy/opt/gz_cmake_vendor:/opt/ros/jazzy DEBUGINFOD_URLS=https://debuginfod.ubuntu.com /usr/bin/cmake --build /home/turbo/Documents/hisp_ws/build/joy -- -j4 -l4
[1.036s] Level 1:colcon.colcon_core.environment:create_environment_scripts_only(oradar_lidar)
[1.039s] Level 1:colcon.colcon_core.environment:checking '/home/turbo/Documents/hisp_ws/install/oradar_lidar' for CMake module files
[1.041s] DEBUG:colcon.colcon_core.event_handler.log_command:Invoked command in '/home/turbo/Documents/hisp_ws/build/oradar_lidar' returned '0': CMAKE_PREFIX_PATH=${CMAKE_PREFIX_PATH}:/opt/ros/jazzy DEBUGINFOD_URLS=https://debuginfod.ubuntu.com /usr/bin/cmake --install /home/turbo/Documents/hisp_ws/build/oradar_lidar
[1.042s] Level 1:colcon.colcon_core.environment:checking '/home/turbo/Documents/hisp_ws/install/oradar_lidar' for CMake config files
[1.043s] Level 1:colcon.colcon_core.shell:create_environment_hook('oradar_lidar', 'cmake_prefix_path')
[1.043s] INFO:colcon.colcon_core.shell:Creating environment hook '/home/turbo/Documents/hisp_ws/install/oradar_lidar/share/oradar_lidar/hook/cmake_prefix_path.ps1'
[1.045s] INFO:colcon.colcon_core.shell:Creating environment descriptor '/home/turbo/Documents/hisp_ws/install/oradar_lidar/share/oradar_lidar/hook/cmake_prefix_path.dsv'
[1.046s] INFO:colcon.colcon_core.shell:Creating environment hook '/home/turbo/Documents/hisp_ws/install/oradar_lidar/share/oradar_lidar/hook/cmake_prefix_path.sh'
[1.047s] Level 1:colcon.colcon_core.environment:checking '/home/turbo/Documents/hisp_ws/install/oradar_lidar/lib'
[1.047s] Level 1:colcon.colcon_core.environment:checking '/home/turbo/Documents/hisp_ws/install/oradar_lidar/bin'
[1.047s] Level 1:colcon.colcon_core.shell:create_environment_hook('oradar_lidar', 'path')
[1.048s] INFO:colcon.colcon_core.shell:Creating environment hook '/home/turbo/Documents/hisp_ws/install/oradar_lidar/share/oradar_lidar/hook/path.ps1'
[1.048s] INFO:colcon.colcon_core.shell:Creating environment descriptor '/home/turbo/Documents/hisp_ws/install/oradar_lidar/share/oradar_lidar/hook/path.dsv'
[1.049s] INFO:colcon.colcon_core.shell:Creating environment hook '/home/turbo/Documents/hisp_ws/install/oradar_lidar/share/oradar_lidar/hook/path.sh'
[1.050s] Level 1:colcon.colcon_core.environment:checking '/home/turbo/Documents/hisp_ws/install/oradar_lidar/lib/pkgconfig/oradar_lidar.pc'
[1.050s] Level 1:colcon.colcon_core.environment:checking '/home/turbo/Documents/hisp_ws/install/oradar_lidar/lib/python3.12/site-packages'
[1.051s] Level 1:colcon.colcon_core.environment:checking '/home/turbo/Documents/hisp_ws/install/oradar_lidar/bin'
[1.051s] Level 1:colcon.colcon_core.shell:create_environment_hook('oradar_lidar', 'pythonscriptspath')
[1.052s] INFO:colcon.colcon_core.shell:Creating environment hook '/home/turbo/Documents/hisp_ws/install/oradar_lidar/share/oradar_lidar/hook/pythonscriptspath.ps1'
[1.052s] INFO:colcon.colcon_core.shell:Creating environment descriptor '/home/turbo/Documents/hisp_ws/install/oradar_lidar/share/oradar_lidar/hook/pythonscriptspath.dsv'
[1.053s] INFO:colcon.colcon_core.shell:Creating environment hook '/home/turbo/Documents/hisp_ws/install/oradar_lidar/share/oradar_lidar/hook/pythonscriptspath.sh'
[1.055s] INFO:colcon.colcon_core.shell:Creating package script '/home/turbo/Documents/hisp_ws/install/oradar_lidar/share/oradar_lidar/package.ps1'
[1.056s] INFO:colcon.colcon_core.shell:Creating package descriptor '/home/turbo/Documents/hisp_ws/install/oradar_lidar/share/oradar_lidar/package.dsv'
[1.058s] INFO:colcon.colcon_core.shell:Creating package script '/home/turbo/Documents/hisp_ws/install/oradar_lidar/share/oradar_lidar/package.sh'
[1.059s] INFO:colcon.colcon_core.shell:Creating package script '/home/turbo/Documents/hisp_ws/install/oradar_lidar/share/oradar_lidar/package.bash'
[1.061s] INFO:colcon.colcon_core.shell:Creating package script '/home/turbo/Documents/hisp_ws/install/oradar_lidar/share/oradar_lidar/package.zsh'
[1.062s] Level 1:colcon.colcon_core.environment:create_file_with_runtime_dependencies(/home/turbo/Documents/hisp_ws/install/oradar_lidar/share/colcon-core/packages/oradar_lidar)
[1.064s] Level 1:colcon.colcon_core.environment:create_environment_scripts_only(oradar_lidar)
[1.064s] Level 1:colcon.colcon_core.environment:checking '/home/turbo/Documents/hisp_ws/install/oradar_lidar' for CMake module files
[1.065s] Level 1:colcon.colcon_core.environment:checking '/home/turbo/Documents/hisp_ws/install/oradar_lidar' for CMake config files
[1.065s] Level 1:colcon.colcon_core.shell:create_environment_hook('oradar_lidar', 'cmake_prefix_path')
[1.065s] INFO:colcon.colcon_core.shell:Creating environment hook '/home/turbo/Documents/hisp_ws/install/oradar_lidar/share/oradar_lidar/hook/cmake_prefix_path.ps1'
[1.066s] INFO:colcon.colcon_core.shell:Creating environment descriptor '/home/turbo/Documents/hisp_ws/install/oradar_lidar/share/oradar_lidar/hook/cmake_prefix_path.dsv'
[1.067s] INFO:colcon.colcon_core.shell:Creating environment hook '/home/turbo/Documents/hisp_ws/install/oradar_lidar/share/oradar_lidar/hook/cmake_prefix_path.sh'
[1.068s] Level 1:colcon.colcon_core.environment:checking '/home/turbo/Documents/hisp_ws/install/oradar_lidar/lib'
[1.068s] Level 1:colcon.colcon_core.environment:checking '/home/turbo/Documents/hisp_ws/install/oradar_lidar/bin'
[1.068s] Level 1:colcon.colcon_core.shell:create_environment_hook('oradar_lidar', 'path')
[1.068s] INFO:colcon.colcon_core.shell:Creating environment hook '/home/turbo/Documents/hisp_ws/install/oradar_lidar/share/oradar_lidar/hook/path.ps1'
[1.069s] INFO:colcon.colcon_core.shell:Creating environment descriptor '/home/turbo/Documents/hisp_ws/install/oradar_lidar/share/oradar_lidar/hook/path.dsv'
[1.070s] INFO:colcon.colcon_core.shell:Creating environment hook '/home/turbo/Documents/hisp_ws/install/oradar_lidar/share/oradar_lidar/hook/path.sh'
[1.071s] Level 1:colcon.colcon_core.environment:checking '/home/turbo/Documents/hisp_ws/install/oradar_lidar/lib/pkgconfig/oradar_lidar.pc'
[1.071s] Level 1:colcon.colcon_core.environment:checking '/home/turbo/Documents/hisp_ws/install/oradar_lidar/lib/python3.12/site-packages'
[1.072s] Level 1:colcon.colcon_core.environment:checking '/home/turbo/Documents/hisp_ws/install/oradar_lidar/bin'
[1.072s] Level 1:colcon.colcon_core.shell:create_environment_hook('oradar_lidar', 'pythonscriptspath')
[1.073s] INFO:colcon.colcon_core.shell:Creating environment hook '/home/turbo/Documents/hisp_ws/install/oradar_lidar/share/oradar_lidar/hook/pythonscriptspath.ps1'
[1.074s] INFO:colcon.colcon_core.shell:Creating environment descriptor '/home/turbo/Documents/hisp_ws/install/oradar_lidar/share/oradar_lidar/hook/pythonscriptspath.dsv'
[1.075s] INFO:colcon.colcon_core.shell:Creating environment hook '/home/turbo/Documents/hisp_ws/install/oradar_lidar/share/oradar_lidar/hook/pythonscriptspath.sh'
[1.077s] INFO:colcon.colcon_core.shell:Creating package script '/home/turbo/Documents/hisp_ws/install/oradar_lidar/share/oradar_lidar/package.ps1'
[1.079s] INFO:colcon.colcon_core.shell:Creating package descriptor '/home/turbo/Documents/hisp_ws/install/oradar_lidar/share/oradar_lidar/package.dsv'
[1.080s] INFO:colcon.colcon_core.shell:Creating package script '/home/turbo/Documents/hisp_ws/install/oradar_lidar/share/oradar_lidar/package.sh'
[1.081s] INFO:colcon.colcon_core.shell:Creating package script '/home/turbo/Documents/hisp_ws/install/oradar_lidar/share/oradar_lidar/package.bash'
[1.082s] INFO:colcon.colcon_core.shell:Creating package script '/home/turbo/Documents/hisp_ws/install/oradar_lidar/share/oradar_lidar/package.zsh'
[1.083s] Level 1:colcon.colcon_core.environment:create_file_with_runtime_dependencies(/home/turbo/Documents/hisp_ws/install/oradar_lidar/share/colcon-core/packages/oradar_lidar)
[1.234s] DEBUG:colcon.colcon_core.event_handler.log_command:Invoked command in '/home/turbo/Documents/hisp_ws/build/joy' returned '0': CMAKE_PREFIX_PATH=/home/turbo/Documents/hisp_ws/install/sdl2_vendor:/home/turbo/Documents/hisp_ws/install/oradar_lidar:/home/turbo/Documents/hisp_ws/install/spacenav:/home/turbo/Documents/hisp_ws/install/joy:/home/turbo/Documents/hisp_ws/install/joy_linux:/opt/ros/jazzy/opt/gz_math_vendor:/opt/ros/jazzy/opt/gz_utils_vendor:/opt/ros/jazzy/opt/gz_cmake_vendor:/opt/ros/jazzy DEBUGINFOD_URLS=https://debuginfod.ubuntu.com /usr/bin/cmake --build /home/turbo/Documents/hisp_ws/build/joy -- -j4 -l4
[1.237s] DEBUG:colcon.colcon_core.event_handler.log_command:Invoking command in '/home/turbo/Documents/hisp_ws/build/joy': CMAKE_PREFIX_PATH=/home/turbo/Documents/hisp_ws/install/sdl2_vendor:/home/turbo/Documents/hisp_ws/install/oradar_lidar:/home/turbo/Documents/hisp_ws/install/spacenav:/home/turbo/Documents/hisp_ws/install/joy:/home/turbo/Documents/hisp_ws/install/joy_linux:/opt/ros/jazzy/opt/gz_math_vendor:/opt/ros/jazzy/opt/gz_utils_vendor:/opt/ros/jazzy/opt/gz_cmake_vendor:/opt/ros/jazzy DEBUGINFOD_URLS=https://debuginfod.ubuntu.com /usr/bin/cmake --install /home/turbo/Documents/hisp_ws/build/joy
[1.289s] Level 1:colcon.colcon_core.environment:create_environment_scripts_only(joy)
[1.289s] Level 1:colcon.colcon_core.environment:checking '/home/turbo/Documents/hisp_ws/install/joy' for CMake module files
[1.290s] DEBUG:colcon.colcon_core.event_handler.log_command:Invoked command in '/home/turbo/Documents/hisp_ws/build/joy' returned '0': CMAKE_PREFIX_PATH=/home/turbo/Documents/hisp_ws/install/sdl2_vendor:/home/turbo/Documents/hisp_ws/install/oradar_lidar:/home/turbo/Documents/hisp_ws/install/spacenav:/home/turbo/Documents/hisp_ws/install/joy:/home/turbo/Documents/hisp_ws/install/joy_linux:/opt/ros/jazzy/opt/gz_math_vendor:/opt/ros/jazzy/opt/gz_utils_vendor:/opt/ros/jazzy/opt/gz_cmake_vendor:/opt/ros/jazzy DEBUGINFOD_URLS=https://debuginfod.ubuntu.com /usr/bin/cmake --install /home/turbo/Documents/hisp_ws/build/joy
[1.291s] Level 1:colcon.colcon_core.environment:checking '/home/turbo/Documents/hisp_ws/install/joy' for CMake config files
[1.296s] Level 1:colcon.colcon_core.shell:create_environment_hook('joy', 'cmake_prefix_path')
[1.296s] INFO:colcon.colcon_core.shell:Creating environment hook '/home/turbo/Documents/hisp_ws/install/joy/share/joy/hook/cmake_prefix_path.ps1'
[1.297s] INFO:colcon.colcon_core.shell:Creating environment descriptor '/home/turbo/Documents/hisp_ws/install/joy/share/joy/hook/cmake_prefix_path.dsv'
[1.298s] INFO:colcon.colcon_core.shell:Creating environment hook '/home/turbo/Documents/hisp_ws/install/joy/share/joy/hook/cmake_prefix_path.sh'
[1.298s] Level 1:colcon.colcon_core.environment:checking '/home/turbo/Documents/hisp_ws/install/joy/lib'
[1.299s] Level 1:colcon.colcon_core.shell:create_environment_hook('joy', 'ld_library_path_lib')
[1.299s] INFO:colcon.colcon_core.shell:Creating environment hook '/home/turbo/Documents/hisp_ws/install/joy/share/joy/hook/ld_library_path_lib.ps1'
[1.300s] INFO:colcon.colcon_core.shell:Creating environment descriptor '/home/turbo/Documents/hisp_ws/install/joy/share/joy/hook/ld_library_path_lib.dsv'
[1.300s] INFO:colcon.colcon_core.shell:Creating environment hook '/home/turbo/Documents/hisp_ws/install/joy/share/joy/hook/ld_library_path_lib.sh'
[1.301s] Level 1:colcon.colcon_core.environment:checking '/home/turbo/Documents/hisp_ws/install/joy/bin'
[1.301s] Level 1:colcon.colcon_core.environment:checking '/home/turbo/Documents/hisp_ws/install/joy/lib/pkgconfig/joy.pc'
[1.302s] Level 1:colcon.colcon_core.environment:checking '/home/turbo/Documents/hisp_ws/install/joy/lib/python3.12/site-packages'
[1.302s] Level 1:colcon.colcon_core.environment:checking '/home/turbo/Documents/hisp_ws/install/joy/bin'
[1.302s] INFO:colcon.colcon_core.shell:Creating package script '/home/turbo/Documents/hisp_ws/install/joy/share/joy/package.ps1'
[1.305s] INFO:colcon.colcon_core.shell:Creating package descriptor '/home/turbo/Documents/hisp_ws/install/joy/share/joy/package.dsv'
[1.306s] INFO:colcon.colcon_core.shell:Creating package script '/home/turbo/Documents/hisp_ws/install/joy/share/joy/package.sh'
[1.308s] INFO:colcon.colcon_core.shell:Creating package script '/home/turbo/Documents/hisp_ws/install/joy/share/joy/package.bash'
[1.310s] INFO:colcon.colcon_core.shell:Creating package script '/home/turbo/Documents/hisp_ws/install/joy/share/joy/package.zsh'
[1.313s] Level 1:colcon.colcon_core.environment:create_file_with_runtime_dependencies(/home/turbo/Documents/hisp_ws/install/joy/share/colcon-core/packages/joy)
[1.315s] Level 1:colcon.colcon_core.environment:create_environment_scripts_only(joy)
[1.316s] Level 1:colcon.colcon_core.environment:checking '/home/turbo/Documents/hisp_ws/install/joy' for CMake module files
[1.317s] Level 1:colcon.colcon_core.environment:checking '/home/turbo/Documents/hisp_ws/install/joy' for CMake config files
[1.318s] Level 1:colcon.colcon_core.shell:create_environment_hook('joy', 'cmake_prefix_path')
[1.318s] INFO:colcon.colcon_core.shell:Creating environment hook '/home/turbo/Documents/hisp_ws/install/joy/share/joy/hook/cmake_prefix_path.ps1'
[1.319s] INFO:colcon.colcon_core.shell:Creating environment descriptor '/home/turbo/Documents/hisp_ws/install/joy/share/joy/hook/cmake_prefix_path.dsv'
[1.320s] INFO:colcon.colcon_core.shell:Creating environment hook '/home/turbo/Documents/hisp_ws/install/joy/share/joy/hook/cmake_prefix_path.sh'
[1.321s] Level 1:colcon.colcon_core.environment:checking '/home/turbo/Documents/hisp_ws/install/joy/lib'
[1.321s] Level 1:colcon.colcon_core.shell:create_environment_hook('joy', 'ld_library_path_lib')
[1.321s] INFO:colcon.colcon_core.shell:Creating environment hook '/home/turbo/Documents/hisp_ws/install/joy/share/joy/hook/ld_library_path_lib.ps1'
[1.322s] INFO:colcon.colcon_core.shell:Creating environment descriptor '/home/turbo/Documents/hisp_ws/install/joy/share/joy/hook/ld_library_path_lib.dsv'
[1.323s] INFO:colcon.colcon_core.shell:Creating environment hook '/home/turbo/Documents/hisp_ws/install/joy/share/joy/hook/ld_library_path_lib.sh'
[1.323s] Level 1:colcon.colcon_core.environment:checking '/home/turbo/Documents/hisp_ws/install/joy/bin'
[1.323s] Level 1:colcon.colcon_core.environment:checking '/home/turbo/Documents/hisp_ws/install/joy/lib/pkgconfig/joy.pc'
[1.324s] Level 1:colcon.colcon_core.environment:checking '/home/turbo/Documents/hisp_ws/install/joy/lib/python3.12/site-packages'
[1.324s] Level 1:colcon.colcon_core.environment:checking '/home/turbo/Documents/hisp_ws/install/joy/bin'
[1.325s] INFO:colcon.colcon_core.shell:Creating package script '/home/turbo/Documents/hisp_ws/install/joy/share/joy/package.ps1'
[1.326s] INFO:colcon.colcon_core.shell:Creating package descriptor '/home/turbo/Documents/hisp_ws/install/joy/share/joy/package.dsv'
[1.327s] INFO:colcon.colcon_core.shell:Creating package script '/home/turbo/Documents/hisp_ws/install/joy/share/joy/package.sh'
[1.327s] INFO:colcon.colcon_core.shell:Creating package script '/home/turbo/Documents/hisp_ws/install/joy/share/joy/package.bash'
[1.328s] INFO:colcon.colcon_core.shell:Creating package script '/home/turbo/Documents/hisp_ws/install/joy/share/joy/package.zsh'
[1.329s] Level 1:colcon.colcon_core.environment:create_file_with_runtime_dependencies(/home/turbo/Documents/hisp_ws/install/joy/share/colcon-core/packages/joy)
[1.330s] DEBUG:colcon.colcon_parallel_executor.executor.parallel:closing loop
[1.330s] DEBUG:colcon.colcon_parallel_executor.executor.parallel:loop closed
[1.330s] DEBUG:colcon.colcon_parallel_executor.executor.parallel:run_until_complete finished with '0'
[1.331s] DEBUG:colcon.colcon_core.event_reactor:joining thread
[1.344s] INFO:colcon.colcon_core.plugin_system:Skipping extension 'colcon_notification.desktop_notification.terminal_notifier': Not used on non-Darwin systems
[1.344s] INFO:colcon.colcon_core.plugin_system:Skipping extension 'colcon_notification.desktop_notification.win32': Not used on non-Windows systems
[1.344s] INFO:colcon.colcon_notification.desktop_notification:Sending desktop notification using 'notify2'
[1.374s] DEBUG:colcon.colcon_core.event_reactor:joined thread
[1.374s] INFO:colcon.colcon_core.shell:Creating prefix script '/home/turbo/Documents/hisp_ws/install/local_setup.ps1'
[1.376s] INFO:colcon.colcon_core.shell:Creating prefix util module '/home/turbo/Documents/hisp_ws/install/_local_setup_util_ps1.py'
[1.378s] INFO:colcon.colcon_core.shell:Creating prefix chain script '/home/turbo/Documents/hisp_ws/install/setup.ps1'
[1.381s] INFO:colcon.colcon_core.shell:Creating prefix script '/home/turbo/Documents/hisp_ws/install/local_setup.sh'
[1.384s] INFO:colcon.colcon_core.shell:Creating prefix util module '/home/turbo/Documents/hisp_ws/install/_local_setup_util_sh.py'
[1.386s] INFO:colcon.colcon_core.shell:Creating prefix chain script '/home/turbo/Documents/hisp_ws/install/setup.sh'
[1.388s] INFO:colcon.colcon_core.shell:Creating prefix script '/home/turbo/Documents/hisp_ws/install/local_setup.bash'
[1.390s] INFO:colcon.colcon_core.shell:Creating prefix chain script '/home/turbo/Documents/hisp_ws/install/setup.bash'
[1.392s] INFO:colcon.colcon_core.shell:Creating prefix script '/home/turbo/Documents/hisp_ws/install/local_setup.zsh'
[1.395s] INFO:colcon.colcon_core.shell:Creating prefix chain script '/home/turbo/Documents/hisp_ws/install/setup.zsh'
