[0.091s] Invoking command in '/home/turbo/Documents/hisp_ws/build/joy_linux': CMAKE_PREFIX_PATH=${CMAKE_PREFIX_PATH}:/opt/ros/jazzy DEBUGINFOD_URLS=https://debuginfod.ubuntu.com /usr/bin/cmake --build /home/turbo/Documents/hisp_ws/build/joy_linux -- -j4 -l4
[0.838s] [100%] Built target joy_linux_node
[0.884s] Invoked command in '/home/turbo/Documents/hisp_ws/build/joy_linux' returned '0': CMAKE_PREFIX_PATH=${CMAKE_PREFIX_PATH}:/opt/ros/jazzy DEBUGINFOD_URLS=https://debuginfod.ubuntu.com /usr/bin/cmake --build /home/turbo/Documents/hisp_ws/build/joy_linux -- -j4 -l4
[0.897s] Invoking command in '/home/turbo/Documents/hisp_ws/build/joy_linux': CMAKE_PREFIX_PATH=${CMAKE_PREFIX_PATH}:/opt/ros/jazzy DEBUGINFOD_URLS=https://debuginfod.ubuntu.com /usr/bin/cmake --install /home/turbo/Documents/hisp_ws/build/joy_linux
[0.932s] -- Install configuration: "Release"
[0.934s] -- Execute custom install script
[0.935s] -- Up-to-date symlink: /home/turbo/Documents/hisp_ws/install/joy_linux/lib/joy_linux/joy_linux_node
[0.936s] -- Up-to-date symlink: /home/turbo/Documents/hisp_ws/install/joy_linux/share/ament_index/resource_index/package_run_dependencies/joy_linux
[0.938s] -- Up-to-date symlink: /home/turbo/Documents/hisp_ws/install/joy_linux/share/ament_index/resource_index/parent_prefix_path/joy_linux
[0.938s] -- Up-to-date symlink: /home/turbo/Documents/hisp_ws/install/joy_linux/share/joy_linux/environment/ament_prefix_path.sh
[0.938s] -- Up-to-date symlink: /home/turbo/Documents/hisp_ws/install/joy_linux/share/joy_linux/environment/ament_prefix_path.dsv
[0.938s] -- Up-to-date symlink: /home/turbo/Documents/hisp_ws/install/joy_linux/share/joy_linux/environment/path.sh
[0.942s] -- Up-to-date symlink: /home/turbo/Documents/hisp_ws/install/joy_linux/share/joy_linux/environment/path.dsv
[0.942s] -- Up-to-date symlink: /home/turbo/Documents/hisp_ws/install/joy_linux/share/joy_linux/local_setup.bash
[0.942s] -- Up-to-date symlink: /home/turbo/Documents/hisp_ws/install/joy_linux/share/joy_linux/local_setup.sh
[0.942s] -- Up-to-date symlink: /home/turbo/Documents/hisp_ws/install/joy_linux/share/joy_linux/local_setup.zsh
[0.942s] -- Up-to-date symlink: /home/turbo/Documents/hisp_ws/install/joy_linux/share/joy_linux/local_setup.dsv
[0.943s] -- Symlinking: /home/turbo/Documents/hisp_ws/install/joy_linux/share/joy_linux/package.dsv
[0.965s] -- Up-to-date symlink: /home/turbo/Documents/hisp_ws/install/joy_linux/share/ament_index/resource_index/packages/joy_linux
[0.966s] -- Up-to-date symlink: /home/turbo/Documents/hisp_ws/install/joy_linux/share/joy_linux/cmake/joy_linuxConfig.cmake
[0.966s] -- Up-to-date symlink: /home/turbo/Documents/hisp_ws/install/joy_linux/share/joy_linux/cmake/joy_linuxConfig-version.cmake
[0.967s] -- Up-to-date symlink: /home/turbo/Documents/hisp_ws/install/joy_linux/share/joy_linux/package.xml
[1.009s] Invoked command in '/home/turbo/Documents/hisp_ws/build/joy_linux' returned '0': CMAKE_PREFIX_PATH=${CMAKE_PREFIX_PATH}:/opt/ros/jazzy DEBUGINFOD_URLS=https://debuginfod.ubuntu.com /usr/bin/cmake --install /home/turbo/Documents/hisp_ws/build/joy_linux
