[0.139s] DEBUG:colcon:Command line arguments: ['/usr/bin/colcon', 'build']
[0.139s] DEBUG:colcon:Parsed command line arguments: Namespace(log_base=None, log_level=None, verb_name='build', build_base='build', install_base='install', merge_install=False, symlink_install=False, test_result_base=None, continue_on_error=False, executor='parallel', parallel_workers=4, event_handlers=None, ignore_user_meta=False, metas=['./colcon.meta'], base_paths=['.'], packages_ignore=None, packages_ignore_regex=None, paths=None, packages_up_to=None, packages_up_to_regex=None, packages_above=None, packages_above_and_dependencies=None, packages_above_depth=None, packages_select_by_dep=None, packages_skip_by_dep=None, packages_skip_up_to=None, packages_select_build_failed=False, packages_skip_build_finished=False, packages_select_test_failures=False, packages_skip_test_passed=False, packages_select=None, packages_skip=None, packages_select_regex=None, packages_skip_regex=None, packages_start=None, packages_end=None, allow_overriding=[], cmake_args=None, cmake_target=None, cmake_target_skip_unavailable=False, cmake_clean_cache=False, cmake_clean_first=False, cmake_force_configure=False, ament_cmake_args=None, catkin_cmake_args=None, catkin_skip_building_tests=False, mixin_files=None, mixin=None, verb_parser=<colcon_mixin.mixin.mixin_argument.MixinArgumentDecorator object at 0xffffa026e990>, verb_extension=<colcon_core.verb.build.BuildVerb object at 0xffffa041eed0>, main=<bound method BuildVerb.main of <colcon_core.verb.build.BuildVerb object at 0xffffa041eed0>>, mixin_verb=('build',))
[0.197s] Level 1:colcon.colcon_core.package_discovery:discover_packages(colcon_meta) check parameters
[0.198s] Level 1:colcon.colcon_core.package_discovery:discover_packages(recursive) check parameters
[0.198s] Level 1:colcon.colcon_core.package_discovery:discover_packages(ignore) check parameters
[0.198s] Level 1:colcon.colcon_core.package_discovery:discover_packages(path) check parameters
[0.198s] Level 1:colcon.colcon_core.package_discovery:discover_packages(colcon_meta) discover
[0.198s] Level 1:colcon.colcon_core.package_discovery:discover_packages(recursive) discover
[0.198s] INFO:colcon.colcon_core.package_discovery:Crawling recursively for packages in '/home/turbo/Documents/hisp_ws'
[0.198s] Level 1:colcon.colcon_core.package_identification:_identify(.) by extensions ['ignore', 'ignore_ament_install']
[0.198s] Level 1:colcon.colcon_core.package_identification:_identify(.) by extension 'ignore'
[0.198s] Level 1:colcon.colcon_core.package_identification:_identify(.) by extension 'ignore_ament_install'
[0.198s] Level 1:colcon.colcon_core.package_identification:_identify(.) by extensions ['colcon_pkg']
[0.198s] Level 1:colcon.colcon_core.package_identification:_identify(.) by extension 'colcon_pkg'
[0.198s] Level 1:colcon.colcon_core.package_identification:_identify(.) by extensions ['colcon_meta']
[0.199s] Level 1:colcon.colcon_core.package_identification:_identify(.) by extension 'colcon_meta'
[0.199s] Level 1:colcon.colcon_core.package_identification:_identify(.) by extensions ['ros']
[0.199s] Level 1:colcon.colcon_core.package_identification:_identify(.) by extension 'ros'
[0.235s] Level 1:colcon.colcon_core.package_identification:_identify(.) by extensions ['cmake', 'python']
[0.235s] Level 1:colcon.colcon_core.package_identification:_identify(.) by extension 'cmake'
[0.235s] Level 1:colcon.colcon_core.package_identification:_identify(.) by extension 'python'
[0.235s] Level 1:colcon.colcon_core.package_identification:_identify(.) by extensions ['python_setup_py']
[0.235s] Level 1:colcon.colcon_core.package_identification:_identify(.) by extension 'python_setup_py'
[0.235s] Level 1:colcon.colcon_core.package_identification:_identify(build) by extensions ['ignore', 'ignore_ament_install']
[0.235s] Level 1:colcon.colcon_core.package_identification:_identify(build) by extension 'ignore'
[0.235s] Level 1:colcon.colcon_core.package_identification:_identify(build) ignored
[0.236s] Level 1:colcon.colcon_core.package_identification:_identify(install) by extensions ['ignore', 'ignore_ament_install']
[0.236s] Level 1:colcon.colcon_core.package_identification:_identify(install) by extension 'ignore'
[0.236s] Level 1:colcon.colcon_core.package_identification:_identify(install) ignored
[0.236s] Level 1:colcon.colcon_core.package_identification:_identify(log) by extensions ['ignore', 'ignore_ament_install']
[0.236s] Level 1:colcon.colcon_core.package_identification:_identify(log) by extension 'ignore'
[0.236s] Level 1:colcon.colcon_core.package_identification:_identify(log) ignored
[0.236s] Level 1:colcon.colcon_core.package_identification:_identify(src) by extensions ['ignore', 'ignore_ament_install']
[0.236s] Level 1:colcon.colcon_core.package_identification:_identify(src) by extension 'ignore'
[0.236s] Level 1:colcon.colcon_core.package_identification:_identify(src) by extension 'ignore_ament_install'
[0.236s] Level 1:colcon.colcon_core.package_identification:_identify(src) by extensions ['colcon_pkg']
[0.236s] Level 1:colcon.colcon_core.package_identification:_identify(src) by extension 'colcon_pkg'
[0.236s] Level 1:colcon.colcon_core.package_identification:_identify(src) by extensions ['colcon_meta']
[0.236s] Level 1:colcon.colcon_core.package_identification:_identify(src) by extension 'colcon_meta'
[0.236s] Level 1:colcon.colcon_core.package_identification:_identify(src) by extensions ['ros']
[0.237s] Level 1:colcon.colcon_core.package_identification:_identify(src) by extension 'ros'
[0.237s] Level 1:colcon.colcon_core.package_identification:_identify(src) by extensions ['cmake', 'python']
[0.237s] Level 1:colcon.colcon_core.package_identification:_identify(src) by extension 'cmake'
[0.237s] Level 1:colcon.colcon_core.package_identification:_identify(src) by extension 'python'
[0.237s] Level 1:colcon.colcon_core.package_identification:_identify(src) by extensions ['python_setup_py']
[0.237s] Level 1:colcon.colcon_core.package_identification:_identify(src) by extension 'python_setup_py'
[0.237s] Level 1:colcon.colcon_core.package_identification:_identify(src/MS200_ros) by extensions ['ignore', 'ignore_ament_install']
[0.237s] Level 1:colcon.colcon_core.package_identification:_identify(src/MS200_ros) by extension 'ignore'
[0.237s] Level 1:colcon.colcon_core.package_identification:_identify(src/MS200_ros) by extension 'ignore_ament_install'
[0.237s] Level 1:colcon.colcon_core.package_identification:_identify(src/MS200_ros) by extensions ['colcon_pkg']
[0.237s] Level 1:colcon.colcon_core.package_identification:_identify(src/MS200_ros) by extension 'colcon_pkg'
[0.237s] Level 1:colcon.colcon_core.package_identification:_identify(src/MS200_ros) by extensions ['colcon_meta']
[0.237s] Level 1:colcon.colcon_core.package_identification:_identify(src/MS200_ros) by extension 'colcon_meta'
[0.237s] Level 1:colcon.colcon_core.package_identification:_identify(src/MS200_ros) by extensions ['ros']
[0.237s] Level 1:colcon.colcon_core.package_identification:_identify(src/MS200_ros) by extension 'ros'
[0.240s] DEBUG:colcon.colcon_core.package_identification:Package 'src/MS200_ros' with type 'ros.ament_cmake' and name 'oradar_lidar'
[0.241s] Level 1:colcon.colcon_core.package_identification:_identify(src/joystick_drivers) by extensions ['ignore', 'ignore_ament_install']
[0.241s] Level 1:colcon.colcon_core.package_identification:_identify(src/joystick_drivers) by extension 'ignore'
[0.241s] Level 1:colcon.colcon_core.package_identification:_identify(src/joystick_drivers) by extension 'ignore_ament_install'
[0.241s] Level 1:colcon.colcon_core.package_identification:_identify(src/joystick_drivers) by extensions ['colcon_pkg']
[0.241s] Level 1:colcon.colcon_core.package_identification:_identify(src/joystick_drivers) by extension 'colcon_pkg'
[0.241s] Level 1:colcon.colcon_core.package_identification:_identify(src/joystick_drivers) by extensions ['colcon_meta']
[0.241s] Level 1:colcon.colcon_core.package_identification:_identify(src/joystick_drivers) by extension 'colcon_meta'
[0.241s] Level 1:colcon.colcon_core.package_identification:_identify(src/joystick_drivers) by extensions ['ros']
[0.241s] Level 1:colcon.colcon_core.package_identification:_identify(src/joystick_drivers) by extension 'ros'
[0.241s] Level 1:colcon.colcon_core.package_identification:_identify(src/joystick_drivers) by extensions ['cmake', 'python']
[0.241s] Level 1:colcon.colcon_core.package_identification:_identify(src/joystick_drivers) by extension 'cmake'
[0.241s] Level 1:colcon.colcon_core.package_identification:_identify(src/joystick_drivers) by extension 'python'
[0.241s] Level 1:colcon.colcon_core.package_identification:_identify(src/joystick_drivers) by extensions ['python_setup_py']
[0.241s] Level 1:colcon.colcon_core.package_identification:_identify(src/joystick_drivers) by extension 'python_setup_py'
[0.242s] Level 1:colcon.colcon_core.package_identification:_identify(src/joystick_drivers/joy) by extensions ['ignore', 'ignore_ament_install']
[0.242s] Level 1:colcon.colcon_core.package_identification:_identify(src/joystick_drivers/joy) by extension 'ignore'
[0.242s] Level 1:colcon.colcon_core.package_identification:_identify(src/joystick_drivers/joy) by extension 'ignore_ament_install'
[0.242s] Level 1:colcon.colcon_core.package_identification:_identify(src/joystick_drivers/joy) by extensions ['colcon_pkg']
[0.242s] Level 1:colcon.colcon_core.package_identification:_identify(src/joystick_drivers/joy) by extension 'colcon_pkg'
[0.242s] Level 1:colcon.colcon_core.package_identification:_identify(src/joystick_drivers/joy) by extensions ['colcon_meta']
[0.242s] Level 1:colcon.colcon_core.package_identification:_identify(src/joystick_drivers/joy) by extension 'colcon_meta'
[0.242s] Level 1:colcon.colcon_core.package_identification:_identify(src/joystick_drivers/joy) by extensions ['ros']
[0.242s] Level 1:colcon.colcon_core.package_identification:_identify(src/joystick_drivers/joy) by extension 'ros'
[0.243s] DEBUG:colcon.colcon_core.package_identification:Package 'src/joystick_drivers/joy' with type 'ros.ament_cmake' and name 'joy'
[0.243s] Level 1:colcon.colcon_core.package_identification:_identify(src/joystick_drivers/joy_linux) by extensions ['ignore', 'ignore_ament_install']
[0.243s] Level 1:colcon.colcon_core.package_identification:_identify(src/joystick_drivers/joy_linux) by extension 'ignore'
[0.243s] Level 1:colcon.colcon_core.package_identification:_identify(src/joystick_drivers/joy_linux) by extension 'ignore_ament_install'
[0.243s] Level 1:colcon.colcon_core.package_identification:_identify(src/joystick_drivers/joy_linux) by extensions ['colcon_pkg']
[0.243s] Level 1:colcon.colcon_core.package_identification:_identify(src/joystick_drivers/joy_linux) by extension 'colcon_pkg'
[0.243s] Level 1:colcon.colcon_core.package_identification:_identify(src/joystick_drivers/joy_linux) by extensions ['colcon_meta']
[0.243s] Level 1:colcon.colcon_core.package_identification:_identify(src/joystick_drivers/joy_linux) by extension 'colcon_meta'
[0.243s] Level 1:colcon.colcon_core.package_identification:_identify(src/joystick_drivers/joy_linux) by extensions ['ros']
[0.243s] Level 1:colcon.colcon_core.package_identification:_identify(src/joystick_drivers/joy_linux) by extension 'ros'
[0.244s] DEBUG:colcon.colcon_core.package_identification:Package 'src/joystick_drivers/joy_linux' with type 'ros.ament_cmake' and name 'joy_linux'
[0.245s] Level 1:colcon.colcon_core.package_identification:_identify(src/joystick_drivers/joystick_drivers) by extensions ['ignore', 'ignore_ament_install']
[0.245s] Level 1:colcon.colcon_core.package_identification:_identify(src/joystick_drivers/joystick_drivers) by extension 'ignore'
[0.245s] Level 1:colcon.colcon_core.package_identification:_identify(src/joystick_drivers/joystick_drivers) by extension 'ignore_ament_install'
[0.245s] Level 1:colcon.colcon_core.package_identification:_identify(src/joystick_drivers/joystick_drivers) by extensions ['colcon_pkg']
[0.245s] Level 1:colcon.colcon_core.package_identification:_identify(src/joystick_drivers/joystick_drivers) by extension 'colcon_pkg'
[0.245s] Level 1:colcon.colcon_core.package_identification:_identify(src/joystick_drivers/joystick_drivers) by extensions ['colcon_meta']
[0.245s] Level 1:colcon.colcon_core.package_identification:_identify(src/joystick_drivers/joystick_drivers) by extension 'colcon_meta'
[0.245s] Level 1:colcon.colcon_core.package_identification:_identify(src/joystick_drivers/joystick_drivers) by extensions ['ros']
[0.245s] Level 1:colcon.colcon_core.package_identification:_identify(src/joystick_drivers/joystick_drivers) by extension 'ros'
[0.245s] Level 1:colcon.colcon_core.package_identification:_identify(src/joystick_drivers/joystick_drivers) ignored
[0.245s] Level 1:colcon.colcon_core.package_identification:_identify(src/joystick_drivers/ps3joy) by extensions ['ignore', 'ignore_ament_install']
[0.245s] Level 1:colcon.colcon_core.package_identification:_identify(src/joystick_drivers/ps3joy) by extension 'ignore'
[0.245s] Level 1:colcon.colcon_core.package_identification:_identify(src/joystick_drivers/ps3joy) by extension 'ignore_ament_install'
[0.245s] Level 1:colcon.colcon_core.package_identification:_identify(src/joystick_drivers/ps3joy) by extensions ['colcon_pkg']
[0.245s] Level 1:colcon.colcon_core.package_identification:_identify(src/joystick_drivers/ps3joy) by extension 'colcon_pkg'
[0.246s] Level 1:colcon.colcon_core.package_identification:_identify(src/joystick_drivers/ps3joy) by extensions ['colcon_meta']
[0.246s] Level 1:colcon.colcon_core.package_identification:_identify(src/joystick_drivers/ps3joy) by extension 'colcon_meta'
[0.246s] Level 1:colcon.colcon_core.package_identification:_identify(src/joystick_drivers/ps3joy) by extensions ['ros']
[0.246s] Level 1:colcon.colcon_core.package_identification:_identify(src/joystick_drivers/ps3joy) by extension 'ros'
[0.246s] Level 1:colcon.colcon_core.package_identification:_identify(src/joystick_drivers/ps3joy) ignored
[0.246s] Level 1:colcon.colcon_core.package_identification:_identify(src/joystick_drivers/sdl2_vendor) by extensions ['ignore', 'ignore_ament_install']
[0.246s] Level 1:colcon.colcon_core.package_identification:_identify(src/joystick_drivers/sdl2_vendor) by extension 'ignore'
[0.246s] Level 1:colcon.colcon_core.package_identification:_identify(src/joystick_drivers/sdl2_vendor) by extension 'ignore_ament_install'
[0.246s] Level 1:colcon.colcon_core.package_identification:_identify(src/joystick_drivers/sdl2_vendor) by extensions ['colcon_pkg']
[0.246s] Level 1:colcon.colcon_core.package_identification:_identify(src/joystick_drivers/sdl2_vendor) by extension 'colcon_pkg'
[0.246s] Level 1:colcon.colcon_core.package_identification:_identify(src/joystick_drivers/sdl2_vendor) by extensions ['colcon_meta']
[0.246s] Level 1:colcon.colcon_core.package_identification:_identify(src/joystick_drivers/sdl2_vendor) by extension 'colcon_meta'
[0.246s] Level 1:colcon.colcon_core.package_identification:_identify(src/joystick_drivers/sdl2_vendor) by extensions ['ros']
[0.246s] Level 1:colcon.colcon_core.package_identification:_identify(src/joystick_drivers/sdl2_vendor) by extension 'ros'
[0.247s] DEBUG:colcon.colcon_core.package_identification:Package 'src/joystick_drivers/sdl2_vendor' with type 'ros.ament_cmake' and name 'sdl2_vendor'
[0.247s] Level 1:colcon.colcon_core.package_identification:_identify(src/joystick_drivers/spacenav) by extensions ['ignore', 'ignore_ament_install']
[0.247s] Level 1:colcon.colcon_core.package_identification:_identify(src/joystick_drivers/spacenav) by extension 'ignore'
[0.247s] Level 1:colcon.colcon_core.package_identification:_identify(src/joystick_drivers/spacenav) by extension 'ignore_ament_install'
[0.247s] Level 1:colcon.colcon_core.package_identification:_identify(src/joystick_drivers/spacenav) by extensions ['colcon_pkg']
[0.247s] Level 1:colcon.colcon_core.package_identification:_identify(src/joystick_drivers/spacenav) by extension 'colcon_pkg'
[0.247s] Level 1:colcon.colcon_core.package_identification:_identify(src/joystick_drivers/spacenav) by extensions ['colcon_meta']
[0.247s] Level 1:colcon.colcon_core.package_identification:_identify(src/joystick_drivers/spacenav) by extension 'colcon_meta'
[0.247s] Level 1:colcon.colcon_core.package_identification:_identify(src/joystick_drivers/spacenav) by extensions ['ros']
[0.247s] Level 1:colcon.colcon_core.package_identification:_identify(src/joystick_drivers/spacenav) by extension 'ros'
[0.248s] DEBUG:colcon.colcon_core.package_identification:Package 'src/joystick_drivers/spacenav' with type 'ros.ament_cmake' and name 'spacenav'
[0.248s] Level 1:colcon.colcon_core.package_discovery:discover_packages(recursive) using defaults
[0.248s] Level 1:colcon.colcon_core.package_discovery:discover_packages(ignore) discover
[0.248s] Level 1:colcon.colcon_core.package_discovery:discover_packages(ignore) using defaults
[0.248s] Level 1:colcon.colcon_core.package_discovery:discover_packages(path) discover
[0.248s] Level 1:colcon.colcon_core.package_discovery:discover_packages(path) using defaults
[0.272s] Level 1:colcon.colcon_core.package_discovery:discover_packages(prefix_path) check parameters
[0.272s] Level 1:colcon.colcon_core.package_discovery:discover_packages(prefix_path) discover
[0.274s] DEBUG:colcon.colcon_installed_package_information.package_discovery:Found 6 installed packages in /home/turbo/Documents/hisp_ws/install
[0.276s] DEBUG:colcon.colcon_installed_package_information.package_discovery:Found 223 installed packages in /opt/ros/jazzy
[0.277s] Level 1:colcon.colcon_core.package_discovery:discover_packages(prefix_path) using defaults
[0.321s] Level 5:colcon.colcon_core.verb:set package 'joy_linux' build argument 'cmake_args' from command line to 'None'
[0.321s] Level 5:colcon.colcon_core.verb:set package 'joy_linux' build argument 'cmake_target' from command line to 'None'
[0.321s] Level 5:colcon.colcon_core.verb:set package 'joy_linux' build argument 'cmake_target_skip_unavailable' from command line to 'False'
[0.321s] Level 5:colcon.colcon_core.verb:set package 'joy_linux' build argument 'cmake_clean_cache' from command line to 'False'
[0.321s] Level 5:colcon.colcon_core.verb:set package 'joy_linux' build argument 'cmake_clean_first' from command line to 'False'
[0.321s] Level 5:colcon.colcon_core.verb:set package 'joy_linux' build argument 'cmake_force_configure' from command line to 'False'
[0.321s] Level 5:colcon.colcon_core.verb:set package 'joy_linux' build argument 'ament_cmake_args' from command line to 'None'
[0.321s] Level 5:colcon.colcon_core.verb:set package 'joy_linux' build argument 'catkin_cmake_args' from command line to 'None'
[0.321s] Level 5:colcon.colcon_core.verb:set package 'joy_linux' build argument 'catkin_skip_building_tests' from command line to 'False'
[0.321s] DEBUG:colcon.colcon_core.verb:Building package 'joy_linux' with the following arguments: {'ament_cmake_args': None, 'build_base': '/home/turbo/Documents/hisp_ws/build/joy_linux', 'catkin_cmake_args': None, 'catkin_skip_building_tests': False, 'cmake_args': None, 'cmake_clean_cache': False, 'cmake_clean_first': False, 'cmake_force_configure': False, 'cmake_target': None, 'cmake_target_skip_unavailable': False, 'install_base': '/home/turbo/Documents/hisp_ws/install/joy_linux', 'merge_install': False, 'path': '/home/turbo/Documents/hisp_ws/src/joystick_drivers/joy_linux', 'symlink_install': False, 'test_result_base': None}
[0.322s] Level 5:colcon.colcon_core.verb:set package 'oradar_lidar' build argument 'cmake_args' from command line to 'None'
[0.322s] Level 5:colcon.colcon_core.verb:set package 'oradar_lidar' build argument 'cmake_target' from command line to 'None'
[0.322s] Level 5:colcon.colcon_core.verb:set package 'oradar_lidar' build argument 'cmake_target_skip_unavailable' from command line to 'False'
[0.322s] Level 5:colcon.colcon_core.verb:set package 'oradar_lidar' build argument 'cmake_clean_cache' from command line to 'False'
[0.322s] Level 5:colcon.colcon_core.verb:set package 'oradar_lidar' build argument 'cmake_clean_first' from command line to 'False'
[0.322s] Level 5:colcon.colcon_core.verb:set package 'oradar_lidar' build argument 'cmake_force_configure' from command line to 'False'
[0.322s] Level 5:colcon.colcon_core.verb:set package 'oradar_lidar' build argument 'ament_cmake_args' from command line to 'None'
[0.322s] Level 5:colcon.colcon_core.verb:set package 'oradar_lidar' build argument 'catkin_cmake_args' from command line to 'None'
[0.322s] Level 5:colcon.colcon_core.verb:set package 'oradar_lidar' build argument 'catkin_skip_building_tests' from command line to 'False'
[0.322s] DEBUG:colcon.colcon_core.verb:Building package 'oradar_lidar' with the following arguments: {'ament_cmake_args': None, 'build_base': '/home/turbo/Documents/hisp_ws/build/oradar_lidar', 'catkin_cmake_args': None, 'catkin_skip_building_tests': False, 'cmake_args': None, 'cmake_clean_cache': False, 'cmake_clean_first': False, 'cmake_force_configure': False, 'cmake_target': None, 'cmake_target_skip_unavailable': False, 'install_base': '/home/turbo/Documents/hisp_ws/install/oradar_lidar', 'merge_install': False, 'path': '/home/turbo/Documents/hisp_ws/src/MS200_ros', 'symlink_install': False, 'test_result_base': None}
[0.322s] Level 5:colcon.colcon_core.verb:set package 'sdl2_vendor' build argument 'cmake_args' from command line to 'None'
[0.322s] Level 5:colcon.colcon_core.verb:set package 'sdl2_vendor' build argument 'cmake_target' from command line to 'None'
[0.322s] Level 5:colcon.colcon_core.verb:set package 'sdl2_vendor' build argument 'cmake_target_skip_unavailable' from command line to 'False'
[0.322s] Level 5:colcon.colcon_core.verb:set package 'sdl2_vendor' build argument 'cmake_clean_cache' from command line to 'False'
[0.322s] Level 5:colcon.colcon_core.verb:set package 'sdl2_vendor' build argument 'cmake_clean_first' from command line to 'False'
[0.322s] Level 5:colcon.colcon_core.verb:set package 'sdl2_vendor' build argument 'cmake_force_configure' from command line to 'False'
[0.322s] Level 5:colcon.colcon_core.verb:set package 'sdl2_vendor' build argument 'ament_cmake_args' from command line to 'None'
[0.322s] Level 5:colcon.colcon_core.verb:set package 'sdl2_vendor' build argument 'catkin_cmake_args' from command line to 'None'
[0.322s] Level 5:colcon.colcon_core.verb:set package 'sdl2_vendor' build argument 'catkin_skip_building_tests' from command line to 'False'
[0.322s] DEBUG:colcon.colcon_core.verb:Building package 'sdl2_vendor' with the following arguments: {'ament_cmake_args': None, 'build_base': '/home/turbo/Documents/hisp_ws/build/sdl2_vendor', 'catkin_cmake_args': None, 'catkin_skip_building_tests': False, 'cmake_args': None, 'cmake_clean_cache': False, 'cmake_clean_first': False, 'cmake_force_configure': False, 'cmake_target': None, 'cmake_target_skip_unavailable': False, 'install_base': '/home/turbo/Documents/hisp_ws/install/sdl2_vendor', 'merge_install': False, 'path': '/home/turbo/Documents/hisp_ws/src/joystick_drivers/sdl2_vendor', 'symlink_install': False, 'test_result_base': None}
[0.323s] Level 5:colcon.colcon_core.verb:set package 'spacenav' build argument 'cmake_args' from command line to 'None'
[0.323s] Level 5:colcon.colcon_core.verb:set package 'spacenav' build argument 'cmake_target' from command line to 'None'
[0.323s] Level 5:colcon.colcon_core.verb:set package 'spacenav' build argument 'cmake_target_skip_unavailable' from command line to 'False'
[0.323s] Level 5:colcon.colcon_core.verb:set package 'spacenav' build argument 'cmake_clean_cache' from command line to 'False'
[0.323s] Level 5:colcon.colcon_core.verb:set package 'spacenav' build argument 'cmake_clean_first' from command line to 'False'
[0.323s] Level 5:colcon.colcon_core.verb:set package 'spacenav' build argument 'cmake_force_configure' from command line to 'False'
[0.323s] Level 5:colcon.colcon_core.verb:set package 'spacenav' build argument 'ament_cmake_args' from command line to 'None'
[0.323s] Level 5:colcon.colcon_core.verb:set package 'spacenav' build argument 'catkin_cmake_args' from command line to 'None'
[0.323s] Level 5:colcon.colcon_core.verb:set package 'spacenav' build argument 'catkin_skip_building_tests' from command line to 'False'
[0.323s] DEBUG:colcon.colcon_core.verb:Building package 'spacenav' with the following arguments: {'ament_cmake_args': None, 'build_base': '/home/turbo/Documents/hisp_ws/build/spacenav', 'catkin_cmake_args': None, 'catkin_skip_building_tests': False, 'cmake_args': None, 'cmake_clean_cache': False, 'cmake_clean_first': False, 'cmake_force_configure': False, 'cmake_target': None, 'cmake_target_skip_unavailable': False, 'install_base': '/home/turbo/Documents/hisp_ws/install/spacenav', 'merge_install': False, 'path': '/home/turbo/Documents/hisp_ws/src/joystick_drivers/spacenav', 'symlink_install': False, 'test_result_base': None}
[0.323s] Level 5:colcon.colcon_core.verb:set package 'joy' build argument 'cmake_args' from command line to 'None'
[0.323s] Level 5:colcon.colcon_core.verb:set package 'joy' build argument 'cmake_target' from command line to 'None'
[0.323s] Level 5:colcon.colcon_core.verb:set package 'joy' build argument 'cmake_target_skip_unavailable' from command line to 'False'
[0.323s] Level 5:colcon.colcon_core.verb:set package 'joy' build argument 'cmake_clean_cache' from command line to 'False'
[0.323s] Level 5:colcon.colcon_core.verb:set package 'joy' build argument 'cmake_clean_first' from command line to 'False'
[0.323s] Level 5:colcon.colcon_core.verb:set package 'joy' build argument 'cmake_force_configure' from command line to 'False'
[0.323s] Level 5:colcon.colcon_core.verb:set package 'joy' build argument 'ament_cmake_args' from command line to 'None'
[0.324s] Level 5:colcon.colcon_core.verb:set package 'joy' build argument 'catkin_cmake_args' from command line to 'None'
[0.324s] Level 5:colcon.colcon_core.verb:set package 'joy' build argument 'catkin_skip_building_tests' from command line to 'False'
[0.324s] DEBUG:colcon.colcon_core.verb:Building package 'joy' with the following arguments: {'ament_cmake_args': None, 'build_base': '/home/turbo/Documents/hisp_ws/build/joy', 'catkin_cmake_args': None, 'catkin_skip_building_tests': False, 'cmake_args': None, 'cmake_clean_cache': False, 'cmake_clean_first': False, 'cmake_force_configure': False, 'cmake_target': None, 'cmake_target_skip_unavailable': False, 'install_base': '/home/turbo/Documents/hisp_ws/install/joy', 'merge_install': False, 'path': '/home/turbo/Documents/hisp_ws/src/joystick_drivers/joy', 'symlink_install': False, 'test_result_base': None}
[0.324s] INFO:colcon.colcon_core.executor:Executing jobs using 'parallel' executor
[0.325s] DEBUG:colcon.colcon_parallel_executor.executor.parallel:run_until_complete
[0.326s] INFO:colcon.colcon_ros.task.ament_cmake.build:Building ROS package in '/home/turbo/Documents/hisp_ws/src/joystick_drivers/sdl2_vendor' with build type 'ament_cmake'
[0.326s] INFO:colcon.colcon_cmake.task.cmake.build:Building CMake package in '/home/turbo/Documents/hisp_ws/src/joystick_drivers/sdl2_vendor'
[0.330s] INFO:colcon.colcon_core.plugin_system:Skipping extension 'colcon_core.shell.bat': Not used on non-Windows systems
[0.331s] INFO:colcon.colcon_core.shell:Skip shell extension 'powershell' for command environment: Not usable outside of PowerShell
[0.331s] DEBUG:colcon.colcon_core.shell:Skip shell extension 'dsv' for command environment
[0.339s] INFO:colcon.colcon_ros.task.ament_cmake.build:Building ROS package in '/home/turbo/Documents/hisp_ws/src/joystick_drivers/joy_linux' with build type 'ament_cmake'
[0.339s] INFO:colcon.colcon_cmake.task.cmake.build:Building CMake package in '/home/turbo/Documents/hisp_ws/src/joystick_drivers/joy_linux'
[0.340s] INFO:colcon.colcon_core.shell:Skip shell extension 'powershell' for command environment: Not usable outside of PowerShell
[0.340s] DEBUG:colcon.colcon_core.shell:Skip shell extension 'dsv' for command environment
[0.346s] INFO:colcon.colcon_ros.task.ament_cmake.build:Building ROS package in '/home/turbo/Documents/hisp_ws/src/MS200_ros' with build type 'ament_cmake'
[0.356s] INFO:colcon.colcon_cmake.task.cmake.build:Building CMake package in '/home/turbo/Documents/hisp_ws/src/MS200_ros'
[0.356s] INFO:colcon.colcon_core.shell:Skip shell extension 'powershell' for command environment: Not usable outside of PowerShell
[0.357s] DEBUG:colcon.colcon_core.shell:Skip shell extension 'dsv' for command environment
[0.369s] INFO:colcon.colcon_ros.task.ament_cmake.build:Building ROS package in '/home/turbo/Documents/hisp_ws/src/joystick_drivers/spacenav' with build type 'ament_cmake'
[0.369s] INFO:colcon.colcon_cmake.task.cmake.build:Building CMake package in '/home/turbo/Documents/hisp_ws/src/joystick_drivers/spacenav'
[0.370s] INFO:colcon.colcon_core.shell:Skip shell extension 'powershell' for command environment: Not usable outside of PowerShell
[0.370s] DEBUG:colcon.colcon_core.shell:Skip shell extension 'dsv' for command environment
[0.407s] DEBUG:colcon.colcon_core.event_handler.log_command:Invoking command in '/home/turbo/Documents/hisp_ws/build/sdl2_vendor': CMAKE_PREFIX_PATH=${CMAKE_PREFIX_PATH}:/opt/ros/jazzy DEBUGINFOD_URLS=https://debuginfod.ubuntu.com /usr/bin/cmake --build /home/turbo/Documents/hisp_ws/build/sdl2_vendor -- -j4 -l4
[0.420s] DEBUG:colcon.colcon_core.event_handler.log_command:Invoking command in '/home/turbo/Documents/hisp_ws/build/joy_linux': CMAKE_PREFIX_PATH=${CMAKE_PREFIX_PATH}:/opt/ros/jazzy DEBUGINFOD_URLS=https://debuginfod.ubuntu.com /usr/bin/cmake --build /home/turbo/Documents/hisp_ws/build/joy_linux -- -j4 -l4
[0.430s] DEBUG:colcon.colcon_core.event_handler.log_command:Invoking command in '/home/turbo/Documents/hisp_ws/build/oradar_lidar': CMAKE_PREFIX_PATH=${CMAKE_PREFIX_PATH}:/opt/ros/jazzy DEBUGINFOD_URLS=https://debuginfod.ubuntu.com /usr/bin/cmake /home/turbo/Documents/hisp_ws/src/MS200_ros -DCMAKE_INSTALL_PREFIX=/home/turbo/Documents/hisp_ws/install/oradar_lidar
[0.466s] DEBUG:colcon.colcon_core.event_handler.log_command:Invoking command in '/home/turbo/Documents/hisp_ws/build/spacenav': CMAKE_PREFIX_PATH=${CMAKE_PREFIX_PATH}:/opt/ros/jazzy DEBUGINFOD_URLS=https://debuginfod.ubuntu.com /usr/bin/cmake --build /home/turbo/Documents/hisp_ws/build/spacenav -- -j4 -l4
[0.506s] DEBUG:colcon.colcon_core.event_handler.log_command:Invoked command in '/home/turbo/Documents/hisp_ws/build/sdl2_vendor' returned '0': CMAKE_PREFIX_PATH=${CMAKE_PREFIX_PATH}:/opt/ros/jazzy DEBUGINFOD_URLS=https://debuginfod.ubuntu.com /usr/bin/cmake --build /home/turbo/Documents/hisp_ws/build/sdl2_vendor -- -j4 -l4
[0.533s] DEBUG:colcon.colcon_core.event_handler.log_command:Invoking command in '/home/turbo/Documents/hisp_ws/build/sdl2_vendor': CMAKE_PREFIX_PATH=${CMAKE_PREFIX_PATH}:/opt/ros/jazzy DEBUGINFOD_URLS=https://debuginfod.ubuntu.com /usr/bin/cmake --install /home/turbo/Documents/hisp_ws/build/sdl2_vendor
[0.603s] DEBUG:colcon.colcon_core.event_handler.log_command:Invoked command in '/home/turbo/Documents/hisp_ws/build/joy_linux' returned '0': CMAKE_PREFIX_PATH=${CMAKE_PREFIX_PATH}:/opt/ros/jazzy DEBUGINFOD_URLS=https://debuginfod.ubuntu.com /usr/bin/cmake --build /home/turbo/Documents/hisp_ws/build/joy_linux -- -j4 -l4
[0.604s] DEBUG:colcon.colcon_core.event_handler.log_command:Invoking command in '/home/turbo/Documents/hisp_ws/build/joy_linux': CMAKE_PREFIX_PATH=${CMAKE_PREFIX_PATH}:/opt/ros/jazzy DEBUGINFOD_URLS=https://debuginfod.ubuntu.com /usr/bin/cmake --install /home/turbo/Documents/hisp_ws/build/joy_linux
[0.611s] Level 1:colcon.colcon_core.environment:create_environment_scripts_only(sdl2_vendor)
[0.613s] DEBUG:colcon.colcon_core.event_handler.log_command:Invoked command in '/home/turbo/Documents/hisp_ws/build/sdl2_vendor' returned '0': CMAKE_PREFIX_PATH=${CMAKE_PREFIX_PATH}:/opt/ros/jazzy DEBUGINFOD_URLS=https://debuginfod.ubuntu.com /usr/bin/cmake --install /home/turbo/Documents/hisp_ws/build/sdl2_vendor
[0.633s] Level 1:colcon.colcon_core.environment:checking '/home/turbo/Documents/hisp_ws/install/sdl2_vendor' for CMake module files
[0.634s] Level 1:colcon.colcon_core.environment:checking '/home/turbo/Documents/hisp_ws/install/sdl2_vendor' for CMake config files
[0.642s] Level 1:colcon.colcon_core.shell:create_environment_hook('sdl2_vendor', 'cmake_prefix_path')
[0.642s] INFO:colcon.colcon_core.shell:Creating environment hook '/home/turbo/Documents/hisp_ws/install/sdl2_vendor/share/sdl2_vendor/hook/cmake_prefix_path.ps1'
[0.648s] INFO:colcon.colcon_core.shell:Creating environment descriptor '/home/turbo/Documents/hisp_ws/install/sdl2_vendor/share/sdl2_vendor/hook/cmake_prefix_path.dsv'
[0.653s] INFO:colcon.colcon_core.shell:Creating environment hook '/home/turbo/Documents/hisp_ws/install/sdl2_vendor/share/sdl2_vendor/hook/cmake_prefix_path.sh'
[0.657s] Level 1:colcon.colcon_core.environment:checking '/home/turbo/Documents/hisp_ws/install/sdl2_vendor/bin'
[0.657s] Level 1:colcon.colcon_core.environment:checking '/home/turbo/Documents/hisp_ws/install/sdl2_vendor/lib/pkgconfig/sdl2_vendor.pc'
[0.658s] Level 1:colcon.colcon_core.environment:checking '/home/turbo/Documents/hisp_ws/install/sdl2_vendor/lib/python3.12/site-packages'
[0.659s] Level 1:colcon.colcon_core.environment:checking '/home/turbo/Documents/hisp_ws/install/sdl2_vendor/bin'
[0.659s] INFO:colcon.colcon_core.shell:Creating package script '/home/turbo/Documents/hisp_ws/install/sdl2_vendor/share/sdl2_vendor/package.ps1'
[0.661s] INFO:colcon.colcon_core.shell:Creating package descriptor '/home/turbo/Documents/hisp_ws/install/sdl2_vendor/share/sdl2_vendor/package.dsv'
[0.665s] INFO:colcon.colcon_core.shell:Creating package script '/home/turbo/Documents/hisp_ws/install/sdl2_vendor/share/sdl2_vendor/package.sh'
[0.667s] INFO:colcon.colcon_core.shell:Creating package script '/home/turbo/Documents/hisp_ws/install/sdl2_vendor/share/sdl2_vendor/package.bash'
[0.671s] INFO:colcon.colcon_core.shell:Creating package script '/home/turbo/Documents/hisp_ws/install/sdl2_vendor/share/sdl2_vendor/package.zsh'
[0.673s] Level 1:colcon.colcon_core.environment:create_file_with_runtime_dependencies(/home/turbo/Documents/hisp_ws/install/sdl2_vendor/share/colcon-core/packages/sdl2_vendor)
[0.676s] Level 1:colcon.colcon_core.environment:create_environment_scripts_only(sdl2_vendor)
[0.677s] Level 1:colcon.colcon_core.environment:checking '/home/turbo/Documents/hisp_ws/install/sdl2_vendor' for CMake module files
[0.677s] Level 1:colcon.colcon_core.environment:checking '/home/turbo/Documents/hisp_ws/install/sdl2_vendor' for CMake config files
[0.678s] Level 1:colcon.colcon_core.shell:create_environment_hook('sdl2_vendor', 'cmake_prefix_path')
[0.679s] INFO:colcon.colcon_core.shell:Creating environment hook '/home/turbo/Documents/hisp_ws/install/sdl2_vendor/share/sdl2_vendor/hook/cmake_prefix_path.ps1'
[0.680s] INFO:colcon.colcon_core.shell:Creating environment descriptor '/home/turbo/Documents/hisp_ws/install/sdl2_vendor/share/sdl2_vendor/hook/cmake_prefix_path.dsv'
[0.680s] INFO:colcon.colcon_core.shell:Creating environment hook '/home/turbo/Documents/hisp_ws/install/sdl2_vendor/share/sdl2_vendor/hook/cmake_prefix_path.sh'
[0.682s] Level 1:colcon.colcon_core.environment:checking '/home/turbo/Documents/hisp_ws/install/sdl2_vendor/bin'
[0.682s] Level 1:colcon.colcon_core.environment:checking '/home/turbo/Documents/hisp_ws/install/sdl2_vendor/lib/pkgconfig/sdl2_vendor.pc'
[0.682s] Level 1:colcon.colcon_core.environment:checking '/home/turbo/Documents/hisp_ws/install/sdl2_vendor/lib/python3.12/site-packages'
[0.683s] Level 1:colcon.colcon_core.environment:checking '/home/turbo/Documents/hisp_ws/install/sdl2_vendor/bin'
[0.683s] INFO:colcon.colcon_core.shell:Creating package script '/home/turbo/Documents/hisp_ws/install/sdl2_vendor/share/sdl2_vendor/package.ps1'
[0.685s] INFO:colcon.colcon_core.shell:Creating package descriptor '/home/turbo/Documents/hisp_ws/install/sdl2_vendor/share/sdl2_vendor/package.dsv'
[0.686s] INFO:colcon.colcon_core.shell:Creating package script '/home/turbo/Documents/hisp_ws/install/sdl2_vendor/share/sdl2_vendor/package.sh'
[0.687s] INFO:colcon.colcon_core.shell:Creating package script '/home/turbo/Documents/hisp_ws/install/sdl2_vendor/share/sdl2_vendor/package.bash'
[0.688s] INFO:colcon.colcon_core.shell:Creating package script '/home/turbo/Documents/hisp_ws/install/sdl2_vendor/share/sdl2_vendor/package.zsh'
[0.689s] Level 1:colcon.colcon_core.environment:create_file_with_runtime_dependencies(/home/turbo/Documents/hisp_ws/install/sdl2_vendor/share/colcon-core/packages/sdl2_vendor)
[0.695s] INFO:colcon.colcon_ros.task.ament_cmake.build:Building ROS package in '/home/turbo/Documents/hisp_ws/src/joystick_drivers/joy' with build type 'ament_cmake'
[0.696s] INFO:colcon.colcon_cmake.task.cmake.build:Building CMake package in '/home/turbo/Documents/hisp_ws/src/joystick_drivers/joy'
[0.696s] INFO:colcon.colcon_core.shell:Skip shell extension 'powershell' for command environment: Not usable outside of PowerShell
[0.696s] DEBUG:colcon.colcon_core.shell:Skip shell extension 'dsv' for command environment
[0.721s] DEBUG:colcon.colcon_core.event_handler.log_command:Invoked command in '/home/turbo/Documents/hisp_ws/build/spacenav' returned '0': CMAKE_PREFIX_PATH=${CMAKE_PREFIX_PATH}:/opt/ros/jazzy DEBUGINFOD_URLS=https://debuginfod.ubuntu.com /usr/bin/cmake --build /home/turbo/Documents/hisp_ws/build/spacenav -- -j4 -l4
[0.722s] Level 1:colcon.colcon_core.environment:create_environment_scripts_only(joy_linux)
[0.723s] Level 1:colcon.colcon_core.environment:checking '/home/turbo/Documents/hisp_ws/install/joy_linux' for CMake module files
[0.724s] DEBUG:colcon.colcon_core.event_handler.log_command:Invoking command in '/home/turbo/Documents/hisp_ws/build/spacenav': CMAKE_PREFIX_PATH=${CMAKE_PREFIX_PATH}:/opt/ros/jazzy DEBUGINFOD_URLS=https://debuginfod.ubuntu.com /usr/bin/cmake --install /home/turbo/Documents/hisp_ws/build/spacenav
[0.724s] DEBUG:colcon.colcon_core.event_handler.log_command:Invoked command in '/home/turbo/Documents/hisp_ws/build/joy_linux' returned '0': CMAKE_PREFIX_PATH=${CMAKE_PREFIX_PATH}:/opt/ros/jazzy DEBUGINFOD_URLS=https://debuginfod.ubuntu.com /usr/bin/cmake --install /home/turbo/Documents/hisp_ws/build/joy_linux
[0.725s] Level 1:colcon.colcon_core.environment:checking '/home/turbo/Documents/hisp_ws/install/joy_linux' for CMake config files
[0.725s] Level 1:colcon.colcon_core.shell:create_environment_hook('joy_linux', 'cmake_prefix_path')
[0.726s] INFO:colcon.colcon_core.shell:Creating environment hook '/home/turbo/Documents/hisp_ws/install/joy_linux/share/joy_linux/hook/cmake_prefix_path.ps1'
[0.727s] INFO:colcon.colcon_core.shell:Creating environment descriptor '/home/turbo/Documents/hisp_ws/install/joy_linux/share/joy_linux/hook/cmake_prefix_path.dsv'
[0.728s] INFO:colcon.colcon_core.shell:Creating environment hook '/home/turbo/Documents/hisp_ws/install/joy_linux/share/joy_linux/hook/cmake_prefix_path.sh'
[0.729s] Level 1:colcon.colcon_core.environment:checking '/home/turbo/Documents/hisp_ws/install/joy_linux/lib'
[0.730s] Level 1:colcon.colcon_core.environment:checking '/home/turbo/Documents/hisp_ws/install/joy_linux/bin'
[0.730s] Level 1:colcon.colcon_core.environment:checking '/home/turbo/Documents/hisp_ws/install/joy_linux/lib/pkgconfig/joy_linux.pc'
[0.730s] Level 1:colcon.colcon_core.environment:checking '/home/turbo/Documents/hisp_ws/install/joy_linux/lib/python3.12/site-packages'
[0.731s] Level 1:colcon.colcon_core.environment:checking '/home/turbo/Documents/hisp_ws/install/joy_linux/bin'
[0.732s] INFO:colcon.colcon_core.shell:Creating package script '/home/turbo/Documents/hisp_ws/install/joy_linux/share/joy_linux/package.ps1'
[0.734s] INFO:colcon.colcon_core.shell:Creating package descriptor '/home/turbo/Documents/hisp_ws/install/joy_linux/share/joy_linux/package.dsv'
[0.735s] INFO:colcon.colcon_core.shell:Creating package script '/home/turbo/Documents/hisp_ws/install/joy_linux/share/joy_linux/package.sh'
[0.736s] INFO:colcon.colcon_core.shell:Creating package script '/home/turbo/Documents/hisp_ws/install/joy_linux/share/joy_linux/package.bash'
[0.737s] INFO:colcon.colcon_core.shell:Creating package script '/home/turbo/Documents/hisp_ws/install/joy_linux/share/joy_linux/package.zsh'
[0.738s] Level 1:colcon.colcon_core.environment:create_file_with_runtime_dependencies(/home/turbo/Documents/hisp_ws/install/joy_linux/share/colcon-core/packages/joy_linux)
[0.739s] Level 1:colcon.colcon_core.environment:create_environment_scripts_only(joy_linux)
[0.740s] Level 1:colcon.colcon_core.environment:checking '/home/turbo/Documents/hisp_ws/install/joy_linux' for CMake module files
[0.741s] Level 1:colcon.colcon_core.environment:checking '/home/turbo/Documents/hisp_ws/install/joy_linux' for CMake config files
[0.742s] Level 1:colcon.colcon_core.shell:create_environment_hook('joy_linux', 'cmake_prefix_path')
[0.742s] INFO:colcon.colcon_core.shell:Creating environment hook '/home/turbo/Documents/hisp_ws/install/joy_linux/share/joy_linux/hook/cmake_prefix_path.ps1'
[0.744s] INFO:colcon.colcon_core.shell:Creating environment descriptor '/home/turbo/Documents/hisp_ws/install/joy_linux/share/joy_linux/hook/cmake_prefix_path.dsv'
[0.745s] INFO:colcon.colcon_core.shell:Creating environment hook '/home/turbo/Documents/hisp_ws/install/joy_linux/share/joy_linux/hook/cmake_prefix_path.sh'
[0.746s] Level 1:colcon.colcon_core.environment:checking '/home/turbo/Documents/hisp_ws/install/joy_linux/lib'
[0.747s] Level 1:colcon.colcon_core.environment:checking '/home/turbo/Documents/hisp_ws/install/joy_linux/bin'
[0.747s] Level 1:colcon.colcon_core.environment:checking '/home/turbo/Documents/hisp_ws/install/joy_linux/lib/pkgconfig/joy_linux.pc'
[0.747s] Level 1:colcon.colcon_core.environment:checking '/home/turbo/Documents/hisp_ws/install/joy_linux/lib/python3.12/site-packages'
[0.749s] Level 1:colcon.colcon_core.environment:checking '/home/turbo/Documents/hisp_ws/install/joy_linux/bin'
[0.749s] INFO:colcon.colcon_core.shell:Creating package script '/home/turbo/Documents/hisp_ws/install/joy_linux/share/joy_linux/package.ps1'
[0.751s] INFO:colcon.colcon_core.shell:Creating package descriptor '/home/turbo/Documents/hisp_ws/install/joy_linux/share/joy_linux/package.dsv'
[0.752s] INFO:colcon.colcon_core.shell:Creating package script '/home/turbo/Documents/hisp_ws/install/joy_linux/share/joy_linux/package.sh'
[0.758s] INFO:colcon.colcon_core.shell:Creating package script '/home/turbo/Documents/hisp_ws/install/joy_linux/share/joy_linux/package.bash'
[0.760s] INFO:colcon.colcon_core.shell:Creating package script '/home/turbo/Documents/hisp_ws/install/joy_linux/share/joy_linux/package.zsh'
[0.762s] Level 1:colcon.colcon_core.environment:create_file_with_runtime_dependencies(/home/turbo/Documents/hisp_ws/install/joy_linux/share/colcon-core/packages/joy_linux)
[0.777s] DEBUG:colcon.colcon_core.event_handler.log_command:Invoking command in '/home/turbo/Documents/hisp_ws/build/joy': CMAKE_PREFIX_PATH=/home/turbo/Documents/hisp_ws/install/sdl2_vendor:/home/turbo/Documents/hisp_ws/install/spacenav:/home/turbo/Documents/hisp_ws/install/joy:/home/turbo/Documents/hisp_ws/install/joy_linux:/opt/ros/jazzy/opt/gz_math_vendor:/opt/ros/jazzy/opt/gz_utils_vendor:/opt/ros/jazzy/opt/gz_cmake_vendor:/opt/ros/jazzy DEBUGINFOD_URLS=https://debuginfod.ubuntu.com /usr/bin/cmake --build /home/turbo/Documents/hisp_ws/build/joy -- -j4 -l4
[0.800s] Level 1:colcon.colcon_core.environment:create_environment_scripts_only(spacenav)
[0.800s] Level 1:colcon.colcon_core.environment:checking '/home/turbo/Documents/hisp_ws/install/spacenav' for CMake module files
[0.801s] DEBUG:colcon.colcon_core.event_handler.log_command:Invoked command in '/home/turbo/Documents/hisp_ws/build/spacenav' returned '0': CMAKE_PREFIX_PATH=${CMAKE_PREFIX_PATH}:/opt/ros/jazzy DEBUGINFOD_URLS=https://debuginfod.ubuntu.com /usr/bin/cmake --install /home/turbo/Documents/hisp_ws/build/spacenav
[0.802s] Level 1:colcon.colcon_core.environment:checking '/home/turbo/Documents/hisp_ws/install/spacenav' for CMake config files
[0.802s] Level 1:colcon.colcon_core.shell:create_environment_hook('spacenav', 'cmake_prefix_path')
[0.803s] INFO:colcon.colcon_core.shell:Creating environment hook '/home/turbo/Documents/hisp_ws/install/spacenav/share/spacenav/hook/cmake_prefix_path.ps1'
[0.803s] INFO:colcon.colcon_core.shell:Creating environment descriptor '/home/turbo/Documents/hisp_ws/install/spacenav/share/spacenav/hook/cmake_prefix_path.dsv'
[0.804s] INFO:colcon.colcon_core.shell:Creating environment hook '/home/turbo/Documents/hisp_ws/install/spacenav/share/spacenav/hook/cmake_prefix_path.sh'
[0.805s] Level 1:colcon.colcon_core.environment:checking '/home/turbo/Documents/hisp_ws/install/spacenav/lib'
[0.805s] Level 1:colcon.colcon_core.shell:create_environment_hook('spacenav', 'ld_library_path_lib')
[0.805s] INFO:colcon.colcon_core.shell:Creating environment hook '/home/turbo/Documents/hisp_ws/install/spacenav/share/spacenav/hook/ld_library_path_lib.ps1'
[0.806s] INFO:colcon.colcon_core.shell:Creating environment descriptor '/home/turbo/Documents/hisp_ws/install/spacenav/share/spacenav/hook/ld_library_path_lib.dsv'
[0.806s] INFO:colcon.colcon_core.shell:Creating environment hook '/home/turbo/Documents/hisp_ws/install/spacenav/share/spacenav/hook/ld_library_path_lib.sh'
[0.807s] Level 1:colcon.colcon_core.environment:checking '/home/turbo/Documents/hisp_ws/install/spacenav/bin'
[0.807s] Level 1:colcon.colcon_core.environment:checking '/home/turbo/Documents/hisp_ws/install/spacenav/lib/pkgconfig/spacenav.pc'
[0.808s] Level 1:colcon.colcon_core.environment:checking '/home/turbo/Documents/hisp_ws/install/spacenav/lib/python3.12/site-packages'
[0.808s] Level 1:colcon.colcon_core.environment:checking '/home/turbo/Documents/hisp_ws/install/spacenav/bin'
[0.809s] INFO:colcon.colcon_core.shell:Creating package script '/home/turbo/Documents/hisp_ws/install/spacenav/share/spacenav/package.ps1'
[0.810s] INFO:colcon.colcon_core.shell:Creating package descriptor '/home/turbo/Documents/hisp_ws/install/spacenav/share/spacenav/package.dsv'
[0.811s] INFO:colcon.colcon_core.shell:Creating package script '/home/turbo/Documents/hisp_ws/install/spacenav/share/spacenav/package.sh'
[0.811s] INFO:colcon.colcon_core.shell:Creating package script '/home/turbo/Documents/hisp_ws/install/spacenav/share/spacenav/package.bash'
[0.812s] INFO:colcon.colcon_core.shell:Creating package script '/home/turbo/Documents/hisp_ws/install/spacenav/share/spacenav/package.zsh'
[0.813s] Level 1:colcon.colcon_core.environment:create_file_with_runtime_dependencies(/home/turbo/Documents/hisp_ws/install/spacenav/share/colcon-core/packages/spacenav)
[0.814s] Level 1:colcon.colcon_core.environment:create_environment_scripts_only(spacenav)
[0.815s] Level 1:colcon.colcon_core.environment:checking '/home/turbo/Documents/hisp_ws/install/spacenav' for CMake module files
[0.816s] Level 1:colcon.colcon_core.environment:checking '/home/turbo/Documents/hisp_ws/install/spacenav' for CMake config files
[0.817s] Level 1:colcon.colcon_core.shell:create_environment_hook('spacenav', 'cmake_prefix_path')
[0.817s] INFO:colcon.colcon_core.shell:Creating environment hook '/home/turbo/Documents/hisp_ws/install/spacenav/share/spacenav/hook/cmake_prefix_path.ps1'
[0.818s] INFO:colcon.colcon_core.shell:Creating environment descriptor '/home/turbo/Documents/hisp_ws/install/spacenav/share/spacenav/hook/cmake_prefix_path.dsv'
[0.819s] INFO:colcon.colcon_core.shell:Creating environment hook '/home/turbo/Documents/hisp_ws/install/spacenav/share/spacenav/hook/cmake_prefix_path.sh'
[0.820s] Level 1:colcon.colcon_core.environment:checking '/home/turbo/Documents/hisp_ws/install/spacenav/lib'
[0.820s] Level 1:colcon.colcon_core.shell:create_environment_hook('spacenav', 'ld_library_path_lib')
[0.820s] INFO:colcon.colcon_core.shell:Creating environment hook '/home/turbo/Documents/hisp_ws/install/spacenav/share/spacenav/hook/ld_library_path_lib.ps1'
[0.821s] INFO:colcon.colcon_core.shell:Creating environment descriptor '/home/turbo/Documents/hisp_ws/install/spacenav/share/spacenav/hook/ld_library_path_lib.dsv'
[0.822s] INFO:colcon.colcon_core.shell:Creating environment hook '/home/turbo/Documents/hisp_ws/install/spacenav/share/spacenav/hook/ld_library_path_lib.sh'
[0.823s] Level 1:colcon.colcon_core.environment:checking '/home/turbo/Documents/hisp_ws/install/spacenav/bin'
[0.824s] Level 1:colcon.colcon_core.environment:checking '/home/turbo/Documents/hisp_ws/install/spacenav/lib/pkgconfig/spacenav.pc'
[0.824s] Level 1:colcon.colcon_core.environment:checking '/home/turbo/Documents/hisp_ws/install/spacenav/lib/python3.12/site-packages'
[0.825s] Level 1:colcon.colcon_core.environment:checking '/home/turbo/Documents/hisp_ws/install/spacenav/bin'
[0.826s] INFO:colcon.colcon_core.shell:Creating package script '/home/turbo/Documents/hisp_ws/install/spacenav/share/spacenav/package.ps1'
[0.828s] INFO:colcon.colcon_core.shell:Creating package descriptor '/home/turbo/Documents/hisp_ws/install/spacenav/share/spacenav/package.dsv'
[0.829s] INFO:colcon.colcon_core.shell:Creating package script '/home/turbo/Documents/hisp_ws/install/spacenav/share/spacenav/package.sh'
[0.831s] INFO:colcon.colcon_core.shell:Creating package script '/home/turbo/Documents/hisp_ws/install/spacenav/share/spacenav/package.bash'
[0.834s] INFO:colcon.colcon_core.shell:Creating package script '/home/turbo/Documents/hisp_ws/install/spacenav/share/spacenav/package.zsh'
[0.835s] Level 1:colcon.colcon_core.environment:create_file_with_runtime_dependencies(/home/turbo/Documents/hisp_ws/install/spacenav/share/colcon-core/packages/spacenav)
[1.004s] DEBUG:colcon.colcon_core.event_handler.log_command:Invoked command in '/home/turbo/Documents/hisp_ws/build/joy' returned '0': CMAKE_PREFIX_PATH=/home/turbo/Documents/hisp_ws/install/sdl2_vendor:/home/turbo/Documents/hisp_ws/install/spacenav:/home/turbo/Documents/hisp_ws/install/joy:/home/turbo/Documents/hisp_ws/install/joy_linux:/opt/ros/jazzy/opt/gz_math_vendor:/opt/ros/jazzy/opt/gz_utils_vendor:/opt/ros/jazzy/opt/gz_cmake_vendor:/opt/ros/jazzy DEBUGINFOD_URLS=https://debuginfod.ubuntu.com /usr/bin/cmake --build /home/turbo/Documents/hisp_ws/build/joy -- -j4 -l4
[1.008s] DEBUG:colcon.colcon_core.event_handler.log_command:Invoking command in '/home/turbo/Documents/hisp_ws/build/joy': CMAKE_PREFIX_PATH=/home/turbo/Documents/hisp_ws/install/sdl2_vendor:/home/turbo/Documents/hisp_ws/install/spacenav:/home/turbo/Documents/hisp_ws/install/joy:/home/turbo/Documents/hisp_ws/install/joy_linux:/opt/ros/jazzy/opt/gz_math_vendor:/opt/ros/jazzy/opt/gz_utils_vendor:/opt/ros/jazzy/opt/gz_cmake_vendor:/opt/ros/jazzy DEBUGINFOD_URLS=https://debuginfod.ubuntu.com /usr/bin/cmake --install /home/turbo/Documents/hisp_ws/build/joy
[1.071s] Level 1:colcon.colcon_core.environment:create_environment_scripts_only(joy)
[1.072s] Level 1:colcon.colcon_core.environment:checking '/home/turbo/Documents/hisp_ws/install/joy' for CMake module files
[1.073s] DEBUG:colcon.colcon_core.event_handler.log_command:Invoked command in '/home/turbo/Documents/hisp_ws/build/joy' returned '0': CMAKE_PREFIX_PATH=/home/turbo/Documents/hisp_ws/install/sdl2_vendor:/home/turbo/Documents/hisp_ws/install/spacenav:/home/turbo/Documents/hisp_ws/install/joy:/home/turbo/Documents/hisp_ws/install/joy_linux:/opt/ros/jazzy/opt/gz_math_vendor:/opt/ros/jazzy/opt/gz_utils_vendor:/opt/ros/jazzy/opt/gz_cmake_vendor:/opt/ros/jazzy DEBUGINFOD_URLS=https://debuginfod.ubuntu.com /usr/bin/cmake --install /home/turbo/Documents/hisp_ws/build/joy
[1.074s] Level 1:colcon.colcon_core.environment:checking '/home/turbo/Documents/hisp_ws/install/joy' for CMake config files
[1.075s] Level 1:colcon.colcon_core.shell:create_environment_hook('joy', 'cmake_prefix_path')
[1.075s] INFO:colcon.colcon_core.shell:Creating environment hook '/home/turbo/Documents/hisp_ws/install/joy/share/joy/hook/cmake_prefix_path.ps1'
[1.077s] INFO:colcon.colcon_core.shell:Creating environment descriptor '/home/turbo/Documents/hisp_ws/install/joy/share/joy/hook/cmake_prefix_path.dsv'
[1.078s] INFO:colcon.colcon_core.shell:Creating environment hook '/home/turbo/Documents/hisp_ws/install/joy/share/joy/hook/cmake_prefix_path.sh'
[1.080s] Level 1:colcon.colcon_core.environment:checking '/home/turbo/Documents/hisp_ws/install/joy/lib'
[1.080s] Level 1:colcon.colcon_core.shell:create_environment_hook('joy', 'ld_library_path_lib')
[1.081s] INFO:colcon.colcon_core.shell:Creating environment hook '/home/turbo/Documents/hisp_ws/install/joy/share/joy/hook/ld_library_path_lib.ps1'
[1.082s] INFO:colcon.colcon_core.shell:Creating environment descriptor '/home/turbo/Documents/hisp_ws/install/joy/share/joy/hook/ld_library_path_lib.dsv'
[1.083s] INFO:colcon.colcon_core.shell:Creating environment hook '/home/turbo/Documents/hisp_ws/install/joy/share/joy/hook/ld_library_path_lib.sh'
[1.084s] Level 1:colcon.colcon_core.environment:checking '/home/turbo/Documents/hisp_ws/install/joy/bin'
[1.084s] Level 1:colcon.colcon_core.environment:checking '/home/turbo/Documents/hisp_ws/install/joy/lib/pkgconfig/joy.pc'
[1.085s] Level 1:colcon.colcon_core.environment:checking '/home/turbo/Documents/hisp_ws/install/joy/lib/python3.12/site-packages'
[1.085s] Level 1:colcon.colcon_core.environment:checking '/home/turbo/Documents/hisp_ws/install/joy/bin'
[1.086s] INFO:colcon.colcon_core.shell:Creating package script '/home/turbo/Documents/hisp_ws/install/joy/share/joy/package.ps1'
[1.087s] INFO:colcon.colcon_core.shell:Creating package descriptor '/home/turbo/Documents/hisp_ws/install/joy/share/joy/package.dsv'
[1.088s] INFO:colcon.colcon_core.shell:Creating package script '/home/turbo/Documents/hisp_ws/install/joy/share/joy/package.sh'
[1.089s] INFO:colcon.colcon_core.shell:Creating package script '/home/turbo/Documents/hisp_ws/install/joy/share/joy/package.bash'
[1.090s] INFO:colcon.colcon_core.shell:Creating package script '/home/turbo/Documents/hisp_ws/install/joy/share/joy/package.zsh'
[1.091s] Level 1:colcon.colcon_core.environment:create_file_with_runtime_dependencies(/home/turbo/Documents/hisp_ws/install/joy/share/colcon-core/packages/joy)
[1.093s] Level 1:colcon.colcon_core.environment:create_environment_scripts_only(joy)
[1.093s] Level 1:colcon.colcon_core.environment:checking '/home/turbo/Documents/hisp_ws/install/joy' for CMake module files
[1.095s] Level 1:colcon.colcon_core.environment:checking '/home/turbo/Documents/hisp_ws/install/joy' for CMake config files
[1.096s] Level 1:colcon.colcon_core.shell:create_environment_hook('joy', 'cmake_prefix_path')
[1.096s] INFO:colcon.colcon_core.shell:Creating environment hook '/home/turbo/Documents/hisp_ws/install/joy/share/joy/hook/cmake_prefix_path.ps1'
[1.097s] INFO:colcon.colcon_core.shell:Creating environment descriptor '/home/turbo/Documents/hisp_ws/install/joy/share/joy/hook/cmake_prefix_path.dsv'
[1.098s] INFO:colcon.colcon_core.shell:Creating environment hook '/home/turbo/Documents/hisp_ws/install/joy/share/joy/hook/cmake_prefix_path.sh'
[1.099s] Level 1:colcon.colcon_core.environment:checking '/home/turbo/Documents/hisp_ws/install/joy/lib'
[1.100s] Level 1:colcon.colcon_core.shell:create_environment_hook('joy', 'ld_library_path_lib')
[1.100s] INFO:colcon.colcon_core.shell:Creating environment hook '/home/turbo/Documents/hisp_ws/install/joy/share/joy/hook/ld_library_path_lib.ps1'
[1.101s] INFO:colcon.colcon_core.shell:Creating environment descriptor '/home/turbo/Documents/hisp_ws/install/joy/share/joy/hook/ld_library_path_lib.dsv'
[1.102s] INFO:colcon.colcon_core.shell:Creating environment hook '/home/turbo/Documents/hisp_ws/install/joy/share/joy/hook/ld_library_path_lib.sh'
[1.103s] Level 1:colcon.colcon_core.environment:checking '/home/turbo/Documents/hisp_ws/install/joy/bin'
[1.103s] Level 1:colcon.colcon_core.environment:checking '/home/turbo/Documents/hisp_ws/install/joy/lib/pkgconfig/joy.pc'
[1.103s] Level 1:colcon.colcon_core.environment:checking '/home/turbo/Documents/hisp_ws/install/joy/lib/python3.12/site-packages'
[1.104s] Level 1:colcon.colcon_core.environment:checking '/home/turbo/Documents/hisp_ws/install/joy/bin'
[1.105s] INFO:colcon.colcon_core.shell:Creating package script '/home/turbo/Documents/hisp_ws/install/joy/share/joy/package.ps1'
[1.106s] INFO:colcon.colcon_core.shell:Creating package descriptor '/home/turbo/Documents/hisp_ws/install/joy/share/joy/package.dsv'
[1.107s] INFO:colcon.colcon_core.shell:Creating package script '/home/turbo/Documents/hisp_ws/install/joy/share/joy/package.sh'
[1.108s] INFO:colcon.colcon_core.shell:Creating package script '/home/turbo/Documents/hisp_ws/install/joy/share/joy/package.bash'
[1.109s] INFO:colcon.colcon_core.shell:Creating package script '/home/turbo/Documents/hisp_ws/install/joy/share/joy/package.zsh'
[1.110s] Level 1:colcon.colcon_core.environment:create_file_with_runtime_dependencies(/home/turbo/Documents/hisp_ws/install/joy/share/colcon-core/packages/joy)
[1.788s] DEBUG:colcon.colcon_core.event_handler.log_command:Invoked command in '/home/turbo/Documents/hisp_ws/build/oradar_lidar' returned '1': CMAKE_PREFIX_PATH=${CMAKE_PREFIX_PATH}:/opt/ros/jazzy DEBUGINFOD_URLS=https://debuginfod.ubuntu.com /usr/bin/cmake /home/turbo/Documents/hisp_ws/src/MS200_ros -DCMAKE_INSTALL_PREFIX=/home/turbo/Documents/hisp_ws/install/oradar_lidar
[1.811s] Level 1:colcon.colcon_core.environment:create_environment_scripts_only(oradar_lidar)
[1.811s] Level 1:colcon.colcon_core.environment:checking '/home/turbo/Documents/hisp_ws/install/oradar_lidar' for CMake module files
[1.812s] Level 1:colcon.colcon_core.environment:checking '/home/turbo/Documents/hisp_ws/install/oradar_lidar' for CMake config files
[1.812s] Level 1:colcon.colcon_core.environment:checking '/home/turbo/Documents/hisp_ws/install/oradar_lidar/bin'
[1.812s] Level 1:colcon.colcon_core.environment:checking '/home/turbo/Documents/hisp_ws/install/oradar_lidar/lib/pkgconfig/oradar_lidar.pc'
[1.813s] Level 1:colcon.colcon_core.environment:checking '/home/turbo/Documents/hisp_ws/install/oradar_lidar/lib/python3.12/site-packages'
[1.813s] Level 1:colcon.colcon_core.environment:checking '/home/turbo/Documents/hisp_ws/install/oradar_lidar/bin'
[1.813s] INFO:colcon.colcon_core.shell:Creating package script '/home/turbo/Documents/hisp_ws/install/oradar_lidar/share/oradar_lidar/package.ps1'
[1.814s] INFO:colcon.colcon_core.shell:Creating package descriptor '/home/turbo/Documents/hisp_ws/install/oradar_lidar/share/oradar_lidar/package.dsv'
[1.815s] INFO:colcon.colcon_core.shell:Creating package script '/home/turbo/Documents/hisp_ws/install/oradar_lidar/share/oradar_lidar/package.sh'
[1.816s] INFO:colcon.colcon_core.shell:Creating package script '/home/turbo/Documents/hisp_ws/install/oradar_lidar/share/oradar_lidar/package.bash'
[1.816s] INFO:colcon.colcon_core.shell:Creating package script '/home/turbo/Documents/hisp_ws/install/oradar_lidar/share/oradar_lidar/package.zsh'
[1.817s] Level 1:colcon.colcon_core.environment:create_file_with_runtime_dependencies(/home/turbo/Documents/hisp_ws/install/oradar_lidar/share/colcon-core/packages/oradar_lidar)
[1.828s] DEBUG:colcon.colcon_parallel_executor.executor.parallel:closing loop
[1.828s] DEBUG:colcon.colcon_parallel_executor.executor.parallel:loop closed
[1.828s] DEBUG:colcon.colcon_parallel_executor.executor.parallel:run_until_complete finished with '1'
[1.829s] DEBUG:colcon.colcon_core.event_reactor:joining thread
[1.838s] INFO:colcon.colcon_core.plugin_system:Skipping extension 'colcon_notification.desktop_notification.terminal_notifier': Not used on non-Darwin systems
[1.838s] INFO:colcon.colcon_core.plugin_system:Skipping extension 'colcon_notification.desktop_notification.win32': Not used on non-Windows systems
[1.838s] INFO:colcon.colcon_notification.desktop_notification:Sending desktop notification using 'notify2'
[1.863s] DEBUG:colcon.colcon_core.event_reactor:joined thread
[1.864s] INFO:colcon.colcon_core.shell:Creating prefix script '/home/turbo/Documents/hisp_ws/install/local_setup.ps1'
[1.865s] INFO:colcon.colcon_core.shell:Creating prefix util module '/home/turbo/Documents/hisp_ws/install/_local_setup_util_ps1.py'
[1.867s] INFO:colcon.colcon_core.shell:Creating prefix chain script '/home/turbo/Documents/hisp_ws/install/setup.ps1'
[1.869s] INFO:colcon.colcon_core.shell:Creating prefix script '/home/turbo/Documents/hisp_ws/install/local_setup.sh'
[1.871s] INFO:colcon.colcon_core.shell:Creating prefix util module '/home/turbo/Documents/hisp_ws/install/_local_setup_util_sh.py'
[1.873s] INFO:colcon.colcon_core.shell:Creating prefix chain script '/home/turbo/Documents/hisp_ws/install/setup.sh'
[1.876s] INFO:colcon.colcon_core.shell:Creating prefix script '/home/turbo/Documents/hisp_ws/install/local_setup.bash'
[1.877s] INFO:colcon.colcon_core.shell:Creating prefix chain script '/home/turbo/Documents/hisp_ws/install/setup.bash'
[1.879s] INFO:colcon.colcon_core.shell:Creating prefix script '/home/turbo/Documents/hisp_ws/install/local_setup.zsh'
[1.880s] INFO:colcon.colcon_core.shell:Creating prefix chain script '/home/turbo/Documents/hisp_ws/install/setup.zsh'
