[0.043s] Invoking command in '/home/turbo/Documents/hisp_ws/build/sdl2_vendor': CMAKE_PREFIX_PATH=${CMAKE_PREFIX_PATH}:/opt/ros/jazzy DEBUGINFOD_URLS=https://debuginfod.ubuntu.com /usr/bin/cmake --build /home/turbo/Documents/hisp_ws/build/sdl2_vendor -- -j4 -l4
[0.158s] Invoked command in '/home/turbo/Documents/hisp_ws/build/sdl2_vendor' returned '0': CMAKE_PREFIX_PATH=${CMAKE_PREFIX_PATH}:/opt/ros/jazzy DEBUGINFOD_URLS=https://debuginfod.ubuntu.com /usr/bin/cmake --build /home/turbo/Documents/hisp_ws/build/sdl2_vendor -- -j4 -l4
[0.191s] Invoking command in '/home/turbo/Documents/hisp_ws/build/sdl2_vendor': CMAKE_PREFIX_PATH=${CMAKE_PREFIX_PATH}:/opt/ros/jazzy DEBUGINFOD_URLS=https://debuginfod.ubuntu.com /usr/bin/cmake --install /home/turbo/Documents/hisp_ws/build/sdl2_vendor
[0.234s] -- Install configuration: "Release"
[0.234s] -- Execute custom install script
[0.235s] -- Up-to-date symlink: /home/turbo/Documents/hisp_ws/install/sdl2_vendor/share/sdl2_vendor/cmake/Modules/Findsdl2_custom.cmake
[0.235s] -- Up-to-date symlink: /home/turbo/Documents/hisp_ws/install/sdl2_vendor/share/ament_index/resource_index/package_run_dependencies/sdl2_vendor
[0.237s] -- Up-to-date symlink: /home/turbo/Documents/hisp_ws/install/sdl2_vendor/share/ament_index/resource_index/parent_prefix_path/sdl2_vendor
[0.238s] -- Up-to-date symlink: /home/turbo/Documents/hisp_ws/install/sdl2_vendor/share/sdl2_vendor/environment/ament_prefix_path.sh
[0.238s] -- Up-to-date symlink: /home/turbo/Documents/hisp_ws/install/sdl2_vendor/share/sdl2_vendor/environment/ament_prefix_path.dsv
[0.238s] -- Up-to-date symlink: /home/turbo/Documents/hisp_ws/install/sdl2_vendor/share/sdl2_vendor/environment/path.sh
[0.238s] -- Up-to-date symlink: /home/turbo/Documents/hisp_ws/install/sdl2_vendor/share/sdl2_vendor/environment/path.dsv
[0.238s] -- Up-to-date symlink: /home/turbo/Documents/hisp_ws/install/sdl2_vendor/share/sdl2_vendor/local_setup.bash
[0.242s] -- Up-to-date symlink: /home/turbo/Documents/hisp_ws/install/sdl2_vendor/share/sdl2_vendor/local_setup.sh
[0.243s] -- Up-to-date symlink: /home/turbo/Documents/hisp_ws/install/sdl2_vendor/share/sdl2_vendor/local_setup.zsh
[0.245s] -- Up-to-date symlink: /home/turbo/Documents/hisp_ws/install/sdl2_vendor/share/sdl2_vendor/local_setup.dsv
[0.246s] -- Symlinking: /home/turbo/Documents/hisp_ws/install/sdl2_vendor/share/sdl2_vendor/package.dsv
[0.273s] -- Up-to-date symlink: /home/turbo/Documents/hisp_ws/install/sdl2_vendor/share/ament_index/resource_index/packages/sdl2_vendor
[0.273s] -- Up-to-date symlink: /home/turbo/Documents/hisp_ws/install/sdl2_vendor/share/sdl2_vendor/cmake/sdl2_vendor-extras.cmake
[0.276s] -- Up-to-date symlink: /home/turbo/Documents/hisp_ws/install/sdl2_vendor/share/sdl2_vendor/cmake/sdl2_vendorConfig.cmake
[0.276s] -- Up-to-date symlink: /home/turbo/Documents/hisp_ws/install/sdl2_vendor/share/sdl2_vendor/cmake/sdl2_vendorConfig-version.cmake
[0.276s] -- Up-to-date symlink: /home/turbo/Documents/hisp_ws/install/sdl2_vendor/share/sdl2_vendor/package.xml
[0.288s] Invoked command in '/home/turbo/Documents/hisp_ws/build/sdl2_vendor' returned '0': CMAKE_PREFIX_PATH=${CMAKE_PREFIX_PATH}:/opt/ros/jazzy DEBUGINFOD_URLS=https://debuginfod.ubuntu.com /usr/bin/cmake --install /home/turbo/Documents/hisp_ws/build/sdl2_vendor
