[0.033s] Invoking command in '/home/turbo/Documents/hisp_ws/build/ldlidar': AMENT_PREFIX_PATH=/home/turbo/Documents/hisp_ws/install/ldlidar_node:/home/turbo/Documents/hisp_ws/install/ldlidar_component:${AMENT_PREFIX_PATH} CMAKE_PREFIX_PATH=/home/turbo/Documents/hisp_ws/install/ldlidar_node:/home/turbo/Documents/hisp_ws/install/ldlidar_component:/opt/ros/jazzy/opt/gz_math_vendor:/opt/ros/jazzy/opt/gz_utils_vendor:/opt/ros/jazzy/opt/gz_cmake_vendor:/home/turbo/Documents/hisp_ws/install/spacenav:/home/turbo/Documents/hisp_ws/install/joy:/home/turbo/Documents/hisp_ws/install/sdl2_vendor:/home/turbo/Documents/hisp_ws/install/joy_linux:/opt/ros/jazzy DEBUGINFOD_URLS=https://debuginfod.ubuntu.com LD_LIBRARY_PATH=/home/turbo/Documents/hisp_ws/install/ldlidar_component/lib:${LD_LIBRARY_PATH} /usr/bin/cmake /home/turbo/Documents/hisp_ws/src/ldrobot-lidar-ros2/ldlidar -DCMAKE_INSTALL_PREFIX=/home/turbo/Documents/hisp_ws/install/ldlidar
[0.081s] -- Found ament_cmake: 2.5.6 (/opt/ros/jazzy/share/ament_cmake/cmake)
[0.321s] -- Found Python3: /usr/bin/python3 (found version "3.12.3") found components: Interpreter 
[0.683s] -- Configuring done (0.6s)
[0.691s] -- Generating done (0.0s)
[0.697s] -- Build files have been written to: /home/turbo/Documents/hisp_ws/build/ldlidar
[0.712s] Invoked command in '/home/turbo/Documents/hisp_ws/build/ldlidar' returned '0': AMENT_PREFIX_PATH=/home/turbo/Documents/hisp_ws/install/ldlidar_node:/home/turbo/Documents/hisp_ws/install/ldlidar_component:${AMENT_PREFIX_PATH} CMAKE_PREFIX_PATH=/home/turbo/Documents/hisp_ws/install/ldlidar_node:/home/turbo/Documents/hisp_ws/install/ldlidar_component:/opt/ros/jazzy/opt/gz_math_vendor:/opt/ros/jazzy/opt/gz_utils_vendor:/opt/ros/jazzy/opt/gz_cmake_vendor:/home/turbo/Documents/hisp_ws/install/spacenav:/home/turbo/Documents/hisp_ws/install/joy:/home/turbo/Documents/hisp_ws/install/sdl2_vendor:/home/turbo/Documents/hisp_ws/install/joy_linux:/opt/ros/jazzy DEBUGINFOD_URLS=https://debuginfod.ubuntu.com LD_LIBRARY_PATH=/home/turbo/Documents/hisp_ws/install/ldlidar_component/lib:${LD_LIBRARY_PATH} /usr/bin/cmake /home/turbo/Documents/hisp_ws/src/ldrobot-lidar-ros2/ldlidar -DCMAKE_INSTALL_PREFIX=/home/turbo/Documents/hisp_ws/install/ldlidar
[0.715s] Invoking command in '/home/turbo/Documents/hisp_ws/build/ldlidar': AMENT_PREFIX_PATH=/home/turbo/Documents/hisp_ws/install/ldlidar_node:/home/turbo/Documents/hisp_ws/install/ldlidar_component:${AMENT_PREFIX_PATH} CMAKE_PREFIX_PATH=/home/turbo/Documents/hisp_ws/install/ldlidar_node:/home/turbo/Documents/hisp_ws/install/ldlidar_component:/opt/ros/jazzy/opt/gz_math_vendor:/opt/ros/jazzy/opt/gz_utils_vendor:/opt/ros/jazzy/opt/gz_cmake_vendor:/home/turbo/Documents/hisp_ws/install/spacenav:/home/turbo/Documents/hisp_ws/install/joy:/home/turbo/Documents/hisp_ws/install/sdl2_vendor:/home/turbo/Documents/hisp_ws/install/joy_linux:/opt/ros/jazzy DEBUGINFOD_URLS=https://debuginfod.ubuntu.com LD_LIBRARY_PATH=/home/turbo/Documents/hisp_ws/install/ldlidar_component/lib:${LD_LIBRARY_PATH} /usr/bin/cmake --build /home/turbo/Documents/hisp_ws/build/ldlidar -- -j4 -l4
[0.802s] Invoked command in '/home/turbo/Documents/hisp_ws/build/ldlidar' returned '0': AMENT_PREFIX_PATH=/home/turbo/Documents/hisp_ws/install/ldlidar_node:/home/turbo/Documents/hisp_ws/install/ldlidar_component:${AMENT_PREFIX_PATH} CMAKE_PREFIX_PATH=/home/turbo/Documents/hisp_ws/install/ldlidar_node:/home/turbo/Documents/hisp_ws/install/ldlidar_component:/opt/ros/jazzy/opt/gz_math_vendor:/opt/ros/jazzy/opt/gz_utils_vendor:/opt/ros/jazzy/opt/gz_cmake_vendor:/home/turbo/Documents/hisp_ws/install/spacenav:/home/turbo/Documents/hisp_ws/install/joy:/home/turbo/Documents/hisp_ws/install/sdl2_vendor:/home/turbo/Documents/hisp_ws/install/joy_linux:/opt/ros/jazzy DEBUGINFOD_URLS=https://debuginfod.ubuntu.com LD_LIBRARY_PATH=/home/turbo/Documents/hisp_ws/install/ldlidar_component/lib:${LD_LIBRARY_PATH} /usr/bin/cmake --build /home/turbo/Documents/hisp_ws/build/ldlidar -- -j4 -l4
[0.805s] Invoking command in '/home/turbo/Documents/hisp_ws/build/ldlidar': AMENT_PREFIX_PATH=/home/turbo/Documents/hisp_ws/install/ldlidar_node:/home/turbo/Documents/hisp_ws/install/ldlidar_component:${AMENT_PREFIX_PATH} CMAKE_PREFIX_PATH=/home/turbo/Documents/hisp_ws/install/ldlidar_node:/home/turbo/Documents/hisp_ws/install/ldlidar_component:/opt/ros/jazzy/opt/gz_math_vendor:/opt/ros/jazzy/opt/gz_utils_vendor:/opt/ros/jazzy/opt/gz_cmake_vendor:/home/turbo/Documents/hisp_ws/install/spacenav:/home/turbo/Documents/hisp_ws/install/joy:/home/turbo/Documents/hisp_ws/install/sdl2_vendor:/home/turbo/Documents/hisp_ws/install/joy_linux:/opt/ros/jazzy DEBUGINFOD_URLS=https://debuginfod.ubuntu.com LD_LIBRARY_PATH=/home/turbo/Documents/hisp_ws/install/ldlidar_component/lib:${LD_LIBRARY_PATH} /usr/bin/cmake --install /home/turbo/Documents/hisp_ws/build/ldlidar
[0.830s] -- Install configuration: ""
[0.830s] -- Installing: /home/turbo/Documents/hisp_ws/install/ldlidar/share/ament_index/resource_index/package_run_dependencies/ldlidar
[0.830s] -- Installing: /home/turbo/Documents/hisp_ws/install/ldlidar/share/ament_index/resource_index/parent_prefix_path/ldlidar
[0.831s] -- Installing: /home/turbo/Documents/hisp_ws/install/ldlidar/share/ldlidar/environment/ament_prefix_path.sh
[0.831s] -- Installing: /home/turbo/Documents/hisp_ws/install/ldlidar/share/ldlidar/environment/ament_prefix_path.dsv
[0.831s] -- Installing: /home/turbo/Documents/hisp_ws/install/ldlidar/share/ldlidar/environment/path.sh
[0.831s] -- Installing: /home/turbo/Documents/hisp_ws/install/ldlidar/share/ldlidar/environment/path.dsv
[0.834s] -- Installing: /home/turbo/Documents/hisp_ws/install/ldlidar/share/ldlidar/local_setup.bash
[0.834s] -- Installing: /home/turbo/Documents/hisp_ws/install/ldlidar/share/ldlidar/local_setup.sh
[0.834s] -- Installing: /home/turbo/Documents/hisp_ws/install/ldlidar/share/ldlidar/local_setup.zsh
[0.834s] -- Installing: /home/turbo/Documents/hisp_ws/install/ldlidar/share/ldlidar/local_setup.dsv
[0.835s] -- Installing: /home/turbo/Documents/hisp_ws/install/ldlidar/share/ldlidar/package.dsv
[0.835s] -- Installing: /home/turbo/Documents/hisp_ws/install/ldlidar/share/ament_index/resource_index/packages/ldlidar
[0.835s] -- Installing: /home/turbo/Documents/hisp_ws/install/ldlidar/share/ldlidar/cmake/ldlidarConfig.cmake
[0.835s] -- Installing: /home/turbo/Documents/hisp_ws/install/ldlidar/share/ldlidar/cmake/ldlidarConfig-version.cmake
[0.835s] -- Installing: /home/turbo/Documents/hisp_ws/install/ldlidar/share/ldlidar/package.xml
[0.841s] Invoked command in '/home/turbo/Documents/hisp_ws/build/ldlidar' returned '0': AMENT_PREFIX_PATH=/home/turbo/Documents/hisp_ws/install/ldlidar_node:/home/turbo/Documents/hisp_ws/install/ldlidar_component:${AMENT_PREFIX_PATH} CMAKE_PREFIX_PATH=/home/turbo/Documents/hisp_ws/install/ldlidar_node:/home/turbo/Documents/hisp_ws/install/ldlidar_component:/opt/ros/jazzy/opt/gz_math_vendor:/opt/ros/jazzy/opt/gz_utils_vendor:/opt/ros/jazzy/opt/gz_cmake_vendor:/home/turbo/Documents/hisp_ws/install/spacenav:/home/turbo/Documents/hisp_ws/install/joy:/home/turbo/Documents/hisp_ws/install/sdl2_vendor:/home/turbo/Documents/hisp_ws/install/joy_linux:/opt/ros/jazzy DEBUGINFOD_URLS=https://debuginfod.ubuntu.com LD_LIBRARY_PATH=/home/turbo/Documents/hisp_ws/install/ldlidar_component/lib:${LD_LIBRARY_PATH} /usr/bin/cmake --install /home/turbo/Documents/hisp_ws/build/ldlidar
