[0.039s] Invoking command in '/home/turbo/Documents/hisp_ws/build/joy_linux': CMAKE_PREFIX_PATH=${CMAKE_PREFIX_PATH}:/opt/ros/jazzy DEBUGINFOD_URLS=https://debuginfod.ubuntu.com /usr/bin/cmake /home/turbo/Documents/hisp_ws/src/joystick_drivers/joy_linux -DAMENT_CMAKE_SYMLINK_INSTALL=1 -DCMAKE_INSTALL_PREFIX=/home/turbo/Documents/hisp_ws/install/joy_linux
[0.069s] -- Found ament_cmake: 2.5.6 (/opt/ros/jazzy/share/ament_cmake/cmake)
[0.489s] -- Override CMake install command with custom implementation using symlinks instead of copying resources
[0.624s] -- Found diagnostic_msgs: 5.3.7 (/opt/ros/jazzy/share/diagnostic_msgs/cmake)
[0.776s] -- Found rosidl_generator_c: 4.6.7 (/opt/ros/jazzy/share/rosidl_generator_c/cmake)
[0.799s] -- Found rosidl_generator_cpp: 4.6.7 (/opt/ros/jazzy/share/rosidl_generator_cpp/cmake)
[0.847s] -- Using all available rosidl_typesupport_c: rosidl_typesupport_fastrtps_c;rosidl_typesupport_introspection_c
[0.907s] -- Using all available rosidl_typesupport_cpp: rosidl_typesupport_fastrtps_cpp;rosidl_typesupport_introspection_cpp
[1.187s] -- Found diagnostic_updater: 4.2.6 (/opt/ros/jazzy/share/diagnostic_updater/cmake)
[1.312s] -- Found rmw_implementation_cmake: 7.3.3 (/opt/ros/jazzy/share/rmw_implementation_cmake/cmake)
[1.326s] -- Found rmw_fastrtps_cpp: 8.4.3 (/opt/ros/jazzy/share/rmw_fastrtps_cpp/cmake)
[1.476s] -- Using RMW implementation 'rmw_fastrtps_cpp' as default
[1.603s] -- Found sensor_msgs: 5.3.7 (/opt/ros/jazzy/share/sensor_msgs/cmake)
[1.668s] -- Found ament_lint_auto: 0.17.5 (/opt/ros/jazzy/share/ament_lint_auto/cmake)
[1.915s] -- Added test 'cppcheck' to perform static code analysis on C / C++ code
[1.916s] -- Configured cppcheck include dirs: /home/turbo/Documents/hisp_ws/src/joystick_drivers/joy_linux/msg/cpp
[1.916s] -- Configured cppcheck exclude dirs and/or files: 
[1.917s] -- Added test 'cpplint' to check C / C++ code against the Google style
[1.917s] -- Configured cpplint exclude dirs and/or files: 
[1.919s] -- Added test 'lint_cmake' to check CMake code style
[1.922s] -- Added test 'uncrustify' to check C / C++ code style
[1.922s] -- Configured uncrustify additional arguments: 
[1.922s] -- Added test 'xmllint' to check XML markup files
[1.932s] -- Configuring done (1.9s)
[1.972s] -- Generating done (0.0s)
[1.984s] -- Build files have been written to: /home/turbo/Documents/hisp_ws/build/joy_linux
[2.012s] Invoked command in '/home/turbo/Documents/hisp_ws/build/joy_linux' returned '0': CMAKE_PREFIX_PATH=${CMAKE_PREFIX_PATH}:/opt/ros/jazzy DEBUGINFOD_URLS=https://debuginfod.ubuntu.com /usr/bin/cmake /home/turbo/Documents/hisp_ws/src/joystick_drivers/joy_linux -DAMENT_CMAKE_SYMLINK_INSTALL=1 -DCMAKE_INSTALL_PREFIX=/home/turbo/Documents/hisp_ws/install/joy_linux
[2.015s] Invoking command in '/home/turbo/Documents/hisp_ws/build/joy_linux': CMAKE_PREFIX_PATH=${CMAKE_PREFIX_PATH}:/opt/ros/jazzy DEBUGINFOD_URLS=https://debuginfod.ubuntu.com /usr/bin/cmake --build /home/turbo/Documents/hisp_ws/build/joy_linux -- -j4 -l4
[2.164s] [100%] Built target joy_linux_node
[2.199s] Invoked command in '/home/turbo/Documents/hisp_ws/build/joy_linux' returned '0': CMAKE_PREFIX_PATH=${CMAKE_PREFIX_PATH}:/opt/ros/jazzy DEBUGINFOD_URLS=https://debuginfod.ubuntu.com /usr/bin/cmake --build /home/turbo/Documents/hisp_ws/build/joy_linux -- -j4 -l4
[2.205s] Invoking command in '/home/turbo/Documents/hisp_ws/build/joy_linux': CMAKE_PREFIX_PATH=${CMAKE_PREFIX_PATH}:/opt/ros/jazzy DEBUGINFOD_URLS=https://debuginfod.ubuntu.com /usr/bin/cmake --install /home/turbo/Documents/hisp_ws/build/joy_linux
[2.239s] -- Install configuration: ""
[2.239s] -- Execute custom install script
[2.240s] -- Up-to-date symlink: /home/turbo/Documents/hisp_ws/install/joy_linux/lib/joy_linux/joy_linux_node
[2.241s] -- Up-to-date symlink: /home/turbo/Documents/hisp_ws/install/joy_linux/share/ament_index/resource_index/package_run_dependencies/joy_linux
[2.245s] -- Up-to-date symlink: /home/turbo/Documents/hisp_ws/install/joy_linux/share/ament_index/resource_index/parent_prefix_path/joy_linux
[2.245s] -- Up-to-date symlink: /home/turbo/Documents/hisp_ws/install/joy_linux/share/joy_linux/environment/ament_prefix_path.sh
[2.246s] -- Up-to-date symlink: /home/turbo/Documents/hisp_ws/install/joy_linux/share/joy_linux/environment/ament_prefix_path.dsv
[2.246s] -- Up-to-date symlink: /home/turbo/Documents/hisp_ws/install/joy_linux/share/joy_linux/environment/path.sh
[2.246s] -- Up-to-date symlink: /home/turbo/Documents/hisp_ws/install/joy_linux/share/joy_linux/environment/path.dsv
[2.247s] -- Up-to-date symlink: /home/turbo/Documents/hisp_ws/install/joy_linux/share/joy_linux/local_setup.bash
[2.247s] -- Up-to-date symlink: /home/turbo/Documents/hisp_ws/install/joy_linux/share/joy_linux/local_setup.sh
[2.248s] -- Up-to-date symlink: /home/turbo/Documents/hisp_ws/install/joy_linux/share/joy_linux/local_setup.zsh
[2.248s] -- Up-to-date symlink: /home/turbo/Documents/hisp_ws/install/joy_linux/share/joy_linux/local_setup.dsv
[2.249s] -- Symlinking: /home/turbo/Documents/hisp_ws/install/joy_linux/share/joy_linux/package.dsv
[2.276s] -- Up-to-date symlink: /home/turbo/Documents/hisp_ws/install/joy_linux/share/ament_index/resource_index/packages/joy_linux
[2.277s] -- Up-to-date symlink: /home/turbo/Documents/hisp_ws/install/joy_linux/share/joy_linux/cmake/joy_linuxConfig.cmake
[2.277s] -- Up-to-date symlink: /home/turbo/Documents/hisp_ws/install/joy_linux/share/joy_linux/cmake/joy_linuxConfig-version.cmake
[2.278s] -- Up-to-date symlink: /home/turbo/Documents/hisp_ws/install/joy_linux/share/joy_linux/package.xml
[2.283s] Invoked command in '/home/turbo/Documents/hisp_ws/build/joy_linux' returned '0': CMAKE_PREFIX_PATH=${CMAKE_PREFIX_PATH}:/opt/ros/jazzy DEBUGINFOD_URLS=https://debuginfod.ubuntu.com /usr/bin/cmake --install /home/turbo/Documents/hisp_ws/build/joy_linux
