-- The C compiler identification is GNU 13.3.0
-- The CXX compiler identification is GNU 13.3.0
-- Detecting C compiler ABI info
-- Detecting C compiler ABI info - done
-- Check for working C compiler: /usr/bin/cc - skipped
-- Detecting C compile features
-- Detecting C compile features - done
-- Detecting CXX compiler ABI info
-- Detecting CXX compiler ABI info - done
-- Check for working CXX compiler: /usr/bin/c++ - skipped
-- Detecting CXX compile features
-- Detecting CXX compile features - done
--  * Release Mode
-- * Found ROS2 jazzy
-- * ROS2 jazzy is officially supported by this package.
-- Found ament_cmake: 2.5.6 (/opt/ros/jazzy/share/ament_cmake/cmake)
-- Found Python3: /usr/bin/python3 (found version "3.12.3") found components: Interpreter 
-- Override CMake install command with custom implementation using symlinks instead of copying resources
-- Found rclcpp_lifecycle: 28.1.18 (/opt/ros/jazzy/share/rclcpp_lifecycle/cmake)
-- Found rosidl_generator_c: 4.6.7 (/opt/ros/jazzy/share/rosidl_generator_c/cmake)
-- Found rosidl_generator_cpp: 4.6.7 (/opt/ros/jazzy/share/rosidl_generator_cpp/cmake)
-- Using all available rosidl_typesupport_c: rosidl_typesupport_fastrtps_c;rosidl_typesupport_introspection_c
-- Using all available rosidl_typesupport_cpp: rosidl_typesupport_fastrtps_cpp;rosidl_typesupport_introspection_cpp
-- Found rmw_implementation_cmake: 7.3.3 (/opt/ros/jazzy/share/rmw_implementation_cmake/cmake)
-- Found rmw_fastrtps_cpp: 8.4.3 (/opt/ros/jazzy/share/rmw_fastrtps_cpp/cmake)
-- Found OpenSSL: /usr/lib/aarch64-linux-gnu/libcrypto.so (found version "3.0.13")  
-- Found FastRTPS: /opt/ros/jazzy/include (Required is at least version "2.13") 
-- Using RMW implementation 'rmw_fastrtps_cpp' as default
-- Found rclcpp_components: 28.1.18 (/opt/ros/jazzy/share/rclcpp_components/cmake)
-- Found nav2_util: 1.3.11 (/opt/ros/jazzy/share/nav2_util/cmake)
-- Found eigen3_cmake_module: 0.3.0 (/opt/ros/jazzy/share/eigen3_cmake_module/cmake)
-- Found Eigen3: TRUE (found version "3.4.0") 
-- Ensuring Eigen3 include directory is part of orocos-kdl CMake target
-- Found sensor_msgs: 5.3.7 (/opt/ros/jazzy/share/sensor_msgs/cmake)
-- Found diagnostic_msgs: 5.3.7 (/opt/ros/jazzy/share/diagnostic_msgs/cmake)
-- Found diagnostic_updater: 4.2.6 (/opt/ros/jazzy/share/diagnostic_updater/cmake)
-- Found ament_lint_auto: 0.17.5 (/opt/ros/jazzy/share/ament_lint_auto/cmake)
-- Added test 'copyright' to check source files copyright and LICENSE
-- Added test 'cppcheck' to perform static code analysis on C / C++ code
-- Configured cppcheck include dirs: /home/turbo/Documents/hisp_ws/src/ldrobot-lidar-ros2/ldlidar_component/include;/home/turbo/Documents/hisp_ws/src/ldrobot-lidar-ros2/ldlidar_component/tools/include;/home/turbo/Documents/hisp_ws/src/ldrobot-lidar-ros2/ldlidar_component/component/include;/home/turbo/Documents/hisp_ws/src/ldrobot-lidar-ros2/ldlidar_component/ldlidar_stl_sdk/ldlidar_driver/include/core;/home/turbo/Documents/hisp_ws/src/ldrobot-lidar-ros2/ldlidar_component/ldlidar_stl_sdk/ldlidar_driver/include/dataprocess;/home/turbo/Documents/hisp_ws/src/ldrobot-lidar-ros2/ldlidar_component/ldlidar_stl_sdk/ldlidar_driver/include/filter;/home/turbo/Documents/hisp_ws/src/ldrobot-lidar-ros2/ldlidar_component/ldlidar_stl_sdk/ldlidar_driver/include/logger;/home/turbo/Documents/hisp_ws/src/ldrobot-lidar-ros2/ldlidar_component/ldlidar_stl_sdk/ldlidar_driver/include/networkcom;/home/turbo/Documents/hisp_ws/src/ldrobot-lidar-ros2/ldlidar_component/ldlidar_stl_sdk/ldlidar_driver/include/serialcom
-- Configured cppcheck exclude dirs and/or files: 
-- Added test 'cpplint' to check C / C++ code against the Google style
-- Configured cpplint exclude dirs and/or files: 
-- Added test 'lint_cmake' to check CMake code style
-- Added test 'uncrustify' to check C / C++ code style
-- Configured uncrustify additional arguments: 
-- Added test 'xmllint' to check XML markup files
-- Added test 'clang_format' to check C / C++ code style
-- Configuring done (6.6s)
-- Generating done (0.4s)
-- Build files have been written to: /home/turbo/Documents/hisp_ws/build/ldlidar_component
