[0.048s] Invoking command in '/home/turbo/Documents/hisp_ws/build/ldlidar_component': CMAKE_PREFIX_PATH=${CMAKE_PREFIX_PATH}:/opt/ros/jazzy DEBUGINFOD_URLS=https://debuginfod.ubuntu.com /usr/bin/cmake /home/turbo/Documents/hisp_ws/src/ldrobot-lidar-ros2/ldlidar_component -DCMAKE_BUILD_TYPE=Release -DAMENT_CMAKE_SYMLINK_INSTALL=1 -DCMAKE_INSTALL_PREFIX=/home/turbo/Documents/hisp_ws/install/ldlidar_component
[0.272s] -- The C compiler identification is GNU 13.3.0
[0.558s] -- The CXX compiler identification is GNU 13.3.0
[0.615s] -- Detecting C compiler ABI info
[0.843s] -- Detecting C compiler ABI info - done
[0.860s] -- Check for working C compiler: /usr/bin/cc - skipped
[0.860s] -- Detecting C compile features
[0.863s] -- Detecting C compile features - done
[0.880s] -- Detecting CXX compiler ABI info
[1.124s] -- Detecting CXX compiler ABI info - done
[1.142s] -- Check for working CXX compiler: /usr/bin/c++ - skipped
[1.142s] -- Detecting CXX compile features
[1.142s] -- Detecting CXX compile features - done
[1.143s] --  * Release Mode
[1.143s] -- * Found ROS2 jazzy
[1.143s] -- * ROS2 jazzy is officially supported by this package.
[1.146s] -- Found ament_cmake: 2.5.6 (/opt/ros/jazzy/share/ament_cmake/cmake)
[1.454s] -- Found Python3: /usr/bin/python3 (found version "3.12.3") found components: Interpreter 
[1.660s] -- Override CMake install command with custom implementation using symlinks instead of copying resources
[1.757s] -- Found rclcpp_lifecycle: 28.1.18 (/opt/ros/jazzy/share/rclcpp_lifecycle/cmake)
[1.911s] -- Found rosidl_generator_c: 4.6.7 (/opt/ros/jazzy/share/rosidl_generator_c/cmake)
[1.947s] -- Found rosidl_generator_cpp: 4.6.7 (/opt/ros/jazzy/share/rosidl_generator_cpp/cmake)
[1.979s] -- Using all available rosidl_typesupport_c: rosidl_typesupport_fastrtps_c;rosidl_typesupport_introspection_c
[2.011s] -- Using all available rosidl_typesupport_cpp: rosidl_typesupport_fastrtps_cpp;rosidl_typesupport_introspection_cpp
[2.233s] -- Found rmw_implementation_cmake: 7.3.3 (/opt/ros/jazzy/share/rmw_implementation_cmake/cmake)
[2.238s] -- Found rmw_fastrtps_cpp: 8.4.3 (/opt/ros/jazzy/share/rmw_fastrtps_cpp/cmake)
[2.415s] -- Found OpenSSL: /usr/lib/aarch64-linux-gnu/libcrypto.so (found version "3.0.13")  
[2.442s] -- Found FastRTPS: /opt/ros/jazzy/include (Required is at least version "2.13") 
[2.483s] -- Using RMW implementation 'rmw_fastrtps_cpp' as default
[2.642s] -- Found rclcpp_components: 28.1.18 (/opt/ros/jazzy/share/rclcpp_components/cmake)
[2.714s] -- Found nav2_util: 1.3.11 (/opt/ros/jazzy/share/nav2_util/cmake)
[4.125s] -- Found eigen3_cmake_module: 0.3.0 (/opt/ros/jazzy/share/eigen3_cmake_module/cmake)
[4.133s] -- Found Eigen3: TRUE (found version "3.4.0") 
[4.134s] -- Ensuring Eigen3 include directory is part of orocos-kdl CMake target
[4.395s] -- Found sensor_msgs: 5.3.7 (/opt/ros/jazzy/share/sensor_msgs/cmake)
[4.599s] -- Found diagnostic_msgs: 5.3.7 (/opt/ros/jazzy/share/diagnostic_msgs/cmake)
[4.676s] -- Found diagnostic_updater: 4.2.6 (/opt/ros/jazzy/share/diagnostic_updater/cmake)
[4.708s] -- Found ament_lint_auto: 0.17.5 (/opt/ros/jazzy/share/ament_lint_auto/cmake)
[6.334s] -- Added test 'copyright' to check source files copyright and LICENSE
[6.343s] -- Added test 'cppcheck' to perform static code analysis on C / C++ code
[6.346s] -- Configured cppcheck include dirs: /home/turbo/Documents/hisp_ws/src/ldrobot-lidar-ros2/ldlidar_component/include;/home/turbo/Documents/hisp_ws/src/ldrobot-lidar-ros2/ldlidar_component/tools/include;/home/turbo/Documents/hisp_ws/src/ldrobot-lidar-ros2/ldlidar_component/component/include;/home/turbo/Documents/hisp_ws/src/ldrobot-lidar-ros2/ldlidar_component/ldlidar_stl_sdk/ldlidar_driver/include/core;/home/turbo/Documents/hisp_ws/src/ldrobot-lidar-ros2/ldlidar_component/ldlidar_stl_sdk/ldlidar_driver/include/dataprocess;/home/turbo/Documents/hisp_ws/src/ldrobot-lidar-ros2/ldlidar_component/ldlidar_stl_sdk/ldlidar_driver/include/filter;/home/turbo/Documents/hisp_ws/src/ldrobot-lidar-ros2/ldlidar_component/ldlidar_stl_sdk/ldlidar_driver/include/logger;/home/turbo/Documents/hisp_ws/src/ldrobot-lidar-ros2/ldlidar_component/ldlidar_stl_sdk/ldlidar_driver/include/networkcom;/home/turbo/Documents/hisp_ws/src/ldrobot-lidar-ros2/ldlidar_component/ldlidar_stl_sdk/ldlidar_driver/include/serialcom
[6.346s] -- Configured cppcheck exclude dirs and/or files: 
[6.352s] -- Added test 'cpplint' to check C / C++ code against the Google style
[6.352s] -- Configured cpplint exclude dirs and/or files: 
[6.355s] -- Added test 'lint_cmake' to check CMake code style
[6.361s] -- Added test 'uncrustify' to check C / C++ code style
[6.362s] -- Configured uncrustify additional arguments: 
[6.363s] -- Added test 'xmllint' to check XML markup files
[6.528s] -- Added test 'clang_format' to check C / C++ code style
[6.654s] -- Configuring done (6.6s)
[8.131s] -- Generating done (0.4s)
[8.406s] -- Build files have been written to: /home/turbo/Documents/hisp_ws/build/ldlidar_component
[11.176s] Invoked command in '/home/turbo/Documents/hisp_ws/build/ldlidar_component' returned '0': CMAKE_PREFIX_PATH=${CMAKE_PREFIX_PATH}:/opt/ros/jazzy DEBUGINFOD_URLS=https://debuginfod.ubuntu.com /usr/bin/cmake /home/turbo/Documents/hisp_ws/src/ldrobot-lidar-ros2/ldlidar_component -DCMAKE_BUILD_TYPE=Release -DAMENT_CMAKE_SYMLINK_INSTALL=1 -DCMAKE_INSTALL_PREFIX=/home/turbo/Documents/hisp_ws/install/ldlidar_component
[11.208s] Invoking command in '/home/turbo/Documents/hisp_ws/build/ldlidar_component': CMAKE_PREFIX_PATH=${CMAKE_PREFIX_PATH}:/opt/ros/jazzy DEBUGINFOD_URLS=https://debuginfod.ubuntu.com /usr/bin/cmake --build /home/turbo/Documents/hisp_ws/build/ldlidar_component -- -j4 -l4
