[0.064s] Invoking command in '/home/turbo/Documents/hisp_ws/build/joy': CMAKE_PREFIX_PATH=/home/turbo/Documents/hisp_ws/install/sdl2_vendor:/home/turbo/Documents/hisp_ws/install/spacenav:/home/turbo/Documents/hisp_ws/install/joy:/home/turbo/Documents/hisp_ws/install/joy_linux:/opt/ros/jazzy/opt/gz_math_vendor:/opt/ros/jazzy/opt/gz_utils_vendor:/opt/ros/jazzy/opt/gz_cmake_vendor:/opt/ros/jazzy DEBUGINFOD_URLS=https://debuginfod.ubuntu.com /usr/bin/cmake --build /home/turbo/Documents/hisp_ws/build/joy -- -j4 -l4
[0.230s] [ 20%] Built target joy
[0.276s] [ 40%] Built target game_controller
[0.293s] [ 60%] Built target joy_enumerate_devices
[0.300s] [ 80%] Built target game_controller_node
[0.303s] [100%] Built target joy_node
[0.336s] Invoked command in '/home/turbo/Documents/hisp_ws/build/joy' returned '0': CMAKE_PREFIX_PATH=/home/turbo/Documents/hisp_ws/install/sdl2_vendor:/home/turbo/Documents/hisp_ws/install/spacenav:/home/turbo/Documents/hisp_ws/install/joy:/home/turbo/Documents/hisp_ws/install/joy_linux:/opt/ros/jazzy/opt/gz_math_vendor:/opt/ros/jazzy/opt/gz_utils_vendor:/opt/ros/jazzy/opt/gz_cmake_vendor:/opt/ros/jazzy DEBUGINFOD_URLS=https://debuginfod.ubuntu.com /usr/bin/cmake --build /home/turbo/Documents/hisp_ws/build/joy -- -j4 -l4
[0.340s] Invoking command in '/home/turbo/Documents/hisp_ws/build/joy': CMAKE_PREFIX_PATH=/home/turbo/Documents/hisp_ws/install/sdl2_vendor:/home/turbo/Documents/hisp_ws/install/spacenav:/home/turbo/Documents/hisp_ws/install/joy:/home/turbo/Documents/hisp_ws/install/joy_linux:/opt/ros/jazzy/opt/gz_math_vendor:/opt/ros/jazzy/opt/gz_utils_vendor:/opt/ros/jazzy/opt/gz_cmake_vendor:/opt/ros/jazzy DEBUGINFOD_URLS=https://debuginfod.ubuntu.com /usr/bin/cmake --install /home/turbo/Documents/hisp_ws/build/joy
[0.360s] -- Install configuration: "Release"
[0.361s] -- Execute custom install script
[0.361s] -- Up-to-date symlink: /home/turbo/Documents/hisp_ws/install/joy/lib/joy/joy_node
[0.361s] -- Up-to-date symlink: /home/turbo/Documents/hisp_ws/install/joy/lib/joy/game_controller_node
[0.361s] -- Up-to-date symlink: /home/turbo/Documents/hisp_ws/install/joy/lib/joy/joy_enumerate_devices
[0.361s] -- Up-to-date symlink: /home/turbo/Documents/hisp_ws/install/joy/include/joy/joy/game_controller.hpp
[0.362s] -- Up-to-date symlink: /home/turbo/Documents/hisp_ws/install/joy/include/joy/joy/joy.hpp
[0.362s] -- Up-to-date symlink: /home/turbo/Documents/hisp_ws/install/joy/share/joy/config/joy-params.yaml
[0.362s] -- Up-to-date symlink: /home/turbo/Documents/hisp_ws/install/joy/share/joy/launch/joy-composed-launch.py
[0.362s] -- Up-to-date symlink: /home/turbo/Documents/hisp_ws/install/joy/share/joy/launch/joy-launch.py
[0.362s] -- Up-to-date symlink: /home/turbo/Documents/hisp_ws/install/joy/share/ament_index/resource_index/package_run_dependencies/joy
[0.362s] -- Up-to-date symlink: /home/turbo/Documents/hisp_ws/install/joy/share/ament_index/resource_index/parent_prefix_path/joy
[0.362s] -- Up-to-date symlink: /home/turbo/Documents/hisp_ws/install/joy/share/joy/environment/ament_prefix_path.sh
[0.363s] -- Up-to-date symlink: /home/turbo/Documents/hisp_ws/install/joy/share/joy/environment/ament_prefix_path.dsv
[0.363s] -- Up-to-date symlink: /home/turbo/Documents/hisp_ws/install/joy/share/joy/environment/path.sh
[0.363s] -- Up-to-date symlink: /home/turbo/Documents/hisp_ws/install/joy/share/joy/environment/path.dsv
[0.363s] -- Up-to-date symlink: /home/turbo/Documents/hisp_ws/install/joy/share/joy/local_setup.bash
[0.364s] -- Up-to-date symlink: /home/turbo/Documents/hisp_ws/install/joy/share/joy/local_setup.sh
[0.364s] -- Up-to-date symlink: /home/turbo/Documents/hisp_ws/install/joy/share/joy/local_setup.zsh
[0.364s] -- Up-to-date symlink: /home/turbo/Documents/hisp_ws/install/joy/share/joy/local_setup.dsv
[0.365s] -- Symlinking: /home/turbo/Documents/hisp_ws/install/joy/share/joy/package.dsv
[0.394s] -- Up-to-date symlink: /home/turbo/Documents/hisp_ws/install/joy/share/ament_index/resource_index/packages/joy
[0.395s] -- Up-to-date symlink: /home/turbo/Documents/hisp_ws/install/joy/share/ament_index/resource_index/rclcpp_components/joy
[0.395s] -- Up-to-date symlink: /home/turbo/Documents/hisp_ws/install/joy/share/joy/cmake/ament_cmake_export_targets-extras.cmake
[0.395s] -- Up-to-date symlink: /home/turbo/Documents/hisp_ws/install/joy/share/joy/cmake/ament_cmake_export_dependencies-extras.cmake
[0.396s] -- Up-to-date symlink: /home/turbo/Documents/hisp_ws/install/joy/share/joy/cmake/joyConfig.cmake
[0.397s] -- Up-to-date symlink: /home/turbo/Documents/hisp_ws/install/joy/share/joy/cmake/joyConfig-version.cmake
[0.398s] -- Up-to-date symlink: /home/turbo/Documents/hisp_ws/install/joy/share/joy/package.xml
[0.400s] -- Up-to-date: /home/turbo/Documents/hisp_ws/install/joy/lib/libjoy.so
[0.401s] -- Up-to-date: /home/turbo/Documents/hisp_ws/install/joy/lib/libgame_controller.so
[0.402s] -- Up-to-date: /home/turbo/Documents/hisp_ws/install/joy/share/joy/cmake/export_joyExport.cmake
[0.402s] -- Up-to-date: /home/turbo/Documents/hisp_ws/install/joy/share/joy/cmake/export_joyExport-release.cmake
[0.402s] -- Up-to-date: /home/turbo/Documents/hisp_ws/install/joy/share/joy/cmake/export_game_controllerExport.cmake
[0.403s] -- Up-to-date: /home/turbo/Documents/hisp_ws/install/joy/share/joy/cmake/export_game_controllerExport-release.cmake
[0.408s] Invoked command in '/home/turbo/Documents/hisp_ws/build/joy' returned '0': CMAKE_PREFIX_PATH=/home/turbo/Documents/hisp_ws/install/sdl2_vendor:/home/turbo/Documents/hisp_ws/install/spacenav:/home/turbo/Documents/hisp_ws/install/joy:/home/turbo/Documents/hisp_ws/install/joy_linux:/opt/ros/jazzy/opt/gz_math_vendor:/opt/ros/jazzy/opt/gz_utils_vendor:/opt/ros/jazzy/opt/gz_cmake_vendor:/opt/ros/jazzy DEBUGINFOD_URLS=https://debuginfod.ubuntu.com /usr/bin/cmake --install /home/turbo/Documents/hisp_ws/build/joy
