[0.064s] Invoking command in '/home/turbo/Documents/hisp_ws/build/spacenav': CMAKE_PREFIX_PATH=${CMAKE_PREFIX_PATH}:/opt/ros/jazzy DEBUGINFOD_URLS=https://debuginfod.ubuntu.com /usr/bin/cmake /home/turbo/Documents/hisp_ws/src/joystick_drivers/spacenav -DCMAKE_BUILD_TYPE=Release -DAMENT_CMAKE_SYMLINK_INSTALL=1 -DCMAKE_INSTALL_PREFIX=/home/turbo/Documents/hisp_ws/install/spacenav
[0.121s] -- Found ament_cmake: 2.5.6 (/opt/ros/jazzy/share/ament_cmake/cmake)
[0.636s] -- Override CMake install command with custom implementation using symlinks instead of copying resources
[0.656s] -- Found geometry_msgs: 5.3.7 (/opt/ros/jazzy/share/geometry_msgs/cmake)
[0.734s] -- Found rosidl_generator_c: 4.6.7 (/opt/ros/jazzy/share/rosidl_generator_c/cmake)
[0.759s] -- Found rosidl_generator_cpp: 4.6.7 (/opt/ros/jazzy/share/rosidl_generator_cpp/cmake)
[0.801s] -- Using all available rosidl_typesupport_c: rosidl_typesupport_fastrtps_c;rosidl_typesupport_introspection_c
[0.841s] -- Using all available rosidl_typesupport_cpp: rosidl_typesupport_fastrtps_cpp;rosidl_typesupport_introspection_cpp
[0.953s] -- Found rclcpp: 28.1.18 (/opt/ros/jazzy/share/rclcpp/cmake)
[1.099s] -- Found rmw_implementation_cmake: 7.3.3 (/opt/ros/jazzy/share/rmw_implementation_cmake/cmake)
[1.106s] -- Found rmw_fastrtps_cpp: 8.4.3 (/opt/ros/jazzy/share/rmw_fastrtps_cpp/cmake)
[1.284s] -- Using RMW implementation 'rmw_fastrtps_cpp' as default
[1.434s] -- Found rclcpp_components: 28.1.18 (/opt/ros/jazzy/share/rclcpp_components/cmake)
[1.533s] -- Found sensor_msgs: 5.3.7 (/opt/ros/jazzy/share/sensor_msgs/cmake)
[1.607s] -- Found ament_lint_auto: 0.17.5 (/opt/ros/jazzy/share/ament_lint_auto/cmake)
[1.914s] -- Added test 'cppcheck' to perform static code analysis on C / C++ code
[1.915s] -- Configured cppcheck include dirs: $<BUILD_INTERFACE:/home/turbo/Documents/hisp_ws/src/joystick_drivers/spacenav/include>
[1.915s] -- Configured cppcheck exclude dirs and/or files: 
[1.916s] -- Added test 'cpplint' to check C / C++ code against the Google style
[1.916s] -- Configured cpplint exclude dirs and/or files: 
[1.916s] -- Added test 'flake8' to check Python code syntax and style conventions
[1.916s] -- Configured 'flake8' exclude dirs and/or files: 
[1.917s] -- Added test 'lint_cmake' to check CMake code style
[1.918s] -- Added test 'pep257' to check Python code against some of the docstring style conventions in PEP 257
[1.920s] -- Added test 'uncrustify' to check C / C++ code style
[1.920s] -- Configured uncrustify additional arguments: 
[1.920s] -- Added test 'xmllint' to check XML markup files
[1.928s] -- Configuring done (1.8s)
[2.032s] -- Generating done (0.1s)
[2.056s] -- Build files have been written to: /home/turbo/Documents/hisp_ws/build/spacenav
[2.074s] Invoked command in '/home/turbo/Documents/hisp_ws/build/spacenav' returned '0': CMAKE_PREFIX_PATH=${CMAKE_PREFIX_PATH}:/opt/ros/jazzy DEBUGINFOD_URLS=https://debuginfod.ubuntu.com /usr/bin/cmake /home/turbo/Documents/hisp_ws/src/joystick_drivers/spacenav -DCMAKE_BUILD_TYPE=Release -DAMENT_CMAKE_SYMLINK_INSTALL=1 -DCMAKE_INSTALL_PREFIX=/home/turbo/Documents/hisp_ws/install/spacenav
[2.075s] Invoking command in '/home/turbo/Documents/hisp_ws/build/spacenav': CMAKE_PREFIX_PATH=${CMAKE_PREFIX_PATH}:/opt/ros/jazzy DEBUGINFOD_URLS=https://debuginfod.ubuntu.com /usr/bin/cmake --build /home/turbo/Documents/hisp_ws/build/spacenav -- -j4 -l4
[2.251s] [ 25%] [32mBuilding CXX object CMakeFiles/spacenav_node.dir/rclcpp_components/node_main_spacenav_node.cpp.o[0m
[2.256s] [ 50%] [32mBuilding CXX object CMakeFiles/spacenav.dir/src/spacenav.cpp.o[0m
