[0.045s] Invoking command in '/home/turbo/Documents/hisp_ws/build/spacenav': CMAKE_PREFIX_PATH=/opt/ros/jazzy DEBUGINFOD_URLS=https://debuginfod.ubuntu.com /usr/bin/cmake /home/turbo/Documents/hisp_ws/src/joystick_drivers/spacenav -DAMENT_CMAKE_SYMLINK_INSTALL=1 -DCMAKE_INSTALL_PREFIX=/home/turbo/Documents/hisp_ws/install/spacenav
[0.767s] -- The C compiler identification is GNU 13.3.0
[1.316s] -- The CXX compiler identification is GNU 13.3.0
[1.394s] -- Detecting C compiler ABI info
[1.676s] -- Detecting C compiler ABI info - done
[1.698s] -- Check for working C compiler: /usr/bin/cc - skipped
[1.698s] -- Detecting C compile features
[1.699s] -- Detecting C compile features - done
[1.725s] -- Detecting CXX compiler ABI info
[2.148s] -- Detecting CXX compiler ABI info - done
[2.157s] -- Check for working CXX compiler: /usr/bin/c++ - skipped
[2.157s] -- Detecting CXX compile features
[2.158s] -- Detecting CXX compile features - done
[2.171s] -- Found ament_cmake: 2.5.6 (/opt/ros/jazzy/share/ament_cmake/cmake)
[2.584s] -- Found Python3: /usr/bin/python3 (found version "3.12.3") found components: Interpreter 
[2.862s] -- Override CMake install command with custom implementation using symlinks instead of copying resources
[2.952s] -- Found geometry_msgs: 5.3.7 (/opt/ros/jazzy/share/geometry_msgs/cmake)
[3.105s] -- Found rosidl_generator_c: 4.6.7 (/opt/ros/jazzy/share/rosidl_generator_c/cmake)
[3.156s] -- Found rosidl_generator_cpp: 4.6.7 (/opt/ros/jazzy/share/rosidl_generator_cpp/cmake)
[3.227s] -- Using all available rosidl_typesupport_c: rosidl_typesupport_fastrtps_c;rosidl_typesupport_introspection_c
[3.297s] -- Using all available rosidl_typesupport_cpp: rosidl_typesupport_fastrtps_cpp;rosidl_typesupport_introspection_cpp
[3.534s] -- Found rclcpp: 28.1.18 (/opt/ros/jazzy/share/rclcpp/cmake)
[3.741s] -- Found rmw_implementation_cmake: 7.3.3 (/opt/ros/jazzy/share/rmw_implementation_cmake/cmake)
[3.750s] -- Found rmw_fastrtps_cpp: 8.4.3 (/opt/ros/jazzy/share/rmw_fastrtps_cpp/cmake)
[4.246s] -- Found OpenSSL: /usr/lib/aarch64-linux-gnu/libcrypto.so (found version "3.0.13")  
[4.305s] -- Found FastRTPS: /opt/ros/jazzy/include (Required is at least version "2.13") 
[4.350s] -- Using RMW implementation 'rmw_fastrtps_cpp' as default
[4.687s] -- Found rclcpp_components: 28.1.18 (/opt/ros/jazzy/share/rclcpp_components/cmake)
[4.965s] -- Found sensor_msgs: 5.3.7 (/opt/ros/jazzy/share/sensor_msgs/cmake)
[5.011s] -- Found SPNAV: /usr/lib/libspnav.so  
[5.018s] -- Found ament_lint_auto: 0.17.5 (/opt/ros/jazzy/share/ament_lint_auto/cmake)
[5.318s] -- Added test 'cppcheck' to perform static code analysis on C / C++ code
[5.319s] -- Configured cppcheck include dirs: $<BUILD_INTERFACE:/home/turbo/Documents/hisp_ws/src/joystick_drivers/spacenav/include>
[5.319s] -- Configured cppcheck exclude dirs and/or files: 
[5.329s] -- Added test 'cpplint' to check C / C++ code against the Google style
[5.329s] -- Configured cpplint exclude dirs and/or files: 
[5.334s] -- Added test 'flake8' to check Python code syntax and style conventions
[5.334s] -- Configured 'flake8' exclude dirs and/or files: 
[5.340s] -- Added test 'lint_cmake' to check CMake code style
[5.342s] -- Added test 'pep257' to check Python code against some of the docstring style conventions in PEP 257
[5.345s] -- Added test 'uncrustify' to check C / C++ code style
[5.345s] -- Configured uncrustify additional arguments: 
[5.352s] -- Added test 'xmllint' to check XML markup files
[5.356s] -- Configuring done (5.2s)
[5.447s] -- Generating done (0.1s)
[5.471s] -- Build files have been written to: /home/turbo/Documents/hisp_ws/build/spacenav
[5.520s] Invoked command in '/home/turbo/Documents/hisp_ws/build/spacenav' returned '0': CMAKE_PREFIX_PATH=/opt/ros/jazzy DEBUGINFOD_URLS=https://debuginfod.ubuntu.com /usr/bin/cmake /home/turbo/Documents/hisp_ws/src/joystick_drivers/spacenav -DAMENT_CMAKE_SYMLINK_INSTALL=1 -DCMAKE_INSTALL_PREFIX=/home/turbo/Documents/hisp_ws/install/spacenav
[5.521s] Invoking command in '/home/turbo/Documents/hisp_ws/build/spacenav': CMAKE_PREFIX_PATH=/opt/ros/jazzy DEBUGINFOD_URLS=https://debuginfod.ubuntu.com /usr/bin/cmake --build /home/turbo/Documents/hisp_ws/build/spacenav -- -j4 -l4
[5.666s] [ 25%] [32mBuilding CXX object CMakeFiles/spacenav.dir/src/spacenav.cpp.o[0m
[5.677s] [ 50%] [32mBuilding CXX object CMakeFiles/spacenav_node.dir/rclcpp_components/node_main_spacenav_node.cpp.o[0m
[60.881s] [01m[Kc++:[m[K [01;31m[Kfatal error: [m[KKilled signal terminated program cc1plus
[61.115s] compilation terminated.
[61.115s] gmake[2]: *** [CMakeFiles/spacenav.dir/build.make:76: CMakeFiles/spacenav.dir/src/spacenav.cpp.o] Error 1
[61.115s] gmake[1]: *** [CMakeFiles/Makefile2:139: CMakeFiles/spacenav.dir/all] Error 2
[61.115s] gmake[1]: *** Waiting for unfinished jobs....
