[0.075s] Invoking command in '/home/turbo/Documents/hisp_ws/build/oradar_lidar': CMAKE_PREFIX_PATH=${CMAKE_PREFIX_PATH}:/opt/ros/jazzy DEBUGINFOD_URLS=https://debuginfod.ubuntu.com /usr/bin/cmake /home/turbo/Documents/hisp_ws/src/MS200_ros -DCMAKE_INSTALL_PREFIX=/home/turbo/Documents/hisp_ws/install/oradar_lidar
[0.159s] [0m=============================================================[0m
[0.161s] [0m-- ROS Not Found, Ros Support is turned Off![0m
[0.163s] [0m=============================================================[0m
[0.789s] -- Found rosidl_generator_c: 4.6.7 (/opt/ros/jazzy/share/rosidl_generator_c/cmake)
[0.803s] -- Found rosidl_generator_cpp: 4.6.7 (/opt/ros/jazzy/share/rosidl_generator_cpp/cmake)
[0.821s] -- Using all available rosidl_typesupport_c: rosidl_typesupport_fastrtps_c;rosidl_typesupport_introspection_c
[0.840s] -- Using all available rosidl_typesupport_cpp: rosidl_typesupport_fastrtps_cpp;rosidl_typesupport_introspection_cpp
[0.932s] -- Found rmw_implementation_cmake: 7.3.3 (/opt/ros/jazzy/share/rmw_implementation_cmake/cmake)
[0.934s] -- Found rmw_fastrtps_cpp: 8.4.3 (/opt/ros/jazzy/share/rmw_fastrtps_cpp/cmake)
[1.027s] -- Using RMW implementation 'rmw_fastrtps_cpp' as default
[1.110s] [0m=============================================================[0m
[1.110s] [0m-- ROS2 Found. ROS2 Support is turned On![0m
[1.111s] [0m=============================================================[0m
[1.111s] [0mCMake Error: File /home/turbo/Documents/hisp_ws/src/MS200_ros/package_ros2.xml does not exist.[0m
[1.111s] [31mCMake Error at CMakeLists.txt:36 (configure_file):
[1.111s]   configure_file Problem configuring file
[1.111s] 
[1.111s] [0m
[1.111s] [0mCMake Error: File /home/turbo/Documents/hisp_ws/src/MS200_ros/package_ros2.xml does not exist.[0m
[1.111s] [31mCMake Error at CMakeLists.txt:38 (configure_file):
[1.111s]   configure_file Problem configuring file
[1.111s] 
[1.112s] [0m
[1.112s] -- Found sensor_msgs: 5.3.7 (/opt/ros/jazzy/share/sensor_msgs/cmake)
[1.187s] [0mCMake Deprecation Warning at sdk/CMakeLists.txt:36 (cmake_policy):
[1.187s]   The OLD behavior for policy CMP0053 will be removed from a future version
[1.187s]   of CMake.
[1.187s] 
[1.187s]   The cmake-policies(7) manual explains that the OLD behaviors of all
[1.187s]   policies are deprecated and that a policy should be set to OLD only under
[1.188s]   specific short-term circumstances.  Projects should be ported to the NEW
[1.188s]   behavior and not rely on setting a policy to OLD.
[1.188s] 
[1.188s] [0m
[1.188s] [0mCMake Deprecation Warning at sdk/CMakeLists.txt:39 (cmake_policy):
[1.188s]   The OLD behavior for policy CMP0037 will be removed from a future version
[1.188s]   of CMake.
[1.188s] 
[1.188s]   The cmake-policies(7) manual explains that the OLD behaviors of all
[1.188s]   policies are deprecated and that a policy should be set to OLD only under
[1.188s]   specific short-term circumstances.  Projects should be ported to the NEW
[1.189s]   behavior and not rely on setting a policy to OLD.
[1.189s] 
[1.189s] [0m
[1.189s] [0mCMake Deprecation Warning at sdk/CMakeLists.txt:42 (cmake_policy):
[1.189s]   The OLD behavior for policy CMP0043 will be removed from a future version
[1.189s]   of CMake.
[1.189s] 
[1.189s]   The cmake-policies(7) manual explains that the OLD behaviors of all
[1.189s]   policies are deprecated and that a policy should be set to OLD only under
[1.189s]   specific short-term circumstances.  Projects should be ported to the NEW
[1.189s]   behavior and not rely on setting a policy to OLD.
[1.190s] 
[1.190s] [0m
[1.190s] -- Could NOT find SWIG (missing: SWIG_EXECUTABLE SWIG_DIR) 
[1.190s] [33mCMake Warning (dev) at sdk/CMakeLists.txt:54 (find_package):
[1.190s]   Policy CMP0148 is not set: The FindPythonInterp and FindPythonLibs modules
[1.190s]   are removed.  Run "cmake --help-policy CMP0148" for policy details.  Use
[1.190s]   the cmake_policy command to set the policy and suppress this warning.
[1.190s] 
[1.190s] This warning is for project developers.  Use -Wno-dev to suppress it.
[1.190s] [0m
[1.221s] [33mCMake Warning (dev) at sdk/CMakeLists.txt:55 (FIND_PACKAGE):
[1.221s]   Policy CMP0148 is not set: The FindPythonInterp and FindPythonLibs modules
[1.221s]   are removed.  Run "cmake --help-policy CMP0148" for policy details.  Use
[1.221s]   the cmake_policy command to set the policy and suppress this warning.
[1.222s] 
[1.222s] This warning is for project developers.  Use -Wno-dev to suppress it.
[1.222s] [0m
[1.239s] [0mCMake Deprecation Warning at sdk/cmake/install_package.cmake:101 (cmake_policy):
[1.239s]   The OLD behavior for policy CMP0026 will be removed from a future version
[1.239s]   of CMake.
[1.239s] 
[1.239s]   The cmake-policies(7) manual explains that the OLD behaviors of all
[1.240s]   policies are deprecated and that a policy should be set to OLD only under
[1.240s]   specific short-term circumstances.  Projects should be ported to the NEW
[1.240s]   behavior and not rely on setting a policy to OLD.
[1.240s] Call Stack (most recent call first):
[1.240s]   sdk/CMakeLists.txt:105 (install_package)
[1.240s] 
[1.240s] [0m
[1.411s] -- Configuring incomplete, errors occurred!
[1.432s] Invoked command in '/home/turbo/Documents/hisp_ws/build/oradar_lidar' returned '1': CMAKE_PREFIX_PATH=${CMAKE_PREFIX_PATH}:/opt/ros/jazzy DEBUGINFOD_URLS=https://debuginfod.ubuntu.com /usr/bin/cmake /home/turbo/Documents/hisp_ws/src/MS200_ros -DCMAKE_INSTALL_PREFIX=/home/turbo/Documents/hisp_ws/install/oradar_lidar
