[0.025s] Invoking command in '/home/turbo/Documents/hisp_ws/build/joy': AMENT_PREFIX_PATH=/home/turbo/Documents/hisp_ws/install/sdl2_vendor CMAKE_PREFIX_PATH=/home/turbo/Documents/hisp_ws/install/sdl2_vendor DEBUGINFOD_URLS=https://debuginfod.ubuntu.com /usr/bin/cmake /home/turbo/Documents/hisp_ws/src/joystick_drivers/joy -DCMAKE_INSTALL_PREFIX=/home/turbo/Documents/hisp_ws/install/joy
[0.064s] -- Found ament_cmake_ros: 0.12.0 (/opt/ros/jazzy/share/ament_cmake_ros/cmake)
[17.412s] Traceback (most recent call last):
[17.413s]   File "/opt/ros/jazzy/share/ament_cmake_core/cmake/package_templates/templates_2_cmake.py", line 21, in <module>
[17.416s]     from ament_package.templates import get_environment_hook_template_path
[17.416s] ModuleNotFoundError: No module named 'ament_package'
[17.841s] [31mCMake Error at /opt/ros/jazzy/share/ament_cmake_core/cmake/ament_cmake_package_templates-extras.cmake:41 (message):
[17.841s]   execute_process(/usr/bin/python3
[17.842s]   /opt/ros/jazzy/share/ament_cmake_core/cmake/package_templates/templates_2_cmake.py
[17.842s]   /home/turbo/Documents/hisp_ws/build/joy/ament_cmake_package_templates/templates.cmake)
[17.842s]   returned error code 1
[17.848s] Call Stack (most recent call first):
[17.848s]   /opt/ros/jazzy/share/ament_cmake_core/cmake/ament_cmake_coreConfig.cmake:41 (include)
[17.849s]   /opt/ros/jazzy/share/ament_cmake_test/cmake/ament_cmake_test-extras.cmake:39 (find_package)
[17.849s]   /opt/ros/jazzy/share/ament_cmake_test/cmake/ament_cmake_testConfig.cmake:41 (include)
[17.854s]   /opt/ros/jazzy/share/ament_cmake_pytest/cmake/ament_cmake_pytest-extras.cmake:17 (find_package)
[17.864s]   /opt/ros/jazzy/share/ament_cmake_pytest/cmake/ament_cmake_pytestConfig.cmake:41 (include)
[17.864s]   /opt/ros/jazzy/share/ament_cmake_ros/cmake/ament_cmake_ros-extras.cmake:19 (find_package)
[17.865s]   /opt/ros/jazzy/share/ament_cmake_ros/cmake/ament_cmake_rosConfig.cmake:41 (include)
[17.874s]   CMakeLists.txt:13 (find_package)
[17.875s] 
[17.878s] [0m
[17.878s] -- Configuring incomplete, errors occurred!
[17.896s] Invoked command in '/home/turbo/Documents/hisp_ws/build/joy' returned '1': AMENT_PREFIX_PATH=/home/turbo/Documents/hisp_ws/install/sdl2_vendor CMAKE_PREFIX_PATH=/home/turbo/Documents/hisp_ws/install/sdl2_vendor DEBUGINFOD_URLS=https://debuginfod.ubuntu.com /usr/bin/cmake /home/turbo/Documents/hisp_ws/src/joystick_drivers/joy -DCMAKE_INSTALL_PREFIX=/home/turbo/Documents/hisp_ws/install/joy
