[0.910s] Invoking command in '/home/turbo/Documents/hisp_ws/build/joy': CMAKE_PREFIX_PATH=/home/turbo/Documents/hisp_ws/install/sdl2_vendor:/home/turbo/Documents/hisp_ws/install/oradar_lidar:/home/turbo/Documents/hisp_ws/install/spacenav:/home/turbo/Documents/hisp_ws/install/joy:/home/turbo/Documents/hisp_ws/install/joy_linux:/opt/ros/jazzy/opt/gz_math_vendor:/opt/ros/jazzy/opt/gz_utils_vendor:/opt/ros/jazzy/opt/gz_cmake_vendor:/opt/ros/jazzy DEBUGINFOD_URLS=https://debuginfod.ubuntu.com /usr/bin/cmake --build /home/turbo/Documents/hisp_ws/build/joy -- -j4 -l4
[1.125s] [ 20%] Built target game_controller
[1.130s] [ 40%] Built target joy_node
[1.141s] [ 70%] Built target joy
[1.145s] [ 80%] Built target game_controller_node
[1.177s] [100%] Built target joy_enumerate_devices
[1.197s] Invoked command in '/home/turbo/Documents/hisp_ws/build/joy' returned '0': CMAKE_PREFIX_PATH=/home/turbo/Documents/hisp_ws/install/sdl2_vendor:/home/turbo/Documents/hisp_ws/install/oradar_lidar:/home/turbo/Documents/hisp_ws/install/spacenav:/home/turbo/Documents/hisp_ws/install/joy:/home/turbo/Documents/hisp_ws/install/joy_linux:/opt/ros/jazzy/opt/gz_math_vendor:/opt/ros/jazzy/opt/gz_utils_vendor:/opt/ros/jazzy/opt/gz_cmake_vendor:/opt/ros/jazzy DEBUGINFOD_URLS=https://debuginfod.ubuntu.com /usr/bin/cmake --build /home/turbo/Documents/hisp_ws/build/joy -- -j4 -l4
[1.199s] Invoking command in '/home/turbo/Documents/hisp_ws/build/joy': CMAKE_PREFIX_PATH=/home/turbo/Documents/hisp_ws/install/sdl2_vendor:/home/turbo/Documents/hisp_ws/install/oradar_lidar:/home/turbo/Documents/hisp_ws/install/spacenav:/home/turbo/Documents/hisp_ws/install/joy:/home/turbo/Documents/hisp_ws/install/joy_linux:/opt/ros/jazzy/opt/gz_math_vendor:/opt/ros/jazzy/opt/gz_utils_vendor:/opt/ros/jazzy/opt/gz_cmake_vendor:/opt/ros/jazzy DEBUGINFOD_URLS=https://debuginfod.ubuntu.com /usr/bin/cmake --install /home/turbo/Documents/hisp_ws/build/joy
[1.227s] -- Install configuration: "Release"
[1.228s] -- Execute custom install script
[1.232s] -- Up-to-date symlink: /home/turbo/Documents/hisp_ws/install/joy/lib/joy/joy_node
[1.233s] -- Up-to-date symlink: /home/turbo/Documents/hisp_ws/install/joy/lib/joy/game_controller_node
[1.234s] -- Up-to-date symlink: /home/turbo/Documents/hisp_ws/install/joy/lib/joy/joy_enumerate_devices
[1.236s] -- Up-to-date symlink: /home/turbo/Documents/hisp_ws/install/joy/include/joy/joy/game_controller.hpp
[1.236s] -- Up-to-date symlink: /home/turbo/Documents/hisp_ws/install/joy/include/joy/joy/joy.hpp
[1.236s] -- Up-to-date symlink: /home/turbo/Documents/hisp_ws/install/joy/share/joy/config/joy-params.yaml
[1.237s] -- Up-to-date symlink: /home/turbo/Documents/hisp_ws/install/joy/share/joy/launch/joy-composed-launch.py
[1.237s] -- Up-to-date symlink: /home/turbo/Documents/hisp_ws/install/joy/share/joy/launch/joy-launch.py
[1.238s] -- Up-to-date symlink: /home/turbo/Documents/hisp_ws/install/joy/share/ament_index/resource_index/package_run_dependencies/joy
[1.239s] -- Up-to-date symlink: /home/turbo/Documents/hisp_ws/install/joy/share/ament_index/resource_index/parent_prefix_path/joy
[1.243s] -- Up-to-date symlink: /home/turbo/Documents/hisp_ws/install/joy/share/joy/environment/ament_prefix_path.sh
[1.244s] -- Up-to-date symlink: /home/turbo/Documents/hisp_ws/install/joy/share/joy/environment/ament_prefix_path.dsv
[1.245s] -- Up-to-date symlink: /home/turbo/Documents/hisp_ws/install/joy/share/joy/environment/path.sh
[1.245s] -- Up-to-date symlink: /home/turbo/Documents/hisp_ws/install/joy/share/joy/environment/path.dsv
[1.246s] -- Up-to-date symlink: /home/turbo/Documents/hisp_ws/install/joy/share/joy/local_setup.bash
[1.246s] -- Up-to-date symlink: /home/turbo/Documents/hisp_ws/install/joy/share/joy/local_setup.sh
[1.246s] -- Up-to-date symlink: /home/turbo/Documents/hisp_ws/install/joy/share/joy/local_setup.zsh
[1.247s] -- Up-to-date symlink: /home/turbo/Documents/hisp_ws/install/joy/share/joy/local_setup.dsv
[1.247s] -- Symlinking: /home/turbo/Documents/hisp_ws/install/joy/share/joy/package.dsv
[1.282s] -- Up-to-date symlink: /home/turbo/Documents/hisp_ws/install/joy/share/ament_index/resource_index/packages/joy
[1.282s] -- Up-to-date symlink: /home/turbo/Documents/hisp_ws/install/joy/share/ament_index/resource_index/rclcpp_components/joy
[1.283s] -- Up-to-date symlink: /home/turbo/Documents/hisp_ws/install/joy/share/joy/cmake/ament_cmake_export_targets-extras.cmake
[1.286s] -- Up-to-date symlink: /home/turbo/Documents/hisp_ws/install/joy/share/joy/cmake/ament_cmake_export_dependencies-extras.cmake
[1.286s] -- Up-to-date symlink: /home/turbo/Documents/hisp_ws/install/joy/share/joy/cmake/joyConfig.cmake
[1.287s] -- Up-to-date symlink: /home/turbo/Documents/hisp_ws/install/joy/share/joy/cmake/joyConfig-version.cmake
[1.287s] -- Up-to-date symlink: /home/turbo/Documents/hisp_ws/install/joy/share/joy/package.xml
[1.287s] -- Up-to-date: /home/turbo/Documents/hisp_ws/install/joy/lib/libjoy.so
[1.287s] -- Up-to-date: /home/turbo/Documents/hisp_ws/install/joy/lib/libgame_controller.so
[1.288s] -- Up-to-date: /home/turbo/Documents/hisp_ws/install/joy/share/joy/cmake/export_joyExport.cmake
[1.289s] -- Up-to-date: /home/turbo/Documents/hisp_ws/install/joy/share/joy/cmake/export_joyExport-release.cmake
[1.289s] -- Up-to-date: /home/turbo/Documents/hisp_ws/install/joy/share/joy/cmake/export_game_controllerExport.cmake
[1.289s] -- Up-to-date: /home/turbo/Documents/hisp_ws/install/joy/share/joy/cmake/export_game_controllerExport-release.cmake
[1.296s] Invoked command in '/home/turbo/Documents/hisp_ws/build/joy' returned '0': CMAKE_PREFIX_PATH=/home/turbo/Documents/hisp_ws/install/sdl2_vendor:/home/turbo/Documents/hisp_ws/install/oradar_lidar:/home/turbo/Documents/hisp_ws/install/spacenav:/home/turbo/Documents/hisp_ws/install/joy:/home/turbo/Documents/hisp_ws/install/joy_linux:/opt/ros/jazzy/opt/gz_math_vendor:/opt/ros/jazzy/opt/gz_utils_vendor:/opt/ros/jazzy/opt/gz_cmake_vendor:/opt/ros/jazzy DEBUGINFOD_URLS=https://debuginfod.ubuntu.com /usr/bin/cmake --install /home/turbo/Documents/hisp_ws/build/joy
