[0.122s] Invoking command in '/home/turbo/Documents/hisp_ws/build/sdl2_vendor': CMAKE_PREFIX_PATH=${CMAKE_PREFIX_PATH}:/opt/ros/jazzy DEBUGINFOD_URLS=https://debuginfod.ubuntu.com /usr/bin/cmake --build /home/turbo/Documents/hisp_ws/build/sdl2_vendor -- -j4 -l4
[0.253s] Invoked command in '/home/turbo/Documents/hisp_ws/build/sdl2_vendor' returned '0': CMAKE_PREFIX_PATH=${CMAKE_PREFIX_PATH}:/opt/ros/jazzy DEBUGINFOD_URLS=https://debuginfod.ubuntu.com /usr/bin/cmake --build /home/turbo/Documents/hisp_ws/build/sdl2_vendor -- -j4 -l4
[0.297s] Invoking command in '/home/turbo/Documents/hisp_ws/build/sdl2_vendor': CMAKE_PREFIX_PATH=${CMAKE_PREFIX_PATH}:/opt/ros/jazzy DEBUGINFOD_URLS=https://debuginfod.ubuntu.com /usr/bin/cmake --install /home/turbo/Documents/hisp_ws/build/sdl2_vendor
[0.364s] -- Install configuration: "Release"
[0.366s] -- Execute custom install script
[0.372s] -- Up-to-date symlink: /home/turbo/Documents/hisp_ws/install/sdl2_vendor/share/sdl2_vendor/cmake/Modules/Findsdl2_custom.cmake
[0.373s] -- Up-to-date symlink: /home/turbo/Documents/hisp_ws/install/sdl2_vendor/share/ament_index/resource_index/package_run_dependencies/sdl2_vendor
[0.374s] -- Up-to-date symlink: /home/turbo/Documents/hisp_ws/install/sdl2_vendor/share/ament_index/resource_index/parent_prefix_path/sdl2_vendor
[0.375s] -- Up-to-date symlink: /home/turbo/Documents/hisp_ws/install/sdl2_vendor/share/sdl2_vendor/environment/ament_prefix_path.sh
[0.375s] -- Up-to-date symlink: /home/turbo/Documents/hisp_ws/install/sdl2_vendor/share/sdl2_vendor/environment/ament_prefix_path.dsv
[0.376s] -- Up-to-date symlink: /home/turbo/Documents/hisp_ws/install/sdl2_vendor/share/sdl2_vendor/environment/path.sh
[0.376s] -- Up-to-date symlink: /home/turbo/Documents/hisp_ws/install/sdl2_vendor/share/sdl2_vendor/environment/path.dsv
[0.376s] -- Up-to-date symlink: /home/turbo/Documents/hisp_ws/install/sdl2_vendor/share/sdl2_vendor/local_setup.bash
[0.376s] -- Up-to-date symlink: /home/turbo/Documents/hisp_ws/install/sdl2_vendor/share/sdl2_vendor/local_setup.sh
[0.377s] -- Up-to-date symlink: /home/turbo/Documents/hisp_ws/install/sdl2_vendor/share/sdl2_vendor/local_setup.zsh
[0.390s] -- Up-to-date symlink: /home/turbo/Documents/hisp_ws/install/sdl2_vendor/share/sdl2_vendor/local_setup.dsv
[0.398s] -- Symlinking: /home/turbo/Documents/hisp_ws/install/sdl2_vendor/share/sdl2_vendor/package.dsv
[0.407s] -- Up-to-date symlink: /home/turbo/Documents/hisp_ws/install/sdl2_vendor/share/ament_index/resource_index/packages/sdl2_vendor
[0.407s] -- Up-to-date symlink: /home/turbo/Documents/hisp_ws/install/sdl2_vendor/share/sdl2_vendor/cmake/sdl2_vendor-extras.cmake
[0.407s] -- Up-to-date symlink: /home/turbo/Documents/hisp_ws/install/sdl2_vendor/share/sdl2_vendor/cmake/sdl2_vendorConfig.cmake
[0.417s] -- Up-to-date symlink: /home/turbo/Documents/hisp_ws/install/sdl2_vendor/share/sdl2_vendor/cmake/sdl2_vendorConfig-version.cmake
[0.428s] -- Up-to-date symlink: /home/turbo/Documents/hisp_ws/install/sdl2_vendor/share/sdl2_vendor/package.xml
[0.477s] Invoked command in '/home/turbo/Documents/hisp_ws/build/sdl2_vendor' returned '0': CMAKE_PREFIX_PATH=${CMAKE_PREFIX_PATH}:/opt/ros/jazzy DEBUGINFOD_URLS=https://debuginfod.ubuntu.com /usr/bin/cmake --install /home/turbo/Documents/hisp_ws/build/sdl2_vendor
