[0.048s] Invoking command in '/home/turbo/Documents/hisp_ws/build/wiimote_msgs': CMAKE_PREFIX_PATH=/opt/ros/jazzy DEBUGINFOD_URLS=https://debuginfod.ubuntu.com /usr/bin/cmake /home/turbo/Documents/hisp_ws/src/joystick_drivers/wiimote_msgs -DAMENT_CMAKE_SYMLINK_INSTALL=1 -DCMAKE_INSTALL_PREFIX=/home/turbo/Documents/hisp_ws/install/wiimote_msgs
[0.777s] -- The C compiler identification is GNU 13.3.0
[1.323s] -- The CXX compiler identification is GNU 13.3.0
[1.405s] -- Detecting C compiler ABI info
[1.729s] -- Detecting C compiler ABI info - done
[1.748s] -- Check for working C compiler: /usr/bin/cc - skipped
[1.749s] -- Detecting C compile features
[1.749s] -- Detecting C compile features - done
[1.773s] -- Detecting CXX compiler ABI info
[2.166s] -- Detecting CXX compiler ABI info - done
[2.203s] -- Check for working CXX compiler: /usr/bin/c++ - skipped
[2.203s] -- Detecting CXX compile features
[2.204s] -- Detecting CXX compile features - done
[2.207s] -- Found ament_cmake: 2.5.6 (/opt/ros/jazzy/share/ament_cmake/cmake)
[2.606s] -- Found Python3: /usr/bin/python3 (found version "3.12.3") found components: Interpreter 
[2.908s] -- Override CMake install command with custom implementation using symlinks instead of copying resources
[2.969s] -- Found ament_cmake_auto: 2.5.6 (/opt/ros/jazzy/share/ament_cmake_auto/cmake)
[3.239s] -- Found rosidl_generator_c: 4.6.7 (/opt/ros/jazzy/share/rosidl_generator_c/cmake)
[3.256s] -- Found rosidl_generator_cpp: 4.6.7 (/opt/ros/jazzy/share/rosidl_generator_cpp/cmake)
[3.281s] -- Using all available rosidl_typesupport_c: rosidl_typesupport_fastrtps_c;rosidl_typesupport_introspection_c
[3.309s] -- Using all available rosidl_typesupport_cpp: rosidl_typesupport_fastrtps_cpp;rosidl_typesupport_introspection_cpp
[3.606s] -- Found rosidl_adapter: 4.6.7 (/opt/ros/jazzy/share/rosidl_adapter/cmake)
[3.664s] -- Found ament_lint_auto: 0.17.5 (/opt/ros/jazzy/share/ament_lint_auto/cmake)
[5.007s] -- Found ament_cmake_ros: 0.12.0 (/opt/ros/jazzy/share/ament_cmake_ros/cmake)
[6.859s] -- Using all available rosidl_typesupport_c: rosidl_typesupport_fastrtps_c;rosidl_typesupport_introspection_c
[8.031s] -- Using all available rosidl_typesupport_cpp: rosidl_typesupport_fastrtps_cpp;rosidl_typesupport_introspection_cpp
[8.049s] -- Found python_cmake_module: 0.11.1 (/opt/ros/jazzy/share/python_cmake_module/cmake)
[8.740s] -- Found PythonExtra: /usr/bin/python3  
[18.441s] -- Found Python3: /usr/bin/python3 (found version "3.12.3") found components: Interpreter Development NumPy Development.Module Development.Embed 
