[0m=============================================================[0m
[0m-- ROS Not Found, Ros Support is turned Off![0m
[0m=============================================================[0m
-- Found rosidl_generator_c: 4.6.7 (/opt/ros/jazzy/share/rosidl_generator_c/cmake)
-- Found rosidl_generator_cpp: 4.6.7 (/opt/ros/jazzy/share/rosidl_generator_cpp/cmake)
-- Using all available rosidl_typesupport_c: rosidl_typesupport_fastrtps_c;rosidl_typesupport_introspection_c
-- Using all available rosidl_typesupport_cpp: rosidl_typesupport_fastrtps_cpp;rosidl_typesupport_introspection_cpp
-- Found rmw_implementation_cmake: 7.3.3 (/opt/ros/jazzy/share/rmw_implementation_cmake/cmake)
-- Found rmw_fastrtps_cpp: 8.4.3 (/opt/ros/jazzy/share/rmw_fastrtps_cpp/cmake)
-- Using RMW implementation 'rmw_fastrtps_cpp' as default
[0m=============================================================[0m
[0m-- ROS2 Found. ROS2 Support is turned On![0m
[0m=============================================================[0m
-- Found sensor_msgs: 5.3.7 (/opt/ros/jazzy/share/sensor_msgs/cmake)
[0mCMake Deprecation Warning at sdk/CMakeLists.txt:36 (cmake_policy):
  The OLD behavior for policy CMP0053 will be removed from a future version
  of CMake.

  The cmake-policies(7) manual explains that the OLD behaviors of all
  policies are deprecated and that a policy should be set to OLD only under
  specific short-term circumstances.  Projects should be ported to the NEW
  behavior and not rely on setting a policy to OLD.

[0m
[0mCMake Deprecation Warning at sdk/CMakeLists.txt:39 (cmake_policy):
  The OLD behavior for policy CMP0037 will be removed from a future version
  of CMake.

  The cmake-policies(7) manual explains that the OLD behaviors of all
  policies are deprecated and that a policy should be set to OLD only under
  specific short-term circumstances.  Projects should be ported to the NEW
  behavior and not rely on setting a policy to OLD.

[0m
[0mCMake Deprecation Warning at sdk/CMakeLists.txt:42 (cmake_policy):
  The OLD behavior for policy CMP0043 will be removed from a future version
  of CMake.

  The cmake-policies(7) manual explains that the OLD behaviors of all
  policies are deprecated and that a policy should be set to OLD only under
  specific short-term circumstances.  Projects should be ported to the NEW
  behavior and not rely on setting a policy to OLD.

[0m
-- Could NOT find SWIG (missing: SWIG_EXECUTABLE SWIG_DIR) 
[33mCMake Warning (dev) at sdk/CMakeLists.txt:54 (find_package):
  Policy CMP0148 is not set: The FindPythonInterp and FindPythonLibs modules
  are removed.  Run "cmake --help-policy CMP0148" for policy details.  Use
  the cmake_policy command to set the policy and suppress this warning.

This warning is for project developers.  Use -Wno-dev to suppress it.
[0m
[33mCMake Warning (dev) at sdk/CMakeLists.txt:55 (FIND_PACKAGE):
  Policy CMP0148 is not set: The FindPythonInterp and FindPythonLibs modules
  are removed.  Run "cmake --help-policy CMP0148" for policy details.  Use
  the cmake_policy command to set the policy and suppress this warning.

This warning is for project developers.  Use -Wno-dev to suppress it.
[0m
[0mCMake Deprecation Warning at sdk/cmake/install_package.cmake:101 (cmake_policy):
  The OLD behavior for policy CMP0026 will be removed from a future version
  of CMake.

  The cmake-policies(7) manual explains that the OLD behaviors of all
  policies are deprecated and that a policy should be set to OLD only under
  specific short-term circumstances.  Projects should be ported to the NEW
  behavior and not rely on setting a policy to OLD.
Call Stack (most recent call first):
  sdk/CMakeLists.txt:105 (install_package)

[0m
-- Configuring done (1.3s)
-- Generating done (0.1s)
-- Build files have been written to: /home/turbo/Documents/hisp_ws/build/oradar_lidar
[ 15%] [32mBuilding CXX object sdk/CMakeFiles/oradar_sdk.dir/core/network/PassiveSocket.cpp.o[0m
[ 15%] [32mBuilding CXX object sdk/CMakeFiles/oradar_sdk.dir/core/network/ActiveSocket.cpp.o[0m
[ 20%] [32mBuilding CXX object sdk/CMakeFiles/oradar_sdk.dir/core/network/SimpleSocket.cpp.o[0m
[ 20%] [32mBuilding CXX object sdk/CMakeFiles/oradar_sdk.dir/core/base/timer.cpp.o[0m
[ 25%] [32mBuilding CXX object sdk/CMakeFiles/oradar_sdk.dir/core/serial/serial.cpp.o[0m
[ 30%] [32mBuilding C object sdk/CMakeFiles/oradar_sdk.dir/core/serial/impl/unix/lock.c.o[0m
[ 35%] [32mBuilding CXX object sdk/CMakeFiles/oradar_sdk.dir/core/serial/impl/unix/list_ports_linux.cpp.o[0m
[ 40%] [32mBuilding CXX object sdk/CMakeFiles/oradar_sdk.dir/core/serial/impl/unix/unix_serial.cpp.o[0m
[ 45%] [32mBuilding CXX object sdk/CMakeFiles/oradar_sdk.dir/src/ord_lidar_c_api_driver.cpp.o[0m
[ 50%] [32mBuilding CXX object sdk/CMakeFiles/oradar_sdk.dir/src/ord_lidar_driver.cpp.o[0m
[ 55%] [32mBuilding CXX object sdk/CMakeFiles/oradar_sdk.dir/src/filters/FullScanFilter.cpp.o[0m
[01m[K/home/turbo/Documents/hisp_ws/src/MS200_ros/sdk/src/ord_lidar_driver.cpp:[m[K In member function ‘[01m[Kbool ordlidar::OrdlidarDriver::[01;32m[Kuart_data_find_init_info[m[K(unsigned char*, int)[m[K’:
[01m[K/home/turbo/Documents/hisp_ws/src/MS200_ros/sdk/src/ord_lidar_driver.cpp:203:9:[m[K [01;35m[Kwarning: [m[Kno return statement in function returning non-void [[01;35m[K]8;;https://gcc.gnu.org/onlinedocs/gcc/Warning-Options.html#index-Wreturn-type-Wreturn-type]8;;[m[K]
  203 |         [01;35m[K}[m[K
      |         [01;35m[K^[m[K
[ 60%] [32m[1mLinking CXX static library ../liboradar_sdk.a[0m
[ 60%] Built target oradar_sdk
[ 65%] [32mBuilding CXX object sdk/samples/CMakeFiles/blocking_test.dir/blocking_test.cpp.o[0m
[ 70%] [32mBuilding CXX object CMakeFiles/oradar_scan.dir/src/oradar_scan_node.cpp.o[0m
[ 75%] [32mBuilding C object sdk/samples/CMakeFiles/blocking_c_api_test.dir/blocking_c_api_test.c.o[0m
[ 80%] [32mBuilding CXX object sdk/samples/CMakeFiles/non-blocking_test.dir/non-blocking_test.cpp.o[0m
[ 85%] [32m[1mLinking CXX executable ../../blocking_c_api_test[0m
[ 85%] Built target blocking_c_api_test
[ 90%] [32m[1mLinking CXX executable ../../non-blocking_test[0m
[ 95%] [32m[1mLinking CXX executable ../../blocking_test[0m
[ 95%] Built target non-blocking_test
[ 95%] Built target blocking_test
[100%] [32m[1mLinking CXX executable oradar_scan[0m
[100%] Built target oradar_scan
-- Install configuration: "RELEASE"
-- Installing: /home/turbo/Documents/hisp_ws/install/oradar_lidar/lib/oradar_lidar/oradar_scan
-- Set non-toolchain portion of runtime path of "/home/turbo/Documents/hisp_ws/install/oradar_lidar/lib/oradar_lidar/oradar_scan" to ""
-- Installing: /home/turbo/Documents/hisp_ws/install/oradar_lidar/share/oradar_lidar//launch
-- Installing: /home/turbo/Documents/hisp_ws/install/oradar_lidar/share/oradar_lidar//launch/ms200_scan_view.launch
-- Installing: /home/turbo/Documents/hisp_ws/install/oradar_lidar/share/oradar_lidar//launch/ms200_scan_view.launch.py
-- Installing: /home/turbo/Documents/hisp_ws/install/oradar_lidar/share/oradar_lidar//launch/ms200_scan.launch
-- Installing: /home/turbo/Documents/hisp_ws/install/oradar_lidar/share/oradar_lidar//launch/ms200_scan.launch.py
-- Installing: /home/turbo/Documents/hisp_ws/install/oradar_lidar/share/oradar_lidar//rviz2
-- Installing: /home/turbo/Documents/hisp_ws/install/oradar_lidar/share/oradar_lidar//rviz2/oradar_scan.rviz
-- Installing: /home/turbo/Documents/hisp_ws/install/oradar_lidar/share/ament_index/resource_index/package_run_dependencies/oradar_lidar
-- Installing: /home/turbo/Documents/hisp_ws/install/oradar_lidar/share/ament_index/resource_index/parent_prefix_path/oradar_lidar
-- Installing: /home/turbo/Documents/hisp_ws/install/oradar_lidar/share/oradar_lidar/environment/ament_prefix_path.sh
-- Installing: /home/turbo/Documents/hisp_ws/install/oradar_lidar/share/oradar_lidar/environment/ament_prefix_path.dsv
-- Installing: /home/turbo/Documents/hisp_ws/install/oradar_lidar/share/oradar_lidar/environment/path.sh
-- Installing: /home/turbo/Documents/hisp_ws/install/oradar_lidar/share/oradar_lidar/environment/path.dsv
-- Installing: /home/turbo/Documents/hisp_ws/install/oradar_lidar/share/oradar_lidar/local_setup.bash
-- Installing: /home/turbo/Documents/hisp_ws/install/oradar_lidar/share/oradar_lidar/local_setup.sh
-- Installing: /home/turbo/Documents/hisp_ws/install/oradar_lidar/share/oradar_lidar/local_setup.zsh
-- Installing: /home/turbo/Documents/hisp_ws/install/oradar_lidar/share/oradar_lidar/local_setup.dsv
-- Installing: /home/turbo/Documents/hisp_ws/install/oradar_lidar/share/oradar_lidar/package.dsv
-- Installing: /home/turbo/Documents/hisp_ws/install/oradar_lidar/share/ament_index/resource_index/packages/oradar_lidar
-- Installing: /home/turbo/Documents/hisp_ws/install/oradar_lidar/share/oradar_lidar/cmake/oradar_lidarConfig.cmake
-- Installing: /home/turbo/Documents/hisp_ws/install/oradar_lidar/share/oradar_lidar/cmake/oradar_lidarConfig-version.cmake
-- Installing: /home/turbo/Documents/hisp_ws/install/oradar_lidar/share/oradar_lidar/package.xml
-- Installing: /home/turbo/Documents/hisp_ws/install/oradar_lidar/include/core/base/datatype.h
-- Installing: /home/turbo/Documents/hisp_ws/install/oradar_lidar/include/core/base/locker.h
-- Installing: /home/turbo/Documents/hisp_ws/install/oradar_lidar/include/core/base/thread.h
-- Installing: /home/turbo/Documents/hisp_ws/install/oradar_lidar/include/core/base/timer.h
-- Installing: /home/turbo/Documents/hisp_ws/install/oradar_lidar/include/core/base/typedef.h
-- Installing: /home/turbo/Documents/hisp_ws/install/oradar_lidar/include/core/base/utils.h
-- Installing: /home/turbo/Documents/hisp_ws/install/oradar_lidar/include/core/base/v8stdint.h
-- Installing: /home/turbo/Documents/hisp_ws/install/oradar_lidar/include/core/common/ChannelDevice.h
-- Installing: /home/turbo/Documents/hisp_ws/install/oradar_lidar/include/core/math/angles.h
-- Installing: /home/turbo/Documents/hisp_ws/install/oradar_lidar/include/core/network/ActiveSocket.h
-- Installing: /home/turbo/Documents/hisp_ws/install/oradar_lidar/include/core/network/PassiveSocket.h
-- Installing: /home/turbo/Documents/hisp_ws/install/oradar_lidar/include/core/network/SimpleSocket.h
-- Installing: /home/turbo/Documents/hisp_ws/install/oradar_lidar/include/core/network/StatTimer.h
-- Installing: /home/turbo/Documents/hisp_ws/install/oradar_lidar/include/core/serial/common.h
-- Installing: /home/turbo/Documents/hisp_ws/install/oradar_lidar/include/core/serial/serial.h
-- Installing: /home/turbo/Documents/hisp_ws/install/oradar_lidar/include/core/serial/impl/unix/lock.h
-- Installing: /home/turbo/Documents/hisp_ws/install/oradar_lidar/include/core/serial/impl/unix/unix.h
-- Installing: /home/turbo/Documents/hisp_ws/install/oradar_lidar/include/core/serial/impl/unix/unix_serial.h
-- Installing: /home/turbo/Documents/hisp_ws/install/oradar_lidar/include/src/ord_lidar_c_api_driver.h
-- Installing: /home/turbo/Documents/hisp_ws/install/oradar_lidar/include/src/ord_lidar_driver.h
-- Installing: /home/turbo/Documents/hisp_ws/install/oradar_lidar/include/src/ordlidar_protocol.h
-- Installing: /home/turbo/Documents/hisp_ws/install/oradar_lidar/include/src/filters/FullScanFilter.h
-- Installing: /home/turbo/Documents/hisp_ws/install/oradar_lidar/lib/liboradar_sdk.a
-- Installing: /home/turbo/Documents/hisp_ws/install/oradar_lidar/bin/blocking_test
-- Installing: /home/turbo/Documents/hisp_ws/install/oradar_lidar/bin/non-blocking_test
-- Installing: /home/turbo/Documents/hisp_ws/install/oradar_lidar/bin/blocking_c_api_test
