[0.027s] Invoking command in '/home/turbo/Documents/hisp_ws/build/joy': CMAKE_PREFIX_PATH=/home/turbo/Documents/hisp_ws/install/sdl2_vendor:/home/turbo/Documents/hisp_ws/install/spacenav:/home/turbo/Documents/hisp_ws/install/joy:/home/turbo/Documents/hisp_ws/install/joy_linux:/opt/ros/jazzy/opt/gz_math_vendor:/opt/ros/jazzy/opt/gz_utils_vendor:/opt/ros/jazzy/opt/gz_cmake_vendor:/opt/ros/jazzy DEBUGINFOD_URLS=https://debuginfod.ubuntu.com /usr/bin/cmake --build /home/turbo/Documents/hisp_ws/build/joy -- -j4 -l4
[0.218s] [ 20%] Built target game_controller_node
[0.238s] [ 40%] Built target joy
[0.241s] [ 60%] Built target game_controller
[0.248s] [ 80%] Built target joy_node
[0.309s] [100%] Built target joy_enumerate_devices
[0.346s] Invoked command in '/home/turbo/Documents/hisp_ws/build/joy' returned '0': CMAKE_PREFIX_PATH=/home/turbo/Documents/hisp_ws/install/sdl2_vendor:/home/turbo/Documents/hisp_ws/install/spacenav:/home/turbo/Documents/hisp_ws/install/joy:/home/turbo/Documents/hisp_ws/install/joy_linux:/opt/ros/jazzy/opt/gz_math_vendor:/opt/ros/jazzy/opt/gz_utils_vendor:/opt/ros/jazzy/opt/gz_cmake_vendor:/opt/ros/jazzy DEBUGINFOD_URLS=https://debuginfod.ubuntu.com /usr/bin/cmake --build /home/turbo/Documents/hisp_ws/build/joy -- -j4 -l4
[0.350s] Invoking command in '/home/turbo/Documents/hisp_ws/build/joy': CMAKE_PREFIX_PATH=/home/turbo/Documents/hisp_ws/install/sdl2_vendor:/home/turbo/Documents/hisp_ws/install/spacenav:/home/turbo/Documents/hisp_ws/install/joy:/home/turbo/Documents/hisp_ws/install/joy_linux:/opt/ros/jazzy/opt/gz_math_vendor:/opt/ros/jazzy/opt/gz_utils_vendor:/opt/ros/jazzy/opt/gz_cmake_vendor:/opt/ros/jazzy DEBUGINFOD_URLS=https://debuginfod.ubuntu.com /usr/bin/cmake --install /home/turbo/Documents/hisp_ws/build/joy
[0.368s] -- Install configuration: "Release"
[0.372s] -- Execute custom install script
[0.376s] -- Up-to-date symlink: /home/turbo/Documents/hisp_ws/install/joy/lib/joy/joy_node
[0.378s] -- Up-to-date symlink: /home/turbo/Documents/hisp_ws/install/joy/lib/joy/game_controller_node
[0.379s] -- Up-to-date symlink: /home/turbo/Documents/hisp_ws/install/joy/lib/joy/joy_enumerate_devices
[0.379s] -- Up-to-date symlink: /home/turbo/Documents/hisp_ws/install/joy/include/joy/joy/game_controller.hpp
[0.380s] -- Up-to-date symlink: /home/turbo/Documents/hisp_ws/install/joy/include/joy/joy/joy.hpp
[0.381s] -- Up-to-date symlink: /home/turbo/Documents/hisp_ws/install/joy/share/joy/config/joy-params.yaml
[0.381s] -- Up-to-date symlink: /home/turbo/Documents/hisp_ws/install/joy/share/joy/launch/joy-composed-launch.py
[0.381s] -- Up-to-date symlink: /home/turbo/Documents/hisp_ws/install/joy/share/joy/launch/joy-launch.py
[0.382s] -- Up-to-date symlink: /home/turbo/Documents/hisp_ws/install/joy/share/ament_index/resource_index/package_run_dependencies/joy
[0.383s] -- Up-to-date symlink: /home/turbo/Documents/hisp_ws/install/joy/share/ament_index/resource_index/parent_prefix_path/joy
[0.383s] -- Up-to-date symlink: /home/turbo/Documents/hisp_ws/install/joy/share/joy/environment/ament_prefix_path.sh
[0.383s] -- Up-to-date symlink: /home/turbo/Documents/hisp_ws/install/joy/share/joy/environment/ament_prefix_path.dsv
[0.383s] -- Up-to-date symlink: /home/turbo/Documents/hisp_ws/install/joy/share/joy/environment/path.sh
[0.383s] -- Up-to-date symlink: /home/turbo/Documents/hisp_ws/install/joy/share/joy/environment/path.dsv
[0.384s] -- Up-to-date symlink: /home/turbo/Documents/hisp_ws/install/joy/share/joy/local_setup.bash
[0.384s] -- Up-to-date symlink: /home/turbo/Documents/hisp_ws/install/joy/share/joy/local_setup.sh
[0.384s] -- Up-to-date symlink: /home/turbo/Documents/hisp_ws/install/joy/share/joy/local_setup.zsh
[0.384s] -- Up-to-date symlink: /home/turbo/Documents/hisp_ws/install/joy/share/joy/local_setup.dsv
[0.385s] -- Symlinking: /home/turbo/Documents/hisp_ws/install/joy/share/joy/package.dsv
[0.409s] -- Up-to-date symlink: /home/turbo/Documents/hisp_ws/install/joy/share/ament_index/resource_index/packages/joy
[0.410s] -- Up-to-date symlink: /home/turbo/Documents/hisp_ws/install/joy/share/ament_index/resource_index/rclcpp_components/joy
[0.410s] -- Up-to-date symlink: /home/turbo/Documents/hisp_ws/install/joy/share/joy/cmake/ament_cmake_export_targets-extras.cmake
[0.410s] -- Up-to-date symlink: /home/turbo/Documents/hisp_ws/install/joy/share/joy/cmake/ament_cmake_export_dependencies-extras.cmake
[0.410s] -- Up-to-date symlink: /home/turbo/Documents/hisp_ws/install/joy/share/joy/cmake/joyConfig.cmake
[0.410s] -- Up-to-date symlink: /home/turbo/Documents/hisp_ws/install/joy/share/joy/cmake/joyConfig-version.cmake
[0.410s] -- Up-to-date symlink: /home/turbo/Documents/hisp_ws/install/joy/share/joy/package.xml
[0.417s] -- Up-to-date: /home/turbo/Documents/hisp_ws/install/joy/lib/libjoy.so
[0.424s] -- Up-to-date: /home/turbo/Documents/hisp_ws/install/joy/lib/libgame_controller.so
[0.428s] -- Up-to-date: /home/turbo/Documents/hisp_ws/install/joy/share/joy/cmake/export_joyExport.cmake
[0.429s] -- Up-to-date: /home/turbo/Documents/hisp_ws/install/joy/share/joy/cmake/export_joyExport-release.cmake
[0.431s] -- Up-to-date: /home/turbo/Documents/hisp_ws/install/joy/share/joy/cmake/export_game_controllerExport.cmake
[0.432s] -- Up-to-date: /home/turbo/Documents/hisp_ws/install/joy/share/joy/cmake/export_game_controllerExport-release.cmake
[0.452s] Invoked command in '/home/turbo/Documents/hisp_ws/build/joy' returned '0': CMAKE_PREFIX_PATH=/home/turbo/Documents/hisp_ws/install/sdl2_vendor:/home/turbo/Documents/hisp_ws/install/spacenav:/home/turbo/Documents/hisp_ws/install/joy:/home/turbo/Documents/hisp_ws/install/joy_linux:/opt/ros/jazzy/opt/gz_math_vendor:/opt/ros/jazzy/opt/gz_utils_vendor:/opt/ros/jazzy/opt/gz_cmake_vendor:/opt/ros/jazzy DEBUGINFOD_URLS=https://debuginfod.ubuntu.com /usr/bin/cmake --install /home/turbo/Documents/hisp_ws/build/joy
