[0.477s] DEBUG:colcon:Command line arguments: ['/usr/bin/colcon', 'build']
[0.477s] DEBUG:colcon:Parsed command line arguments: Namespace(log_base=None, log_level=None, verb_name='build', build_base='build', install_base='install', merge_install=False, symlink_install=False, test_result_base=None, continue_on_error=False, executor='parallel', parallel_workers=4, event_handlers=None, ignore_user_meta=False, metas=['./colcon.meta'], base_paths=['.'], packages_ignore=None, packages_ignore_regex=None, paths=None, packages_up_to=None, packages_up_to_regex=None, packages_above=None, packages_above_and_dependencies=None, packages_above_depth=None, packages_select_by_dep=None, packages_skip_by_dep=None, packages_skip_up_to=None, packages_select_build_failed=False, packages_skip_build_finished=False, packages_select_test_failures=False, packages_skip_test_passed=False, packages_select=None, packages_skip=None, packages_select_regex=None, packages_skip_regex=None, packages_start=None, packages_end=None, allow_overriding=[], cmake_args=None, cmake_target=None, cmake_target_skip_unavailable=False, cmake_clean_cache=False, cmake_clean_first=False, cmake_force_configure=False, ament_cmake_args=None, catkin_cmake_args=None, catkin_skip_building_tests=False, mixin_files=None, mixin=None, verb_parser=<colcon_mixin.mixin.mixin_argument.MixinArgumentDecorator object at 0xffffb287faa0>, verb_extension=<colcon_core.verb.build.BuildVerb object at 0xffffb2748b00>, main=<bound method BuildVerb.main of <colcon_core.verb.build.BuildVerb object at 0xffffb2748b00>>, mixin_verb=('build',))
[0.617s] Level 1:colcon.colcon_core.package_discovery:discover_packages(colcon_meta) check parameters
[0.617s] Level 1:colcon.colcon_core.package_discovery:discover_packages(recursive) check parameters
[0.617s] Level 1:colcon.colcon_core.package_discovery:discover_packages(ignore) check parameters
[0.617s] Level 1:colcon.colcon_core.package_discovery:discover_packages(path) check parameters
[0.617s] Level 1:colcon.colcon_core.package_discovery:discover_packages(colcon_meta) discover
[0.617s] Level 1:colcon.colcon_core.package_discovery:discover_packages(recursive) discover
[0.617s] INFO:colcon.colcon_core.package_discovery:Crawling recursively for packages in '/home/turbo/Documents/hisp_ws'
[0.618s] Level 1:colcon.colcon_core.package_identification:_identify(.) by extensions ['ignore', 'ignore_ament_install']
[0.618s] Level 1:colcon.colcon_core.package_identification:_identify(.) by extension 'ignore'
[0.618s] Level 1:colcon.colcon_core.package_identification:_identify(.) by extension 'ignore_ament_install'
[0.618s] Level 1:colcon.colcon_core.package_identification:_identify(.) by extensions ['colcon_pkg']
[0.618s] Level 1:colcon.colcon_core.package_identification:_identify(.) by extension 'colcon_pkg'
[0.618s] Level 1:colcon.colcon_core.package_identification:_identify(.) by extensions ['colcon_meta']
[0.618s] Level 1:colcon.colcon_core.package_identification:_identify(.) by extension 'colcon_meta'
[0.618s] Level 1:colcon.colcon_core.package_identification:_identify(.) by extensions ['ros']
[0.618s] Level 1:colcon.colcon_core.package_identification:_identify(.) by extension 'ros'
[0.674s] Level 1:colcon.colcon_core.package_identification:_identify(.) by extensions ['cmake', 'python']
[0.674s] Level 1:colcon.colcon_core.package_identification:_identify(.) by extension 'cmake'
[0.674s] Level 1:colcon.colcon_core.package_identification:_identify(.) by extension 'python'
[0.674s] Level 1:colcon.colcon_core.package_identification:_identify(.) by extensions ['python_setup_py']
[0.674s] Level 1:colcon.colcon_core.package_identification:_identify(.) by extension 'python_setup_py'
[0.674s] Level 1:colcon.colcon_core.package_identification:_identify(build) by extensions ['ignore', 'ignore_ament_install']
[0.674s] Level 1:colcon.colcon_core.package_identification:_identify(build) by extension 'ignore'
[0.674s] Level 1:colcon.colcon_core.package_identification:_identify(build) ignored
[0.675s] Level 1:colcon.colcon_core.package_identification:_identify(install) by extensions ['ignore', 'ignore_ament_install']
[0.675s] Level 1:colcon.colcon_core.package_identification:_identify(install) by extension 'ignore'
[0.675s] Level 1:colcon.colcon_core.package_identification:_identify(install) ignored
[0.675s] Level 1:colcon.colcon_core.package_identification:_identify(log) by extensions ['ignore', 'ignore_ament_install']
[0.675s] Level 1:colcon.colcon_core.package_identification:_identify(log) by extension 'ignore'
[0.675s] Level 1:colcon.colcon_core.package_identification:_identify(log) ignored
[0.675s] Level 1:colcon.colcon_core.package_identification:_identify(src) by extensions ['ignore', 'ignore_ament_install']
[0.675s] Level 1:colcon.colcon_core.package_identification:_identify(src) by extension 'ignore'
[0.675s] Level 1:colcon.colcon_core.package_identification:_identify(src) by extension 'ignore_ament_install'
[0.675s] Level 1:colcon.colcon_core.package_identification:_identify(src) by extensions ['colcon_pkg']
[0.675s] Level 1:colcon.colcon_core.package_identification:_identify(src) by extension 'colcon_pkg'
[0.676s] Level 1:colcon.colcon_core.package_identification:_identify(src) by extensions ['colcon_meta']
[0.676s] Level 1:colcon.colcon_core.package_identification:_identify(src) by extension 'colcon_meta'
[0.676s] Level 1:colcon.colcon_core.package_identification:_identify(src) by extensions ['ros']
[0.676s] Level 1:colcon.colcon_core.package_identification:_identify(src) by extension 'ros'
[0.676s] Level 1:colcon.colcon_core.package_identification:_identify(src) by extensions ['cmake', 'python']
[0.676s] Level 1:colcon.colcon_core.package_identification:_identify(src) by extension 'cmake'
[0.676s] Level 1:colcon.colcon_core.package_identification:_identify(src) by extension 'python'
[0.676s] Level 1:colcon.colcon_core.package_identification:_identify(src) by extensions ['python_setup_py']
[0.676s] Level 1:colcon.colcon_core.package_identification:_identify(src) by extension 'python_setup_py'
[0.676s] Level 1:colcon.colcon_core.package_identification:_identify(src/joystick_drivers) by extensions ['ignore', 'ignore_ament_install']
[0.676s] Level 1:colcon.colcon_core.package_identification:_identify(src/joystick_drivers) by extension 'ignore'
[0.676s] Level 1:colcon.colcon_core.package_identification:_identify(src/joystick_drivers) by extension 'ignore_ament_install'
[0.676s] Level 1:colcon.colcon_core.package_identification:_identify(src/joystick_drivers) by extensions ['colcon_pkg']
[0.676s] Level 1:colcon.colcon_core.package_identification:_identify(src/joystick_drivers) by extension 'colcon_pkg'
[0.676s] Level 1:colcon.colcon_core.package_identification:_identify(src/joystick_drivers) by extensions ['colcon_meta']
[0.676s] Level 1:colcon.colcon_core.package_identification:_identify(src/joystick_drivers) by extension 'colcon_meta'
[0.676s] Level 1:colcon.colcon_core.package_identification:_identify(src/joystick_drivers) by extensions ['ros']
[0.677s] Level 1:colcon.colcon_core.package_identification:_identify(src/joystick_drivers) by extension 'ros'
[0.677s] Level 1:colcon.colcon_core.package_identification:_identify(src/joystick_drivers) by extensions ['cmake', 'python']
[0.677s] Level 1:colcon.colcon_core.package_identification:_identify(src/joystick_drivers) by extension 'cmake'
[0.677s] Level 1:colcon.colcon_core.package_identification:_identify(src/joystick_drivers) by extension 'python'
[0.677s] Level 1:colcon.colcon_core.package_identification:_identify(src/joystick_drivers) by extensions ['python_setup_py']
[0.677s] Level 1:colcon.colcon_core.package_identification:_identify(src/joystick_drivers) by extension 'python_setup_py'
[0.677s] Level 1:colcon.colcon_core.package_identification:_identify(src/joystick_drivers/joy) by extensions ['ignore', 'ignore_ament_install']
[0.677s] Level 1:colcon.colcon_core.package_identification:_identify(src/joystick_drivers/joy) by extension 'ignore'
[0.677s] Level 1:colcon.colcon_core.package_identification:_identify(src/joystick_drivers/joy) by extension 'ignore_ament_install'
[0.677s] Level 1:colcon.colcon_core.package_identification:_identify(src/joystick_drivers/joy) by extensions ['colcon_pkg']
[0.677s] Level 1:colcon.colcon_core.package_identification:_identify(src/joystick_drivers/joy) by extension 'colcon_pkg'
[0.677s] Level 1:colcon.colcon_core.package_identification:_identify(src/joystick_drivers/joy) by extensions ['colcon_meta']
[0.677s] Level 1:colcon.colcon_core.package_identification:_identify(src/joystick_drivers/joy) by extension 'colcon_meta'
[0.677s] Level 1:colcon.colcon_core.package_identification:_identify(src/joystick_drivers/joy) by extensions ['ros']
[0.678s] Level 1:colcon.colcon_core.package_identification:_identify(src/joystick_drivers/joy) by extension 'ros'
[0.685s] DEBUG:colcon.colcon_core.package_identification:Package 'src/joystick_drivers/joy' with type 'ros.ament_cmake' and name 'joy'
[0.685s] Level 1:colcon.colcon_core.package_identification:_identify(src/joystick_drivers/joy_linux) by extensions ['ignore', 'ignore_ament_install']
[0.686s] Level 1:colcon.colcon_core.package_identification:_identify(src/joystick_drivers/joy_linux) by extension 'ignore'
[0.686s] Level 1:colcon.colcon_core.package_identification:_identify(src/joystick_drivers/joy_linux) by extension 'ignore_ament_install'
[0.686s] Level 1:colcon.colcon_core.package_identification:_identify(src/joystick_drivers/joy_linux) by extensions ['colcon_pkg']
[0.686s] Level 1:colcon.colcon_core.package_identification:_identify(src/joystick_drivers/joy_linux) by extension 'colcon_pkg'
[0.686s] Level 1:colcon.colcon_core.package_identification:_identify(src/joystick_drivers/joy_linux) by extensions ['colcon_meta']
[0.686s] Level 1:colcon.colcon_core.package_identification:_identify(src/joystick_drivers/joy_linux) by extension 'colcon_meta'
[0.686s] Level 1:colcon.colcon_core.package_identification:_identify(src/joystick_drivers/joy_linux) by extensions ['ros']
[0.686s] Level 1:colcon.colcon_core.package_identification:_identify(src/joystick_drivers/joy_linux) by extension 'ros'
[0.687s] DEBUG:colcon.colcon_core.package_identification:Package 'src/joystick_drivers/joy_linux' with type 'ros.ament_cmake' and name 'joy_linux'
[0.688s] Level 1:colcon.colcon_core.package_identification:_identify(src/joystick_drivers/joystick_drivers) by extensions ['ignore', 'ignore_ament_install']
[0.688s] Level 1:colcon.colcon_core.package_identification:_identify(src/joystick_drivers/joystick_drivers) by extension 'ignore'
[0.688s] Level 1:colcon.colcon_core.package_identification:_identify(src/joystick_drivers/joystick_drivers) by extension 'ignore_ament_install'
[0.688s] Level 1:colcon.colcon_core.package_identification:_identify(src/joystick_drivers/joystick_drivers) by extensions ['colcon_pkg']
[0.688s] Level 1:colcon.colcon_core.package_identification:_identify(src/joystick_drivers/joystick_drivers) by extension 'colcon_pkg'
[0.688s] Level 1:colcon.colcon_core.package_identification:_identify(src/joystick_drivers/joystick_drivers) by extensions ['colcon_meta']
[0.688s] Level 1:colcon.colcon_core.package_identification:_identify(src/joystick_drivers/joystick_drivers) by extension 'colcon_meta'
[0.688s] Level 1:colcon.colcon_core.package_identification:_identify(src/joystick_drivers/joystick_drivers) by extensions ['ros']
[0.688s] Level 1:colcon.colcon_core.package_identification:_identify(src/joystick_drivers/joystick_drivers) by extension 'ros'
[0.688s] Level 1:colcon.colcon_core.package_identification:_identify(src/joystick_drivers/joystick_drivers) ignored
[0.688s] Level 1:colcon.colcon_core.package_identification:_identify(src/joystick_drivers/ps3joy) by extensions ['ignore', 'ignore_ament_install']
[0.688s] Level 1:colcon.colcon_core.package_identification:_identify(src/joystick_drivers/ps3joy) by extension 'ignore'
[0.688s] Level 1:colcon.colcon_core.package_identification:_identify(src/joystick_drivers/ps3joy) by extension 'ignore_ament_install'
[0.689s] Level 1:colcon.colcon_core.package_identification:_identify(src/joystick_drivers/ps3joy) by extensions ['colcon_pkg']
[0.689s] Level 1:colcon.colcon_core.package_identification:_identify(src/joystick_drivers/ps3joy) by extension 'colcon_pkg'
[0.689s] Level 1:colcon.colcon_core.package_identification:_identify(src/joystick_drivers/ps3joy) by extensions ['colcon_meta']
[0.689s] Level 1:colcon.colcon_core.package_identification:_identify(src/joystick_drivers/ps3joy) by extension 'colcon_meta'
[0.689s] Level 1:colcon.colcon_core.package_identification:_identify(src/joystick_drivers/ps3joy) by extensions ['ros']
[0.689s] Level 1:colcon.colcon_core.package_identification:_identify(src/joystick_drivers/ps3joy) by extension 'ros'
[0.689s] Level 1:colcon.colcon_core.package_identification:_identify(src/joystick_drivers/ps3joy) ignored
[0.689s] Level 1:colcon.colcon_core.package_identification:_identify(src/joystick_drivers/sdl2_vendor) by extensions ['ignore', 'ignore_ament_install']
[0.689s] Level 1:colcon.colcon_core.package_identification:_identify(src/joystick_drivers/sdl2_vendor) by extension 'ignore'
[0.689s] Level 1:colcon.colcon_core.package_identification:_identify(src/joystick_drivers/sdl2_vendor) by extension 'ignore_ament_install'
[0.689s] Level 1:colcon.colcon_core.package_identification:_identify(src/joystick_drivers/sdl2_vendor) by extensions ['colcon_pkg']
[0.689s] Level 1:colcon.colcon_core.package_identification:_identify(src/joystick_drivers/sdl2_vendor) by extension 'colcon_pkg'
[0.689s] Level 1:colcon.colcon_core.package_identification:_identify(src/joystick_drivers/sdl2_vendor) by extensions ['colcon_meta']
[0.689s] Level 1:colcon.colcon_core.package_identification:_identify(src/joystick_drivers/sdl2_vendor) by extension 'colcon_meta'
[0.689s] Level 1:colcon.colcon_core.package_identification:_identify(src/joystick_drivers/sdl2_vendor) by extensions ['ros']
[0.689s] Level 1:colcon.colcon_core.package_identification:_identify(src/joystick_drivers/sdl2_vendor) by extension 'ros'
[0.691s] DEBUG:colcon.colcon_core.package_identification:Package 'src/joystick_drivers/sdl2_vendor' with type 'ros.ament_cmake' and name 'sdl2_vendor'
[0.691s] Level 1:colcon.colcon_core.package_identification:_identify(src/joystick_drivers/spacenav) by extensions ['ignore', 'ignore_ament_install']
[0.691s] Level 1:colcon.colcon_core.package_identification:_identify(src/joystick_drivers/spacenav) by extension 'ignore'
[0.691s] Level 1:colcon.colcon_core.package_identification:_identify(src/joystick_drivers/spacenav) by extension 'ignore_ament_install'
[0.691s] Level 1:colcon.colcon_core.package_identification:_identify(src/joystick_drivers/spacenav) by extensions ['colcon_pkg']
[0.691s] Level 1:colcon.colcon_core.package_identification:_identify(src/joystick_drivers/spacenav) by extension 'colcon_pkg'
[0.691s] Level 1:colcon.colcon_core.package_identification:_identify(src/joystick_drivers/spacenav) by extensions ['colcon_meta']
[0.691s] Level 1:colcon.colcon_core.package_identification:_identify(src/joystick_drivers/spacenav) by extension 'colcon_meta'
[0.691s] Level 1:colcon.colcon_core.package_identification:_identify(src/joystick_drivers/spacenav) by extensions ['ros']
[0.691s] Level 1:colcon.colcon_core.package_identification:_identify(src/joystick_drivers/spacenav) by extension 'ros'
[0.693s] DEBUG:colcon.colcon_core.package_identification:Package 'src/joystick_drivers/spacenav' with type 'ros.ament_cmake' and name 'spacenav'
[0.693s] Level 1:colcon.colcon_core.package_identification:_identify(src/joystick_drivers/wiimote) by extensions ['ignore', 'ignore_ament_install']
[0.693s] Level 1:colcon.colcon_core.package_identification:_identify(src/joystick_drivers/wiimote) by extension 'ignore'
[0.693s] Level 1:colcon.colcon_core.package_identification:_identify(src/joystick_drivers/wiimote) by extension 'ignore_ament_install'
[0.693s] Level 1:colcon.colcon_core.package_identification:_identify(src/joystick_drivers/wiimote) by extensions ['colcon_pkg']
[0.693s] Level 1:colcon.colcon_core.package_identification:_identify(src/joystick_drivers/wiimote) by extension 'colcon_pkg'
[0.693s] Level 1:colcon.colcon_core.package_identification:_identify(src/joystick_drivers/wiimote) by extensions ['colcon_meta']
[0.693s] Level 1:colcon.colcon_core.package_identification:_identify(src/joystick_drivers/wiimote) by extension 'colcon_meta'
[0.693s] Level 1:colcon.colcon_core.package_identification:_identify(src/joystick_drivers/wiimote) by extensions ['ros']
[0.693s] Level 1:colcon.colcon_core.package_identification:_identify(src/joystick_drivers/wiimote) by extension 'ros'
[0.695s] DEBUG:colcon.colcon_core.package_identification:Package 'src/joystick_drivers/wiimote' with type 'ros.ament_cmake' and name 'wiimote'
[0.695s] Level 1:colcon.colcon_core.package_identification:_identify(src/joystick_drivers/wiimote_msgs) by extensions ['ignore', 'ignore_ament_install']
[0.695s] Level 1:colcon.colcon_core.package_identification:_identify(src/joystick_drivers/wiimote_msgs) by extension 'ignore'
[0.695s] Level 1:colcon.colcon_core.package_identification:_identify(src/joystick_drivers/wiimote_msgs) by extension 'ignore_ament_install'
[0.695s] Level 1:colcon.colcon_core.package_identification:_identify(src/joystick_drivers/wiimote_msgs) by extensions ['colcon_pkg']
[0.695s] Level 1:colcon.colcon_core.package_identification:_identify(src/joystick_drivers/wiimote_msgs) by extension 'colcon_pkg'
[0.696s] Level 1:colcon.colcon_core.package_identification:_identify(src/joystick_drivers/wiimote_msgs) by extensions ['colcon_meta']
[0.696s] Level 1:colcon.colcon_core.package_identification:_identify(src/joystick_drivers/wiimote_msgs) by extension 'colcon_meta'
[0.696s] Level 1:colcon.colcon_core.package_identification:_identify(src/joystick_drivers/wiimote_msgs) by extensions ['ros']
[0.696s] Level 1:colcon.colcon_core.package_identification:_identify(src/joystick_drivers/wiimote_msgs) by extension 'ros'
[0.697s] DEBUG:colcon.colcon_core.package_identification:Package 'src/joystick_drivers/wiimote_msgs' with type 'ros.ament_cmake' and name 'wiimote_msgs'
[0.697s] Level 1:colcon.colcon_core.package_discovery:discover_packages(recursive) using defaults
[0.697s] Level 1:colcon.colcon_core.package_discovery:discover_packages(ignore) discover
[0.697s] Level 1:colcon.colcon_core.package_discovery:discover_packages(ignore) using defaults
[0.697s] Level 1:colcon.colcon_core.package_discovery:discover_packages(path) discover
[0.697s] Level 1:colcon.colcon_core.package_discovery:discover_packages(path) using defaults
[0.748s] Level 1:colcon.colcon_core.package_discovery:discover_packages(prefix_path) check parameters
[0.748s] Level 1:colcon.colcon_core.package_discovery:discover_packages(prefix_path) discover
[0.751s] Level 1:colcon.colcon_core.package_discovery:discover_packages(prefix_path) using defaults
[0.754s] Level 5:colcon.colcon_core.verb:set package 'joy_linux' build argument 'cmake_args' from command line to 'None'
[0.754s] Level 5:colcon.colcon_core.verb:set package 'joy_linux' build argument 'cmake_target' from command line to 'None'
[0.754s] Level 5:colcon.colcon_core.verb:set package 'joy_linux' build argument 'cmake_target_skip_unavailable' from command line to 'False'
[0.754s] Level 5:colcon.colcon_core.verb:set package 'joy_linux' build argument 'cmake_clean_cache' from command line to 'False'
[0.754s] Level 5:colcon.colcon_core.verb:set package 'joy_linux' build argument 'cmake_clean_first' from command line to 'False'
[0.754s] Level 5:colcon.colcon_core.verb:set package 'joy_linux' build argument 'cmake_force_configure' from command line to 'False'
[0.754s] Level 5:colcon.colcon_core.verb:set package 'joy_linux' build argument 'ament_cmake_args' from command line to 'None'
[0.754s] Level 5:colcon.colcon_core.verb:set package 'joy_linux' build argument 'catkin_cmake_args' from command line to 'None'
[0.754s] Level 5:colcon.colcon_core.verb:set package 'joy_linux' build argument 'catkin_skip_building_tests' from command line to 'False'
[0.754s] DEBUG:colcon.colcon_core.verb:Building package 'joy_linux' with the following arguments: {'ament_cmake_args': None, 'build_base': '/home/turbo/Documents/hisp_ws/build/joy_linux', 'catkin_cmake_args': None, 'catkin_skip_building_tests': False, 'cmake_args': None, 'cmake_clean_cache': False, 'cmake_clean_first': False, 'cmake_force_configure': False, 'cmake_target': None, 'cmake_target_skip_unavailable': False, 'install_base': '/home/turbo/Documents/hisp_ws/install/joy_linux', 'merge_install': False, 'path': '/home/turbo/Documents/hisp_ws/src/joystick_drivers/joy_linux', 'symlink_install': False, 'test_result_base': None}
[0.755s] Level 5:colcon.colcon_core.verb:set package 'sdl2_vendor' build argument 'cmake_args' from command line to 'None'
[0.755s] Level 5:colcon.colcon_core.verb:set package 'sdl2_vendor' build argument 'cmake_target' from command line to 'None'
[0.755s] Level 5:colcon.colcon_core.verb:set package 'sdl2_vendor' build argument 'cmake_target_skip_unavailable' from command line to 'False'
[0.755s] Level 5:colcon.colcon_core.verb:set package 'sdl2_vendor' build argument 'cmake_clean_cache' from command line to 'False'
[0.755s] Level 5:colcon.colcon_core.verb:set package 'sdl2_vendor' build argument 'cmake_clean_first' from command line to 'False'
[0.755s] Level 5:colcon.colcon_core.verb:set package 'sdl2_vendor' build argument 'cmake_force_configure' from command line to 'False'
[0.755s] Level 5:colcon.colcon_core.verb:set package 'sdl2_vendor' build argument 'ament_cmake_args' from command line to 'None'
[0.755s] Level 5:colcon.colcon_core.verb:set package 'sdl2_vendor' build argument 'catkin_cmake_args' from command line to 'None'
[0.755s] Level 5:colcon.colcon_core.verb:set package 'sdl2_vendor' build argument 'catkin_skip_building_tests' from command line to 'False'
[0.755s] DEBUG:colcon.colcon_core.verb:Building package 'sdl2_vendor' with the following arguments: {'ament_cmake_args': None, 'build_base': '/home/turbo/Documents/hisp_ws/build/sdl2_vendor', 'catkin_cmake_args': None, 'catkin_skip_building_tests': False, 'cmake_args': None, 'cmake_clean_cache': False, 'cmake_clean_first': False, 'cmake_force_configure': False, 'cmake_target': None, 'cmake_target_skip_unavailable': False, 'install_base': '/home/turbo/Documents/hisp_ws/install/sdl2_vendor', 'merge_install': False, 'path': '/home/turbo/Documents/hisp_ws/src/joystick_drivers/sdl2_vendor', 'symlink_install': False, 'test_result_base': None}
[0.756s] Level 5:colcon.colcon_core.verb:set package 'spacenav' build argument 'cmake_args' from command line to 'None'
[0.756s] Level 5:colcon.colcon_core.verb:set package 'spacenav' build argument 'cmake_target' from command line to 'None'
[0.756s] Level 5:colcon.colcon_core.verb:set package 'spacenav' build argument 'cmake_target_skip_unavailable' from command line to 'False'
[0.756s] Level 5:colcon.colcon_core.verb:set package 'spacenav' build argument 'cmake_clean_cache' from command line to 'False'
[0.756s] Level 5:colcon.colcon_core.verb:set package 'spacenav' build argument 'cmake_clean_first' from command line to 'False'
[0.756s] Level 5:colcon.colcon_core.verb:set package 'spacenav' build argument 'cmake_force_configure' from command line to 'False'
[0.756s] Level 5:colcon.colcon_core.verb:set package 'spacenav' build argument 'ament_cmake_args' from command line to 'None'
[0.756s] Level 5:colcon.colcon_core.verb:set package 'spacenav' build argument 'catkin_cmake_args' from command line to 'None'
[0.756s] Level 5:colcon.colcon_core.verb:set package 'spacenav' build argument 'catkin_skip_building_tests' from command line to 'False'
[0.756s] DEBUG:colcon.colcon_core.verb:Building package 'spacenav' with the following arguments: {'ament_cmake_args': None, 'build_base': '/home/turbo/Documents/hisp_ws/build/spacenav', 'catkin_cmake_args': None, 'catkin_skip_building_tests': False, 'cmake_args': None, 'cmake_clean_cache': False, 'cmake_clean_first': False, 'cmake_force_configure': False, 'cmake_target': None, 'cmake_target_skip_unavailable': False, 'install_base': '/home/turbo/Documents/hisp_ws/install/spacenav', 'merge_install': False, 'path': '/home/turbo/Documents/hisp_ws/src/joystick_drivers/spacenav', 'symlink_install': False, 'test_result_base': None}
[0.756s] Level 5:colcon.colcon_core.verb:set package 'wiimote_msgs' build argument 'cmake_args' from command line to 'None'
[0.756s] Level 5:colcon.colcon_core.verb:set package 'wiimote_msgs' build argument 'cmake_target' from command line to 'None'
[0.756s] Level 5:colcon.colcon_core.verb:set package 'wiimote_msgs' build argument 'cmake_target_skip_unavailable' from command line to 'False'
[0.756s] Level 5:colcon.colcon_core.verb:set package 'wiimote_msgs' build argument 'cmake_clean_cache' from command line to 'False'
[0.756s] Level 5:colcon.colcon_core.verb:set package 'wiimote_msgs' build argument 'cmake_clean_first' from command line to 'False'
[0.757s] Level 5:colcon.colcon_core.verb:set package 'wiimote_msgs' build argument 'cmake_force_configure' from command line to 'False'
[0.757s] Level 5:colcon.colcon_core.verb:set package 'wiimote_msgs' build argument 'ament_cmake_args' from command line to 'None'
[0.757s] Level 5:colcon.colcon_core.verb:set package 'wiimote_msgs' build argument 'catkin_cmake_args' from command line to 'None'
[0.757s] Level 5:colcon.colcon_core.verb:set package 'wiimote_msgs' build argument 'catkin_skip_building_tests' from command line to 'False'
[0.757s] DEBUG:colcon.colcon_core.verb:Building package 'wiimote_msgs' with the following arguments: {'ament_cmake_args': None, 'build_base': '/home/turbo/Documents/hisp_ws/build/wiimote_msgs', 'catkin_cmake_args': None, 'catkin_skip_building_tests': False, 'cmake_args': None, 'cmake_clean_cache': False, 'cmake_clean_first': False, 'cmake_force_configure': False, 'cmake_target': None, 'cmake_target_skip_unavailable': False, 'install_base': '/home/turbo/Documents/hisp_ws/install/wiimote_msgs', 'merge_install': False, 'path': '/home/turbo/Documents/hisp_ws/src/joystick_drivers/wiimote_msgs', 'symlink_install': False, 'test_result_base': None}
[0.757s] Level 5:colcon.colcon_core.verb:set package 'joy' build argument 'cmake_args' from command line to 'None'
[0.757s] Level 5:colcon.colcon_core.verb:set package 'joy' build argument 'cmake_target' from command line to 'None'
[0.757s] Level 5:colcon.colcon_core.verb:set package 'joy' build argument 'cmake_target_skip_unavailable' from command line to 'False'
[0.757s] Level 5:colcon.colcon_core.verb:set package 'joy' build argument 'cmake_clean_cache' from command line to 'False'
[0.757s] Level 5:colcon.colcon_core.verb:set package 'joy' build argument 'cmake_clean_first' from command line to 'False'
[0.757s] Level 5:colcon.colcon_core.verb:set package 'joy' build argument 'cmake_force_configure' from command line to 'False'
[0.757s] Level 5:colcon.colcon_core.verb:set package 'joy' build argument 'ament_cmake_args' from command line to 'None'
[0.757s] Level 5:colcon.colcon_core.verb:set package 'joy' build argument 'catkin_cmake_args' from command line to 'None'
[0.757s] Level 5:colcon.colcon_core.verb:set package 'joy' build argument 'catkin_skip_building_tests' from command line to 'False'
[0.757s] DEBUG:colcon.colcon_core.verb:Building package 'joy' with the following arguments: {'ament_cmake_args': None, 'build_base': '/home/turbo/Documents/hisp_ws/build/joy', 'catkin_cmake_args': None, 'catkin_skip_building_tests': False, 'cmake_args': None, 'cmake_clean_cache': False, 'cmake_clean_first': False, 'cmake_force_configure': False, 'cmake_target': None, 'cmake_target_skip_unavailable': False, 'install_base': '/home/turbo/Documents/hisp_ws/install/joy', 'merge_install': False, 'path': '/home/turbo/Documents/hisp_ws/src/joystick_drivers/joy', 'symlink_install': False, 'test_result_base': None}
[0.758s] Level 5:colcon.colcon_core.verb:set package 'wiimote' build argument 'cmake_args' from command line to 'None'
[0.758s] Level 5:colcon.colcon_core.verb:set package 'wiimote' build argument 'cmake_target' from command line to 'None'
[0.758s] Level 5:colcon.colcon_core.verb:set package 'wiimote' build argument 'cmake_target_skip_unavailable' from command line to 'False'
[0.758s] Level 5:colcon.colcon_core.verb:set package 'wiimote' build argument 'cmake_clean_cache' from command line to 'False'
[0.758s] Level 5:colcon.colcon_core.verb:set package 'wiimote' build argument 'cmake_clean_first' from command line to 'False'
[0.758s] Level 5:colcon.colcon_core.verb:set package 'wiimote' build argument 'cmake_force_configure' from command line to 'False'
[0.758s] Level 5:colcon.colcon_core.verb:set package 'wiimote' build argument 'ament_cmake_args' from command line to 'None'
[0.758s] Level 5:colcon.colcon_core.verb:set package 'wiimote' build argument 'catkin_cmake_args' from command line to 'None'
[0.758s] Level 5:colcon.colcon_core.verb:set package 'wiimote' build argument 'catkin_skip_building_tests' from command line to 'False'
[0.758s] DEBUG:colcon.colcon_core.verb:Building package 'wiimote' with the following arguments: {'ament_cmake_args': None, 'build_base': '/home/turbo/Documents/hisp_ws/build/wiimote', 'catkin_cmake_args': None, 'catkin_skip_building_tests': False, 'cmake_args': None, 'cmake_clean_cache': False, 'cmake_clean_first': False, 'cmake_force_configure': False, 'cmake_target': None, 'cmake_target_skip_unavailable': False, 'install_base': '/home/turbo/Documents/hisp_ws/install/wiimote', 'merge_install': False, 'path': '/home/turbo/Documents/hisp_ws/src/joystick_drivers/wiimote', 'symlink_install': False, 'test_result_base': None}
[0.758s] INFO:colcon.colcon_core.executor:Executing jobs using 'parallel' executor
[0.760s] DEBUG:colcon.colcon_parallel_executor.executor.parallel:run_until_complete
[0.760s] INFO:colcon.colcon_ros.task.ament_cmake.build:Building ROS package in '/home/turbo/Documents/hisp_ws/src/joystick_drivers/sdl2_vendor' with build type 'ament_cmake'
[0.761s] INFO:colcon.colcon_cmake.task.cmake.build:Building CMake package in '/home/turbo/Documents/hisp_ws/src/joystick_drivers/sdl2_vendor'
[0.774s] INFO:colcon.colcon_core.plugin_system:Skipping extension 'colcon_core.shell.bat': Not used on non-Windows systems
[0.774s] INFO:colcon.colcon_core.shell:Skip shell extension 'powershell' for command environment: Not usable outside of PowerShell
[0.774s] DEBUG:colcon.colcon_core.shell:Skip shell extension 'dsv' for command environment
[0.779s] INFO:colcon.colcon_ros.task.ament_cmake.build:Building ROS package in '/home/turbo/Documents/hisp_ws/src/joystick_drivers/wiimote_msgs' with build type 'ament_cmake'
[0.779s] INFO:colcon.colcon_cmake.task.cmake.build:Building CMake package in '/home/turbo/Documents/hisp_ws/src/joystick_drivers/wiimote_msgs'
[0.780s] INFO:colcon.colcon_core.shell:Skip shell extension 'powershell' for command environment: Not usable outside of PowerShell
[0.780s] DEBUG:colcon.colcon_core.shell:Skip shell extension 'dsv' for command environment
[0.783s] INFO:colcon.colcon_ros.task.ament_cmake.build:Building ROS package in '/home/turbo/Documents/hisp_ws/src/joystick_drivers/joy_linux' with build type 'ament_cmake'
[0.785s] INFO:colcon.colcon_cmake.task.cmake.build:Building CMake package in '/home/turbo/Documents/hisp_ws/src/joystick_drivers/joy_linux'
[0.785s] INFO:colcon.colcon_core.shell:Skip shell extension 'powershell' for command environment: Not usable outside of PowerShell
[0.785s] DEBUG:colcon.colcon_core.shell:Skip shell extension 'dsv' for command environment
[0.791s] INFO:colcon.colcon_ros.task.ament_cmake.build:Building ROS package in '/home/turbo/Documents/hisp_ws/src/joystick_drivers/spacenav' with build type 'ament_cmake'
[0.791s] INFO:colcon.colcon_cmake.task.cmake.build:Building CMake package in '/home/turbo/Documents/hisp_ws/src/joystick_drivers/spacenav'
[0.792s] INFO:colcon.colcon_core.shell:Skip shell extension 'powershell' for command environment: Not usable outside of PowerShell
[0.792s] DEBUG:colcon.colcon_core.shell:Skip shell extension 'dsv' for command environment
[0.805s] DEBUG:colcon.colcon_core.event_handler.log_command:Invoking command in '/home/turbo/Documents/hisp_ws/build/sdl2_vendor': DEBUGINFOD_URLS=https://debuginfod.ubuntu.com /usr/bin/cmake /home/turbo/Documents/hisp_ws/src/joystick_drivers/sdl2_vendor -DCMAKE_INSTALL_PREFIX=/home/turbo/Documents/hisp_ws/install/sdl2_vendor
[0.824s] DEBUG:colcon.colcon_core.event_handler.log_command:Invoking command in '/home/turbo/Documents/hisp_ws/build/wiimote_msgs': DEBUGINFOD_URLS=https://debuginfod.ubuntu.com /usr/bin/cmake /home/turbo/Documents/hisp_ws/src/joystick_drivers/wiimote_msgs -DCMAKE_INSTALL_PREFIX=/home/turbo/Documents/hisp_ws/install/wiimote_msgs
[0.833s] DEBUG:colcon.colcon_core.event_handler.log_command:Invoking command in '/home/turbo/Documents/hisp_ws/build/joy_linux': DEBUGINFOD_URLS=https://debuginfod.ubuntu.com /usr/bin/cmake /home/turbo/Documents/hisp_ws/src/joystick_drivers/joy_linux -DCMAKE_INSTALL_PREFIX=/home/turbo/Documents/hisp_ws/install/joy_linux
[0.846s] DEBUG:colcon.colcon_core.event_handler.log_command:Invoking command in '/home/turbo/Documents/hisp_ws/build/spacenav': DEBUGINFOD_URLS=https://debuginfod.ubuntu.com /usr/bin/cmake /home/turbo/Documents/hisp_ws/src/joystick_drivers/spacenav -DCMAKE_INSTALL_PREFIX=/home/turbo/Documents/hisp_ws/install/spacenav
[2.825s] DEBUG:colcon.colcon_core.event_handler.log_command:Invoked command in '/home/turbo/Documents/hisp_ws/build/wiimote_msgs' returned '1': DEBUGINFOD_URLS=https://debuginfod.ubuntu.com /usr/bin/cmake /home/turbo/Documents/hisp_ws/src/joystick_drivers/wiimote_msgs -DCMAKE_INSTALL_PREFIX=/home/turbo/Documents/hisp_ws/install/wiimote_msgs
[2.845s] Level 1:colcon.colcon_core.environment:create_environment_scripts_only(wiimote_msgs)
[2.861s] Level 1:colcon.colcon_core.environment:checking '/home/turbo/Documents/hisp_ws/install/wiimote_msgs' for CMake module files
[2.862s] Level 1:colcon.colcon_core.environment:checking '/home/turbo/Documents/hisp_ws/install/wiimote_msgs' for CMake config files
[2.862s] Level 1:colcon.colcon_core.environment:checking '/home/turbo/Documents/hisp_ws/install/wiimote_msgs/bin'
[2.862s] Level 1:colcon.colcon_core.environment:checking '/home/turbo/Documents/hisp_ws/install/wiimote_msgs/lib/pkgconfig/wiimote_msgs.pc'
[2.866s] Level 1:colcon.colcon_core.environment:checking '/home/turbo/Documents/hisp_ws/install/wiimote_msgs/lib/python3.12/site-packages'
[2.867s] Level 1:colcon.colcon_core.environment:checking '/home/turbo/Documents/hisp_ws/install/wiimote_msgs/bin'
[2.868s] INFO:colcon.colcon_core.shell:Creating package script '/home/turbo/Documents/hisp_ws/install/wiimote_msgs/share/wiimote_msgs/package.ps1'
[2.870s] INFO:colcon.colcon_core.shell:Creating package descriptor '/home/turbo/Documents/hisp_ws/install/wiimote_msgs/share/wiimote_msgs/package.dsv'
[2.872s] INFO:colcon.colcon_core.shell:Creating package script '/home/turbo/Documents/hisp_ws/install/wiimote_msgs/share/wiimote_msgs/package.sh'
[2.873s] INFO:colcon.colcon_core.shell:Creating package script '/home/turbo/Documents/hisp_ws/install/wiimote_msgs/share/wiimote_msgs/package.bash'
[2.875s] INFO:colcon.colcon_core.shell:Creating package script '/home/turbo/Documents/hisp_ws/install/wiimote_msgs/share/wiimote_msgs/package.zsh'
[2.877s] Level 1:colcon.colcon_core.environment:create_file_with_runtime_dependencies(/home/turbo/Documents/hisp_ws/install/wiimote_msgs/share/colcon-core/packages/wiimote_msgs)
[52.202s] DEBUG:colcon.colcon_parallel_executor.executor.parallel:closing loop
[52.202s] DEBUG:colcon.colcon_parallel_executor.executor.parallel:loop closed
[52.202s] DEBUG:colcon.colcon_parallel_executor.executor.parallel:run_until_complete finished with '1'
[52.202s] DEBUG:colcon.colcon_core.event_reactor:joining thread
[52.224s] INFO:colcon.colcon_core.plugin_system:Skipping extension 'colcon_notification.desktop_notification.terminal_notifier': Not used on non-Darwin systems
[52.227s] INFO:colcon.colcon_core.plugin_system:Skipping extension 'colcon_notification.desktop_notification.win32': Not used on non-Windows systems
[52.228s] INFO:colcon.colcon_notification.desktop_notification:Sending desktop notification using 'notify2'
[52.300s] DEBUG:colcon.colcon_core.event_reactor:joined thread
[52.300s] INFO:colcon.colcon_core.shell:Creating prefix script '/home/turbo/Documents/hisp_ws/install/local_setup.ps1'
[52.303s] INFO:colcon.colcon_core.shell:Creating prefix util module '/home/turbo/Documents/hisp_ws/install/_local_setup_util_ps1.py'
[52.309s] INFO:colcon.colcon_core.shell:Creating prefix chain script '/home/turbo/Documents/hisp_ws/install/setup.ps1'
[52.312s] INFO:colcon.colcon_core.shell:Creating prefix script '/home/turbo/Documents/hisp_ws/install/local_setup.sh'
[52.316s] INFO:colcon.colcon_core.shell:Creating prefix util module '/home/turbo/Documents/hisp_ws/install/_local_setup_util_sh.py'
[52.318s] INFO:colcon.colcon_core.shell:Creating prefix chain script '/home/turbo/Documents/hisp_ws/install/setup.sh'
[52.322s] INFO:colcon.colcon_core.shell:Creating prefix script '/home/turbo/Documents/hisp_ws/install/local_setup.bash'
[52.324s] INFO:colcon.colcon_core.shell:Creating prefix chain script '/home/turbo/Documents/hisp_ws/install/setup.bash'
[52.329s] INFO:colcon.colcon_core.shell:Creating prefix script '/home/turbo/Documents/hisp_ws/install/local_setup.zsh'
[52.331s] INFO:colcon.colcon_core.shell:Creating prefix chain script '/home/turbo/Documents/hisp_ws/install/setup.zsh'
