-- Found ament_cmake: 2.5.6 (/opt/ros/jazzy/share/ament_cmake/cmake)
-- Override CMake install command with custom implementation using symlinks instead of copying resources
-- Found geometry_msgs: 5.3.7 (/opt/ros/jazzy/share/geometry_msgs/cmake)
-- Found rosidl_generator_c: 4.6.7 (/opt/ros/jazzy/share/rosidl_generator_c/cmake)
-- Found rosidl_generator_cpp: 4.6.7 (/opt/ros/jazzy/share/rosidl_generator_cpp/cmake)
-- Using all available rosidl_typesupport_c: rosidl_typesupport_fastrtps_c;rosidl_typesupport_introspection_c
-- Using all available rosidl_typesupport_cpp: rosidl_typesupport_fastrtps_cpp;rosidl_typesupport_introspection_cpp
-- Found rclcpp: 28.1.18 (/opt/ros/jazzy/share/rclcpp/cmake)
-- Found rmw_implementation_cmake: 7.3.3 (/opt/ros/jazzy/share/rmw_implementation_cmake/cmake)
-- Found rmw_fastrtps_cpp: 8.4.3 (/opt/ros/jazzy/share/rmw_fastrtps_cpp/cmake)
-- Using RMW implementation 'rmw_fastrtps_cpp' as default
-- Found rclcpp_components: 28.1.18 (/opt/ros/jazzy/share/rclcpp_components/cmake)
-- Found sensor_msgs: 5.3.7 (/opt/ros/jazzy/share/sensor_msgs/cmake)
-- Found ament_lint_auto: 0.17.5 (/opt/ros/jazzy/share/ament_lint_auto/cmake)
-- Added test 'cppcheck' to perform static code analysis on C / C++ code
-- Configured cppcheck include dirs: $<BUILD_INTERFACE:/home/turbo/Documents/hisp_ws/src/joystick_drivers/spacenav/include>
-- Configured cppcheck exclude dirs and/or files: 
-- Added test 'cpplint' to check C / C++ code against the Google style
-- Configured cpplint exclude dirs and/or files: 
-- Added test 'flake8' to check Python code syntax and style conventions
-- Configured 'flake8' exclude dirs and/or files: 
-- Added test 'lint_cmake' to check CMake code style
-- Added test 'pep257' to check Python code against some of the docstring style conventions in PEP 257
-- Added test 'uncrustify' to check C / C++ code style
-- Configured uncrustify additional arguments: 
-- Added test 'xmllint' to check XML markup files
-- Configuring done (1.8s)
-- Generating done (0.1s)
-- Build files have been written to: /home/turbo/Documents/hisp_ws/build/spacenav
[ 50%] Built target spacenav
[100%] Built target spacenav_node
-- Install configuration: ""
-- Execute custom install script
-- Up-to-date symlink: /home/turbo/Documents/hisp_ws/install/spacenav/lib/spacenav/spacenav_node
-- Up-to-date symlink: /home/turbo/Documents/hisp_ws/install/spacenav/include/spacenav/spacenav/spacenav.hpp
-- Up-to-date symlink: /home/turbo/Documents/hisp_ws/install/spacenav/share/spacenav//launch/classic-launch.py
-- Up-to-date symlink: /home/turbo/Documents/hisp_ws/install/spacenav/share/spacenav//launch/no_deadband-launch.py
-- Up-to-date symlink: /home/turbo/Documents/hisp_ws/install/spacenav/share/spacenav//launch/static_deadband-launch.py
-- Up-to-date symlink: /home/turbo/Documents/hisp_ws/install/spacenav/share/ament_index/resource_index/package_run_dependencies/spacenav
-- Up-to-date symlink: /home/turbo/Documents/hisp_ws/install/spacenav/share/ament_index/resource_index/parent_prefix_path/spacenav
-- Up-to-date symlink: /home/turbo/Documents/hisp_ws/install/spacenav/share/spacenav/environment/ament_prefix_path.sh
-- Up-to-date symlink: /home/turbo/Documents/hisp_ws/install/spacenav/share/spacenav/environment/ament_prefix_path.dsv
-- Up-to-date symlink: /home/turbo/Documents/hisp_ws/install/spacenav/share/spacenav/environment/path.sh
-- Up-to-date symlink: /home/turbo/Documents/hisp_ws/install/spacenav/share/spacenav/environment/path.dsv
-- Up-to-date symlink: /home/turbo/Documents/hisp_ws/install/spacenav/share/spacenav/local_setup.bash
-- Up-to-date symlink: /home/turbo/Documents/hisp_ws/install/spacenav/share/spacenav/local_setup.sh
-- Up-to-date symlink: /home/turbo/Documents/hisp_ws/install/spacenav/share/spacenav/local_setup.zsh
-- Up-to-date symlink: /home/turbo/Documents/hisp_ws/install/spacenav/share/spacenav/local_setup.dsv
-- Symlinking: /home/turbo/Documents/hisp_ws/install/spacenav/share/spacenav/package.dsv
-- Up-to-date symlink: /home/turbo/Documents/hisp_ws/install/spacenav/share/ament_index/resource_index/packages/spacenav
-- Up-to-date symlink: /home/turbo/Documents/hisp_ws/install/spacenav/share/ament_index/resource_index/rclcpp_components/spacenav
-- Up-to-date symlink: /home/turbo/Documents/hisp_ws/install/spacenav/share/spacenav/cmake/ament_cmake_export_targets-extras.cmake
-- Up-to-date symlink: /home/turbo/Documents/hisp_ws/install/spacenav/share/spacenav/cmake/spacenavConfig.cmake
-- Up-to-date symlink: /home/turbo/Documents/hisp_ws/install/spacenav/share/spacenav/cmake/spacenavConfig-version.cmake
-- Up-to-date symlink: /home/turbo/Documents/hisp_ws/install/spacenav/share/spacenav/package.xml
-- Up-to-date: /home/turbo/Documents/hisp_ws/install/spacenav/lib/libspacenav.so
-- Up-to-date: /home/turbo/Documents/hisp_ws/install/spacenav/share/spacenav/cmake/export_spacenavExport.cmake
-- Up-to-date: /home/turbo/Documents/hisp_ws/install/spacenav/share/spacenav/cmake/export_spacenavExport-noconfig.cmake
