[0.049s] Invoking command in '/home/turbo/Documents/hisp_ws/build/spacenav': CMAKE_PREFIX_PATH=${CMAKE_PREFIX_PATH}:/opt/ros/jazzy DEBUGINFOD_URLS=https://debuginfod.ubuntu.com /usr/bin/cmake --build /home/turbo/Documents/hisp_ws/build/spacenav -- -j4 -l4
[0.120s] -- Found ament_cmake: 2.5.6 (/opt/ros/jazzy/share/ament_cmake/cmake)
[0.524s] -- Override CMake install command with custom implementation using symlinks instead of copying resources
[0.617s] -- Found geometry_msgs: 5.3.7 (/opt/ros/jazzy/share/geometry_msgs/cmake)
[0.769s] -- Found rosidl_generator_c: 4.6.7 (/opt/ros/jazzy/share/rosidl_generator_c/cmake)
[0.792s] -- Found rosidl_generator_cpp: 4.6.7 (/opt/ros/jazzy/share/rosidl_generator_cpp/cmake)
[0.840s] -- Using all available rosidl_typesupport_c: rosidl_typesupport_fastrtps_c;rosidl_typesupport_introspection_c
[0.900s] -- Using all available rosidl_typesupport_cpp: rosidl_typesupport_fastrtps_cpp;rosidl_typesupport_introspection_cpp
[1.048s] -- Found rclcpp: 28.1.18 (/opt/ros/jazzy/share/rclcpp/cmake)
[1.305s] -- Found rmw_implementation_cmake: 7.3.3 (/opt/ros/jazzy/share/rmw_implementation_cmake/cmake)
[1.319s] -- Found rmw_fastrtps_cpp: 8.4.3 (/opt/ros/jazzy/share/rmw_fastrtps_cpp/cmake)
[1.469s] -- Using RMW implementation 'rmw_fastrtps_cpp' as default
[1.589s] -- Found rclcpp_components: 28.1.18 (/opt/ros/jazzy/share/rclcpp_components/cmake)
[1.651s] -- Found sensor_msgs: 5.3.7 (/opt/ros/jazzy/share/sensor_msgs/cmake)
[1.694s] -- Found ament_lint_auto: 0.17.5 (/opt/ros/jazzy/share/ament_lint_auto/cmake)
[1.925s] -- Added test 'cppcheck' to perform static code analysis on C / C++ code
[1.926s] -- Configured cppcheck include dirs: $<BUILD_INTERFACE:/home/turbo/Documents/hisp_ws/src/joystick_drivers/spacenav/include>
[1.926s] -- Configured cppcheck exclude dirs and/or files: 
[1.928s] -- Added test 'cpplint' to check C / C++ code against the Google style
[1.928s] -- Configured cpplint exclude dirs and/or files: 
[1.928s] -- Added test 'flake8' to check Python code syntax and style conventions
[1.929s] -- Configured 'flake8' exclude dirs and/or files: 
[1.929s] -- Added test 'lint_cmake' to check CMake code style
[1.930s] -- Added test 'pep257' to check Python code against some of the docstring style conventions in PEP 257
[1.931s] -- Added test 'uncrustify' to check C / C++ code style
[1.932s] -- Configured uncrustify additional arguments: 
[1.932s] -- Added test 'xmllint' to check XML markup files
[1.941s] -- Configuring done (1.8s)
[2.011s] -- Generating done (0.1s)
[2.029s] -- Build files have been written to: /home/turbo/Documents/hisp_ws/build/spacenav
[2.202s] [ 50%] Built target spacenav
[2.215s] [100%] Built target spacenav_node
[2.245s] Invoked command in '/home/turbo/Documents/hisp_ws/build/spacenav' returned '0': CMAKE_PREFIX_PATH=${CMAKE_PREFIX_PATH}:/opt/ros/jazzy DEBUGINFOD_URLS=https://debuginfod.ubuntu.com /usr/bin/cmake --build /home/turbo/Documents/hisp_ws/build/spacenav -- -j4 -l4
[2.246s] Invoking command in '/home/turbo/Documents/hisp_ws/build/spacenav': CMAKE_PREFIX_PATH=${CMAKE_PREFIX_PATH}:/opt/ros/jazzy DEBUGINFOD_URLS=https://debuginfod.ubuntu.com /usr/bin/cmake --install /home/turbo/Documents/hisp_ws/build/spacenav
[2.265s] -- Install configuration: ""
[2.265s] -- Execute custom install script
[2.266s] -- Up-to-date symlink: /home/turbo/Documents/hisp_ws/install/spacenav/lib/spacenav/spacenav_node
[2.267s] -- Up-to-date symlink: /home/turbo/Documents/hisp_ws/install/spacenav/include/spacenav/spacenav/spacenav.hpp
[2.268s] -- Up-to-date symlink: /home/turbo/Documents/hisp_ws/install/spacenav/share/spacenav//launch/classic-launch.py
[2.269s] -- Up-to-date symlink: /home/turbo/Documents/hisp_ws/install/spacenav/share/spacenav//launch/no_deadband-launch.py
[2.270s] -- Up-to-date symlink: /home/turbo/Documents/hisp_ws/install/spacenav/share/spacenav//launch/static_deadband-launch.py
[2.271s] -- Up-to-date symlink: /home/turbo/Documents/hisp_ws/install/spacenav/share/ament_index/resource_index/package_run_dependencies/spacenav
[2.271s] -- Up-to-date symlink: /home/turbo/Documents/hisp_ws/install/spacenav/share/ament_index/resource_index/parent_prefix_path/spacenav
[2.271s] -- Up-to-date symlink: /home/turbo/Documents/hisp_ws/install/spacenav/share/spacenav/environment/ament_prefix_path.sh
[2.274s] -- Up-to-date symlink: /home/turbo/Documents/hisp_ws/install/spacenav/share/spacenav/environment/ament_prefix_path.dsv
[2.276s] -- Up-to-date symlink: /home/turbo/Documents/hisp_ws/install/spacenav/share/spacenav/environment/path.sh
[2.276s] -- Up-to-date symlink: /home/turbo/Documents/hisp_ws/install/spacenav/share/spacenav/environment/path.dsv
[2.276s] -- Up-to-date symlink: /home/turbo/Documents/hisp_ws/install/spacenav/share/spacenav/local_setup.bash
[2.276s] -- Up-to-date symlink: /home/turbo/Documents/hisp_ws/install/spacenav/share/spacenav/local_setup.sh
[2.277s] -- Up-to-date symlink: /home/turbo/Documents/hisp_ws/install/spacenav/share/spacenav/local_setup.zsh
[2.277s] -- Up-to-date symlink: /home/turbo/Documents/hisp_ws/install/spacenav/share/spacenav/local_setup.dsv
[2.277s] -- Symlinking: /home/turbo/Documents/hisp_ws/install/spacenav/share/spacenav/package.dsv
[2.295s] -- Up-to-date symlink: /home/turbo/Documents/hisp_ws/install/spacenav/share/ament_index/resource_index/packages/spacenav
[2.296s] -- Up-to-date symlink: /home/turbo/Documents/hisp_ws/install/spacenav/share/ament_index/resource_index/rclcpp_components/spacenav
[2.296s] -- Up-to-date symlink: /home/turbo/Documents/hisp_ws/install/spacenav/share/spacenav/cmake/ament_cmake_export_targets-extras.cmake
[2.296s] -- Up-to-date symlink: /home/turbo/Documents/hisp_ws/install/spacenav/share/spacenav/cmake/spacenavConfig.cmake
[2.297s] -- Up-to-date symlink: /home/turbo/Documents/hisp_ws/install/spacenav/share/spacenav/cmake/spacenavConfig-version.cmake
[2.298s] -- Up-to-date symlink: /home/turbo/Documents/hisp_ws/install/spacenav/share/spacenav/package.xml
[2.298s] -- Up-to-date: /home/turbo/Documents/hisp_ws/install/spacenav/lib/libspacenav.so
[2.298s] -- Up-to-date: /home/turbo/Documents/hisp_ws/install/spacenav/share/spacenav/cmake/export_spacenavExport.cmake
[2.298s] -- Up-to-date: /home/turbo/Documents/hisp_ws/install/spacenav/share/spacenav/cmake/export_spacenavExport-noconfig.cmake
[2.315s] Invoked command in '/home/turbo/Documents/hisp_ws/build/spacenav' returned '0': CMAKE_PREFIX_PATH=${CMAKE_PREFIX_PATH}:/opt/ros/jazzy DEBUGINFOD_URLS=https://debuginfod.ubuntu.com /usr/bin/cmake --install /home/turbo/Documents/hisp_ws/build/spacenav
