[0.073s] Invoking command in '/home/turbo/Documents/hisp_ws/build/spacenav': CMAKE_PREFIX_PATH=${CMAKE_PREFIX_PATH}:/opt/ros/jazzy DEBUGINFOD_URLS=https://debuginfod.ubuntu.com /usr/bin/cmake /home/turbo/Documents/hisp_ws/src/joystick_drivers/spacenav -DCMAKE_INSTALL_PREFIX=/home/turbo/Documents/hisp_ws/install/spacenav
[0.113s] -- Found ament_cmake: 2.5.6 (/opt/ros/jazzy/share/ament_cmake/cmake)
[0.692s] -- Override CMake install command with custom implementation using symlinks instead of copying resources
[0.753s] -- Found geometry_msgs: 5.3.7 (/opt/ros/jazzy/share/geometry_msgs/cmake)
[0.840s] -- Found rosidl_generator_c: 4.6.7 (/opt/ros/jazzy/share/rosidl_generator_c/cmake)
[0.865s] -- Found rosidl_generator_cpp: 4.6.7 (/opt/ros/jazzy/share/rosidl_generator_cpp/cmake)
[0.905s] -- Using all available rosidl_typesupport_c: rosidl_typesupport_fastrtps_c;rosidl_typesupport_introspection_c
[0.946s] -- Using all available rosidl_typesupport_cpp: rosidl_typesupport_fastrtps_cpp;rosidl_typesupport_introspection_cpp
[1.070s] -- Found rclcpp: 28.1.18 (/opt/ros/jazzy/share/rclcpp/cmake)
[1.166s] -- Found rmw_implementation_cmake: 7.3.3 (/opt/ros/jazzy/share/rmw_implementation_cmake/cmake)
[1.173s] -- Found rmw_fastrtps_cpp: 8.4.3 (/opt/ros/jazzy/share/rmw_fastrtps_cpp/cmake)
[1.382s] -- Using RMW implementation 'rmw_fastrtps_cpp' as default
[1.567s] -- Found rclcpp_components: 28.1.18 (/opt/ros/jazzy/share/rclcpp_components/cmake)
[1.647s] -- Found sensor_msgs: 5.3.7 (/opt/ros/jazzy/share/sensor_msgs/cmake)
[1.704s] -- Found ament_lint_auto: 0.17.5 (/opt/ros/jazzy/share/ament_lint_auto/cmake)
[1.990s] -- Added test 'cppcheck' to perform static code analysis on C / C++ code
[1.994s] -- Configured cppcheck include dirs: $<BUILD_INTERFACE:/home/turbo/Documents/hisp_ws/src/joystick_drivers/spacenav/include>
[1.994s] -- Configured cppcheck exclude dirs and/or files: 
[1.996s] -- Added test 'cpplint' to check C / C++ code against the Google style
[1.996s] -- Configured cpplint exclude dirs and/or files: 
[1.998s] -- Added test 'flake8' to check Python code syntax and style conventions
[1.998s] -- Configured 'flake8' exclude dirs and/or files: 
[1.998s] -- Added test 'lint_cmake' to check CMake code style
[1.999s] -- Added test 'pep257' to check Python code against some of the docstring style conventions in PEP 257
[2.004s] -- Added test 'uncrustify' to check C / C++ code style
[2.004s] -- Configured uncrustify additional arguments: 
[2.004s] -- Added test 'xmllint' to check XML markup files
[2.012s] -- Configuring done (1.9s)
[2.120s] -- Generating done (0.1s)
[2.155s] -- Build files have been written to: /home/turbo/Documents/hisp_ws/build/spacenav
[2.175s] Invoked command in '/home/turbo/Documents/hisp_ws/build/spacenav' returned '0': CMAKE_PREFIX_PATH=${CMAKE_PREFIX_PATH}:/opt/ros/jazzy DEBUGINFOD_URLS=https://debuginfod.ubuntu.com /usr/bin/cmake /home/turbo/Documents/hisp_ws/src/joystick_drivers/spacenav -DCMAKE_INSTALL_PREFIX=/home/turbo/Documents/hisp_ws/install/spacenav
[2.178s] Invoking command in '/home/turbo/Documents/hisp_ws/build/spacenav': CMAKE_PREFIX_PATH=${CMAKE_PREFIX_PATH}:/opt/ros/jazzy DEBUGINFOD_URLS=https://debuginfod.ubuntu.com /usr/bin/cmake --build /home/turbo/Documents/hisp_ws/build/spacenav -- -j4 -l4
[2.338s] [ 25%] [32mBuilding CXX object CMakeFiles/spacenav.dir/src/spacenav.cpp.o[0m
[19.280s] [ 50%] [32m[1mLinking CXX shared library libspacenav.so[0m
[19.553s] [ 50%] Built target spacenav
[19.618s] [100%] Built target spacenav_node
[19.645s] Invoked command in '/home/turbo/Documents/hisp_ws/build/spacenav' returned '0': CMAKE_PREFIX_PATH=${CMAKE_PREFIX_PATH}:/opt/ros/jazzy DEBUGINFOD_URLS=https://debuginfod.ubuntu.com /usr/bin/cmake --build /home/turbo/Documents/hisp_ws/build/spacenav -- -j4 -l4
[19.650s] Invoking command in '/home/turbo/Documents/hisp_ws/build/spacenav': CMAKE_PREFIX_PATH=${CMAKE_PREFIX_PATH}:/opt/ros/jazzy DEBUGINFOD_URLS=https://debuginfod.ubuntu.com /usr/bin/cmake --install /home/turbo/Documents/hisp_ws/build/spacenav
[19.670s] -- Install configuration: "Release"
[19.671s] -- Execute custom install script
[19.672s] -- Up-to-date symlink: /home/turbo/Documents/hisp_ws/install/spacenav/lib/spacenav/spacenav_node
[19.674s] -- Up-to-date symlink: /home/turbo/Documents/hisp_ws/install/spacenav/include/spacenav/spacenav/spacenav.hpp
[19.676s] -- Up-to-date symlink: /home/turbo/Documents/hisp_ws/install/spacenav/share/spacenav//launch/classic-launch.py
[19.676s] -- Up-to-date symlink: /home/turbo/Documents/hisp_ws/install/spacenav/share/spacenav//launch/no_deadband-launch.py
[19.677s] -- Up-to-date symlink: /home/turbo/Documents/hisp_ws/install/spacenav/share/spacenav//launch/static_deadband-launch.py
[19.680s] -- Up-to-date symlink: /home/turbo/Documents/hisp_ws/install/spacenav/share/ament_index/resource_index/package_run_dependencies/spacenav
[19.680s] -- Up-to-date symlink: /home/turbo/Documents/hisp_ws/install/spacenav/share/ament_index/resource_index/parent_prefix_path/spacenav
[19.680s] -- Up-to-date symlink: /home/turbo/Documents/hisp_ws/install/spacenav/share/spacenav/environment/ament_prefix_path.sh
[19.681s] -- Up-to-date symlink: /home/turbo/Documents/hisp_ws/install/spacenav/share/spacenav/environment/ament_prefix_path.dsv
[19.681s] -- Up-to-date symlink: /home/turbo/Documents/hisp_ws/install/spacenav/share/spacenav/environment/path.sh
[19.682s] -- Up-to-date symlink: /home/turbo/Documents/hisp_ws/install/spacenav/share/spacenav/environment/path.dsv
[19.684s] -- Up-to-date symlink: /home/turbo/Documents/hisp_ws/install/spacenav/share/spacenav/local_setup.bash
[19.684s] -- Up-to-date symlink: /home/turbo/Documents/hisp_ws/install/spacenav/share/spacenav/local_setup.sh
[19.684s] -- Up-to-date symlink: /home/turbo/Documents/hisp_ws/install/spacenav/share/spacenav/local_setup.zsh
[19.685s] -- Up-to-date symlink: /home/turbo/Documents/hisp_ws/install/spacenav/share/spacenav/local_setup.dsv
[19.686s] -- Symlinking: /home/turbo/Documents/hisp_ws/install/spacenav/share/spacenav/package.dsv
[19.703s] -- Up-to-date symlink: /home/turbo/Documents/hisp_ws/install/spacenav/share/ament_index/resource_index/packages/spacenav
[19.726s] -- Up-to-date symlink: /home/turbo/Documents/hisp_ws/install/spacenav/share/ament_index/resource_index/rclcpp_components/spacenav
[19.727s] -- Up-to-date symlink: /home/turbo/Documents/hisp_ws/install/spacenav/share/spacenav/cmake/ament_cmake_export_targets-extras.cmake
[19.728s] -- Up-to-date symlink: /home/turbo/Documents/hisp_ws/install/spacenav/share/spacenav/cmake/spacenavConfig.cmake
[19.728s] -- Up-to-date symlink: /home/turbo/Documents/hisp_ws/install/spacenav/share/spacenav/cmake/spacenavConfig-version.cmake
[19.729s] -- Up-to-date symlink: /home/turbo/Documents/hisp_ws/install/spacenav/share/spacenav/package.xml
[19.731s] -- Installing: /home/turbo/Documents/hisp_ws/install/spacenav/lib/libspacenav.so
[19.734s] -- Set non-toolchain portion of runtime path of "/home/turbo/Documents/hisp_ws/install/spacenav/lib/libspacenav.so" to ""
[19.771s] -- Up-to-date: /home/turbo/Documents/hisp_ws/install/spacenav/share/spacenav/cmake/export_spacenavExport.cmake
[19.771s] -- Installing: /home/turbo/Documents/hisp_ws/install/spacenav/share/spacenav/cmake/export_spacenavExport-release.cmake
[19.825s] Invoked command in '/home/turbo/Documents/hisp_ws/build/spacenav' returned '0': CMAKE_PREFIX_PATH=${CMAKE_PREFIX_PATH}:/opt/ros/jazzy DEBUGINFOD_URLS=https://debuginfod.ubuntu.com /usr/bin/cmake --install /home/turbo/Documents/hisp_ws/build/spacenav
