[0.043s] Invoking command in '/home/turbo/Documents/hisp_ws/build/sdl2_vendor': DEBUGINFOD_URLS=https://debuginfod.ubuntu.com /usr/bin/cmake /home/turbo/Documents/hisp_ws/src/joystick_drivers/sdl2_vendor -DCMAKE_INSTALL_PREFIX=/home/turbo/Documents/hisp_ws/install/sdl2_vendor
[0.362s] -- Found ament_cmake: 2.5.6 (/opt/ros/jazzy/share/ament_cmake/cmake)
[51.183s] Traceback (most recent call last):
[51.184s]   File "/opt/ros/jazzy/share/ament_cmake_core/cmake/package_templates/templates_2_cmake.py", line 21, in <module>
[51.185s]     from ament_package.templates import get_environment_hook_template_path
[51.186s] ModuleNotFoundError: No module named 'ament_package'
[51.186s] Error in sys.excepthook:
[51.186s] Traceback (most recent call last):
[51.190s]   File "/usr/lib/python3/dist-packages/apport_python_hook.py", line 228, in partial_apport_excepthook
[51.201s]     return apport_excepthook(binary, exc_type, exc_obj, exc_tb)
[51.202s]            ^^^^^^^^^^^^^^^^^^^^^^^^^^^^^^^^^^^^^^^^^^^^^^^^^^^^
[51.202s]   File "/usr/lib/python3/dist-packages/apport_python_hook.py", line 144, in apport_excepthook
[51.202s]     os.open(pr_filename, os.O_WRONLY | os.O_CREAT | os.O_EXCL, 0o640), "wb"
[51.202s]     ^^^^^^^^^^^^^^^^^^^^^^^^^^^^^^^^^^^^^^^^^^^^^^^^^^^^^^^^^^^^^^^^^
[51.209s] FileExistsError: [Errno 17] File exists: '/var/crash/_opt_ros_jazzy_share_ament_cmake_core_cmake_package_templates_templates_2_cmake.py.1000.crash'
[51.209s] 
[51.209s] Original exception was:
[51.210s] Traceback (most recent call last):
[51.210s]   File "/opt/ros/jazzy/share/ament_cmake_core/cmake/package_templates/templates_2_cmake.py", line 21, in <module>
[51.210s]     from ament_package.templates import get_environment_hook_template_path
[51.210s] ModuleNotFoundError: No module named 'ament_package'
[51.396s] [31mCMake Error at /opt/ros/jazzy/share/ament_cmake_core/cmake/ament_cmake_package_templates-extras.cmake:41 (message):
[51.396s]   execute_process(/usr/bin/python3
[51.396s]   /opt/ros/jazzy/share/ament_cmake_core/cmake/package_templates/templates_2_cmake.py
[51.396s]   /home/turbo/Documents/hisp_ws/build/sdl2_vendor/ament_cmake_package_templates/templates.cmake)
[51.397s]   returned error code 1
[51.397s] Call Stack (most recent call first):
[51.397s]   /opt/ros/jazzy/share/ament_cmake_core/cmake/ament_cmake_coreConfig.cmake:41 (include)
[51.397s]   /opt/ros/jazzy/share/ament_cmake/cmake/ament_cmake_export_dependencies-extras.cmake:15 (find_package)
[51.397s]   /opt/ros/jazzy/share/ament_cmake/cmake/ament_cmakeConfig.cmake:41 (include)
[51.397s]   CMakeLists.txt:8 (find_package)
[51.397s] 
[51.397s] [0m
[51.404s] -- Configuring incomplete, errors occurred!
