[0m=============================================================[0m
[0m-- ROS Not Found, Ros Support is turned Off![0m
[0m=============================================================[0m
-- Found rosidl_generator_c: 4.6.7 (/opt/ros/jazzy/share/rosidl_generator_c/cmake)
-- Found rosidl_generator_cpp: 4.6.7 (/opt/ros/jazzy/share/rosidl_generator_cpp/cmake)
-- Using all available rosidl_typesupport_c: rosidl_typesupport_fastrtps_c;rosidl_typesupport_introspection_c
-- Using all available rosidl_typesupport_cpp: rosidl_typesupport_fastrtps_cpp;rosidl_typesupport_introspection_cpp
-- Found rmw_implementation_cmake: 7.3.3 (/opt/ros/jazzy/share/rmw_implementation_cmake/cmake)
-- Found rmw_fastrtps_cpp: 8.4.3 (/opt/ros/jazzy/share/rmw_fastrtps_cpp/cmake)
-- Using RMW implementation 'rmw_fastrtps_cpp' as default
[0m=============================================================[0m
[0m-- ROS2 Found. ROS2 Support is turned On![0m
[0m=============================================================[0m
[0mCMake Error: File /home/turbo/Documents/hisp_ws/src/MS200_ros/package_ros2.xml does not exist.[0m
[31mCMake Error at CMakeLists.txt:36 (configure_file):
  configure_file Problem configuring file

[0m
[0mCMake Error: File /home/turbo/Documents/hisp_ws/src/MS200_ros/package_ros2.xml does not exist.[0m
[31mCMake Error at CMakeLists.txt:38 (configure_file):
  configure_file Problem configuring file

[0m
-- Found sensor_msgs: 5.3.7 (/opt/ros/jazzy/share/sensor_msgs/cmake)
[0mCMake Deprecation Warning at sdk/CMakeLists.txt:36 (cmake_policy):
  The OLD behavior for policy CMP0053 will be removed from a future version
  of CMake.

  The cmake-policies(7) manual explains that the OLD behaviors of all
  policies are deprecated and that a policy should be set to OLD only under
  specific short-term circumstances.  Projects should be ported to the NEW
  behavior and not rely on setting a policy to OLD.

[0m
[0mCMake Deprecation Warning at sdk/CMakeLists.txt:39 (cmake_policy):
  The OLD behavior for policy CMP0037 will be removed from a future version
  of CMake.

  The cmake-policies(7) manual explains that the OLD behaviors of all
  policies are deprecated and that a policy should be set to OLD only under
  specific short-term circumstances.  Projects should be ported to the NEW
  behavior and not rely on setting a policy to OLD.

[0m
[0mCMake Deprecation Warning at sdk/CMakeLists.txt:42 (cmake_policy):
  The OLD behavior for policy CMP0043 will be removed from a future version
  of CMake.

  The cmake-policies(7) manual explains that the OLD behaviors of all
  policies are deprecated and that a policy should be set to OLD only under
  specific short-term circumstances.  Projects should be ported to the NEW
  behavior and not rely on setting a policy to OLD.

[0m
-- Could NOT find SWIG (missing: SWIG_EXECUTABLE SWIG_DIR) 
[33mCMake Warning (dev) at sdk/CMakeLists.txt:54 (find_package):
  Policy CMP0148 is not set: The FindPythonInterp and FindPythonLibs modules
  are removed.  Run "cmake --help-policy CMP0148" for policy details.  Use
  the cmake_policy command to set the policy and suppress this warning.

This warning is for project developers.  Use -Wno-dev to suppress it.
[0m
[33mCMake Warning (dev) at sdk/CMakeLists.txt:55 (FIND_PACKAGE):
  Policy CMP0148 is not set: The FindPythonInterp and FindPythonLibs modules
  are removed.  Run "cmake --help-policy CMP0148" for policy details.  Use
  the cmake_policy command to set the policy and suppress this warning.

This warning is for project developers.  Use -Wno-dev to suppress it.
[0m
[0mCMake Deprecation Warning at sdk/cmake/install_package.cmake:101 (cmake_policy):
  The OLD behavior for policy CMP0026 will be removed from a future version
  of CMake.

  The cmake-policies(7) manual explains that the OLD behaviors of all
  policies are deprecated and that a policy should be set to OLD only under
  specific short-term circumstances.  Projects should be ported to the NEW
  behavior and not rely on setting a policy to OLD.
Call Stack (most recent call first):
  sdk/CMakeLists.txt:105 (install_package)

[0m
-- Configuring incomplete, errors occurred!
